201808290351 170.126 -22.0295 21.43 7.1 16
201811301729 -149.955 61.3464 46.7 7.1 20
201805090757 151.784 -5.8822 9.0 6.0 20
201806212113 168.057 -17.7905 28.0 6.1 17
201807060140 157.84 51.4994 45.0 6.1 13
201807130946 169.047 -18.9279 167.0 6.4 15
201807170702 166.432 -11.5936 37.96 6.0 15
201807191830 148.73 -6.1139 29.62 6.0 14
201808101812 154.939 48.4593 27.0 6.0 12
201808121458 -145.291 69.5762 15.8 6.4 15
201808122115 -144.339 69.5227 16.2 6.0 16
201808152156 -178.026 51.4234 33.93 6.5 15
201808161822 143.319 23.4226 20.0 6.3 3
201808212131 -62.9019 10.7731 146.82 7.3 15
201808212232 168.143 -16.0315 9.0 6.5 16
201808230335 -177.76 51.35 20.0 6.3 15
201808240904 -70.8284 -11.0355 630.0 7.1 15
201808251650 -171.023 52.0325 7.9 6.0 14
201808282235 146.839 16.8044 55.0 6.4 15
201812050414 169.35 -22.0161 10.0 6.3 19
201812050418 169.427 -21.9496 10.0 7.5 18
201812050643 169.733 -22.0629 10.0 6.6 18
201812160942 140.232 -3.9226 61.97 6.1 3
201812201701 164.699 55.0999 16.56 7.3 20
201812221425 166.815 -13.4 42.0 6.0 20
201812241241 164.51 55.3439 10.0 6.1 18
201812310235 -161.513 54.4266 31.0 6.0 18
201901051925 -71.587 -8.144 570.41 6.8 19
201901151806 166.875 -13.336 35.0 6.6 19
201901171506 146.389 -3.2307 10.0 6.2 19
201901181318 168.745 -19.2036 38.67 6.0 18
201901200132 -71.3815 -30.0404 63.0 6.7 18
201901260351 156.321 -7.0089 355.0 6.2 18
201902121234 145.796 19.02 144.32 6.0 17
201902171435 152.132 -3.3412 368.12 6.4 19
201902221017 -77.0505 -2.1862 145.0 7.5 15
201903010850 -70.1546 -14.7131 267.0 7.0 19
201903101248 152.065 -10.1317 9.0 6.0 17
201903150503 -65.9072 -17.8744 359.0 6.3 18
201903201523 167.655 -15.5965 119.0 6.3 17
201903231921 -76.223 4.5595 122.0 6.1 17
201903282206 159.943 50.4951 9.0 6.2 17
201903301120 151.105 -5.7003 41.0 6.2 18
201904022135 178.071 52.1702 7.98 6.4 18
201904121451 148.739 -6.4883 30.0 6.0 18
201904181446 139.321 -51.127 10.0 6.3 15
201905030725 160.113 -6.9478 27.0 6.2 16
201905062119 146.449 -6.9746 146.0 7.1 16
201905141258 152.597 -4.051 10.0 7.6 17
201905190123 169.778 -21.6619 20.0 6.3 10
201905191427 169.576 -21.7313 16.0 6.0 10
201905191456 169.469 -21.6074 20.0 6.3 10
201905230845 -178.239 51.3078 30.0 6.0 1
201905260741 -75.2697 -5.8119 122.57 8.0 1
201809070212 -78.7903 -2.2532 110.5 6.2 4
201809091931 161.503 -10.0207 68.0 6.5 13
201809101931 170.158 -21.988 12.0 6.3 13
201810090745 156.242 49.3959 19.0 6.1 18
201810102045 151.353 -5.7433 41.56 6.1 18
201810102048 151.205 -5.7012 39.0 7.0 18
201810102200 151.723 -4.9624 121.0 6.2 19
201810131110 153.243 52.8549 461.0 6.7 9
201810160028 169.487 -21.9232 12.0 6.3 8
201810160103 169.522 -21.7427 17.0 6.5 18
201810220539 -129.412 49.2586 10.0 6.5 9
201810220616 -129.289 49.3346 10.0 6.8 9
201810220622 -129.724 49.297 10.0 6.5 9
201810290654 -66.3834 -57.434 10.0 6.3 18
201810300213 174.958 -39.057 225.48 6.1 18
201811012219 -69.2656 -19.5827 102.0 6.2 20
201811111403 -49.8719 15.5653 10.0 6.3 10
201811142121 161.994 55.6414 49.0 6.1 19
201811160326 163.168 -10.5383 10.0 6.2 18
201811250340 -81.0931 13.1817 10.0 6.0 11
