31.375 6.1 2018-04-02T05:57:35.680Z -176.8865 -24.719 92
38.6666666667 6.8 2018-04-02T13:40:34.840Z -63.0058 -20.6588 559
101.208333333 6 2018-04-05T03:53:38.410Z 126.7785 6.8325 34
151.0 6.3 2018-04-07T05:48:40.010Z 142.5314 -5.8382 18.07
226.791666667 6.2 2018-04-10T10:19:34.370Z -71.5292 -31.0258 66
356.25 6 2018-04-15T19:30:43.200Z 126.8759 1.4083 34
453.375 6 2018-04-19T21:09:17.000Z 42.1877 -42.7797 10
751.333333333 6 2018-05-02T06:32:49.020Z -111.6328 -24.2723 10
815.333333333 6.9 2018-05-04T22:32:54.650Z -154.9996667 19.3181667 5.81
822.791666667 6.1 2018-05-05T06:19:05.040Z 123.9192 14.5708 18
921.375 6 2018-05-09T07:57:54.950Z 151.7836 -5.8822 9
923.708333333 6.2 2018-05-09T10:41:45.910Z 71.3822 36.9942 116
1130.875 6.1 2018-05-18T01:45:31.460Z -178.4143 -34.5886 11
1965.54166667 6.1 2018-06-21T21:13:32.660Z 168.0568 -17.7905 28
2306.66666667 6.1 2018-07-06T01:40:04.610Z 157.8404 51.4994 45
2350.375 6 2018-07-07T21:33:49.640Z -178.0701 -30.5662 35
2482.91666667 6.4 2018-07-13T09:46:49.070Z 169.0467 -18.9279 167
2523.375 6 2018-07-15T01:57:19.410Z 51.7365 14.0625 10
2533.375 6 2018-07-15T13:09:16.470Z 51.717 13.8484 10
2575.08333333 6 2018-07-17T07:02:53.020Z 166.432 -11.5936 37.96
2635.25 6 2018-07-19T18:30:32.710Z 148.7302 -6.1139 29.62
2723.45833333 6 2018-07-23T10:35:59.590Z -19.252 -0.2994 10
2849.29166667 6 2018-07-28T17:07:23.380Z 122.7263 -7.1039 578.16
2855.95833333 6.4 2018-07-28T22:47:38.740Z 116.508 -8.2395 14
3036.91666667 6.9 2018-08-05T11:46:38.630Z 116.4375 -8.2581 34
3162.5 6 2018-08-10T18:12:07.020Z 154.939 48.4593 27
3208.41666667 6.4 2018-08-12T14:58:53.503Z -145.291 69.5762 15.8
3213.625 6 2018-08-12T21:15:00.999Z -144.3388 69.5227 16.2
3244.20833333 6.1 2018-08-14T03:29:52.100Z -25.2725 -58.1339 25
3287.33333333 6.5 2018-08-15T21:56:56.310Z -178.0262 51.4234 33.93
3306.91666667 6.3 2018-08-16T18:22:53.360Z 143.3187 23.4226 20
3328.45833333 6.5 2018-08-17T15:35:01.890Z 119.8017 -7.3718 529
3335.91666667 6.1 2018-08-17T23:22:24.950Z -83.1527 8.7791 15
3360.79166667 8.2 2018-08-19T00:19:40.670Z -178.153 -18.1125 600
3360.95833333 6.3 2018-08-19T00:23:06.180Z -177.6404 -18.4447 575.76
3364.41666667 6.3 2018-08-19T04:10:22.640Z 116.5993 -8.3366 16
3365.16666667 6.4 2018-08-19T04:28:58.700Z -178.0332 -16.9783 415.6
3376.33333333 6.9 2018-08-19T14:56:27.490Z 116.6272 -8.319 21
3430.29166667 7.3 2018-08-21T21:31:47.600Z -62.9019 10.7731 146.82
3431.33333333 6.5 2018-08-21T22:32:26.470Z 168.1428 -16.0315 9
3442.29166667 6.2 2018-08-22T09:31:45.530Z -127.7166 43.5637 10
3460.45833333 6.3 2018-08-23T03:35:12.270Z -177.7604 51.35 20
3489.16666667 7.1 2018-08-24T09:04:08.250Z -70.8284 -11.0355 630
3522.08333333 6 2018-08-25T16:50:00.767Z -171.0232 52.0325 7.9
3526.54166667 6 2018-08-25T22:13:25.620Z 46.2422 34.6111 10
3583.33333333 6.2 2018-08-28T07:08:11.360Z 124.1871 -10.773 14
3599.45833333 6.4 2018-08-28T22:35:13.410Z 146.8395 16.8044 55
3605.125 7.1 2018-08-29T03:51:56.100Z 170.1262 -22.0295 21.43
3786.29166667 6.6 2018-09-05T18:07:59.150Z 141.9294 42.6861 35
3809.04166667 7.9 2018-09-06T15:49:18.710Z 179.3502 -18.4743 670.81
3818.5 6.2 2018-09-07T02:12:06.280Z -78.7903 -2.2532 110.5
3847.66666667 6.2 2018-09-08T07:16:49.620Z 126.4779 7.2377 10
3884.29166667 6.5 2018-09-09T19:31:35.090Z 161.5025 -10.0207 68
3892.79166667 6.9 2018-09-10T04:19:02.630Z -179.3728 -31.7447 115
3908.29166667 6.3 2018-09-10T19:31:37.420Z 170.1584 -21.988 12
4053.45833333 6.5 2018-09-16T21:11:48.820Z 178.1991 -25.415 576
4088.125 6 2018-09-18T07:27:41.320Z 49.7765 -37.8135 10
4328.45833333 6.1 2018-09-28T06:59:59.740Z 119.7705 -0.4009 4.99
4330.08333333 7.5 2018-09-28T10:02:45.250Z 119.8462 -0.2559 20
4380.16666667 6.7 2018-09-30T10:52:23.010Z -178.0633 -18.3604 550
4417.45833333 6 2018-10-01T23:59:42.740Z 120.2424 -10.5585 29
4592.875 6.1 2018-10-09T07:45:11.640Z 156.2425 49.3959 19
4627.83333333 6 2018-10-10T18:44:55.280Z 114.4553 -7.4525 9
4629.875 6.1 2018-10-10T20:45:25.300Z 151.3533 -5.7433 41.56
4630.0 7 2018-10-10T20:48:20.100Z 151.2046 -5.7012 39
4630.0 6.2 2018-10-10T22:00:34.500Z 151.7231 -4.9624 121
4631.66666667 6.5 2018-10-10T23:16:02.130Z 156.2968 49.2902 20
4691.41666667 6.7 2018-10-13T11:10:22.400Z 153.2429 52.8549 461
4753.16666667 6.3 2018-10-16T00:28:13.060Z 169.4869 -21.9232 12
4753.125 6.5 2018-10-16T01:03:43.580Z 169.5217 -21.7427 17
4902.625 6.5 2018-10-22T05:39:39.590Z -129.4124 49.2586 10
4902.66666667 6.8 2018-10-22T06:16:26.450Z -129.289 49.3346 10
4902.91666667 6.5 2018-10-22T06:22:48.120Z -129.7237 49.297 10
4992.25 6.8 2018-10-25T22:54:52.630Z 20.5565 37.5203 14
5062.95833333 6.1 2018-10-28T22:23:53.420Z -90.3687 13.0346 22
5072.25 6.3 2018-10-29T06:54:21.250Z -66.3834 -57.434 10
5090.54166667 6.1 2018-10-30T02:13:39.480Z 174.9584 -39.057 225.48
5158.79166667 6.2 2018-11-01T22:19:51.690Z -69.2656 -19.5827 102
5171.04166667 6 2018-11-02T11:01:15.880Z 146.6972 47.8334 433
5217.29166667 6 2018-11-04T07:55:29.280Z 123.867 7.7599 600.71
5331.04166667 6.7 2018-11-09T01:49:40.050Z -11.2431 71.6312 10
5361.375 6.1 2018-11-10T08:33:21.140Z -174.0081 -20.4538 35
5390.125 6.3 2018-11-11T14:03:59.560Z -49.8719 15.5653 10
5469.875 6.1 2018-11-14T21:21:50.870Z 161.9943 55.6414 49
5492.08333333 6.4 2018-11-15T20:02:22.920Z -25.546 -56.7065 15
5495.375 6.3 2018-11-15T23:09:01.060Z -122.0441 -56.2363 10
5500.08333333 6.2 2018-11-16T03:26:55.640Z 163.1676 -10.5383 10
5565.04166667 6.8 2018-11-18T20:25:46.590Z -178.9273 -17.8735 540
5716.66666667 6 2018-11-25T03:40:50.810Z -81.0931 13.1817 10
5729.54166667 6.3 2018-11-25T16:37:32.830Z 45.7443 34.3609 18
5850.20833333 7.1 2018-11-30T17:29:29.330Z -149.9552 61.3464 46.7
5870.125 6.4 2018-12-01T13:27:21.080Z 128.7065 -7.3841 136
5956.58333333 6.3 2018-12-05T04:14:36.490Z 169.3495 -22.0161 10
5956.75 7.5 2018-12-05T04:18:08.420Z 169.4266 -21.9496 10
5959.79166667 6.6 2018-12-05T06:43:04.130Z 169.7331 -22.0629 10
6099.08333333 7.1 2018-12-11T02:26:29.420Z -26.3856 -58.5446 133
6133.54166667 6.3 2018-12-12T13:13:56.180Z -128.6641 -55.6687 10
6226.75 6.1 2018-12-16T09:42:37.200Z 140.2323 -3.9226 61.97
6290.54166667 6.3 2018-12-19T01:37:40.500Z -101.0723 -36.1378 10
6329.04166667 7.3 2018-12-20T17:01:55.150Z 164.6993 55.0999 16.56
6375.04166667 6 2018-12-22T14:25:01.180Z 166.8151 -13.4 42
6407.33333333 6.4 2018-12-23T23:08:43.440Z -175.071 -20.2855 113
6421.70833333 6.1 2018-12-24T12:41:19.250Z 164.5099 55.3439 10
6532.625 7 2018-12-29T03:39:09.740Z 126.9209 5.8983 60.21
6579.45833333 6 2018-12-31T02:35:37.670Z -161.5131 54.4266 31
6716.04166667 6.8 2019-01-05T19:25:38.520Z -71.587 -8.144 570.41
6738.125 6.6 2019-01-06T17:27:18.980Z 126.758 2.258 43.21
6781.625 6.3 2019-01-08T12:39:30.950Z 131.0441 30.5872 35
6954.25 6.6 2019-01-15T18:06:34.300Z 166.8752 -13.336 35
6999.25 6.2 2019-01-17T15:06:35.650Z 146.3889 -3.2307 10
7021.75 6 2019-01-18T13:18:31.030Z 168.7446 -19.2036 38.67
7058.33333333 6.7 2019-01-20T01:32:52.480Z -71.3815 -30.0404 63
7105.45833333 6 2019-01-21T23:59:23.860Z 119.1521 -10.3278 26
7109.41666667 6.3 2019-01-22T05:10:03.480Z 119.0165 -10.4148 24
7123.04166667 6.7 2019-01-22T19:01:43.580Z 42.3568 -43.1219 13
7205.125 6.2 2019-01-26T03:51:37.870Z 156.3207 -7.0089 355
7221.33333333 6.2 2019-01-26T19:56:44.070Z -178.9592 -21.0475 588
7360.58333333 6.7 2019-02-01T16:14:12.329Z -92.4527 14.6802 66
7378.125 6 2019-02-02T09:27:36.030Z 100.0743 -2.8462 20
7621.41666667 6 2019-02-12T12:34:16.500Z 145.7965 19.02 144.32
7677.375 6.2 2019-02-14T19:57:04.980Z -36.0378 35.4267 10
7743.45833333 6.4 2019-02-17T14:35:55.840Z 152.1319 -3.3412 368.12
7858.70833333 7.5 2019-02-22T10:17:23.770Z -77.0505 -2.1862 145
8026.08333333 7 2019-03-01T08:50:42.591Z -70.1546 -14.7131 267
8152.91666667 6.4 2019-03-06T15:46:14.900Z -177.8845 -32.0238 29
8199.25 6 2019-03-08T15:06:12.620Z 126.006 10.384 30
8240.5 6.2 2019-03-10T08:12:26.426Z -178.6034 -17.8915 578.19
8246.0 6 2019-03-10T12:48:00.607Z 152.0647 -10.1317 9
8357.125 6.3 2019-03-15T05:03:50.060Z -65.9072 -17.8744 359
8487.95833333 6.3 2019-03-20T15:23:58.680Z 167.6551 -15.5965 119
8563.875 6.1 2019-03-23T19:21:17.998Z -76.223 4.5595 122
8573.54166667 6.1 2019-03-24T04:37:35.918Z 126.3955 1.6601 45
8686.25 6.2 2019-03-28T22:06:49.401Z 159.943 50.4951 9
8723.83333333 6.2 2019-03-30T11:20:42.559Z 151.1053 -5.7003 41
8743.16666667 6.2 2019-03-31T07:04:04.795Z -80.8101 -1.9446 18
8779.625 6 2019-04-01T18:39:05.857Z 65.3656 -18.2058 10
8806.45833333 6.4 2019-04-02T21:35:30.049Z 178.0709 52.1702 7.98
8872.58333333 6.4 2019-04-05T16:14:16.716Z -27.8522 -55.9308 57
8903.29166667 6.3 2019-04-06T21:55:01.660Z 125.0416 -6.8285 539
8971.20833333 6.5 2019-04-09T17:53:58.423Z -25.304 -58.6262 38
9008.75 6 2019-04-11T08:18:21.380Z 143.2985 40.4096 18
9036.66666667 6.8 2019-04-12T11:40:49.363Z 122.5798 -1.8146 15.46
9036.95833333 6 2019-04-12T12:23:04.870Z -172.8171 -15.4067 15.36
9040.125 6 2019-04-12T14:51:31.603Z 148.7394 -6.4883 30
9173.04166667 6.1 2019-04-18T05:01:06.493Z 121.6501 24.0374 20
9183.91666667 6.3 2019-04-18T14:46:01.733Z 139.321 -51.127 10
9273.45833333 6.1 2019-04-22T09:11:12.013Z 120.5149 14.9538 21.84
9280.04166667 6 2019-04-22T14:49:05.341Z -27.3509 -56.2633 79
9294.54166667 6.4 2019-04-23T05:37:53.147Z 125.2013 11.7547 56
9302.83333333 6 2019-04-23T14:20:17.830Z -178.7639 -24.7059 385.58
9446.79166667 6.3 2019-04-29T14:19:52.499Z 57.2283 10.8649 10
9536.04166667 6.2 2019-05-03T07:25:31.787Z 160.1125 -6.9478 27
9621.79166667 7.1 2019-05-06T21:19:37.983Z 146.4494 -6.9746 146
9697.0 6.2 2019-05-09T23:48:42.779Z 131.8483 31.7772 22
9764.0 6 2019-05-12T19:24:50.373Z -82.8298 8.625 19
9806.41666667 7.6 2019-05-14T12:58:25.939Z 152.5967 -4.051 10
9913.95833333 6.3 2019-05-19T01:23:29.151Z 169.7779 -21.6619 20
9927.125 6 2019-05-19T14:27:11.826Z 169.5758 -21.7313 16
9928.33333333 6.3 2019-05-19T14:56:50.691Z 169.4692 -21.6074 20
10017.875 6 2019-05-23T08:45:17.746Z -178.2387 51.3078 30
10088.7083333 8 2019-05-26T07:41:15.073Z -75.2697 -5.8119 122.57
10185.125 6.6 2019-05-30T09:03:32.337Z -89.3056 13.1994 57.92
10192.5833333 6 2019-05-30T15:38:01.451Z -176.3171 -21.7541 177.85
10210.5 6.1 2019-05-31T10:12:32.876Z 126.479 6.2795 98.72
