RF_data/event_data/CC04/201805020632_CC04.2
RF_data/event_data/CC04/201805020632_CC04.1
RF_data/event_data/CC04/201805020632_CC04.Z
RF_data/event_data/CC04/201805042232_CC04.2
RF_data/event_data/CC04/201805042232_CC04.1
RF_data/event_data/CC04/201805042232_CC04.Z
RF_data/event_data/CC04/201805050619_CC04.2
RF_data/event_data/CC04/201805050619_CC04.1
RF_data/event_data/CC04/201805050619_CC04.Z
RF_data/event_data/CC04/201805090757_CC04.2
RF_data/event_data/CC04/201805090757_CC04.1
RF_data/event_data/CC04/201805090757_CC04.Z
RF_data/event_data/CC04/201805091041_CC04.2
RF_data/event_data/CC04/201805091041_CC04.1
RF_data/event_data/CC04/201805091041_CC04.Z
RF_data/event_data/CC04/201805180145_CC04.2
RF_data/event_data/CC04/201805180145_CC04.1
RF_data/event_data/CC04/201805180145_CC04.Z
RF_data/event_data/CC04/201806212113_CC04.2
RF_data/event_data/CC04/201806212113_CC04.1
RF_data/event_data/CC04/201806212113_CC04.Z
reject event 14 for CC04(event in cuming_hour)
RF_data/event_data/CC04/201807072133_CC04.2
RF_data/event_data/CC04/201807072133_CC04.1
RF_data/event_data/CC04/201807072133_CC04.Z
RF_data/event_data/CC04/201807130946_CC04.2
RF_data/event_data/CC04/201807130946_CC04.1
RF_data/event_data/CC04/201807130946_CC04.Z
RF_data/event_data/CC04/201807150157_CC04.2
RF_data/event_data/CC04/201807150157_CC04.1
RF_data/event_data/CC04/201807150157_CC04.Z
RF_data/event_data/CC04/201807151309_CC04.2
RF_data/event_data/CC04/201807151309_CC04.1
RF_data/event_data/CC04/201807151309_CC04.Z
RF_data/event_data/CC04/201807170702_CC04.2
RF_data/event_data/CC04/201807170702_CC04.1
RF_data/event_data/CC04/201807170702_CC04.Z
reject event 20 for CC04(event in cuming_hour)
RF_data/event_data/CC04/201807231035_CC04.2
RF_data/event_data/CC04/201807231035_CC04.1
RF_data/event_data/CC04/201807231035_CC04.Z
RF_data/event_data/CC04/201807281707_CC04.2
RF_data/event_data/CC04/201807281707_CC04.1
RF_data/event_data/CC04/201807281707_CC04.Z
RF_data/event_data/CC04/201807282247_CC04.2
RF_data/event_data/CC04/201807282247_CC04.1
RF_data/event_data/CC04/201807282247_CC04.Z
RF_data/event_data/CC04/201808051146_CC04.2
RF_data/event_data/CC04/201808051146_CC04.1
RF_data/event_data/CC04/201808051146_CC04.Z
RF_data/event_data/CC04/201808101812_CC04.2
RF_data/event_data/CC04/201808101812_CC04.1
RF_data/event_data/CC04/201808101812_CC04.Z
RF_data/event_data/CC04/201808121458_CC04.2
RF_data/event_data/CC04/201808121458_CC04.1
RF_data/event_data/CC04/201808121458_CC04.Z
RF_data/event_data/CC04/201808122115_CC04.2
RF_data/event_data/CC04/201808122115_CC04.1
RF_data/event_data/CC04/201808122115_CC04.Z
RF_data/event_data/CC04/201808140329_CC04.2
RF_data/event_data/CC04/201808140329_CC04.1
RF_data/event_data/CC04/201808140329_CC04.Z
reject event 29 for CC04(event in cuming_hour)
reject event 30 for CC04(event in cuming_hour)
RF_data/event_data/CC04/201808171535_CC04.2
RF_data/event_data/CC04/201808171535_CC04.1
RF_data/event_data/CC04/201808171535_CC04.Z
reject event 32 for time discontinuity between 2 day records
RF_data/event_data/CC04/201808190019_CC04.2
RF_data/event_data/CC04/201808190019_CC04.1
RF_data/event_data/CC04/201808190019_CC04.Z
RF_data/event_data/CC04/201808190023_CC04.2
RF_data/event_data/CC04/201808190023_CC04.1
RF_data/event_data/CC04/201808190023_CC04.Z
RF_data/event_data/CC04/201808190410_CC04.2
RF_data/event_data/CC04/201808190410_CC04.1
RF_data/event_data/CC04/201808190410_CC04.Z
RF_data/event_data/CC04/201808190428_CC04.2
RF_data/event_data/CC04/201808190428_CC04.1
RF_data/event_data/CC04/201808190428_CC04.Z
RF_data/event_data/CC04/201808191456_CC04.2
RF_data/event_data/CC04/201808191456_CC04.1
RF_data/event_data/CC04/201808191456_CC04.Z
reject event 38 for CC04(event in cuming_hour)
RF_data/event_data/CC04/201808212232_CC04.2
RF_data/event_data/CC04/201808212232_CC04.1
RF_data/event_data/CC04/201808212232_CC04.Z
reject event 40 for CC04(event in cuming_hour)
reject event 41 for CC04(event in cuming_hour)
RF_data/event_data/CC04/201808240904_CC04.2
RF_data/event_data/CC04/201808240904_CC04.1
RF_data/event_data/CC04/201808240904_CC04.Z
RF_data/event_data/CC04/201808251650_CC04.2
RF_data/event_data/CC04/201808251650_CC04.1
RF_data/event_data/CC04/201808251650_CC04.Z
RF_data/event_data/CC04/201808252213_CC04.2
RF_data/event_data/CC04/201808252213_CC04.1
RF_data/event_data/CC04/201808252213_CC04.Z
RF_data/event_data/CC04/201808280708_CC04.2
RF_data/event_data/CC04/201808280708_CC04.1
RF_data/event_data/CC04/201808280708_CC04.Z
RF_data/event_data/CC04/201808282235_CC04.2
RF_data/event_data/CC04/201808282235_CC04.1
RF_data/event_data/CC04/201808282235_CC04.Z
RF_data/event_data/CC04/201808290351_CC04.2
RF_data/event_data/CC04/201808290351_CC04.1
RF_data/event_data/CC04/201808290351_CC04.Z
RF_data/event_data/CC04/201809051807_CC04.2
RF_data/event_data/CC04/201809051807_CC04.1
RF_data/event_data/CC04/201809051807_CC04.Z
reject event 49 for CC04(event in cuming_hour)
reject event 50 for CC04(event in cuming_hour)
RF_data/event_data/CC04/201809080716_CC04.2
RF_data/event_data/CC04/201809080716_CC04.1
RF_data/event_data/CC04/201809080716_CC04.Z
RF_data/event_data/CC04/201809091931_CC04.2
RF_data/event_data/CC04/201809091931_CC04.1
RF_data/event_data/CC04/201809091931_CC04.Z
RF_data/event_data/CC04/201809100419_CC04.2
RF_data/event_data/CC04/201809100419_CC04.1
RF_data/event_data/CC04/201809100419_CC04.Z
RF_data/event_data/CC04/201809101931_CC04.2
RF_data/event_data/CC04/201809101931_CC04.1
RF_data/event_data/CC04/201809101931_CC04.Z
RF_data/event_data/CC04/201809162111_CC04.2
RF_data/event_data/CC04/201809162111_CC04.1
RF_data/event_data/CC04/201809162111_CC04.Z
RF_data/event_data/CC04/201809180727_CC04.2
RF_data/event_data/CC04/201809180727_CC04.1
RF_data/event_data/CC04/201809180727_CC04.Z
RF_data/event_data/CC04/201809280659_CC04.2
RF_data/event_data/CC04/201809280659_CC04.1
RF_data/event_data/CC04/201809280659_CC04.Z
RF_data/event_data/CC04/201809281002_CC04.2
RF_data/event_data/CC04/201809281002_CC04.1
RF_data/event_data/CC04/201809281002_CC04.Z
RF_data/event_data/CC04/201809301052_CC04.2
RF_data/event_data/CC04/201809301052_CC04.1
RF_data/event_data/CC04/201809301052_CC04.Z
reject event 60 for time discontinuity between 2 day records
RF_data/event_data/CC04/201810090745_CC04.2
RF_data/event_data/CC04/201810090745_CC04.1
RF_data/event_data/CC04/201810090745_CC04.Z
reject event 62 for CC04(event in cuming_hour)
reject event 63 for CC04(event in cuming_hour)
reject event 64 for CC04(event in cuming_hour)
reject event 65 for CC04(event in cuming_hour)
reject event 66 for time discontinuity between 2 day records
RF_data/event_data/CC04/201810131110_CC04.2
RF_data/event_data/CC04/201810131110_CC04.1
RF_data/event_data/CC04/201810131110_CC04.Z
RF_data/event_data/CC04/201810160028_CC04.2
RF_data/event_data/CC04/201810160028_CC04.1
RF_data/event_data/CC04/201810160028_CC04.Z
RF_data/event_data/CC04/201810160103_CC04.2
RF_data/event_data/CC04/201810160103_CC04.1
RF_data/event_data/CC04/201810160103_CC04.Z
reject event 70 for CC04(event in cuming_hour)
reject event 71 for CC04(event in cuming_hour)
reject event 72 for CC04(event in cuming_hour)
reject event 73 for CC04(event in cuming_hour)
RF_data/event_data/CC04/201810282223_CC04.2
RF_data/event_data/CC04/201810282223_CC04.1
RF_data/event_data/CC04/201810282223_CC04.Z
RF_data/event_data/CC04/201810290654_CC04.2
RF_data/event_data/CC04/201810290654_CC04.1
RF_data/event_data/CC04/201810290654_CC04.Z
RF_data/event_data/CC04/201810300213_CC04.2
RF_data/event_data/CC04/201810300213_CC04.1
RF_data/event_data/CC04/201810300213_CC04.Z
RF_data/event_data/CC04/201811012219_CC04.2
RF_data/event_data/CC04/201811012219_CC04.1
RF_data/event_data/CC04/201811012219_CC04.Z
RF_data/event_data/CC04/201811021101_CC04.2
RF_data/event_data/CC04/201811021101_CC04.1
RF_data/event_data/CC04/201811021101_CC04.Z
RF_data/event_data/CC04/201811040755_CC04.2
RF_data/event_data/CC04/201811040755_CC04.1
RF_data/event_data/CC04/201811040755_CC04.Z
RF_data/event_data/CC04/201811090149_CC04.2
RF_data/event_data/CC04/201811090149_CC04.1
RF_data/event_data/CC04/201811090149_CC04.Z
RF_data/event_data/CC04/201811100833_CC04.2
RF_data/event_data/CC04/201811100833_CC04.1
RF_data/event_data/CC04/201811100833_CC04.Z
RF_data/event_data/CC04/201811111403_CC04.2
RF_data/event_data/CC04/201811111403_CC04.1
RF_data/event_data/CC04/201811111403_CC04.Z
RF_data/event_data/CC04/201811142121_CC04.2
RF_data/event_data/CC04/201811142121_CC04.1
RF_data/event_data/CC04/201811142121_CC04.Z
RF_data/event_data/CC04/201811152002_CC04.2
RF_data/event_data/CC04/201811152002_CC04.1
RF_data/event_data/CC04/201811152002_CC04.Z
reject event 85 for time discontinuity between 2 day records
RF_data/event_data/CC04/201811160326_CC04.2
RF_data/event_data/CC04/201811160326_CC04.1
RF_data/event_data/CC04/201811160326_CC04.Z
RF_data/event_data/CC04/201811182025_CC04.2
RF_data/event_data/CC04/201811182025_CC04.1
RF_data/event_data/CC04/201811182025_CC04.Z
RF_data/event_data/CC04/201811250340_CC04.2
RF_data/event_data/CC04/201811250340_CC04.1
RF_data/event_data/CC04/201811250340_CC04.Z
RF_data/event_data/CC04/201811251637_CC04.2
RF_data/event_data/CC04/201811251637_CC04.1
RF_data/event_data/CC04/201811251637_CC04.Z
RF_data/event_data/CC04/201811301729_CC04.2
RF_data/event_data/CC04/201811301729_CC04.1
RF_data/event_data/CC04/201811301729_CC04.Z
RF_data/event_data/CC04/201812011327_CC04.2
RF_data/event_data/CC04/201812011327_CC04.1
RF_data/event_data/CC04/201812011327_CC04.Z
RF_data/event_data/CC04/201812050414_CC04.2
RF_data/event_data/CC04/201812050414_CC04.1
RF_data/event_data/CC04/201812050414_CC04.Z
RF_data/event_data/CC04/201812050418_CC04.2
RF_data/event_data/CC04/201812050418_CC04.1
RF_data/event_data/CC04/201812050418_CC04.Z
RF_data/event_data/CC04/201812050643_CC04.2
RF_data/event_data/CC04/201812050643_CC04.1
RF_data/event_data/CC04/201812050643_CC04.Z
RF_data/event_data/CC04/201812110226_CC04.2
RF_data/event_data/CC04/201812110226_CC04.1
RF_data/event_data/CC04/201812110226_CC04.Z
RF_data/event_data/CC04/201812121313_CC04.2
RF_data/event_data/CC04/201812121313_CC04.1
RF_data/event_data/CC04/201812121313_CC04.Z
RF_data/event_data/CC04/201812160942_CC04.2
RF_data/event_data/CC04/201812160942_CC04.1
RF_data/event_data/CC04/201812160942_CC04.Z
RF_data/event_data/CC04/201812190137_CC04.2
RF_data/event_data/CC04/201812190137_CC04.1
RF_data/event_data/CC04/201812190137_CC04.Z
RF_data/event_data/CC04/201812201701_CC04.2
RF_data/event_data/CC04/201812201701_CC04.1
RF_data/event_data/CC04/201812201701_CC04.Z
RF_data/event_data/CC04/201812221425_CC04.2
RF_data/event_data/CC04/201812221425_CC04.1
RF_data/event_data/CC04/201812221425_CC04.Z
reject event 101 for time discontinuity between 2 day records
RF_data/event_data/CC04/201812241241_CC04.2
RF_data/event_data/CC04/201812241241_CC04.1
RF_data/event_data/CC04/201812241241_CC04.Z
RF_data/event_data/CC04/201812290339_CC04.2
RF_data/event_data/CC04/201812290339_CC04.1
RF_data/event_data/CC04/201812290339_CC04.Z
RF_data/event_data/CC04/201812310235_CC04.2
RF_data/event_data/CC04/201812310235_CC04.1
RF_data/event_data/CC04/201812310235_CC04.Z
RF_data/event_data/CC04/201901051925_CC04.2
RF_data/event_data/CC04/201901051925_CC04.1
RF_data/event_data/CC04/201901051925_CC04.Z
RF_data/event_data/CC04/201901061727_CC04.2
RF_data/event_data/CC04/201901061727_CC04.1
RF_data/event_data/CC04/201901061727_CC04.Z
RF_data/event_data/CC04/201901081239_CC04.2
RF_data/event_data/CC04/201901081239_CC04.1
RF_data/event_data/CC04/201901081239_CC04.Z
RF_data/event_data/CC04/201901151806_CC04.2
RF_data/event_data/CC04/201901151806_CC04.1
RF_data/event_data/CC04/201901151806_CC04.Z
RF_data/event_data/CC04/201901171506_CC04.2
RF_data/event_data/CC04/201901171506_CC04.1
RF_data/event_data/CC04/201901171506_CC04.Z
RF_data/event_data/CC04/201901181318_CC04.2
RF_data/event_data/CC04/201901181318_CC04.1
RF_data/event_data/CC04/201901181318_CC04.Z
RF_data/event_data/CC04/201901200132_CC04.2
RF_data/event_data/CC04/201901200132_CC04.1
RF_data/event_data/CC04/201901200132_CC04.Z
reject event 112 for time discontinuity between 2 day records
RF_data/event_data/CC04/201901220510_CC04.2
RF_data/event_data/CC04/201901220510_CC04.1
RF_data/event_data/CC04/201901220510_CC04.Z
RF_data/event_data/CC04/201901221901_CC04.2
RF_data/event_data/CC04/201901221901_CC04.1
RF_data/event_data/CC04/201901221901_CC04.Z
RF_data/event_data/CC04/201901260351_CC04.2
RF_data/event_data/CC04/201901260351_CC04.1
RF_data/event_data/CC04/201901260351_CC04.Z
RF_data/event_data/CC04/201901261956_CC04.2
RF_data/event_data/CC04/201901261956_CC04.1
RF_data/event_data/CC04/201901261956_CC04.Z
RF_data/event_data/CC04/201902011614_CC04.2
RF_data/event_data/CC04/201902011614_CC04.1
RF_data/event_data/CC04/201902011614_CC04.Z
RF_data/event_data/CC04/201902020927_CC04.2
RF_data/event_data/CC04/201902020927_CC04.1
RF_data/event_data/CC04/201902020927_CC04.Z
RF_data/event_data/CC04/201902121234_CC04.2
RF_data/event_data/CC04/201902121234_CC04.1
RF_data/event_data/CC04/201902121234_CC04.Z
RF_data/event_data/CC04/201902141957_CC04.2
RF_data/event_data/CC04/201902141957_CC04.1
RF_data/event_data/CC04/201902141957_CC04.Z
RF_data/event_data/CC04/201902171435_CC04.2
RF_data/event_data/CC04/201902171435_CC04.1
RF_data/event_data/CC04/201902171435_CC04.Z
RF_data/event_data/CC04/201902221017_CC04.2
RF_data/event_data/CC04/201902221017_CC04.1
RF_data/event_data/CC04/201902221017_CC04.Z
RF_data/event_data/CC04/201903010850_CC04.2
RF_data/event_data/CC04/201903010850_CC04.1
RF_data/event_data/CC04/201903010850_CC04.Z
RF_data/event_data/CC04/201903061546_CC04.2
RF_data/event_data/CC04/201903061546_CC04.1
RF_data/event_data/CC04/201903061546_CC04.Z
RF_data/event_data/CC04/201903081506_CC04.2
RF_data/event_data/CC04/201903081506_CC04.1
RF_data/event_data/CC04/201903081506_CC04.Z
RF_data/event_data/CC04/201903100812_CC04.2
RF_data/event_data/CC04/201903100812_CC04.1
RF_data/event_data/CC04/201903100812_CC04.Z
RF_data/event_data/CC04/201903101248_CC04.2
RF_data/event_data/CC04/201903101248_CC04.1
RF_data/event_data/CC04/201903101248_CC04.Z
RF_data/event_data/CC04/201903150503_CC04.2
RF_data/event_data/CC04/201903150503_CC04.1
RF_data/event_data/CC04/201903150503_CC04.Z
RF_data/event_data/CC04/201903201523_CC04.2
RF_data/event_data/CC04/201903201523_CC04.1
RF_data/event_data/CC04/201903201523_CC04.Z
RF_data/event_data/CC04/201903231921_CC04.2
RF_data/event_data/CC04/201903231921_CC04.1
RF_data/event_data/CC04/201903231921_CC04.Z
RF_data/event_data/CC04/201903240437_CC04.2
RF_data/event_data/CC04/201903240437_CC04.1
RF_data/event_data/CC04/201903240437_CC04.Z
RF_data/event_data/CC04/201903282206_CC04.2
RF_data/event_data/CC04/201903282206_CC04.1
RF_data/event_data/CC04/201903282206_CC04.Z
RF_data/event_data/CC04/201903301120_CC04.2
RF_data/event_data/CC04/201903301120_CC04.1
RF_data/event_data/CC04/201903301120_CC04.Z
RF_data/event_data/CC04/201903310704_CC04.2
RF_data/event_data/CC04/201903310704_CC04.1
RF_data/event_data/CC04/201903310704_CC04.Z
RF_data/event_data/CC04/201904011839_CC04.2
RF_data/event_data/CC04/201904011839_CC04.1
RF_data/event_data/CC04/201904011839_CC04.Z
RF_data/event_data/CC04/201904022135_CC04.2
RF_data/event_data/CC04/201904022135_CC04.1
RF_data/event_data/CC04/201904022135_CC04.Z
RF_data/event_data/CC04/201904051614_CC04.2
RF_data/event_data/CC04/201904051614_CC04.1
RF_data/event_data/CC04/201904051614_CC04.Z
RF_data/event_data/CC04/201904062155_CC04.2
RF_data/event_data/CC04/201904062155_CC04.1
RF_data/event_data/CC04/201904062155_CC04.Z
RF_data/event_data/CC04/201904091753_CC04.2
RF_data/event_data/CC04/201904091753_CC04.1
RF_data/event_data/CC04/201904091753_CC04.Z
RF_data/event_data/CC04/201904110818_CC04.2
RF_data/event_data/CC04/201904110818_CC04.1
RF_data/event_data/CC04/201904110818_CC04.Z
RF_data/event_data/CC04/201904121140_CC04.2
RF_data/event_data/CC04/201904121140_CC04.1
RF_data/event_data/CC04/201904121140_CC04.Z
RF_data/event_data/CC04/201904121223_CC04.2
RF_data/event_data/CC04/201904121223_CC04.1
RF_data/event_data/CC04/201904121223_CC04.Z
RF_data/event_data/CC04/201904121451_CC04.2
RF_data/event_data/CC04/201904121451_CC04.1
RF_data/event_data/CC04/201904121451_CC04.Z
RF_data/event_data/CC04/201904180501_CC04.2
RF_data/event_data/CC04/201904180501_CC04.1
RF_data/event_data/CC04/201904180501_CC04.Z
RF_data/event_data/CC04/201904181446_CC04.2
RF_data/event_data/CC04/201904181446_CC04.1
RF_data/event_data/CC04/201904181446_CC04.Z
RF_data/event_data/CC04/201904220911_CC04.2
RF_data/event_data/CC04/201904220911_CC04.1
RF_data/event_data/CC04/201904220911_CC04.Z
RF_data/event_data/CC04/201904221449_CC04.2
RF_data/event_data/CC04/201904221449_CC04.1
RF_data/event_data/CC04/201904221449_CC04.Z
RF_data/event_data/CC04/201904230537_CC04.2
RF_data/event_data/CC04/201904230537_CC04.1
RF_data/event_data/CC04/201904230537_CC04.Z
RF_data/event_data/CC04/201904231420_CC04.2
RF_data/event_data/CC04/201904231420_CC04.1
RF_data/event_data/CC04/201904231420_CC04.Z
RF_data/event_data/CC04/201904291419_CC04.2
RF_data/event_data/CC04/201904291419_CC04.1
RF_data/event_data/CC04/201904291419_CC04.Z
RF_data/event_data/CC04/201905030725_CC04.2
RF_data/event_data/CC04/201905030725_CC04.1
RF_data/event_data/CC04/201905030725_CC04.Z
RF_data/event_data/CC04/201905062119_CC04.2
RF_data/event_data/CC04/201905062119_CC04.1
RF_data/event_data/CC04/201905062119_CC04.Z
reject event 153 for time discontinuity between 2 day records
RF_data/event_data/CC04/201905121924_CC04.2
RF_data/event_data/CC04/201905121924_CC04.1
RF_data/event_data/CC04/201905121924_CC04.Z
RF_data/event_data/CC04/201905141258_CC04.2
RF_data/event_data/CC04/201905141258_CC04.1
RF_data/event_data/CC04/201905141258_CC04.Z
RF_data/event_data/CC04/201905190123_CC04.2
RF_data/event_data/CC04/201905190123_CC04.1
RF_data/event_data/CC04/201905190123_CC04.Z
RF_data/event_data/CC04/201905191427_CC04.2
RF_data/event_data/CC04/201905191427_CC04.1
RF_data/event_data/CC04/201905191427_CC04.Z
RF_data/event_data/CC04/201905191456_CC04.2
RF_data/event_data/CC04/201905191456_CC04.1
RF_data/event_data/CC04/201905191456_CC04.Z
128 events found in CC04
