RF_data/event_data/WC05/201805020632_WC05.2
RF_data/event_data/WC05/201805020632_WC05.1
RF_data/event_data/WC05/201805020632_WC05.Z
RF_data/event_data/WC05/201805042232_WC05.2
RF_data/event_data/WC05/201805042232_WC05.1
RF_data/event_data/WC05/201805042232_WC05.Z
RF_data/event_data/WC05/201805050619_WC05.2
RF_data/event_data/WC05/201805050619_WC05.1
RF_data/event_data/WC05/201805050619_WC05.Z
RF_data/event_data/WC05/201805090757_WC05.2
RF_data/event_data/WC05/201805090757_WC05.1
RF_data/event_data/WC05/201805090757_WC05.Z
RF_data/event_data/WC05/201805091041_WC05.2
RF_data/event_data/WC05/201805091041_WC05.1
RF_data/event_data/WC05/201805091041_WC05.Z
RF_data/event_data/WC05/201805180145_WC05.2
RF_data/event_data/WC05/201805180145_WC05.1
RF_data/event_data/WC05/201805180145_WC05.Z
RF_data/event_data/WC05/201806212113_WC05.2
RF_data/event_data/WC05/201806212113_WC05.1
RF_data/event_data/WC05/201806212113_WC05.Z
RF_data/event_data/WC05/201807060140_WC05.2
RF_data/event_data/WC05/201807060140_WC05.1
RF_data/event_data/WC05/201807060140_WC05.Z
RF_data/event_data/WC05/201807072133_WC05.2
RF_data/event_data/WC05/201807072133_WC05.1
RF_data/event_data/WC05/201807072133_WC05.Z
RF_data/event_data/WC05/201807130946_WC05.2
RF_data/event_data/WC05/201807130946_WC05.1
RF_data/event_data/WC05/201807130946_WC05.Z
RF_data/event_data/WC05/201807150157_WC05.2
RF_data/event_data/WC05/201807150157_WC05.1
RF_data/event_data/WC05/201807150157_WC05.Z
RF_data/event_data/WC05/201807151309_WC05.2
RF_data/event_data/WC05/201807151309_WC05.1
RF_data/event_data/WC05/201807151309_WC05.Z
RF_data/event_data/WC05/201807170702_WC05.2
RF_data/event_data/WC05/201807170702_WC05.1
RF_data/event_data/WC05/201807170702_WC05.Z
RF_data/event_data/WC05/201807191830_WC05.2
RF_data/event_data/WC05/201807191830_WC05.1
RF_data/event_data/WC05/201807191830_WC05.Z
RF_data/event_data/WC05/201807231035_WC05.2
RF_data/event_data/WC05/201807231035_WC05.1
RF_data/event_data/WC05/201807231035_WC05.Z
RF_data/event_data/WC05/201807281707_WC05.2
RF_data/event_data/WC05/201807281707_WC05.1
RF_data/event_data/WC05/201807281707_WC05.Z
RF_data/event_data/WC05/201807282247_WC05.2
RF_data/event_data/WC05/201807282247_WC05.1
RF_data/event_data/WC05/201807282247_WC05.Z
RF_data/event_data/WC05/201808051146_WC05.2
RF_data/event_data/WC05/201808051146_WC05.1
RF_data/event_data/WC05/201808051146_WC05.Z
RF_data/event_data/WC05/201808101812_WC05.2
RF_data/event_data/WC05/201808101812_WC05.1
RF_data/event_data/WC05/201808101812_WC05.Z
RF_data/event_data/WC05/201808121458_WC05.2
RF_data/event_data/WC05/201808121458_WC05.1
RF_data/event_data/WC05/201808121458_WC05.Z
RF_data/event_data/WC05/201808122115_WC05.2
RF_data/event_data/WC05/201808122115_WC05.1
RF_data/event_data/WC05/201808122115_WC05.Z
RF_data/event_data/WC05/201808140329_WC05.2
RF_data/event_data/WC05/201808140329_WC05.1
RF_data/event_data/WC05/201808140329_WC05.Z
RF_data/event_data/WC05/201808152156_WC05.2
RF_data/event_data/WC05/201808152156_WC05.1
RF_data/event_data/WC05/201808152156_WC05.Z
RF_data/event_data/WC05/201808161822_WC05.2
RF_data/event_data/WC05/201808161822_WC05.1
RF_data/event_data/WC05/201808161822_WC05.Z
RF_data/event_data/WC05/201808171535_WC05.2
RF_data/event_data/WC05/201808171535_WC05.1
RF_data/event_data/WC05/201808171535_WC05.Z
reject event 32 for time discontinuity between 2 day records
can't preprocess /home/lun/scratch-lun/OBSdata/yORCA_data/Mseed/WC05/WC05.CH0.2018.231*.msd
can't preprocess /home/lun/scratch-lun/OBSdata/yORCA_data/Mseed/WC05/WC05.CH0.2018.231*.msd
RF_data/event_data/WC05/201808190410_WC05.2
RF_data/event_data/WC05/201808190410_WC05.1
RF_data/event_data/WC05/201808190410_WC05.Z
RF_data/event_data/WC05/201808190428_WC05.2
RF_data/event_data/WC05/201808190428_WC05.1
RF_data/event_data/WC05/201808190428_WC05.Z
RF_data/event_data/WC05/201808191456_WC05.2
RF_data/event_data/WC05/201808191456_WC05.1
RF_data/event_data/WC05/201808191456_WC05.Z
RF_data/event_data/WC05/201808212131_WC05.2
RF_data/event_data/WC05/201808212131_WC05.1
RF_data/event_data/WC05/201808212131_WC05.Z
RF_data/event_data/WC05/201808212232_WC05.2
RF_data/event_data/WC05/201808212232_WC05.1
RF_data/event_data/WC05/201808212232_WC05.Z
RF_data/event_data/WC05/201808220931_WC05.2
RF_data/event_data/WC05/201808220931_WC05.1
RF_data/event_data/WC05/201808220931_WC05.Z
RF_data/event_data/WC05/201808230335_WC05.2
RF_data/event_data/WC05/201808230335_WC05.1
RF_data/event_data/WC05/201808230335_WC05.Z
RF_data/event_data/WC05/201808240904_WC05.2
RF_data/event_data/WC05/201808240904_WC05.1
RF_data/event_data/WC05/201808240904_WC05.Z
RF_data/event_data/WC05/201808251650_WC05.2
RF_data/event_data/WC05/201808251650_WC05.1
RF_data/event_data/WC05/201808251650_WC05.Z
RF_data/event_data/WC05/201808252213_WC05.2
RF_data/event_data/WC05/201808252213_WC05.1
RF_data/event_data/WC05/201808252213_WC05.Z
RF_data/event_data/WC05/201808280708_WC05.2
RF_data/event_data/WC05/201808280708_WC05.1
RF_data/event_data/WC05/201808280708_WC05.Z
RF_data/event_data/WC05/201808282235_WC05.2
RF_data/event_data/WC05/201808282235_WC05.1
RF_data/event_data/WC05/201808282235_WC05.Z
RF_data/event_data/WC05/201808290351_WC05.2
RF_data/event_data/WC05/201808290351_WC05.1
RF_data/event_data/WC05/201808290351_WC05.Z
RF_data/event_data/WC05/201809051807_WC05.2
RF_data/event_data/WC05/201809051807_WC05.1
RF_data/event_data/WC05/201809051807_WC05.Z
RF_data/event_data/WC05/201809061549_WC05.2
RF_data/event_data/WC05/201809061549_WC05.1
RF_data/event_data/WC05/201809061549_WC05.Z
RF_data/event_data/WC05/201809070212_WC05.2
RF_data/event_data/WC05/201809070212_WC05.1
RF_data/event_data/WC05/201809070212_WC05.Z
RF_data/event_data/WC05/201809080716_WC05.2
RF_data/event_data/WC05/201809080716_WC05.1
RF_data/event_data/WC05/201809080716_WC05.Z
RF_data/event_data/WC05/201809091931_WC05.2
RF_data/event_data/WC05/201809091931_WC05.1
RF_data/event_data/WC05/201809091931_WC05.Z
RF_data/event_data/WC05/201809100419_WC05.2
RF_data/event_data/WC05/201809100419_WC05.1
RF_data/event_data/WC05/201809100419_WC05.Z
RF_data/event_data/WC05/201809101931_WC05.2
RF_data/event_data/WC05/201809101931_WC05.1
RF_data/event_data/WC05/201809101931_WC05.Z
RF_data/event_data/WC05/201809162111_WC05.2
RF_data/event_data/WC05/201809162111_WC05.1
RF_data/event_data/WC05/201809162111_WC05.Z
RF_data/event_data/WC05/201809180727_WC05.2
RF_data/event_data/WC05/201809180727_WC05.1
RF_data/event_data/WC05/201809180727_WC05.Z
RF_data/event_data/WC05/201809280659_WC05.2
RF_data/event_data/WC05/201809280659_WC05.1
RF_data/event_data/WC05/201809280659_WC05.Z
RF_data/event_data/WC05/201809281002_WC05.2
RF_data/event_data/WC05/201809281002_WC05.1
RF_data/event_data/WC05/201809281002_WC05.Z
RF_data/event_data/WC05/201809301052_WC05.2
RF_data/event_data/WC05/201809301052_WC05.1
RF_data/event_data/WC05/201809301052_WC05.Z
reject event 60 for time discontinuity between 2 day records
RF_data/event_data/WC05/201810090745_WC05.2
RF_data/event_data/WC05/201810090745_WC05.1
RF_data/event_data/WC05/201810090745_WC05.Z
RF_data/event_data/WC05/201810101844_WC05.2
RF_data/event_data/WC05/201810101844_WC05.1
RF_data/event_data/WC05/201810101844_WC05.Z
RF_data/event_data/WC05/201810102045_WC05.2
RF_data/event_data/WC05/201810102045_WC05.1
RF_data/event_data/WC05/201810102045_WC05.Z
RF_data/event_data/WC05/201810102048_WC05.2
RF_data/event_data/WC05/201810102048_WC05.1
RF_data/event_data/WC05/201810102048_WC05.Z
RF_data/event_data/WC05/201810102200_WC05.2
RF_data/event_data/WC05/201810102200_WC05.1
RF_data/event_data/WC05/201810102200_WC05.Z
reject event 66 for time discontinuity between 2 day records
RF_data/event_data/WC05/201810131110_WC05.2
RF_data/event_data/WC05/201810131110_WC05.1
RF_data/event_data/WC05/201810131110_WC05.Z
can't preprocess /home/lun/scratch-lun/OBSdata/yORCA_data/Mseed/WC05/WC05.CH0.2018.289*.msd
RF_data/event_data/WC05/201810160103_WC05.2
RF_data/event_data/WC05/201810160103_WC05.1
RF_data/event_data/WC05/201810160103_WC05.Z
RF_data/event_data/WC05/201810220539_WC05.2
RF_data/event_data/WC05/201810220539_WC05.1
RF_data/event_data/WC05/201810220539_WC05.Z
RF_data/event_data/WC05/201810220616_WC05.2
RF_data/event_data/WC05/201810220616_WC05.1
RF_data/event_data/WC05/201810220616_WC05.Z
RF_data/event_data/WC05/201810220622_WC05.2
RF_data/event_data/WC05/201810220622_WC05.1
RF_data/event_data/WC05/201810220622_WC05.Z
RF_data/event_data/WC05/201810252254_WC05.2
RF_data/event_data/WC05/201810252254_WC05.1
RF_data/event_data/WC05/201810252254_WC05.Z
RF_data/event_data/WC05/201810282223_WC05.2
RF_data/event_data/WC05/201810282223_WC05.1
RF_data/event_data/WC05/201810282223_WC05.Z
RF_data/event_data/WC05/201810290654_WC05.2
RF_data/event_data/WC05/201810290654_WC05.1
RF_data/event_data/WC05/201810290654_WC05.Z
RF_data/event_data/WC05/201810300213_WC05.2
RF_data/event_data/WC05/201810300213_WC05.1
RF_data/event_data/WC05/201810300213_WC05.Z
RF_data/event_data/WC05/201811012219_WC05.2
RF_data/event_data/WC05/201811012219_WC05.1
RF_data/event_data/WC05/201811012219_WC05.Z
RF_data/event_data/WC05/201811021101_WC05.2
RF_data/event_data/WC05/201811021101_WC05.1
RF_data/event_data/WC05/201811021101_WC05.Z
RF_data/event_data/WC05/201811040755_WC05.2
RF_data/event_data/WC05/201811040755_WC05.1
RF_data/event_data/WC05/201811040755_WC05.Z
RF_data/event_data/WC05/201811090149_WC05.2
RF_data/event_data/WC05/201811090149_WC05.1
RF_data/event_data/WC05/201811090149_WC05.Z
RF_data/event_data/WC05/201811100833_WC05.2
RF_data/event_data/WC05/201811100833_WC05.1
RF_data/event_data/WC05/201811100833_WC05.Z
RF_data/event_data/WC05/201811111403_WC05.2
RF_data/event_data/WC05/201811111403_WC05.1
RF_data/event_data/WC05/201811111403_WC05.Z
RF_data/event_data/WC05/201811142121_WC05.2
RF_data/event_data/WC05/201811142121_WC05.1
RF_data/event_data/WC05/201811142121_WC05.Z
RF_data/event_data/WC05/201811152002_WC05.2
RF_data/event_data/WC05/201811152002_WC05.1
RF_data/event_data/WC05/201811152002_WC05.Z
reject event 85 for time discontinuity between 2 day records
RF_data/event_data/WC05/201811160326_WC05.2
RF_data/event_data/WC05/201811160326_WC05.1
RF_data/event_data/WC05/201811160326_WC05.Z
RF_data/event_data/WC05/201811182025_WC05.2
RF_data/event_data/WC05/201811182025_WC05.1
RF_data/event_data/WC05/201811182025_WC05.Z
RF_data/event_data/WC05/201811250340_WC05.2
RF_data/event_data/WC05/201811250340_WC05.1
RF_data/event_data/WC05/201811250340_WC05.Z
RF_data/event_data/WC05/201811251637_WC05.2
RF_data/event_data/WC05/201811251637_WC05.1
RF_data/event_data/WC05/201811251637_WC05.Z
RF_data/event_data/WC05/201811301729_WC05.2
RF_data/event_data/WC05/201811301729_WC05.1
RF_data/event_data/WC05/201811301729_WC05.Z
RF_data/event_data/WC05/201812011327_WC05.2
RF_data/event_data/WC05/201812011327_WC05.1
RF_data/event_data/WC05/201812011327_WC05.Z
RF_data/event_data/WC05/201812050414_WC05.2
RF_data/event_data/WC05/201812050414_WC05.1
RF_data/event_data/WC05/201812050414_WC05.Z
RF_data/event_data/WC05/201812050418_WC05.2
RF_data/event_data/WC05/201812050418_WC05.1
RF_data/event_data/WC05/201812050418_WC05.Z
RF_data/event_data/WC05/201812050643_WC05.2
RF_data/event_data/WC05/201812050643_WC05.1
RF_data/event_data/WC05/201812050643_WC05.Z
reject event 95 for WC05(event in cuming_hour)
reject event 96 for WC05(event in cuming_hour)
reject event 97 for WC05(event in cuming_hour)
reject event 98 for WC05(event in cuming_hour)
RF_data/event_data/WC05/201812201701_WC05.2
RF_data/event_data/WC05/201812201701_WC05.1
RF_data/event_data/WC05/201812201701_WC05.Z
RF_data/event_data/WC05/201812221425_WC05.2
RF_data/event_data/WC05/201812221425_WC05.1
RF_data/event_data/WC05/201812221425_WC05.Z
reject event 101 for time discontinuity between 2 day records
RF_data/event_data/WC05/201812241241_WC05.2
RF_data/event_data/WC05/201812241241_WC05.1
RF_data/event_data/WC05/201812241241_WC05.Z
RF_data/event_data/WC05/201812290339_WC05.2
RF_data/event_data/WC05/201812290339_WC05.1
RF_data/event_data/WC05/201812290339_WC05.Z
RF_data/event_data/WC05/201812310235_WC05.2
RF_data/event_data/WC05/201812310235_WC05.1
RF_data/event_data/WC05/201812310235_WC05.Z
RF_data/event_data/WC05/201901051925_WC05.2
RF_data/event_data/WC05/201901051925_WC05.1
RF_data/event_data/WC05/201901051925_WC05.Z
RF_data/event_data/WC05/201901061727_WC05.2
RF_data/event_data/WC05/201901061727_WC05.1
RF_data/event_data/WC05/201901061727_WC05.Z
RF_data/event_data/WC05/201901081239_WC05.2
RF_data/event_data/WC05/201901081239_WC05.1
RF_data/event_data/WC05/201901081239_WC05.Z
RF_data/event_data/WC05/201901151806_WC05.2
RF_data/event_data/WC05/201901151806_WC05.1
RF_data/event_data/WC05/201901151806_WC05.Z
RF_data/event_data/WC05/201901171506_WC05.2
RF_data/event_data/WC05/201901171506_WC05.1
RF_data/event_data/WC05/201901171506_WC05.Z
RF_data/event_data/WC05/201901181318_WC05.2
RF_data/event_data/WC05/201901181318_WC05.1
RF_data/event_data/WC05/201901181318_WC05.Z
RF_data/event_data/WC05/201901200132_WC05.2
RF_data/event_data/WC05/201901200132_WC05.1
RF_data/event_data/WC05/201901200132_WC05.Z
reject event 112 for time discontinuity between 2 day records
RF_data/event_data/WC05/201901220510_WC05.2
RF_data/event_data/WC05/201901220510_WC05.1
RF_data/event_data/WC05/201901220510_WC05.Z
RF_data/event_data/WC05/201901221901_WC05.2
RF_data/event_data/WC05/201901221901_WC05.1
RF_data/event_data/WC05/201901221901_WC05.Z
RF_data/event_data/WC05/201901260351_WC05.2
RF_data/event_data/WC05/201901260351_WC05.1
RF_data/event_data/WC05/201901260351_WC05.Z
RF_data/event_data/WC05/201901261956_WC05.2
RF_data/event_data/WC05/201901261956_WC05.1
RF_data/event_data/WC05/201901261956_WC05.Z
RF_data/event_data/WC05/201902011614_WC05.2
RF_data/event_data/WC05/201902011614_WC05.1
RF_data/event_data/WC05/201902011614_WC05.Z
RF_data/event_data/WC05/201902020927_WC05.2
RF_data/event_data/WC05/201902020927_WC05.1
RF_data/event_data/WC05/201902020927_WC05.Z
RF_data/event_data/WC05/201902121234_WC05.2
RF_data/event_data/WC05/201902121234_WC05.1
RF_data/event_data/WC05/201902121234_WC05.Z
RF_data/event_data/WC05/201902141957_WC05.2
RF_data/event_data/WC05/201902141957_WC05.1
RF_data/event_data/WC05/201902141957_WC05.Z
RF_data/event_data/WC05/201902171435_WC05.2
RF_data/event_data/WC05/201902171435_WC05.1
RF_data/event_data/WC05/201902171435_WC05.Z
RF_data/event_data/WC05/201902221017_WC05.2
RF_data/event_data/WC05/201902221017_WC05.1
RF_data/event_data/WC05/201902221017_WC05.Z
RF_data/event_data/WC05/201903010850_WC05.2
RF_data/event_data/WC05/201903010850_WC05.1
RF_data/event_data/WC05/201903010850_WC05.Z
RF_data/event_data/WC05/201903061546_WC05.2
RF_data/event_data/WC05/201903061546_WC05.1
RF_data/event_data/WC05/201903061546_WC05.Z
RF_data/event_data/WC05/201903081506_WC05.2
RF_data/event_data/WC05/201903081506_WC05.1
RF_data/event_data/WC05/201903081506_WC05.Z
RF_data/event_data/WC05/201903100812_WC05.2
RF_data/event_data/WC05/201903100812_WC05.1
RF_data/event_data/WC05/201903100812_WC05.Z
RF_data/event_data/WC05/201903101248_WC05.2
RF_data/event_data/WC05/201903101248_WC05.1
RF_data/event_data/WC05/201903101248_WC05.Z
RF_data/event_data/WC05/201903150503_WC05.2
RF_data/event_data/WC05/201903150503_WC05.1
RF_data/event_data/WC05/201903150503_WC05.Z
RF_data/event_data/WC05/201903201523_WC05.2
RF_data/event_data/WC05/201903201523_WC05.1
RF_data/event_data/WC05/201903201523_WC05.Z
RF_data/event_data/WC05/201903231921_WC05.2
RF_data/event_data/WC05/201903231921_WC05.1
RF_data/event_data/WC05/201903231921_WC05.Z
RF_data/event_data/WC05/201903240437_WC05.2
RF_data/event_data/WC05/201903240437_WC05.1
RF_data/event_data/WC05/201903240437_WC05.Z
RF_data/event_data/WC05/201903282206_WC05.2
RF_data/event_data/WC05/201903282206_WC05.1
RF_data/event_data/WC05/201903282206_WC05.Z
RF_data/event_data/WC05/201903301120_WC05.2
RF_data/event_data/WC05/201903301120_WC05.1
RF_data/event_data/WC05/201903301120_WC05.Z
RF_data/event_data/WC05/201903310704_WC05.2
RF_data/event_data/WC05/201903310704_WC05.1
RF_data/event_data/WC05/201903310704_WC05.Z
RF_data/event_data/WC05/201904011839_WC05.2
RF_data/event_data/WC05/201904011839_WC05.1
RF_data/event_data/WC05/201904011839_WC05.Z
RF_data/event_data/WC05/201904022135_WC05.2
RF_data/event_data/WC05/201904022135_WC05.1
RF_data/event_data/WC05/201904022135_WC05.Z
RF_data/event_data/WC05/201904051614_WC05.2
RF_data/event_data/WC05/201904051614_WC05.1
RF_data/event_data/WC05/201904051614_WC05.Z
RF_data/event_data/WC05/201904062155_WC05.2
RF_data/event_data/WC05/201904062155_WC05.1
RF_data/event_data/WC05/201904062155_WC05.Z
RF_data/event_data/WC05/201904091753_WC05.2
RF_data/event_data/WC05/201904091753_WC05.1
RF_data/event_data/WC05/201904091753_WC05.Z
RF_data/event_data/WC05/201904110818_WC05.2
RF_data/event_data/WC05/201904110818_WC05.1
RF_data/event_data/WC05/201904110818_WC05.Z
RF_data/event_data/WC05/201904121140_WC05.2
RF_data/event_data/WC05/201904121140_WC05.1
RF_data/event_data/WC05/201904121140_WC05.Z
RF_data/event_data/WC05/201904121223_WC05.2
RF_data/event_data/WC05/201904121223_WC05.1
RF_data/event_data/WC05/201904121223_WC05.Z
RF_data/event_data/WC05/201904121451_WC05.2
RF_data/event_data/WC05/201904121451_WC05.1
RF_data/event_data/WC05/201904121451_WC05.Z
RF_data/event_data/WC05/201904180501_WC05.2
RF_data/event_data/WC05/201904180501_WC05.1
RF_data/event_data/WC05/201904180501_WC05.Z
RF_data/event_data/WC05/201904181446_WC05.2
RF_data/event_data/WC05/201904181446_WC05.1
RF_data/event_data/WC05/201904181446_WC05.Z
RF_data/event_data/WC05/201904220911_WC05.2
RF_data/event_data/WC05/201904220911_WC05.1
RF_data/event_data/WC05/201904220911_WC05.Z
RF_data/event_data/WC05/201904221449_WC05.2
RF_data/event_data/WC05/201904221449_WC05.1
RF_data/event_data/WC05/201904221449_WC05.Z
RF_data/event_data/WC05/201904230537_WC05.2
RF_data/event_data/WC05/201904230537_WC05.1
RF_data/event_data/WC05/201904230537_WC05.Z
RF_data/event_data/WC05/201904231420_WC05.2
RF_data/event_data/WC05/201904231420_WC05.1
RF_data/event_data/WC05/201904231420_WC05.Z
RF_data/event_data/WC05/201904291419_WC05.2
RF_data/event_data/WC05/201904291419_WC05.1
RF_data/event_data/WC05/201904291419_WC05.Z
RF_data/event_data/WC05/201905030725_WC05.2
RF_data/event_data/WC05/201905030725_WC05.1
RF_data/event_data/WC05/201905030725_WC05.Z
RF_data/event_data/WC05/201905062119_WC05.2
RF_data/event_data/WC05/201905062119_WC05.1
RF_data/event_data/WC05/201905062119_WC05.Z
reject event 153 for time discontinuity between 2 day records
RF_data/event_data/WC05/201905121924_WC05.2
RF_data/event_data/WC05/201905121924_WC05.1
RF_data/event_data/WC05/201905121924_WC05.Z
RF_data/event_data/WC05/201905141258_WC05.2
RF_data/event_data/WC05/201905141258_WC05.1
RF_data/event_data/WC05/201905141258_WC05.Z
135 events found in WC05
