reject event 6 for CC08(event in cuming_hour)
RF_data/event_data/CC08/201805020632_CC08.2
RF_data/event_data/CC08/201805020632_CC08.1
RF_data/event_data/CC08/201805020632_CC08.Z
RF_data/event_data/CC08/201805042232_CC08.2
RF_data/event_data/CC08/201805042232_CC08.1
RF_data/event_data/CC08/201805042232_CC08.Z
RF_data/event_data/CC08/201805050619_CC08.2
RF_data/event_data/CC08/201805050619_CC08.1
RF_data/event_data/CC08/201805050619_CC08.Z
RF_data/event_data/CC08/201805090757_CC08.2
RF_data/event_data/CC08/201805090757_CC08.1
RF_data/event_data/CC08/201805090757_CC08.Z
RF_data/event_data/CC08/201805091041_CC08.2
RF_data/event_data/CC08/201805091041_CC08.1
RF_data/event_data/CC08/201805091041_CC08.Z
RF_data/event_data/CC08/201805180145_CC08.2
RF_data/event_data/CC08/201805180145_CC08.1
RF_data/event_data/CC08/201805180145_CC08.Z
RF_data/event_data/CC08/201806212113_CC08.2
RF_data/event_data/CC08/201806212113_CC08.1
RF_data/event_data/CC08/201806212113_CC08.Z
reject event 14 for CC08(event in cuming_hour)
reject event 15 for CC08(event in cuming_hour)
reject event 16 for CC08(event in cuming_hour)
reject event 17 for CC08(event in cuming_hour)
reject event 18 for CC08(event in cuming_hour)
reject event 19 for CC08(event in cuming_hour)
RF_data/event_data/CC08/201807191830_CC08.2
RF_data/event_data/CC08/201807191830_CC08.1
RF_data/event_data/CC08/201807191830_CC08.Z
reject event 21 for CC08(event in cuming_hour)
RF_data/event_data/CC08/201807281707_CC08.2
RF_data/event_data/CC08/201807281707_CC08.1
RF_data/event_data/CC08/201807281707_CC08.Z
RF_data/event_data/CC08/201807282247_CC08.2
RF_data/event_data/CC08/201807282247_CC08.1
RF_data/event_data/CC08/201807282247_CC08.Z
reject event 24 for CC08(event in cuming_hour)
RF_data/event_data/CC08/201808101812_CC08.2
RF_data/event_data/CC08/201808101812_CC08.1
RF_data/event_data/CC08/201808101812_CC08.Z
reject event 26 for CC08(event in cuming_hour)
reject event 27 for CC08(event in cuming_hour)
reject event 28 for CC08(event in cuming_hour)
RF_data/event_data/CC08/201808152156_CC08.2
RF_data/event_data/CC08/201808152156_CC08.1
RF_data/event_data/CC08/201808152156_CC08.Z
RF_data/event_data/CC08/201808161822_CC08.2
RF_data/event_data/CC08/201808161822_CC08.1
RF_data/event_data/CC08/201808161822_CC08.Z
reject event 31 for CC08(event in cuming_hour)
reject event 32 for time discontinuity between 2 day records
RF_data/event_data/CC08/201808190019_CC08.2
RF_data/event_data/CC08/201808190019_CC08.1
RF_data/event_data/CC08/201808190019_CC08.Z
RF_data/event_data/CC08/201808190023_CC08.2
RF_data/event_data/CC08/201808190023_CC08.1
RF_data/event_data/CC08/201808190023_CC08.Z
reject event 35 for CC08(event in cuming_hour)
reject event 36 for CC08(event in cuming_hour)
reject event 37 for CC08(event in cuming_hour)
RF_data/event_data/CC08/201808212131_CC08.2
RF_data/event_data/CC08/201808212131_CC08.1
RF_data/event_data/CC08/201808212131_CC08.Z
RF_data/event_data/CC08/201808212232_CC08.2
RF_data/event_data/CC08/201808212232_CC08.1
RF_data/event_data/CC08/201808212232_CC08.Z
RF_data/event_data/CC08/201808220931_CC08.2
RF_data/event_data/CC08/201808220931_CC08.1
RF_data/event_data/CC08/201808220931_CC08.Z
RF_data/event_data/CC08/201808230335_CC08.2
RF_data/event_data/CC08/201808230335_CC08.1
RF_data/event_data/CC08/201808230335_CC08.Z
RF_data/event_data/CC08/201808240904_CC08.2
RF_data/event_data/CC08/201808240904_CC08.1
RF_data/event_data/CC08/201808240904_CC08.Z
RF_data/event_data/CC08/201808251650_CC08.2
RF_data/event_data/CC08/201808251650_CC08.1
RF_data/event_data/CC08/201808251650_CC08.Z
RF_data/event_data/CC08/201808252213_CC08.2
RF_data/event_data/CC08/201808252213_CC08.1
RF_data/event_data/CC08/201808252213_CC08.Z
reject event 45 for CC08(event in cuming_hour)
RF_data/event_data/CC08/201808282235_CC08.2
RF_data/event_data/CC08/201808282235_CC08.1
RF_data/event_data/CC08/201808282235_CC08.Z
RF_data/event_data/CC08/201808290351_CC08.2
RF_data/event_data/CC08/201808290351_CC08.1
RF_data/event_data/CC08/201808290351_CC08.Z
reject event 48 for CC08(event in cuming_hour)
reject event 49 for CC08(event in cuming_hour)
reject event 50 for CC08(event in cuming_hour)
reject event 51 for CC08(event in cuming_hour)
reject event 52 for CC08(event in cuming_hour)
reject event 53 for CC08(event in cuming_hour)
reject event 54 for CC08(event in cuming_hour)
RF_data/event_data/CC08/201809162111_CC08.2
RF_data/event_data/CC08/201809162111_CC08.1
RF_data/event_data/CC08/201809162111_CC08.Z
RF_data/event_data/CC08/201809180727_CC08.2
RF_data/event_data/CC08/201809180727_CC08.1
RF_data/event_data/CC08/201809180727_CC08.Z
RF_data/event_data/CC08/201809280659_CC08.2
RF_data/event_data/CC08/201809280659_CC08.1
RF_data/event_data/CC08/201809280659_CC08.Z
RF_data/event_data/CC08/201809281002_CC08.2
RF_data/event_data/CC08/201809281002_CC08.1
RF_data/event_data/CC08/201809281002_CC08.Z
RF_data/event_data/CC08/201809301052_CC08.2
RF_data/event_data/CC08/201809301052_CC08.1
RF_data/event_data/CC08/201809301052_CC08.Z
reject event 60 for time discontinuity between 2 day records
RF_data/event_data/CC08/201810090745_CC08.2
RF_data/event_data/CC08/201810090745_CC08.1
RF_data/event_data/CC08/201810090745_CC08.Z
RF_data/event_data/CC08/201810101844_CC08.2
RF_data/event_data/CC08/201810101844_CC08.1
RF_data/event_data/CC08/201810101844_CC08.Z
RF_data/event_data/CC08/201810102045_CC08.2
RF_data/event_data/CC08/201810102045_CC08.1
RF_data/event_data/CC08/201810102045_CC08.Z
RF_data/event_data/CC08/201810102048_CC08.2
RF_data/event_data/CC08/201810102048_CC08.1
RF_data/event_data/CC08/201810102048_CC08.Z
RF_data/event_data/CC08/201810102200_CC08.2
RF_data/event_data/CC08/201810102200_CC08.1
RF_data/event_data/CC08/201810102200_CC08.Z
reject event 66 for time discontinuity between 2 day records
RF_data/event_data/CC08/201810131110_CC08.2
RF_data/event_data/CC08/201810131110_CC08.1
RF_data/event_data/CC08/201810131110_CC08.Z
RF_data/event_data/CC08/201810160028_CC08.2
RF_data/event_data/CC08/201810160028_CC08.1
RF_data/event_data/CC08/201810160028_CC08.Z
RF_data/event_data/CC08/201810160103_CC08.2
RF_data/event_data/CC08/201810160103_CC08.1
RF_data/event_data/CC08/201810160103_CC08.Z
RF_data/event_data/CC08/201810220539_CC08.2
RF_data/event_data/CC08/201810220539_CC08.1
RF_data/event_data/CC08/201810220539_CC08.Z
RF_data/event_data/CC08/201810220616_CC08.2
RF_data/event_data/CC08/201810220616_CC08.1
RF_data/event_data/CC08/201810220616_CC08.Z
RF_data/event_data/CC08/201810220622_CC08.2
RF_data/event_data/CC08/201810220622_CC08.1
RF_data/event_data/CC08/201810220622_CC08.Z
RF_data/event_data/CC08/201810252254_CC08.2
RF_data/event_data/CC08/201810252254_CC08.1
RF_data/event_data/CC08/201810252254_CC08.Z
reject event 74 for CC08(event in cuming_hour)
reject event 75 for CC08(event in cuming_hour)
reject event 76 for CC08(event in cuming_hour)
RF_data/event_data/CC08/201811012219_CC08.2
RF_data/event_data/CC08/201811012219_CC08.1
RF_data/event_data/CC08/201811012219_CC08.Z
RF_data/event_data/CC08/201811021101_CC08.2
RF_data/event_data/CC08/201811021101_CC08.1
RF_data/event_data/CC08/201811021101_CC08.Z
reject event 79 for CC08(event in cuming_hour)
reject event 80 for CC08(event in cuming_hour)
reject event 81 for CC08(event in cuming_hour)
reject event 82 for CC08(event in cuming_hour)
RF_data/event_data/CC08/201811142121_CC08.2
RF_data/event_data/CC08/201811142121_CC08.1
RF_data/event_data/CC08/201811142121_CC08.Z
reject event 84 for CC08(event in cuming_hour)
reject event 85 for time discontinuity between 2 day records
reject event 86 for CC08(event in cuming_hour)
reject event 87 for CC08(event in cuming_hour)
reject event 88 for CC08(event in cuming_hour)
reject event 89 for CC08(event in cuming_hour)
reject event 90 for CC08(event in cuming_hour)
reject event 91 for CC08(event in cuming_hour)
reject event 92 for CC08(event in cuming_hour)
reject event 93 for CC08(event in cuming_hour)
reject event 94 for CC08(event in cuming_hour)
reject event 95 for CC08(event in cuming_hour)
RF_data/event_data/CC08/201812121313_CC08.2
RF_data/event_data/CC08/201812121313_CC08.1
RF_data/event_data/CC08/201812121313_CC08.Z
RF_data/event_data/CC08/201812160942_CC08.2
RF_data/event_data/CC08/201812160942_CC08.1
RF_data/event_data/CC08/201812160942_CC08.Z
RF_data/event_data/CC08/201812190137_CC08.2
RF_data/event_data/CC08/201812190137_CC08.1
RF_data/event_data/CC08/201812190137_CC08.Z
RF_data/event_data/CC08/201812201701_CC08.2
RF_data/event_data/CC08/201812201701_CC08.1
RF_data/event_data/CC08/201812201701_CC08.Z
RF_data/event_data/CC08/201812221425_CC08.2
RF_data/event_data/CC08/201812221425_CC08.1
RF_data/event_data/CC08/201812221425_CC08.Z
reject event 101 for time discontinuity between 2 day records
RF_data/event_data/CC08/201812241241_CC08.2
RF_data/event_data/CC08/201812241241_CC08.1
RF_data/event_data/CC08/201812241241_CC08.Z
RF_data/event_data/CC08/201812290339_CC08.2
RF_data/event_data/CC08/201812290339_CC08.1
RF_data/event_data/CC08/201812290339_CC08.Z
RF_data/event_data/CC08/201812310235_CC08.2
RF_data/event_data/CC08/201812310235_CC08.1
RF_data/event_data/CC08/201812310235_CC08.Z
RF_data/event_data/CC08/201901051925_CC08.2
RF_data/event_data/CC08/201901051925_CC08.1
RF_data/event_data/CC08/201901051925_CC08.Z
RF_data/event_data/CC08/201901061727_CC08.2
RF_data/event_data/CC08/201901061727_CC08.1
RF_data/event_data/CC08/201901061727_CC08.Z
RF_data/event_data/CC08/201901081239_CC08.2
RF_data/event_data/CC08/201901081239_CC08.1
RF_data/event_data/CC08/201901081239_CC08.Z
RF_data/event_data/CC08/201901151806_CC08.2
RF_data/event_data/CC08/201901151806_CC08.1
RF_data/event_data/CC08/201901151806_CC08.Z
RF_data/event_data/CC08/201901171506_CC08.2
RF_data/event_data/CC08/201901171506_CC08.1
RF_data/event_data/CC08/201901171506_CC08.Z
RF_data/event_data/CC08/201901181318_CC08.2
RF_data/event_data/CC08/201901181318_CC08.1
RF_data/event_data/CC08/201901181318_CC08.Z
RF_data/event_data/CC08/201901200132_CC08.2
RF_data/event_data/CC08/201901200132_CC08.1
RF_data/event_data/CC08/201901200132_CC08.Z
reject event 112 for time discontinuity between 2 day records
RF_data/event_data/CC08/201901220510_CC08.2
RF_data/event_data/CC08/201901220510_CC08.1
RF_data/event_data/CC08/201901220510_CC08.Z
RF_data/event_data/CC08/201901221901_CC08.2
RF_data/event_data/CC08/201901221901_CC08.1
RF_data/event_data/CC08/201901221901_CC08.Z
RF_data/event_data/CC08/201901260351_CC08.2
RF_data/event_data/CC08/201901260351_CC08.1
RF_data/event_data/CC08/201901260351_CC08.Z
RF_data/event_data/CC08/201901261956_CC08.2
RF_data/event_data/CC08/201901261956_CC08.1
RF_data/event_data/CC08/201901261956_CC08.Z
RF_data/event_data/CC08/201902011614_CC08.2
RF_data/event_data/CC08/201902011614_CC08.1
RF_data/event_data/CC08/201902011614_CC08.Z
RF_data/event_data/CC08/201902020927_CC08.2
RF_data/event_data/CC08/201902020927_CC08.1
RF_data/event_data/CC08/201902020927_CC08.Z
RF_data/event_data/CC08/201902121234_CC08.2
RF_data/event_data/CC08/201902121234_CC08.1
RF_data/event_data/CC08/201902121234_CC08.Z
RF_data/event_data/CC08/201902141957_CC08.2
RF_data/event_data/CC08/201902141957_CC08.1
RF_data/event_data/CC08/201902141957_CC08.Z
RF_data/event_data/CC08/201902171435_CC08.2
RF_data/event_data/CC08/201902171435_CC08.1
RF_data/event_data/CC08/201902171435_CC08.Z
RF_data/event_data/CC08/201902221017_CC08.2
RF_data/event_data/CC08/201902221017_CC08.1
RF_data/event_data/CC08/201902221017_CC08.Z
RF_data/event_data/CC08/201903010850_CC08.2
RF_data/event_data/CC08/201903010850_CC08.1
RF_data/event_data/CC08/201903010850_CC08.Z
RF_data/event_data/CC08/201903061546_CC08.2
RF_data/event_data/CC08/201903061546_CC08.1
RF_data/event_data/CC08/201903061546_CC08.Z
RF_data/event_data/CC08/201903081506_CC08.2
RF_data/event_data/CC08/201903081506_CC08.1
RF_data/event_data/CC08/201903081506_CC08.Z
RF_data/event_data/CC08/201903100812_CC08.2
RF_data/event_data/CC08/201903100812_CC08.1
RF_data/event_data/CC08/201903100812_CC08.Z
RF_data/event_data/CC08/201903101248_CC08.2
RF_data/event_data/CC08/201903101248_CC08.1
RF_data/event_data/CC08/201903101248_CC08.Z
RF_data/event_data/CC08/201903150503_CC08.2
RF_data/event_data/CC08/201903150503_CC08.1
RF_data/event_data/CC08/201903150503_CC08.Z
RF_data/event_data/CC08/201903201523_CC08.2
RF_data/event_data/CC08/201903201523_CC08.1
RF_data/event_data/CC08/201903201523_CC08.Z
RF_data/event_data/CC08/201903231921_CC08.2
RF_data/event_data/CC08/201903231921_CC08.1
RF_data/event_data/CC08/201903231921_CC08.Z
RF_data/event_data/CC08/201903240437_CC08.2
RF_data/event_data/CC08/201903240437_CC08.1
RF_data/event_data/CC08/201903240437_CC08.Z
RF_data/event_data/CC08/201903282206_CC08.2
RF_data/event_data/CC08/201903282206_CC08.1
RF_data/event_data/CC08/201903282206_CC08.Z
RF_data/event_data/CC08/201903301120_CC08.2
RF_data/event_data/CC08/201903301120_CC08.1
RF_data/event_data/CC08/201903301120_CC08.Z
RF_data/event_data/CC08/201903310704_CC08.2
RF_data/event_data/CC08/201903310704_CC08.1
RF_data/event_data/CC08/201903310704_CC08.Z
RF_data/event_data/CC08/201904011839_CC08.2
RF_data/event_data/CC08/201904011839_CC08.1
RF_data/event_data/CC08/201904011839_CC08.Z
RF_data/event_data/CC08/201904022135_CC08.2
RF_data/event_data/CC08/201904022135_CC08.1
RF_data/event_data/CC08/201904022135_CC08.Z
RF_data/event_data/CC08/201904051614_CC08.2
RF_data/event_data/CC08/201904051614_CC08.1
RF_data/event_data/CC08/201904051614_CC08.Z
RF_data/event_data/CC08/201904062155_CC08.2
RF_data/event_data/CC08/201904062155_CC08.1
RF_data/event_data/CC08/201904062155_CC08.Z
RF_data/event_data/CC08/201904091753_CC08.2
RF_data/event_data/CC08/201904091753_CC08.1
RF_data/event_data/CC08/201904091753_CC08.Z
RF_data/event_data/CC08/201904110818_CC08.2
RF_data/event_data/CC08/201904110818_CC08.1
RF_data/event_data/CC08/201904110818_CC08.Z
RF_data/event_data/CC08/201904121140_CC08.2
RF_data/event_data/CC08/201904121140_CC08.1
RF_data/event_data/CC08/201904121140_CC08.Z
RF_data/event_data/CC08/201904121223_CC08.2
RF_data/event_data/CC08/201904121223_CC08.1
RF_data/event_data/CC08/201904121223_CC08.Z
RF_data/event_data/CC08/201904121451_CC08.2
RF_data/event_data/CC08/201904121451_CC08.1
RF_data/event_data/CC08/201904121451_CC08.Z
RF_data/event_data/CC08/201904180501_CC08.2
RF_data/event_data/CC08/201904180501_CC08.1
RF_data/event_data/CC08/201904180501_CC08.Z
RF_data/event_data/CC08/201904181446_CC08.2
RF_data/event_data/CC08/201904181446_CC08.1
RF_data/event_data/CC08/201904181446_CC08.Z
RF_data/event_data/CC08/201904220911_CC08.2
RF_data/event_data/CC08/201904220911_CC08.1
RF_data/event_data/CC08/201904220911_CC08.Z
RF_data/event_data/CC08/201904221449_CC08.2
RF_data/event_data/CC08/201904221449_CC08.1
RF_data/event_data/CC08/201904221449_CC08.Z
RF_data/event_data/CC08/201904230537_CC08.2
RF_data/event_data/CC08/201904230537_CC08.1
RF_data/event_data/CC08/201904230537_CC08.Z
RF_data/event_data/CC08/201904231420_CC08.2
RF_data/event_data/CC08/201904231420_CC08.1
RF_data/event_data/CC08/201904231420_CC08.Z
RF_data/event_data/CC08/201904291419_CC08.2
RF_data/event_data/CC08/201904291419_CC08.1
RF_data/event_data/CC08/201904291419_CC08.Z
RF_data/event_data/CC08/201905030725_CC08.2
RF_data/event_data/CC08/201905030725_CC08.1
RF_data/event_data/CC08/201905030725_CC08.Z
RF_data/event_data/CC08/201905062119_CC08.2
RF_data/event_data/CC08/201905062119_CC08.1
RF_data/event_data/CC08/201905062119_CC08.Z
reject event 153 for time discontinuity between 2 day records
RF_data/event_data/CC08/201905121924_CC08.2
RF_data/event_data/CC08/201905121924_CC08.1
RF_data/event_data/CC08/201905121924_CC08.Z
RF_data/event_data/CC08/201905141258_CC08.2
RF_data/event_data/CC08/201905141258_CC08.1
RF_data/event_data/CC08/201905141258_CC08.Z
RF_data/event_data/CC08/201905190123_CC08.2
RF_data/event_data/CC08/201905190123_CC08.1
RF_data/event_data/CC08/201905190123_CC08.Z
RF_data/event_data/CC08/201905191427_CC08.2
RF_data/event_data/CC08/201905191427_CC08.1
RF_data/event_data/CC08/201905191427_CC08.Z
RF_data/event_data/CC08/201905191456_CC08.2
RF_data/event_data/CC08/201905191456_CC08.1
RF_data/event_data/CC08/201905191456_CC08.Z
104 events found in CC08
