reject event 6 for CC11(event in cuming_hour)
RF_data/event_data/CC11/201805020632_CC11.2
RF_data/event_data/CC11/201805020632_CC11.1
RF_data/event_data/CC11/201805020632_CC11.Z
RF_data/event_data/CC11/201805042232_CC11.2
RF_data/event_data/CC11/201805042232_CC11.1
RF_data/event_data/CC11/201805042232_CC11.Z
RF_data/event_data/CC11/201805050619_CC11.2
RF_data/event_data/CC11/201805050619_CC11.1
RF_data/event_data/CC11/201805050619_CC11.Z
RF_data/event_data/CC11/201805090757_CC11.2
RF_data/event_data/CC11/201805090757_CC11.1
RF_data/event_data/CC11/201805090757_CC11.Z
RF_data/event_data/CC11/201805091041_CC11.2
RF_data/event_data/CC11/201805091041_CC11.1
RF_data/event_data/CC11/201805091041_CC11.Z
RF_data/event_data/CC11/201805180145_CC11.2
RF_data/event_data/CC11/201805180145_CC11.1
RF_data/event_data/CC11/201805180145_CC11.Z
RF_data/event_data/CC11/201806212113_CC11.2
RF_data/event_data/CC11/201806212113_CC11.1
RF_data/event_data/CC11/201806212113_CC11.Z
reject event 14 for CC11(event in cuming_hour)
reject event 15 for CC11(event in cuming_hour)
RF_data/event_data/CC11/201807130946_CC11.2
RF_data/event_data/CC11/201807130946_CC11.1
RF_data/event_data/CC11/201807130946_CC11.Z
RF_data/event_data/CC11/201807150157_CC11.2
RF_data/event_data/CC11/201807150157_CC11.1
RF_data/event_data/CC11/201807150157_CC11.Z
RF_data/event_data/CC11/201807151309_CC11.2
RF_data/event_data/CC11/201807151309_CC11.1
RF_data/event_data/CC11/201807151309_CC11.Z
RF_data/event_data/CC11/201807170702_CC11.2
RF_data/event_data/CC11/201807170702_CC11.1
RF_data/event_data/CC11/201807170702_CC11.Z
RF_data/event_data/CC11/201807191830_CC11.2
RF_data/event_data/CC11/201807191830_CC11.1
RF_data/event_data/CC11/201807191830_CC11.Z
RF_data/event_data/CC11/201807231035_CC11.2
RF_data/event_data/CC11/201807231035_CC11.1
RF_data/event_data/CC11/201807231035_CC11.Z
RF_data/event_data/CC11/201807281707_CC11.2
RF_data/event_data/CC11/201807281707_CC11.1
RF_data/event_data/CC11/201807281707_CC11.Z
RF_data/event_data/CC11/201807282247_CC11.2
RF_data/event_data/CC11/201807282247_CC11.1
RF_data/event_data/CC11/201807282247_CC11.Z
RF_data/event_data/CC11/201808051146_CC11.2
RF_data/event_data/CC11/201808051146_CC11.1
RF_data/event_data/CC11/201808051146_CC11.Z
RF_data/event_data/CC11/201808101812_CC11.2
RF_data/event_data/CC11/201808101812_CC11.1
RF_data/event_data/CC11/201808101812_CC11.Z
RF_data/event_data/CC11/201808121458_CC11.2
RF_data/event_data/CC11/201808121458_CC11.1
RF_data/event_data/CC11/201808121458_CC11.Z
RF_data/event_data/CC11/201808122115_CC11.2
RF_data/event_data/CC11/201808122115_CC11.1
RF_data/event_data/CC11/201808122115_CC11.Z
RF_data/event_data/CC11/201808140329_CC11.2
RF_data/event_data/CC11/201808140329_CC11.1
RF_data/event_data/CC11/201808140329_CC11.Z
RF_data/event_data/CC11/201808152156_CC11.2
RF_data/event_data/CC11/201808152156_CC11.1
RF_data/event_data/CC11/201808152156_CC11.Z
RF_data/event_data/CC11/201808161822_CC11.2
RF_data/event_data/CC11/201808161822_CC11.1
RF_data/event_data/CC11/201808161822_CC11.Z
RF_data/event_data/CC11/201808171535_CC11.2
RF_data/event_data/CC11/201808171535_CC11.1
RF_data/event_data/CC11/201808171535_CC11.Z
reject event 32 for time discontinuity between 2 day records
can't preprocess /home/lun/scratch-lun/OBSdata/yORCA_data/Mseed/CC11/CC11.CH0.2018.231*.msd
can't preprocess /home/lun/scratch-lun/OBSdata/yORCA_data/Mseed/CC11/CC11.CH0.2018.231*.msd
RF_data/event_data/CC11/201808190410_CC11.2
RF_data/event_data/CC11/201808190410_CC11.1
RF_data/event_data/CC11/201808190410_CC11.Z
RF_data/event_data/CC11/201808190428_CC11.2
RF_data/event_data/CC11/201808190428_CC11.1
RF_data/event_data/CC11/201808190428_CC11.Z
RF_data/event_data/CC11/201808191456_CC11.2
RF_data/event_data/CC11/201808191456_CC11.1
RF_data/event_data/CC11/201808191456_CC11.Z
RF_data/event_data/CC11/201808212131_CC11.2
RF_data/event_data/CC11/201808212131_CC11.1
RF_data/event_data/CC11/201808212131_CC11.Z
RF_data/event_data/CC11/201808212232_CC11.2
RF_data/event_data/CC11/201808212232_CC11.1
RF_data/event_data/CC11/201808212232_CC11.Z
RF_data/event_data/CC11/201808220931_CC11.2
RF_data/event_data/CC11/201808220931_CC11.1
RF_data/event_data/CC11/201808220931_CC11.Z
RF_data/event_data/CC11/201808230335_CC11.2
RF_data/event_data/CC11/201808230335_CC11.1
RF_data/event_data/CC11/201808230335_CC11.Z
RF_data/event_data/CC11/201808240904_CC11.2
RF_data/event_data/CC11/201808240904_CC11.1
RF_data/event_data/CC11/201808240904_CC11.Z
RF_data/event_data/CC11/201808251650_CC11.2
RF_data/event_data/CC11/201808251650_CC11.1
RF_data/event_data/CC11/201808251650_CC11.Z
RF_data/event_data/CC11/201808252213_CC11.2
RF_data/event_data/CC11/201808252213_CC11.1
RF_data/event_data/CC11/201808252213_CC11.Z
RF_data/event_data/CC11/201808280708_CC11.2
RF_data/event_data/CC11/201808280708_CC11.1
RF_data/event_data/CC11/201808280708_CC11.Z
RF_data/event_data/CC11/201808282235_CC11.2
RF_data/event_data/CC11/201808282235_CC11.1
RF_data/event_data/CC11/201808282235_CC11.Z
RF_data/event_data/CC11/201808290351_CC11.2
RF_data/event_data/CC11/201808290351_CC11.1
RF_data/event_data/CC11/201808290351_CC11.Z
RF_data/event_data/CC11/201809051807_CC11.2
RF_data/event_data/CC11/201809051807_CC11.1
RF_data/event_data/CC11/201809051807_CC11.Z
RF_data/event_data/CC11/201809061549_CC11.2
RF_data/event_data/CC11/201809061549_CC11.1
RF_data/event_data/CC11/201809061549_CC11.Z
RF_data/event_data/CC11/201809070212_CC11.2
RF_data/event_data/CC11/201809070212_CC11.1
RF_data/event_data/CC11/201809070212_CC11.Z
RF_data/event_data/CC11/201809080716_CC11.2
RF_data/event_data/CC11/201809080716_CC11.1
RF_data/event_data/CC11/201809080716_CC11.Z
RF_data/event_data/CC11/201809091931_CC11.2
RF_data/event_data/CC11/201809091931_CC11.1
RF_data/event_data/CC11/201809091931_CC11.Z
RF_data/event_data/CC11/201809100419_CC11.2
RF_data/event_data/CC11/201809100419_CC11.1
RF_data/event_data/CC11/201809100419_CC11.Z
RF_data/event_data/CC11/201809101931_CC11.2
RF_data/event_data/CC11/201809101931_CC11.1
RF_data/event_data/CC11/201809101931_CC11.Z
RF_data/event_data/CC11/201809162111_CC11.2
RF_data/event_data/CC11/201809162111_CC11.1
RF_data/event_data/CC11/201809162111_CC11.Z
RF_data/event_data/CC11/201809180727_CC11.2
RF_data/event_data/CC11/201809180727_CC11.1
RF_data/event_data/CC11/201809180727_CC11.Z
RF_data/event_data/CC11/201809280659_CC11.2
RF_data/event_data/CC11/201809280659_CC11.1
RF_data/event_data/CC11/201809280659_CC11.Z
RF_data/event_data/CC11/201809281002_CC11.2
RF_data/event_data/CC11/201809281002_CC11.1
RF_data/event_data/CC11/201809281002_CC11.Z
RF_data/event_data/CC11/201809301052_CC11.2
RF_data/event_data/CC11/201809301052_CC11.1
RF_data/event_data/CC11/201809301052_CC11.Z
reject event 60 for time discontinuity between 2 day records
RF_data/event_data/CC11/201810090745_CC11.2
RF_data/event_data/CC11/201810090745_CC11.1
RF_data/event_data/CC11/201810090745_CC11.Z
RF_data/event_data/CC11/201810101844_CC11.2
RF_data/event_data/CC11/201810101844_CC11.1
RF_data/event_data/CC11/201810101844_CC11.Z
RF_data/event_data/CC11/201810102045_CC11.2
RF_data/event_data/CC11/201810102045_CC11.1
RF_data/event_data/CC11/201810102045_CC11.Z
RF_data/event_data/CC11/201810102048_CC11.2
RF_data/event_data/CC11/201810102048_CC11.1
RF_data/event_data/CC11/201810102048_CC11.Z
RF_data/event_data/CC11/201810102200_CC11.2
RF_data/event_data/CC11/201810102200_CC11.1
RF_data/event_data/CC11/201810102200_CC11.Z
reject event 66 for time discontinuity between 2 day records
RF_data/event_data/CC11/201810131110_CC11.2
RF_data/event_data/CC11/201810131110_CC11.1
RF_data/event_data/CC11/201810131110_CC11.Z
can't preprocess /home/lun/scratch-lun/OBSdata/yORCA_data/Mseed/CC11/CC11.CH0.2018.289*.msd
RF_data/event_data/CC11/201810160103_CC11.2
RF_data/event_data/CC11/201810160103_CC11.1
RF_data/event_data/CC11/201810160103_CC11.Z
RF_data/event_data/CC11/201810220539_CC11.2
RF_data/event_data/CC11/201810220539_CC11.1
RF_data/event_data/CC11/201810220539_CC11.Z
RF_data/event_data/CC11/201810220616_CC11.2
RF_data/event_data/CC11/201810220616_CC11.1
RF_data/event_data/CC11/201810220616_CC11.Z
RF_data/event_data/CC11/201810220622_CC11.2
RF_data/event_data/CC11/201810220622_CC11.1
RF_data/event_data/CC11/201810220622_CC11.Z
RF_data/event_data/CC11/201810252254_CC11.2
RF_data/event_data/CC11/201810252254_CC11.1
RF_data/event_data/CC11/201810252254_CC11.Z
RF_data/event_data/CC11/201810282223_CC11.2
RF_data/event_data/CC11/201810282223_CC11.1
RF_data/event_data/CC11/201810282223_CC11.Z
RF_data/event_data/CC11/201810290654_CC11.2
RF_data/event_data/CC11/201810290654_CC11.1
RF_data/event_data/CC11/201810290654_CC11.Z
RF_data/event_data/CC11/201810300213_CC11.2
RF_data/event_data/CC11/201810300213_CC11.1
RF_data/event_data/CC11/201810300213_CC11.Z
RF_data/event_data/CC11/201811012219_CC11.2
RF_data/event_data/CC11/201811012219_CC11.1
RF_data/event_data/CC11/201811012219_CC11.Z
RF_data/event_data/CC11/201811021101_CC11.2
RF_data/event_data/CC11/201811021101_CC11.1
RF_data/event_data/CC11/201811021101_CC11.Z
RF_data/event_data/CC11/201811040755_CC11.2
RF_data/event_data/CC11/201811040755_CC11.1
RF_data/event_data/CC11/201811040755_CC11.Z
RF_data/event_data/CC11/201811090149_CC11.2
RF_data/event_data/CC11/201811090149_CC11.1
RF_data/event_data/CC11/201811090149_CC11.Z
RF_data/event_data/CC11/201811100833_CC11.2
RF_data/event_data/CC11/201811100833_CC11.1
RF_data/event_data/CC11/201811100833_CC11.Z
RF_data/event_data/CC11/201811111403_CC11.2
RF_data/event_data/CC11/201811111403_CC11.1
RF_data/event_data/CC11/201811111403_CC11.Z
RF_data/event_data/CC11/201811142121_CC11.2
RF_data/event_data/CC11/201811142121_CC11.1
RF_data/event_data/CC11/201811142121_CC11.Z
RF_data/event_data/CC11/201811152002_CC11.2
RF_data/event_data/CC11/201811152002_CC11.1
RF_data/event_data/CC11/201811152002_CC11.Z
reject event 85 for time discontinuity between 2 day records
RF_data/event_data/CC11/201811160326_CC11.2
RF_data/event_data/CC11/201811160326_CC11.1
RF_data/event_data/CC11/201811160326_CC11.Z
RF_data/event_data/CC11/201811182025_CC11.2
RF_data/event_data/CC11/201811182025_CC11.1
RF_data/event_data/CC11/201811182025_CC11.Z
RF_data/event_data/CC11/201811250340_CC11.2
RF_data/event_data/CC11/201811250340_CC11.1
RF_data/event_data/CC11/201811250340_CC11.Z
RF_data/event_data/CC11/201811251637_CC11.2
RF_data/event_data/CC11/201811251637_CC11.1
RF_data/event_data/CC11/201811251637_CC11.Z
RF_data/event_data/CC11/201811301729_CC11.2
RF_data/event_data/CC11/201811301729_CC11.1
RF_data/event_data/CC11/201811301729_CC11.Z
RF_data/event_data/CC11/201812011327_CC11.2
RF_data/event_data/CC11/201812011327_CC11.1
RF_data/event_data/CC11/201812011327_CC11.Z
RF_data/event_data/CC11/201812050414_CC11.2
RF_data/event_data/CC11/201812050414_CC11.1
RF_data/event_data/CC11/201812050414_CC11.Z
RF_data/event_data/CC11/201812050418_CC11.2
RF_data/event_data/CC11/201812050418_CC11.1
RF_data/event_data/CC11/201812050418_CC11.Z
RF_data/event_data/CC11/201812050643_CC11.2
RF_data/event_data/CC11/201812050643_CC11.1
RF_data/event_data/CC11/201812050643_CC11.Z
RF_data/event_data/CC11/201812110226_CC11.2
RF_data/event_data/CC11/201812110226_CC11.1
RF_data/event_data/CC11/201812110226_CC11.Z
RF_data/event_data/CC11/201812121313_CC11.2
RF_data/event_data/CC11/201812121313_CC11.1
RF_data/event_data/CC11/201812121313_CC11.Z
RF_data/event_data/CC11/201812160942_CC11.2
RF_data/event_data/CC11/201812160942_CC11.1
RF_data/event_data/CC11/201812160942_CC11.Z
RF_data/event_data/CC11/201812190137_CC11.2
RF_data/event_data/CC11/201812190137_CC11.1
RF_data/event_data/CC11/201812190137_CC11.Z
RF_data/event_data/CC11/201812201701_CC11.2
RF_data/event_data/CC11/201812201701_CC11.1
RF_data/event_data/CC11/201812201701_CC11.Z
RF_data/event_data/CC11/201812221425_CC11.2
RF_data/event_data/CC11/201812221425_CC11.1
RF_data/event_data/CC11/201812221425_CC11.Z
reject event 101 for time discontinuity between 2 day records
RF_data/event_data/CC11/201812241241_CC11.2
RF_data/event_data/CC11/201812241241_CC11.1
RF_data/event_data/CC11/201812241241_CC11.Z
RF_data/event_data/CC11/201812290339_CC11.2
RF_data/event_data/CC11/201812290339_CC11.1
RF_data/event_data/CC11/201812290339_CC11.Z
RF_data/event_data/CC11/201812310235_CC11.2
RF_data/event_data/CC11/201812310235_CC11.1
RF_data/event_data/CC11/201812310235_CC11.Z
RF_data/event_data/CC11/201901051925_CC11.2
RF_data/event_data/CC11/201901051925_CC11.1
RF_data/event_data/CC11/201901051925_CC11.Z
RF_data/event_data/CC11/201901061727_CC11.2
RF_data/event_data/CC11/201901061727_CC11.1
RF_data/event_data/CC11/201901061727_CC11.Z
RF_data/event_data/CC11/201901081239_CC11.2
RF_data/event_data/CC11/201901081239_CC11.1
RF_data/event_data/CC11/201901081239_CC11.Z
RF_data/event_data/CC11/201901151806_CC11.2
RF_data/event_data/CC11/201901151806_CC11.1
RF_data/event_data/CC11/201901151806_CC11.Z
RF_data/event_data/CC11/201901171506_CC11.2
RF_data/event_data/CC11/201901171506_CC11.1
RF_data/event_data/CC11/201901171506_CC11.Z
RF_data/event_data/CC11/201901181318_CC11.2
RF_data/event_data/CC11/201901181318_CC11.1
RF_data/event_data/CC11/201901181318_CC11.Z
RF_data/event_data/CC11/201901200132_CC11.2
RF_data/event_data/CC11/201901200132_CC11.1
RF_data/event_data/CC11/201901200132_CC11.Z
reject event 112 for time discontinuity between 2 day records
RF_data/event_data/CC11/201901220510_CC11.2
RF_data/event_data/CC11/201901220510_CC11.1
RF_data/event_data/CC11/201901220510_CC11.Z
RF_data/event_data/CC11/201901221901_CC11.2
RF_data/event_data/CC11/201901221901_CC11.1
RF_data/event_data/CC11/201901221901_CC11.Z
RF_data/event_data/CC11/201901260351_CC11.2
RF_data/event_data/CC11/201901260351_CC11.1
RF_data/event_data/CC11/201901260351_CC11.Z
RF_data/event_data/CC11/201901261956_CC11.2
RF_data/event_data/CC11/201901261956_CC11.1
RF_data/event_data/CC11/201901261956_CC11.Z
RF_data/event_data/CC11/201902011614_CC11.2
RF_data/event_data/CC11/201902011614_CC11.1
RF_data/event_data/CC11/201902011614_CC11.Z
RF_data/event_data/CC11/201902020927_CC11.2
RF_data/event_data/CC11/201902020927_CC11.1
RF_data/event_data/CC11/201902020927_CC11.Z
RF_data/event_data/CC11/201902121234_CC11.2
RF_data/event_data/CC11/201902121234_CC11.1
RF_data/event_data/CC11/201902121234_CC11.Z
RF_data/event_data/CC11/201902141957_CC11.2
RF_data/event_data/CC11/201902141957_CC11.1
RF_data/event_data/CC11/201902141957_CC11.Z
RF_data/event_data/CC11/201902171435_CC11.2
RF_data/event_data/CC11/201902171435_CC11.1
RF_data/event_data/CC11/201902171435_CC11.Z
RF_data/event_data/CC11/201902221017_CC11.2
RF_data/event_data/CC11/201902221017_CC11.1
RF_data/event_data/CC11/201902221017_CC11.Z
RF_data/event_data/CC11/201903010850_CC11.2
RF_data/event_data/CC11/201903010850_CC11.1
RF_data/event_data/CC11/201903010850_CC11.Z
RF_data/event_data/CC11/201903061546_CC11.2
RF_data/event_data/CC11/201903061546_CC11.1
RF_data/event_data/CC11/201903061546_CC11.Z
RF_data/event_data/CC11/201903081506_CC11.2
RF_data/event_data/CC11/201903081506_CC11.1
RF_data/event_data/CC11/201903081506_CC11.Z
RF_data/event_data/CC11/201903100812_CC11.2
RF_data/event_data/CC11/201903100812_CC11.1
RF_data/event_data/CC11/201903100812_CC11.Z
RF_data/event_data/CC11/201903101248_CC11.2
RF_data/event_data/CC11/201903101248_CC11.1
RF_data/event_data/CC11/201903101248_CC11.Z
RF_data/event_data/CC11/201903150503_CC11.2
RF_data/event_data/CC11/201903150503_CC11.1
RF_data/event_data/CC11/201903150503_CC11.Z
RF_data/event_data/CC11/201903201523_CC11.2
RF_data/event_data/CC11/201903201523_CC11.1
RF_data/event_data/CC11/201903201523_CC11.Z
RF_data/event_data/CC11/201903231921_CC11.2
RF_data/event_data/CC11/201903231921_CC11.1
RF_data/event_data/CC11/201903231921_CC11.Z
RF_data/event_data/CC11/201903240437_CC11.2
RF_data/event_data/CC11/201903240437_CC11.1
RF_data/event_data/CC11/201903240437_CC11.Z
RF_data/event_data/CC11/201903282206_CC11.2
RF_data/event_data/CC11/201903282206_CC11.1
RF_data/event_data/CC11/201903282206_CC11.Z
RF_data/event_data/CC11/201903301120_CC11.2
RF_data/event_data/CC11/201903301120_CC11.1
RF_data/event_data/CC11/201903301120_CC11.Z
RF_data/event_data/CC11/201903310704_CC11.2
RF_data/event_data/CC11/201903310704_CC11.1
RF_data/event_data/CC11/201903310704_CC11.Z
RF_data/event_data/CC11/201904011839_CC11.2
RF_data/event_data/CC11/201904011839_CC11.1
RF_data/event_data/CC11/201904011839_CC11.Z
RF_data/event_data/CC11/201904022135_CC11.2
RF_data/event_data/CC11/201904022135_CC11.1
RF_data/event_data/CC11/201904022135_CC11.Z
RF_data/event_data/CC11/201904051614_CC11.2
RF_data/event_data/CC11/201904051614_CC11.1
RF_data/event_data/CC11/201904051614_CC11.Z
RF_data/event_data/CC11/201904062155_CC11.2
RF_data/event_data/CC11/201904062155_CC11.1
RF_data/event_data/CC11/201904062155_CC11.Z
RF_data/event_data/CC11/201904091753_CC11.2
RF_data/event_data/CC11/201904091753_CC11.1
RF_data/event_data/CC11/201904091753_CC11.Z
RF_data/event_data/CC11/201904110818_CC11.2
RF_data/event_data/CC11/201904110818_CC11.1
RF_data/event_data/CC11/201904110818_CC11.Z
RF_data/event_data/CC11/201904121140_CC11.2
RF_data/event_data/CC11/201904121140_CC11.1
RF_data/event_data/CC11/201904121140_CC11.Z
RF_data/event_data/CC11/201904121223_CC11.2
RF_data/event_data/CC11/201904121223_CC11.1
RF_data/event_data/CC11/201904121223_CC11.Z
RF_data/event_data/CC11/201904121451_CC11.2
RF_data/event_data/CC11/201904121451_CC11.1
RF_data/event_data/CC11/201904121451_CC11.Z
RF_data/event_data/CC11/201904180501_CC11.2
RF_data/event_data/CC11/201904180501_CC11.1
RF_data/event_data/CC11/201904180501_CC11.Z
RF_data/event_data/CC11/201904181446_CC11.2
RF_data/event_data/CC11/201904181446_CC11.1
RF_data/event_data/CC11/201904181446_CC11.Z
RF_data/event_data/CC11/201904220911_CC11.2
RF_data/event_data/CC11/201904220911_CC11.1
RF_data/event_data/CC11/201904220911_CC11.Z
RF_data/event_data/CC11/201904221449_CC11.2
RF_data/event_data/CC11/201904221449_CC11.1
RF_data/event_data/CC11/201904221449_CC11.Z
RF_data/event_data/CC11/201904230537_CC11.2
RF_data/event_data/CC11/201904230537_CC11.1
RF_data/event_data/CC11/201904230537_CC11.Z
RF_data/event_data/CC11/201904231420_CC11.2
RF_data/event_data/CC11/201904231420_CC11.1
RF_data/event_data/CC11/201904231420_CC11.Z
RF_data/event_data/CC11/201904291419_CC11.2
RF_data/event_data/CC11/201904291419_CC11.1
RF_data/event_data/CC11/201904291419_CC11.Z
RF_data/event_data/CC11/201905030725_CC11.2
RF_data/event_data/CC11/201905030725_CC11.1
RF_data/event_data/CC11/201905030725_CC11.Z
RF_data/event_data/CC11/201905062119_CC11.2
RF_data/event_data/CC11/201905062119_CC11.1
RF_data/event_data/CC11/201905062119_CC11.Z
reject event 153 for time discontinuity between 2 day records
RF_data/event_data/CC11/201905121924_CC11.2
RF_data/event_data/CC11/201905121924_CC11.1
RF_data/event_data/CC11/201905121924_CC11.Z
RF_data/event_data/CC11/201905141258_CC11.2
RF_data/event_data/CC11/201905141258_CC11.1
RF_data/event_data/CC11/201905141258_CC11.Z
137 events found in CC11
