RF_data/event_data/CC02/201805020632_CC02.2
RF_data/event_data/CC02/201805020632_CC02.1
RF_data/event_data/CC02/201805020632_CC02.Z
RF_data/event_data/CC02/201805042232_CC02.2
RF_data/event_data/CC02/201805042232_CC02.1
RF_data/event_data/CC02/201805042232_CC02.Z
RF_data/event_data/CC02/201805050619_CC02.2
RF_data/event_data/CC02/201805050619_CC02.1
RF_data/event_data/CC02/201805050619_CC02.Z
RF_data/event_data/CC02/201805090757_CC02.2
RF_data/event_data/CC02/201805090757_CC02.1
RF_data/event_data/CC02/201805090757_CC02.Z
RF_data/event_data/CC02/201805091041_CC02.2
RF_data/event_data/CC02/201805091041_CC02.1
RF_data/event_data/CC02/201805091041_CC02.Z
RF_data/event_data/CC02/201805180145_CC02.2
RF_data/event_data/CC02/201805180145_CC02.1
RF_data/event_data/CC02/201805180145_CC02.Z
reject event 13 for CC02(event in cuming_hour)
reject event 14 for CC02(event in cuming_hour)
RF_data/event_data/CC02/201807072133_CC02.2
RF_data/event_data/CC02/201807072133_CC02.1
RF_data/event_data/CC02/201807072133_CC02.Z
reject event 16 for CC02(event in cuming_hour)
RF_data/event_data/CC02/201807150157_CC02.2
RF_data/event_data/CC02/201807150157_CC02.1
RF_data/event_data/CC02/201807150157_CC02.Z
RF_data/event_data/CC02/201807151309_CC02.2
RF_data/event_data/CC02/201807151309_CC02.1
RF_data/event_data/CC02/201807151309_CC02.Z
reject event 19 for CC02(event in cuming_hour)
reject event 20 for CC02(event in cuming_hour)
RF_data/event_data/CC02/201807231035_CC02.2
RF_data/event_data/CC02/201807231035_CC02.1
RF_data/event_data/CC02/201807231035_CC02.Z
RF_data/event_data/CC02/201807281707_CC02.2
RF_data/event_data/CC02/201807281707_CC02.1
RF_data/event_data/CC02/201807281707_CC02.Z
RF_data/event_data/CC02/201807282247_CC02.2
RF_data/event_data/CC02/201807282247_CC02.1
RF_data/event_data/CC02/201807282247_CC02.Z
RF_data/event_data/CC02/201808051146_CC02.2
RF_data/event_data/CC02/201808051146_CC02.1
RF_data/event_data/CC02/201808051146_CC02.Z
reject event 25 for CC02(event in cuming_hour)
RF_data/event_data/CC02/201808121458_CC02.2
RF_data/event_data/CC02/201808121458_CC02.1
RF_data/event_data/CC02/201808121458_CC02.Z
RF_data/event_data/CC02/201808122115_CC02.2
RF_data/event_data/CC02/201808122115_CC02.1
RF_data/event_data/CC02/201808122115_CC02.Z
RF_data/event_data/CC02/201808140329_CC02.2
RF_data/event_data/CC02/201808140329_CC02.1
RF_data/event_data/CC02/201808140329_CC02.Z
RF_data/event_data/CC02/201808152156_CC02.2
RF_data/event_data/CC02/201808152156_CC02.1
RF_data/event_data/CC02/201808152156_CC02.Z
reject event 30 for CC02(event in cuming_hour)
reject event 31 for CC02(event in cuming_hour)
reject event 32 for time discontinuity between 2 day records
RF_data/event_data/CC02/201808190019_CC02.2
RF_data/event_data/CC02/201808190019_CC02.1
RF_data/event_data/CC02/201808190019_CC02.Z
RF_data/event_data/CC02/201808190023_CC02.2
RF_data/event_data/CC02/201808190023_CC02.1
RF_data/event_data/CC02/201808190023_CC02.Z
RF_data/event_data/CC02/201808190410_CC02.2
RF_data/event_data/CC02/201808190410_CC02.1
RF_data/event_data/CC02/201808190410_CC02.Z
RF_data/event_data/CC02/201808190428_CC02.2
RF_data/event_data/CC02/201808190428_CC02.1
RF_data/event_data/CC02/201808190428_CC02.Z
RF_data/event_data/CC02/201808191456_CC02.2
RF_data/event_data/CC02/201808191456_CC02.1
RF_data/event_data/CC02/201808191456_CC02.Z
reject event 38 for CC02(event in cuming_hour)
reject event 39 for CC02(event in cuming_hour)
reject event 40 for CC02(event in cuming_hour)
reject event 41 for CC02(event in cuming_hour)
reject event 42 for CC02(event in cuming_hour)
reject event 43 for CC02(event in cuming_hour)
RF_data/event_data/CC02/201808252213_CC02.2
RF_data/event_data/CC02/201808252213_CC02.1
RF_data/event_data/CC02/201808252213_CC02.Z
reject event 45 for CC02(event in cuming_hour)
reject event 46 for CC02(event in cuming_hour)
reject event 47 for CC02(event in cuming_hour)
reject event 48 for CC02(event in cuming_hour)
reject event 49 for CC02(event in cuming_hour)
reject event 50 for CC02(event in cuming_hour)
reject event 51 for CC02(event in cuming_hour)
reject event 52 for CC02(event in cuming_hour)
reject event 53 for CC02(event in cuming_hour)
reject event 54 for CC02(event in cuming_hour)
reject event 55 for CC02(event in cuming_hour)
reject event 56 for CC02(event in cuming_hour)
RF_data/event_data/CC02/201809280659_CC02.2
RF_data/event_data/CC02/201809280659_CC02.1
RF_data/event_data/CC02/201809280659_CC02.Z
RF_data/event_data/CC02/201809281002_CC02.2
RF_data/event_data/CC02/201809281002_CC02.1
RF_data/event_data/CC02/201809281002_CC02.Z
RF_data/event_data/CC02/201809301052_CC02.2
RF_data/event_data/CC02/201809301052_CC02.1
RF_data/event_data/CC02/201809301052_CC02.Z
reject event 60 for time discontinuity between 2 day records
RF_data/event_data/CC02/201810090745_CC02.2
RF_data/event_data/CC02/201810090745_CC02.1
RF_data/event_data/CC02/201810090745_CC02.Z
RF_data/event_data/CC02/201810101844_CC02.2
RF_data/event_data/CC02/201810101844_CC02.1
RF_data/event_data/CC02/201810101844_CC02.Z
RF_data/event_data/CC02/201810102045_CC02.2
RF_data/event_data/CC02/201810102045_CC02.1
RF_data/event_data/CC02/201810102045_CC02.Z
RF_data/event_data/CC02/201810102048_CC02.2
RF_data/event_data/CC02/201810102048_CC02.1
RF_data/event_data/CC02/201810102048_CC02.Z
RF_data/event_data/CC02/201810102200_CC02.2
RF_data/event_data/CC02/201810102200_CC02.1
RF_data/event_data/CC02/201810102200_CC02.Z
reject event 66 for time discontinuity between 2 day records
RF_data/event_data/CC02/201810131110_CC02.2
RF_data/event_data/CC02/201810131110_CC02.1
RF_data/event_data/CC02/201810131110_CC02.Z
RF_data/event_data/CC02/201810160028_CC02.2
RF_data/event_data/CC02/201810160028_CC02.1
RF_data/event_data/CC02/201810160028_CC02.Z
RF_data/event_data/CC02/201810160103_CC02.2
RF_data/event_data/CC02/201810160103_CC02.1
RF_data/event_data/CC02/201810160103_CC02.Z
RF_data/event_data/CC02/201810220539_CC02.2
RF_data/event_data/CC02/201810220539_CC02.1
RF_data/event_data/CC02/201810220539_CC02.Z
RF_data/event_data/CC02/201810220616_CC02.2
RF_data/event_data/CC02/201810220616_CC02.1
RF_data/event_data/CC02/201810220616_CC02.Z
RF_data/event_data/CC02/201810220622_CC02.2
RF_data/event_data/CC02/201810220622_CC02.1
RF_data/event_data/CC02/201810220622_CC02.Z
RF_data/event_data/CC02/201810252254_CC02.2
RF_data/event_data/CC02/201810252254_CC02.1
RF_data/event_data/CC02/201810252254_CC02.Z
RF_data/event_data/CC02/201810282223_CC02.2
RF_data/event_data/CC02/201810282223_CC02.1
RF_data/event_data/CC02/201810282223_CC02.Z
RF_data/event_data/CC02/201810290654_CC02.2
RF_data/event_data/CC02/201810290654_CC02.1
RF_data/event_data/CC02/201810290654_CC02.Z
RF_data/event_data/CC02/201810300213_CC02.2
RF_data/event_data/CC02/201810300213_CC02.1
RF_data/event_data/CC02/201810300213_CC02.Z
RF_data/event_data/CC02/201811012219_CC02.2
RF_data/event_data/CC02/201811012219_CC02.1
RF_data/event_data/CC02/201811012219_CC02.Z
RF_data/event_data/CC02/201811021101_CC02.2
RF_data/event_data/CC02/201811021101_CC02.1
RF_data/event_data/CC02/201811021101_CC02.Z
RF_data/event_data/CC02/201811040755_CC02.2
RF_data/event_data/CC02/201811040755_CC02.1
RF_data/event_data/CC02/201811040755_CC02.Z
RF_data/event_data/CC02/201811090149_CC02.2
RF_data/event_data/CC02/201811090149_CC02.1
RF_data/event_data/CC02/201811090149_CC02.Z
RF_data/event_data/CC02/201811100833_CC02.2
RF_data/event_data/CC02/201811100833_CC02.1
RF_data/event_data/CC02/201811100833_CC02.Z
RF_data/event_data/CC02/201811111403_CC02.2
RF_data/event_data/CC02/201811111403_CC02.1
RF_data/event_data/CC02/201811111403_CC02.Z
RF_data/event_data/CC02/201811142121_CC02.2
RF_data/event_data/CC02/201811142121_CC02.1
RF_data/event_data/CC02/201811142121_CC02.Z
RF_data/event_data/CC02/201811152002_CC02.2
RF_data/event_data/CC02/201811152002_CC02.1
RF_data/event_data/CC02/201811152002_CC02.Z
reject event 85 for time discontinuity between 2 day records
RF_data/event_data/CC02/201811160326_CC02.2
RF_data/event_data/CC02/201811160326_CC02.1
RF_data/event_data/CC02/201811160326_CC02.Z
RF_data/event_data/CC02/201811182025_CC02.2
RF_data/event_data/CC02/201811182025_CC02.1
RF_data/event_data/CC02/201811182025_CC02.Z
RF_data/event_data/CC02/201811250340_CC02.2
RF_data/event_data/CC02/201811250340_CC02.1
RF_data/event_data/CC02/201811250340_CC02.Z
RF_data/event_data/CC02/201811251637_CC02.2
RF_data/event_data/CC02/201811251637_CC02.1
RF_data/event_data/CC02/201811251637_CC02.Z
RF_data/event_data/CC02/201811301729_CC02.2
RF_data/event_data/CC02/201811301729_CC02.1
RF_data/event_data/CC02/201811301729_CC02.Z
RF_data/event_data/CC02/201812011327_CC02.2
RF_data/event_data/CC02/201812011327_CC02.1
RF_data/event_data/CC02/201812011327_CC02.Z
RF_data/event_data/CC02/201812050414_CC02.2
RF_data/event_data/CC02/201812050414_CC02.1
RF_data/event_data/CC02/201812050414_CC02.Z
RF_data/event_data/CC02/201812050418_CC02.2
RF_data/event_data/CC02/201812050418_CC02.1
RF_data/event_data/CC02/201812050418_CC02.Z
RF_data/event_data/CC02/201812050643_CC02.2
RF_data/event_data/CC02/201812050643_CC02.1
RF_data/event_data/CC02/201812050643_CC02.Z
RF_data/event_data/CC02/201812110226_CC02.2
RF_data/event_data/CC02/201812110226_CC02.1
RF_data/event_data/CC02/201812110226_CC02.Z
RF_data/event_data/CC02/201812121313_CC02.2
RF_data/event_data/CC02/201812121313_CC02.1
RF_data/event_data/CC02/201812121313_CC02.Z
RF_data/event_data/CC02/201812160942_CC02.2
RF_data/event_data/CC02/201812160942_CC02.1
RF_data/event_data/CC02/201812160942_CC02.Z
RF_data/event_data/CC02/201812190137_CC02.2
RF_data/event_data/CC02/201812190137_CC02.1
RF_data/event_data/CC02/201812190137_CC02.Z
RF_data/event_data/CC02/201812201701_CC02.2
RF_data/event_data/CC02/201812201701_CC02.1
RF_data/event_data/CC02/201812201701_CC02.Z
RF_data/event_data/CC02/201812221425_CC02.2
RF_data/event_data/CC02/201812221425_CC02.1
RF_data/event_data/CC02/201812221425_CC02.Z
reject event 101 for time discontinuity between 2 day records
RF_data/event_data/CC02/201812241241_CC02.2
RF_data/event_data/CC02/201812241241_CC02.1
RF_data/event_data/CC02/201812241241_CC02.Z
RF_data/event_data/CC02/201812290339_CC02.2
RF_data/event_data/CC02/201812290339_CC02.1
RF_data/event_data/CC02/201812290339_CC02.Z
RF_data/event_data/CC02/201812310235_CC02.2
RF_data/event_data/CC02/201812310235_CC02.1
RF_data/event_data/CC02/201812310235_CC02.Z
RF_data/event_data/CC02/201901051925_CC02.2
RF_data/event_data/CC02/201901051925_CC02.1
RF_data/event_data/CC02/201901051925_CC02.Z
RF_data/event_data/CC02/201901061727_CC02.2
RF_data/event_data/CC02/201901061727_CC02.1
RF_data/event_data/CC02/201901061727_CC02.Z
RF_data/event_data/CC02/201901081239_CC02.2
RF_data/event_data/CC02/201901081239_CC02.1
RF_data/event_data/CC02/201901081239_CC02.Z
RF_data/event_data/CC02/201901151806_CC02.2
RF_data/event_data/CC02/201901151806_CC02.1
RF_data/event_data/CC02/201901151806_CC02.Z
RF_data/event_data/CC02/201901171506_CC02.2
RF_data/event_data/CC02/201901171506_CC02.1
RF_data/event_data/CC02/201901171506_CC02.Z
RF_data/event_data/CC02/201901181318_CC02.2
RF_data/event_data/CC02/201901181318_CC02.1
RF_data/event_data/CC02/201901181318_CC02.Z
RF_data/event_data/CC02/201901200132_CC02.2
RF_data/event_data/CC02/201901200132_CC02.1
RF_data/event_data/CC02/201901200132_CC02.Z
reject event 112 for time discontinuity between 2 day records
RF_data/event_data/CC02/201901220510_CC02.2
RF_data/event_data/CC02/201901220510_CC02.1
RF_data/event_data/CC02/201901220510_CC02.Z
RF_data/event_data/CC02/201901221901_CC02.2
RF_data/event_data/CC02/201901221901_CC02.1
RF_data/event_data/CC02/201901221901_CC02.Z
RF_data/event_data/CC02/201901260351_CC02.2
RF_data/event_data/CC02/201901260351_CC02.1
RF_data/event_data/CC02/201901260351_CC02.Z
RF_data/event_data/CC02/201901261956_CC02.2
RF_data/event_data/CC02/201901261956_CC02.1
RF_data/event_data/CC02/201901261956_CC02.Z
RF_data/event_data/CC02/201902011614_CC02.2
RF_data/event_data/CC02/201902011614_CC02.1
RF_data/event_data/CC02/201902011614_CC02.Z
RF_data/event_data/CC02/201902020927_CC02.2
RF_data/event_data/CC02/201902020927_CC02.1
RF_data/event_data/CC02/201902020927_CC02.Z
RF_data/event_data/CC02/201902121234_CC02.2
RF_data/event_data/CC02/201902121234_CC02.1
RF_data/event_data/CC02/201902121234_CC02.Z
RF_data/event_data/CC02/201902141957_CC02.2
RF_data/event_data/CC02/201902141957_CC02.1
RF_data/event_data/CC02/201902141957_CC02.Z
RF_data/event_data/CC02/201902171435_CC02.2
RF_data/event_data/CC02/201902171435_CC02.1
RF_data/event_data/CC02/201902171435_CC02.Z
RF_data/event_data/CC02/201902221017_CC02.2
RF_data/event_data/CC02/201902221017_CC02.1
RF_data/event_data/CC02/201902221017_CC02.Z
RF_data/event_data/CC02/201903010850_CC02.2
RF_data/event_data/CC02/201903010850_CC02.1
RF_data/event_data/CC02/201903010850_CC02.Z
RF_data/event_data/CC02/201903061546_CC02.2
RF_data/event_data/CC02/201903061546_CC02.1
RF_data/event_data/CC02/201903061546_CC02.Z
RF_data/event_data/CC02/201903081506_CC02.2
RF_data/event_data/CC02/201903081506_CC02.1
RF_data/event_data/CC02/201903081506_CC02.Z
RF_data/event_data/CC02/201903100812_CC02.2
RF_data/event_data/CC02/201903100812_CC02.1
RF_data/event_data/CC02/201903100812_CC02.Z
RF_data/event_data/CC02/201903101248_CC02.2
RF_data/event_data/CC02/201903101248_CC02.1
RF_data/event_data/CC02/201903101248_CC02.Z
RF_data/event_data/CC02/201903150503_CC02.2
RF_data/event_data/CC02/201903150503_CC02.1
RF_data/event_data/CC02/201903150503_CC02.Z
RF_data/event_data/CC02/201903201523_CC02.2
RF_data/event_data/CC02/201903201523_CC02.1
RF_data/event_data/CC02/201903201523_CC02.Z
RF_data/event_data/CC02/201903231921_CC02.2
RF_data/event_data/CC02/201903231921_CC02.1
RF_data/event_data/CC02/201903231921_CC02.Z
RF_data/event_data/CC02/201903240437_CC02.2
RF_data/event_data/CC02/201903240437_CC02.1
RF_data/event_data/CC02/201903240437_CC02.Z
RF_data/event_data/CC02/201903282206_CC02.2
RF_data/event_data/CC02/201903282206_CC02.1
RF_data/event_data/CC02/201903282206_CC02.Z
RF_data/event_data/CC02/201903301120_CC02.2
RF_data/event_data/CC02/201903301120_CC02.1
RF_data/event_data/CC02/201903301120_CC02.Z
RF_data/event_data/CC02/201903310704_CC02.2
RF_data/event_data/CC02/201903310704_CC02.1
RF_data/event_data/CC02/201903310704_CC02.Z
RF_data/event_data/CC02/201904011839_CC02.2
RF_data/event_data/CC02/201904011839_CC02.1
RF_data/event_data/CC02/201904011839_CC02.Z
RF_data/event_data/CC02/201904022135_CC02.2
RF_data/event_data/CC02/201904022135_CC02.1
RF_data/event_data/CC02/201904022135_CC02.Z
RF_data/event_data/CC02/201904051614_CC02.2
RF_data/event_data/CC02/201904051614_CC02.1
RF_data/event_data/CC02/201904051614_CC02.Z
RF_data/event_data/CC02/201904062155_CC02.2
RF_data/event_data/CC02/201904062155_CC02.1
RF_data/event_data/CC02/201904062155_CC02.Z
RF_data/event_data/CC02/201904091753_CC02.2
RF_data/event_data/CC02/201904091753_CC02.1
RF_data/event_data/CC02/201904091753_CC02.Z
RF_data/event_data/CC02/201904110818_CC02.2
RF_data/event_data/CC02/201904110818_CC02.1
RF_data/event_data/CC02/201904110818_CC02.Z
RF_data/event_data/CC02/201904121140_CC02.2
RF_data/event_data/CC02/201904121140_CC02.1
RF_data/event_data/CC02/201904121140_CC02.Z
RF_data/event_data/CC02/201904121223_CC02.2
RF_data/event_data/CC02/201904121223_CC02.1
RF_data/event_data/CC02/201904121223_CC02.Z
RF_data/event_data/CC02/201904121451_CC02.2
RF_data/event_data/CC02/201904121451_CC02.1
RF_data/event_data/CC02/201904121451_CC02.Z
RF_data/event_data/CC02/201904180501_CC02.2
RF_data/event_data/CC02/201904180501_CC02.1
RF_data/event_data/CC02/201904180501_CC02.Z
RF_data/event_data/CC02/201904181446_CC02.2
RF_data/event_data/CC02/201904181446_CC02.1
RF_data/event_data/CC02/201904181446_CC02.Z
RF_data/event_data/CC02/201904220911_CC02.2
RF_data/event_data/CC02/201904220911_CC02.1
RF_data/event_data/CC02/201904220911_CC02.Z
RF_data/event_data/CC02/201904221449_CC02.2
RF_data/event_data/CC02/201904221449_CC02.1
RF_data/event_data/CC02/201904221449_CC02.Z
RF_data/event_data/CC02/201904230537_CC02.2
RF_data/event_data/CC02/201904230537_CC02.1
RF_data/event_data/CC02/201904230537_CC02.Z
RF_data/event_data/CC02/201904231420_CC02.2
RF_data/event_data/CC02/201904231420_CC02.1
RF_data/event_data/CC02/201904231420_CC02.Z
RF_data/event_data/CC02/201904291419_CC02.2
RF_data/event_data/CC02/201904291419_CC02.1
RF_data/event_data/CC02/201904291419_CC02.Z
RF_data/event_data/CC02/201905030725_CC02.2
RF_data/event_data/CC02/201905030725_CC02.1
RF_data/event_data/CC02/201905030725_CC02.Z
RF_data/event_data/CC02/201905062119_CC02.2
RF_data/event_data/CC02/201905062119_CC02.1
RF_data/event_data/CC02/201905062119_CC02.Z
reject event 153 for time discontinuity between 2 day records
RF_data/event_data/CC02/201905121924_CC02.2
RF_data/event_data/CC02/201905121924_CC02.1
RF_data/event_data/CC02/201905121924_CC02.Z
RF_data/event_data/CC02/201905141258_CC02.2
RF_data/event_data/CC02/201905141258_CC02.1
RF_data/event_data/CC02/201905141258_CC02.Z
RF_data/event_data/CC02/201905190123_CC02.2
RF_data/event_data/CC02/201905190123_CC02.1
RF_data/event_data/CC02/201905190123_CC02.Z
RF_data/event_data/CC02/201905191427_CC02.2
RF_data/event_data/CC02/201905191427_CC02.1
RF_data/event_data/CC02/201905191427_CC02.Z
RF_data/event_data/CC02/201905191456_CC02.2
RF_data/event_data/CC02/201905191456_CC02.1
RF_data/event_data/CC02/201905191456_CC02.Z
reject event 159 for CC02(event in cuming_hour)
119 events found in CC02
