RF_data/event_data/CC07/201805020632_CC07.2
RF_data/event_data/CC07/201805020632_CC07.1
RF_data/event_data/CC07/201805020632_CC07.Z
RF_data/event_data/CC07/201805042232_CC07.2
RF_data/event_data/CC07/201805042232_CC07.1
RF_data/event_data/CC07/201805042232_CC07.Z
RF_data/event_data/CC07/201805050619_CC07.2
RF_data/event_data/CC07/201805050619_CC07.1
RF_data/event_data/CC07/201805050619_CC07.Z
RF_data/event_data/CC07/201805090757_CC07.2
RF_data/event_data/CC07/201805090757_CC07.1
RF_data/event_data/CC07/201805090757_CC07.Z
RF_data/event_data/CC07/201805091041_CC07.2
RF_data/event_data/CC07/201805091041_CC07.1
RF_data/event_data/CC07/201805091041_CC07.Z
RF_data/event_data/CC07/201805180145_CC07.2
RF_data/event_data/CC07/201805180145_CC07.1
RF_data/event_data/CC07/201805180145_CC07.Z
RF_data/event_data/CC07/201806212113_CC07.2
RF_data/event_data/CC07/201806212113_CC07.1
RF_data/event_data/CC07/201806212113_CC07.Z
RF_data/event_data/CC07/201807060140_CC07.2
RF_data/event_data/CC07/201807060140_CC07.1
RF_data/event_data/CC07/201807060140_CC07.Z
RF_data/event_data/CC07/201807072133_CC07.2
RF_data/event_data/CC07/201807072133_CC07.1
RF_data/event_data/CC07/201807072133_CC07.Z
RF_data/event_data/CC07/201807130946_CC07.2
RF_data/event_data/CC07/201807130946_CC07.1
RF_data/event_data/CC07/201807130946_CC07.Z
RF_data/event_data/CC07/201807150157_CC07.2
RF_data/event_data/CC07/201807150157_CC07.1
RF_data/event_data/CC07/201807150157_CC07.Z
RF_data/event_data/CC07/201807151309_CC07.2
RF_data/event_data/CC07/201807151309_CC07.1
RF_data/event_data/CC07/201807151309_CC07.Z
RF_data/event_data/CC07/201807170702_CC07.2
RF_data/event_data/CC07/201807170702_CC07.1
RF_data/event_data/CC07/201807170702_CC07.Z
RF_data/event_data/CC07/201807191830_CC07.2
RF_data/event_data/CC07/201807191830_CC07.1
RF_data/event_data/CC07/201807191830_CC07.Z
RF_data/event_data/CC07/201807231035_CC07.2
RF_data/event_data/CC07/201807231035_CC07.1
RF_data/event_data/CC07/201807231035_CC07.Z
RF_data/event_data/CC07/201807281707_CC07.2
RF_data/event_data/CC07/201807281707_CC07.1
RF_data/event_data/CC07/201807281707_CC07.Z
RF_data/event_data/CC07/201807282247_CC07.2
RF_data/event_data/CC07/201807282247_CC07.1
RF_data/event_data/CC07/201807282247_CC07.Z
RF_data/event_data/CC07/201808051146_CC07.2
RF_data/event_data/CC07/201808051146_CC07.1
RF_data/event_data/CC07/201808051146_CC07.Z
RF_data/event_data/CC07/201808101812_CC07.2
RF_data/event_data/CC07/201808101812_CC07.1
RF_data/event_data/CC07/201808101812_CC07.Z
RF_data/event_data/CC07/201808121458_CC07.2
RF_data/event_data/CC07/201808121458_CC07.1
RF_data/event_data/CC07/201808121458_CC07.Z
RF_data/event_data/CC07/201808122115_CC07.2
RF_data/event_data/CC07/201808122115_CC07.1
RF_data/event_data/CC07/201808122115_CC07.Z
RF_data/event_data/CC07/201808140329_CC07.2
RF_data/event_data/CC07/201808140329_CC07.1
RF_data/event_data/CC07/201808140329_CC07.Z
RF_data/event_data/CC07/201808152156_CC07.2
RF_data/event_data/CC07/201808152156_CC07.1
RF_data/event_data/CC07/201808152156_CC07.Z
RF_data/event_data/CC07/201808161822_CC07.2
RF_data/event_data/CC07/201808161822_CC07.1
RF_data/event_data/CC07/201808161822_CC07.Z
RF_data/event_data/CC07/201808171535_CC07.2
RF_data/event_data/CC07/201808171535_CC07.1
RF_data/event_data/CC07/201808171535_CC07.Z
reject event 32 for time discontinuity between 2 day records
can't preprocess /home/lun/scratch-lun/OBSdata/yORCA_data/Mseed/CC07/CC07.CH0.2018.231*.msd
can't preprocess /home/lun/scratch-lun/OBSdata/yORCA_data/Mseed/CC07/CC07.CH0.2018.231*.msd
RF_data/event_data/CC07/201808190410_CC07.2
RF_data/event_data/CC07/201808190410_CC07.1
RF_data/event_data/CC07/201808190410_CC07.Z
RF_data/event_data/CC07/201808190428_CC07.2
RF_data/event_data/CC07/201808190428_CC07.1
RF_data/event_data/CC07/201808190428_CC07.Z
RF_data/event_data/CC07/201808191456_CC07.2
RF_data/event_data/CC07/201808191456_CC07.1
RF_data/event_data/CC07/201808191456_CC07.Z
RF_data/event_data/CC07/201808212131_CC07.2
RF_data/event_data/CC07/201808212131_CC07.1
RF_data/event_data/CC07/201808212131_CC07.Z
RF_data/event_data/CC07/201808212232_CC07.2
RF_data/event_data/CC07/201808212232_CC07.1
RF_data/event_data/CC07/201808212232_CC07.Z
RF_data/event_data/CC07/201808220931_CC07.2
RF_data/event_data/CC07/201808220931_CC07.1
RF_data/event_data/CC07/201808220931_CC07.Z
RF_data/event_data/CC07/201808230335_CC07.2
RF_data/event_data/CC07/201808230335_CC07.1
RF_data/event_data/CC07/201808230335_CC07.Z
RF_data/event_data/CC07/201808240904_CC07.2
RF_data/event_data/CC07/201808240904_CC07.1
RF_data/event_data/CC07/201808240904_CC07.Z
RF_data/event_data/CC07/201808251650_CC07.2
RF_data/event_data/CC07/201808251650_CC07.1
RF_data/event_data/CC07/201808251650_CC07.Z
RF_data/event_data/CC07/201808252213_CC07.2
RF_data/event_data/CC07/201808252213_CC07.1
RF_data/event_data/CC07/201808252213_CC07.Z
RF_data/event_data/CC07/201808280708_CC07.2
RF_data/event_data/CC07/201808280708_CC07.1
RF_data/event_data/CC07/201808280708_CC07.Z
RF_data/event_data/CC07/201808282235_CC07.2
RF_data/event_data/CC07/201808282235_CC07.1
RF_data/event_data/CC07/201808282235_CC07.Z
RF_data/event_data/CC07/201808290351_CC07.2
RF_data/event_data/CC07/201808290351_CC07.1
RF_data/event_data/CC07/201808290351_CC07.Z
RF_data/event_data/CC07/201809051807_CC07.2
RF_data/event_data/CC07/201809051807_CC07.1
RF_data/event_data/CC07/201809051807_CC07.Z
RF_data/event_data/CC07/201809061549_CC07.2
RF_data/event_data/CC07/201809061549_CC07.1
RF_data/event_data/CC07/201809061549_CC07.Z
RF_data/event_data/CC07/201809070212_CC07.2
RF_data/event_data/CC07/201809070212_CC07.1
RF_data/event_data/CC07/201809070212_CC07.Z
RF_data/event_data/CC07/201809080716_CC07.2
RF_data/event_data/CC07/201809080716_CC07.1
RF_data/event_data/CC07/201809080716_CC07.Z
RF_data/event_data/CC07/201809091931_CC07.2
RF_data/event_data/CC07/201809091931_CC07.1
RF_data/event_data/CC07/201809091931_CC07.Z
reject event 53 for CC07(event in cuming_hour)
RF_data/event_data/CC07/201809101931_CC07.2
RF_data/event_data/CC07/201809101931_CC07.1
RF_data/event_data/CC07/201809101931_CC07.Z
RF_data/event_data/CC07/201809162111_CC07.2
RF_data/event_data/CC07/201809162111_CC07.1
RF_data/event_data/CC07/201809162111_CC07.Z
RF_data/event_data/CC07/201809180727_CC07.2
RF_data/event_data/CC07/201809180727_CC07.1
RF_data/event_data/CC07/201809180727_CC07.Z
RF_data/event_data/CC07/201809280659_CC07.2
RF_data/event_data/CC07/201809280659_CC07.1
RF_data/event_data/CC07/201809280659_CC07.Z
RF_data/event_data/CC07/201809281002_CC07.2
RF_data/event_data/CC07/201809281002_CC07.1
RF_data/event_data/CC07/201809281002_CC07.Z
RF_data/event_data/CC07/201809301052_CC07.2
RF_data/event_data/CC07/201809301052_CC07.1
RF_data/event_data/CC07/201809301052_CC07.Z
reject event 60 for time discontinuity between 2 day records
RF_data/event_data/CC07/201810090745_CC07.2
RF_data/event_data/CC07/201810090745_CC07.1
RF_data/event_data/CC07/201810090745_CC07.Z
RF_data/event_data/CC07/201810101844_CC07.2
RF_data/event_data/CC07/201810101844_CC07.1
RF_data/event_data/CC07/201810101844_CC07.Z
RF_data/event_data/CC07/201810102045_CC07.2
RF_data/event_data/CC07/201810102045_CC07.1
RF_data/event_data/CC07/201810102045_CC07.Z
RF_data/event_data/CC07/201810102048_CC07.2
RF_data/event_data/CC07/201810102048_CC07.1
RF_data/event_data/CC07/201810102048_CC07.Z
RF_data/event_data/CC07/201810102200_CC07.2
RF_data/event_data/CC07/201810102200_CC07.1
RF_data/event_data/CC07/201810102200_CC07.Z
reject event 66 for time discontinuity between 2 day records
RF_data/event_data/CC07/201810131110_CC07.2
RF_data/event_data/CC07/201810131110_CC07.1
RF_data/event_data/CC07/201810131110_CC07.Z
can't preprocess /home/lun/scratch-lun/OBSdata/yORCA_data/Mseed/CC07/CC07.CH0.2018.289*.msd
RF_data/event_data/CC07/201810160103_CC07.2
RF_data/event_data/CC07/201810160103_CC07.1
RF_data/event_data/CC07/201810160103_CC07.Z
RF_data/event_data/CC07/201810220539_CC07.2
RF_data/event_data/CC07/201810220539_CC07.1
RF_data/event_data/CC07/201810220539_CC07.Z
RF_data/event_data/CC07/201810220616_CC07.2
RF_data/event_data/CC07/201810220616_CC07.1
RF_data/event_data/CC07/201810220616_CC07.Z
RF_data/event_data/CC07/201810220622_CC07.2
RF_data/event_data/CC07/201810220622_CC07.1
RF_data/event_data/CC07/201810220622_CC07.Z
RF_data/event_data/CC07/201810252254_CC07.2
RF_data/event_data/CC07/201810252254_CC07.1
RF_data/event_data/CC07/201810252254_CC07.Z
RF_data/event_data/CC07/201810282223_CC07.2
RF_data/event_data/CC07/201810282223_CC07.1
RF_data/event_data/CC07/201810282223_CC07.Z
RF_data/event_data/CC07/201810290654_CC07.2
RF_data/event_data/CC07/201810290654_CC07.1
RF_data/event_data/CC07/201810290654_CC07.Z
RF_data/event_data/CC07/201810300213_CC07.2
RF_data/event_data/CC07/201810300213_CC07.1
RF_data/event_data/CC07/201810300213_CC07.Z
RF_data/event_data/CC07/201811012219_CC07.2
RF_data/event_data/CC07/201811012219_CC07.1
RF_data/event_data/CC07/201811012219_CC07.Z
RF_data/event_data/CC07/201811021101_CC07.2
RF_data/event_data/CC07/201811021101_CC07.1
RF_data/event_data/CC07/201811021101_CC07.Z
reject event 79 for CC07(event in cuming_hour)
reject event 80 for CC07(event in cuming_hour)
reject event 81 for CC07(event in cuming_hour)
reject event 82 for CC07(event in cuming_hour)
reject event 83 for CC07(event in cuming_hour)
reject event 84 for CC07(event in cuming_hour)
reject event 85 for time discontinuity between 2 day records
reject event 86 for CC07(event in cuming_hour)
reject event 87 for CC07(event in cuming_hour)
RF_data/event_data/CC07/201811250340_CC07.2
RF_data/event_data/CC07/201811250340_CC07.1
RF_data/event_data/CC07/201811250340_CC07.Z
RF_data/event_data/CC07/201811251637_CC07.2
RF_data/event_data/CC07/201811251637_CC07.1
RF_data/event_data/CC07/201811251637_CC07.Z
RF_data/event_data/CC07/201811301729_CC07.2
RF_data/event_data/CC07/201811301729_CC07.1
RF_data/event_data/CC07/201811301729_CC07.Z
RF_data/event_data/CC07/201812011327_CC07.2
RF_data/event_data/CC07/201812011327_CC07.1
RF_data/event_data/CC07/201812011327_CC07.Z
RF_data/event_data/CC07/201812050414_CC07.2
RF_data/event_data/CC07/201812050414_CC07.1
RF_data/event_data/CC07/201812050414_CC07.Z
RF_data/event_data/CC07/201812050418_CC07.2
RF_data/event_data/CC07/201812050418_CC07.1
RF_data/event_data/CC07/201812050418_CC07.Z
RF_data/event_data/CC07/201812050643_CC07.2
RF_data/event_data/CC07/201812050643_CC07.1
RF_data/event_data/CC07/201812050643_CC07.Z
RF_data/event_data/CC07/201812110226_CC07.2
RF_data/event_data/CC07/201812110226_CC07.1
RF_data/event_data/CC07/201812110226_CC07.Z
RF_data/event_data/CC07/201812121313_CC07.2
RF_data/event_data/CC07/201812121313_CC07.1
RF_data/event_data/CC07/201812121313_CC07.Z
RF_data/event_data/CC07/201812160942_CC07.2
RF_data/event_data/CC07/201812160942_CC07.1
RF_data/event_data/CC07/201812160942_CC07.Z
RF_data/event_data/CC07/201812190137_CC07.2
RF_data/event_data/CC07/201812190137_CC07.1
RF_data/event_data/CC07/201812190137_CC07.Z
RF_data/event_data/CC07/201812201701_CC07.2
RF_data/event_data/CC07/201812201701_CC07.1
RF_data/event_data/CC07/201812201701_CC07.Z
RF_data/event_data/CC07/201812221425_CC07.2
RF_data/event_data/CC07/201812221425_CC07.1
RF_data/event_data/CC07/201812221425_CC07.Z
reject event 101 for time discontinuity between 2 day records
RF_data/event_data/CC07/201812241241_CC07.2
RF_data/event_data/CC07/201812241241_CC07.1
RF_data/event_data/CC07/201812241241_CC07.Z
RF_data/event_data/CC07/201812290339_CC07.2
RF_data/event_data/CC07/201812290339_CC07.1
RF_data/event_data/CC07/201812290339_CC07.Z
RF_data/event_data/CC07/201812310235_CC07.2
RF_data/event_data/CC07/201812310235_CC07.1
RF_data/event_data/CC07/201812310235_CC07.Z
RF_data/event_data/CC07/201901051925_CC07.2
RF_data/event_data/CC07/201901051925_CC07.1
RF_data/event_data/CC07/201901051925_CC07.Z
RF_data/event_data/CC07/201901061727_CC07.2
RF_data/event_data/CC07/201901061727_CC07.1
RF_data/event_data/CC07/201901061727_CC07.Z
RF_data/event_data/CC07/201901081239_CC07.2
RF_data/event_data/CC07/201901081239_CC07.1
RF_data/event_data/CC07/201901081239_CC07.Z
RF_data/event_data/CC07/201901151806_CC07.2
RF_data/event_data/CC07/201901151806_CC07.1
RF_data/event_data/CC07/201901151806_CC07.Z
RF_data/event_data/CC07/201901171506_CC07.2
RF_data/event_data/CC07/201901171506_CC07.1
RF_data/event_data/CC07/201901171506_CC07.Z
RF_data/event_data/CC07/201901181318_CC07.2
RF_data/event_data/CC07/201901181318_CC07.1
RF_data/event_data/CC07/201901181318_CC07.Z
RF_data/event_data/CC07/201901200132_CC07.2
RF_data/event_data/CC07/201901200132_CC07.1
RF_data/event_data/CC07/201901200132_CC07.Z
reject event 112 for time discontinuity between 2 day records
RF_data/event_data/CC07/201901220510_CC07.2
RF_data/event_data/CC07/201901220510_CC07.1
RF_data/event_data/CC07/201901220510_CC07.Z
RF_data/event_data/CC07/201901221901_CC07.2
RF_data/event_data/CC07/201901221901_CC07.1
RF_data/event_data/CC07/201901221901_CC07.Z
RF_data/event_data/CC07/201901260351_CC07.2
RF_data/event_data/CC07/201901260351_CC07.1
RF_data/event_data/CC07/201901260351_CC07.Z
RF_data/event_data/CC07/201901261956_CC07.2
RF_data/event_data/CC07/201901261956_CC07.1
RF_data/event_data/CC07/201901261956_CC07.Z
RF_data/event_data/CC07/201902011614_CC07.2
RF_data/event_data/CC07/201902011614_CC07.1
RF_data/event_data/CC07/201902011614_CC07.Z
RF_data/event_data/CC07/201902020927_CC07.2
RF_data/event_data/CC07/201902020927_CC07.1
RF_data/event_data/CC07/201902020927_CC07.Z
RF_data/event_data/CC07/201902121234_CC07.2
RF_data/event_data/CC07/201902121234_CC07.1
RF_data/event_data/CC07/201902121234_CC07.Z
RF_data/event_data/CC07/201902141957_CC07.2
RF_data/event_data/CC07/201902141957_CC07.1
RF_data/event_data/CC07/201902141957_CC07.Z
RF_data/event_data/CC07/201902171435_CC07.2
RF_data/event_data/CC07/201902171435_CC07.1
RF_data/event_data/CC07/201902171435_CC07.Z
RF_data/event_data/CC07/201902221017_CC07.2
RF_data/event_data/CC07/201902221017_CC07.1
RF_data/event_data/CC07/201902221017_CC07.Z
RF_data/event_data/CC07/201903010850_CC07.2
RF_data/event_data/CC07/201903010850_CC07.1
RF_data/event_data/CC07/201903010850_CC07.Z
RF_data/event_data/CC07/201903061546_CC07.2
RF_data/event_data/CC07/201903061546_CC07.1
RF_data/event_data/CC07/201903061546_CC07.Z
RF_data/event_data/CC07/201903081506_CC07.2
RF_data/event_data/CC07/201903081506_CC07.1
RF_data/event_data/CC07/201903081506_CC07.Z
RF_data/event_data/CC07/201903100812_CC07.2
RF_data/event_data/CC07/201903100812_CC07.1
RF_data/event_data/CC07/201903100812_CC07.Z
RF_data/event_data/CC07/201903101248_CC07.2
RF_data/event_data/CC07/201903101248_CC07.1
RF_data/event_data/CC07/201903101248_CC07.Z
RF_data/event_data/CC07/201903150503_CC07.2
RF_data/event_data/CC07/201903150503_CC07.1
RF_data/event_data/CC07/201903150503_CC07.Z
RF_data/event_data/CC07/201903201523_CC07.2
RF_data/event_data/CC07/201903201523_CC07.1
RF_data/event_data/CC07/201903201523_CC07.Z
RF_data/event_data/CC07/201903231921_CC07.2
RF_data/event_data/CC07/201903231921_CC07.1
RF_data/event_data/CC07/201903231921_CC07.Z
RF_data/event_data/CC07/201903240437_CC07.2
RF_data/event_data/CC07/201903240437_CC07.1
RF_data/event_data/CC07/201903240437_CC07.Z
RF_data/event_data/CC07/201903282206_CC07.2
RF_data/event_data/CC07/201903282206_CC07.1
RF_data/event_data/CC07/201903282206_CC07.Z
RF_data/event_data/CC07/201903301120_CC07.2
RF_data/event_data/CC07/201903301120_CC07.1
RF_data/event_data/CC07/201903301120_CC07.Z
reject event 134 for CC07(event in cuming_hour)
RF_data/event_data/CC07/201904011839_CC07.2
RF_data/event_data/CC07/201904011839_CC07.1
RF_data/event_data/CC07/201904011839_CC07.Z
RF_data/event_data/CC07/201904022135_CC07.2
RF_data/event_data/CC07/201904022135_CC07.1
RF_data/event_data/CC07/201904022135_CC07.Z
RF_data/event_data/CC07/201904051614_CC07.2
RF_data/event_data/CC07/201904051614_CC07.1
RF_data/event_data/CC07/201904051614_CC07.Z
RF_data/event_data/CC07/201904062155_CC07.2
RF_data/event_data/CC07/201904062155_CC07.1
RF_data/event_data/CC07/201904062155_CC07.Z
RF_data/event_data/CC07/201904091753_CC07.2
RF_data/event_data/CC07/201904091753_CC07.1
RF_data/event_data/CC07/201904091753_CC07.Z
RF_data/event_data/CC07/201904110818_CC07.2
RF_data/event_data/CC07/201904110818_CC07.1
RF_data/event_data/CC07/201904110818_CC07.Z
RF_data/event_data/CC07/201904121140_CC07.2
RF_data/event_data/CC07/201904121140_CC07.1
RF_data/event_data/CC07/201904121140_CC07.Z
RF_data/event_data/CC07/201904121223_CC07.2
RF_data/event_data/CC07/201904121223_CC07.1
RF_data/event_data/CC07/201904121223_CC07.Z
RF_data/event_data/CC07/201904121451_CC07.2
RF_data/event_data/CC07/201904121451_CC07.1
RF_data/event_data/CC07/201904121451_CC07.Z
RF_data/event_data/CC07/201904180501_CC07.2
RF_data/event_data/CC07/201904180501_CC07.1
RF_data/event_data/CC07/201904180501_CC07.Z
RF_data/event_data/CC07/201904181446_CC07.2
RF_data/event_data/CC07/201904181446_CC07.1
RF_data/event_data/CC07/201904181446_CC07.Z
RF_data/event_data/CC07/201904220911_CC07.2
RF_data/event_data/CC07/201904220911_CC07.1
RF_data/event_data/CC07/201904220911_CC07.Z
RF_data/event_data/CC07/201904221449_CC07.2
RF_data/event_data/CC07/201904221449_CC07.1
RF_data/event_data/CC07/201904221449_CC07.Z
RF_data/event_data/CC07/201904230537_CC07.2
RF_data/event_data/CC07/201904230537_CC07.1
RF_data/event_data/CC07/201904230537_CC07.Z
RF_data/event_data/CC07/201904231420_CC07.2
RF_data/event_data/CC07/201904231420_CC07.1
RF_data/event_data/CC07/201904231420_CC07.Z
RF_data/event_data/CC07/201904291419_CC07.2
RF_data/event_data/CC07/201904291419_CC07.1
RF_data/event_data/CC07/201904291419_CC07.Z
RF_data/event_data/CC07/201905030725_CC07.2
RF_data/event_data/CC07/201905030725_CC07.1
RF_data/event_data/CC07/201905030725_CC07.Z
RF_data/event_data/CC07/201905062119_CC07.2
RF_data/event_data/CC07/201905062119_CC07.1
RF_data/event_data/CC07/201905062119_CC07.Z
reject event 153 for time discontinuity between 2 day records
reject event 154 for CC07(event in cuming_hour)
RF_data/event_data/CC07/201905141258_CC07.2
RF_data/event_data/CC07/201905141258_CC07.1
RF_data/event_data/CC07/201905141258_CC07.Z
RF_data/event_data/CC07/201905190123_CC07.2
RF_data/event_data/CC07/201905190123_CC07.1
RF_data/event_data/CC07/201905190123_CC07.Z
RF_data/event_data/CC07/201905191427_CC07.2
RF_data/event_data/CC07/201905191427_CC07.1
RF_data/event_data/CC07/201905191427_CC07.Z
RF_data/event_data/CC07/201905191456_CC07.2
RF_data/event_data/CC07/201905191456_CC07.1
RF_data/event_data/CC07/201905191456_CC07.Z
131 events found in CC07
