RF_data/event_data/CC06/201805020632_CC06.2
RF_data/event_data/CC06/201805020632_CC06.1
RF_data/event_data/CC06/201805020632_CC06.Z
RF_data/event_data/CC06/201805042232_CC06.2
RF_data/event_data/CC06/201805042232_CC06.1
RF_data/event_data/CC06/201805042232_CC06.Z
RF_data/event_data/CC06/201805050619_CC06.2
RF_data/event_data/CC06/201805050619_CC06.1
RF_data/event_data/CC06/201805050619_CC06.Z
RF_data/event_data/CC06/201805090757_CC06.2
RF_data/event_data/CC06/201805090757_CC06.1
RF_data/event_data/CC06/201805090757_CC06.Z
RF_data/event_data/CC06/201805091041_CC06.2
RF_data/event_data/CC06/201805091041_CC06.1
RF_data/event_data/CC06/201805091041_CC06.Z
RF_data/event_data/CC06/201805180145_CC06.2
RF_data/event_data/CC06/201805180145_CC06.1
RF_data/event_data/CC06/201805180145_CC06.Z
RF_data/event_data/CC06/201806212113_CC06.2
RF_data/event_data/CC06/201806212113_CC06.1
RF_data/event_data/CC06/201806212113_CC06.Z
RF_data/event_data/CC06/201807060140_CC06.2
RF_data/event_data/CC06/201807060140_CC06.1
RF_data/event_data/CC06/201807060140_CC06.Z
RF_data/event_data/CC06/201807072133_CC06.2
RF_data/event_data/CC06/201807072133_CC06.1
RF_data/event_data/CC06/201807072133_CC06.Z
RF_data/event_data/CC06/201807130946_CC06.2
RF_data/event_data/CC06/201807130946_CC06.1
RF_data/event_data/CC06/201807130946_CC06.Z
RF_data/event_data/CC06/201807150157_CC06.2
RF_data/event_data/CC06/201807150157_CC06.1
RF_data/event_data/CC06/201807150157_CC06.Z
RF_data/event_data/CC06/201807151309_CC06.2
RF_data/event_data/CC06/201807151309_CC06.1
RF_data/event_data/CC06/201807151309_CC06.Z
RF_data/event_data/CC06/201807170702_CC06.2
RF_data/event_data/CC06/201807170702_CC06.1
RF_data/event_data/CC06/201807170702_CC06.Z
RF_data/event_data/CC06/201807191830_CC06.2
RF_data/event_data/CC06/201807191830_CC06.1
RF_data/event_data/CC06/201807191830_CC06.Z
RF_data/event_data/CC06/201807231035_CC06.2
RF_data/event_data/CC06/201807231035_CC06.1
RF_data/event_data/CC06/201807231035_CC06.Z
RF_data/event_data/CC06/201807281707_CC06.2
RF_data/event_data/CC06/201807281707_CC06.1
RF_data/event_data/CC06/201807281707_CC06.Z
RF_data/event_data/CC06/201807282247_CC06.2
RF_data/event_data/CC06/201807282247_CC06.1
RF_data/event_data/CC06/201807282247_CC06.Z
RF_data/event_data/CC06/201808051146_CC06.2
RF_data/event_data/CC06/201808051146_CC06.1
RF_data/event_data/CC06/201808051146_CC06.Z
RF_data/event_data/CC06/201808101812_CC06.2
RF_data/event_data/CC06/201808101812_CC06.1
RF_data/event_data/CC06/201808101812_CC06.Z
RF_data/event_data/CC06/201808121458_CC06.2
RF_data/event_data/CC06/201808121458_CC06.1
RF_data/event_data/CC06/201808121458_CC06.Z
RF_data/event_data/CC06/201808122115_CC06.2
RF_data/event_data/CC06/201808122115_CC06.1
RF_data/event_data/CC06/201808122115_CC06.Z
RF_data/event_data/CC06/201808140329_CC06.2
RF_data/event_data/CC06/201808140329_CC06.1
RF_data/event_data/CC06/201808140329_CC06.Z
RF_data/event_data/CC06/201808152156_CC06.2
RF_data/event_data/CC06/201808152156_CC06.1
RF_data/event_data/CC06/201808152156_CC06.Z
RF_data/event_data/CC06/201808161822_CC06.2
RF_data/event_data/CC06/201808161822_CC06.1
RF_data/event_data/CC06/201808161822_CC06.Z
RF_data/event_data/CC06/201808171535_CC06.2
RF_data/event_data/CC06/201808171535_CC06.1
RF_data/event_data/CC06/201808171535_CC06.Z
reject event 32 for time discontinuity between 2 day records
can't preprocess /home/lun/scratch-lun/OBSdata/yORCA_data/Mseed/CC06/CC06.CH0.2018.231*.msd
can't preprocess /home/lun/scratch-lun/OBSdata/yORCA_data/Mseed/CC06/CC06.CH0.2018.231*.msd
RF_data/event_data/CC06/201808190410_CC06.2
RF_data/event_data/CC06/201808190410_CC06.1
RF_data/event_data/CC06/201808190410_CC06.Z
RF_data/event_data/CC06/201808190428_CC06.2
RF_data/event_data/CC06/201808190428_CC06.1
RF_data/event_data/CC06/201808190428_CC06.Z
RF_data/event_data/CC06/201808191456_CC06.2
RF_data/event_data/CC06/201808191456_CC06.1
RF_data/event_data/CC06/201808191456_CC06.Z
RF_data/event_data/CC06/201808212131_CC06.2
RF_data/event_data/CC06/201808212131_CC06.1
RF_data/event_data/CC06/201808212131_CC06.Z
RF_data/event_data/CC06/201808212232_CC06.2
RF_data/event_data/CC06/201808212232_CC06.1
RF_data/event_data/CC06/201808212232_CC06.Z
RF_data/event_data/CC06/201808220931_CC06.2
RF_data/event_data/CC06/201808220931_CC06.1
RF_data/event_data/CC06/201808220931_CC06.Z
reject event 41 for CC06(event in cuming_hour)
RF_data/event_data/CC06/201808240904_CC06.2
RF_data/event_data/CC06/201808240904_CC06.1
RF_data/event_data/CC06/201808240904_CC06.Z
RF_data/event_data/CC06/201808251650_CC06.2
RF_data/event_data/CC06/201808251650_CC06.1
RF_data/event_data/CC06/201808251650_CC06.Z
RF_data/event_data/CC06/201808252213_CC06.2
RF_data/event_data/CC06/201808252213_CC06.1
RF_data/event_data/CC06/201808252213_CC06.Z
RF_data/event_data/CC06/201808280708_CC06.2
RF_data/event_data/CC06/201808280708_CC06.1
RF_data/event_data/CC06/201808280708_CC06.Z
RF_data/event_data/CC06/201808282235_CC06.2
RF_data/event_data/CC06/201808282235_CC06.1
RF_data/event_data/CC06/201808282235_CC06.Z
RF_data/event_data/CC06/201808290351_CC06.2
RF_data/event_data/CC06/201808290351_CC06.1
RF_data/event_data/CC06/201808290351_CC06.Z
reject event 48 for CC06(event in cuming_hour)
reject event 49 for CC06(event in cuming_hour)
RF_data/event_data/CC06/201809070212_CC06.2
RF_data/event_data/CC06/201809070212_CC06.1
RF_data/event_data/CC06/201809070212_CC06.Z
RF_data/event_data/CC06/201809080716_CC06.2
RF_data/event_data/CC06/201809080716_CC06.1
RF_data/event_data/CC06/201809080716_CC06.Z
reject event 52 for CC06(event in cuming_hour)
reject event 53 for CC06(event in cuming_hour)
reject event 54 for CC06(event in cuming_hour)
RF_data/event_data/CC06/201809162111_CC06.2
RF_data/event_data/CC06/201809162111_CC06.1
RF_data/event_data/CC06/201809162111_CC06.Z
RF_data/event_data/CC06/201809180727_CC06.2
RF_data/event_data/CC06/201809180727_CC06.1
RF_data/event_data/CC06/201809180727_CC06.Z
reject event 57 for CC06(event in cuming_hour)
reject event 58 for CC06(event in cuming_hour)
reject event 59 for CC06(event in cuming_hour)
reject event 60 for time discontinuity between 2 day records
RF_data/event_data/CC06/201810090745_CC06.2
RF_data/event_data/CC06/201810090745_CC06.1
RF_data/event_data/CC06/201810090745_CC06.Z
RF_data/event_data/CC06/201810101844_CC06.2
RF_data/event_data/CC06/201810101844_CC06.1
RF_data/event_data/CC06/201810101844_CC06.Z
RF_data/event_data/CC06/201810102045_CC06.2
RF_data/event_data/CC06/201810102045_CC06.1
RF_data/event_data/CC06/201810102045_CC06.Z
RF_data/event_data/CC06/201810102048_CC06.2
RF_data/event_data/CC06/201810102048_CC06.1
RF_data/event_data/CC06/201810102048_CC06.Z
RF_data/event_data/CC06/201810102200_CC06.2
RF_data/event_data/CC06/201810102200_CC06.1
RF_data/event_data/CC06/201810102200_CC06.Z
reject event 66 for time discontinuity between 2 day records
reject event 67 for CC06(event in cuming_hour)
reject event 68 for CC06(event in cuming_hour)
reject event 69 for CC06(event in cuming_hour)
reject event 70 for CC06(event in cuming_hour)
reject event 71 for CC06(event in cuming_hour)
reject event 72 for CC06(event in cuming_hour)
RF_data/event_data/CC06/201810252254_CC06.2
RF_data/event_data/CC06/201810252254_CC06.1
RF_data/event_data/CC06/201810252254_CC06.Z
RF_data/event_data/CC06/201810282223_CC06.2
RF_data/event_data/CC06/201810282223_CC06.1
RF_data/event_data/CC06/201810282223_CC06.Z
RF_data/event_data/CC06/201810290654_CC06.2
RF_data/event_data/CC06/201810290654_CC06.1
RF_data/event_data/CC06/201810290654_CC06.Z
RF_data/event_data/CC06/201810300213_CC06.2
RF_data/event_data/CC06/201810300213_CC06.1
RF_data/event_data/CC06/201810300213_CC06.Z
RF_data/event_data/CC06/201811012219_CC06.2
RF_data/event_data/CC06/201811012219_CC06.1
RF_data/event_data/CC06/201811012219_CC06.Z
RF_data/event_data/CC06/201811021101_CC06.2
RF_data/event_data/CC06/201811021101_CC06.1
RF_data/event_data/CC06/201811021101_CC06.Z
RF_data/event_data/CC06/201811040755_CC06.2
RF_data/event_data/CC06/201811040755_CC06.1
RF_data/event_data/CC06/201811040755_CC06.Z
RF_data/event_data/CC06/201811090149_CC06.2
RF_data/event_data/CC06/201811090149_CC06.1
RF_data/event_data/CC06/201811090149_CC06.Z
RF_data/event_data/CC06/201811100833_CC06.2
RF_data/event_data/CC06/201811100833_CC06.1
RF_data/event_data/CC06/201811100833_CC06.Z
RF_data/event_data/CC06/201811111403_CC06.2
RF_data/event_data/CC06/201811111403_CC06.1
RF_data/event_data/CC06/201811111403_CC06.Z
RF_data/event_data/CC06/201811142121_CC06.2
RF_data/event_data/CC06/201811142121_CC06.1
RF_data/event_data/CC06/201811142121_CC06.Z
RF_data/event_data/CC06/201811152002_CC06.2
RF_data/event_data/CC06/201811152002_CC06.1
RF_data/event_data/CC06/201811152002_CC06.Z
reject event 85 for time discontinuity between 2 day records
RF_data/event_data/CC06/201811160326_CC06.2
RF_data/event_data/CC06/201811160326_CC06.1
RF_data/event_data/CC06/201811160326_CC06.Z
RF_data/event_data/CC06/201811182025_CC06.2
RF_data/event_data/CC06/201811182025_CC06.1
RF_data/event_data/CC06/201811182025_CC06.Z
RF_data/event_data/CC06/201811250340_CC06.2
RF_data/event_data/CC06/201811250340_CC06.1
RF_data/event_data/CC06/201811250340_CC06.Z
RF_data/event_data/CC06/201811251637_CC06.2
RF_data/event_data/CC06/201811251637_CC06.1
RF_data/event_data/CC06/201811251637_CC06.Z
RF_data/event_data/CC06/201811301729_CC06.2
RF_data/event_data/CC06/201811301729_CC06.1
RF_data/event_data/CC06/201811301729_CC06.Z
RF_data/event_data/CC06/201812011327_CC06.2
RF_data/event_data/CC06/201812011327_CC06.1
RF_data/event_data/CC06/201812011327_CC06.Z
RF_data/event_data/CC06/201812050414_CC06.2
RF_data/event_data/CC06/201812050414_CC06.1
RF_data/event_data/CC06/201812050414_CC06.Z
RF_data/event_data/CC06/201812050418_CC06.2
RF_data/event_data/CC06/201812050418_CC06.1
RF_data/event_data/CC06/201812050418_CC06.Z
RF_data/event_data/CC06/201812050643_CC06.2
RF_data/event_data/CC06/201812050643_CC06.1
RF_data/event_data/CC06/201812050643_CC06.Z
RF_data/event_data/CC06/201812110226_CC06.2
RF_data/event_data/CC06/201812110226_CC06.1
RF_data/event_data/CC06/201812110226_CC06.Z
RF_data/event_data/CC06/201812121313_CC06.2
RF_data/event_data/CC06/201812121313_CC06.1
RF_data/event_data/CC06/201812121313_CC06.Z
RF_data/event_data/CC06/201812160942_CC06.2
RF_data/event_data/CC06/201812160942_CC06.1
RF_data/event_data/CC06/201812160942_CC06.Z
RF_data/event_data/CC06/201812190137_CC06.2
RF_data/event_data/CC06/201812190137_CC06.1
RF_data/event_data/CC06/201812190137_CC06.Z
RF_data/event_data/CC06/201812201701_CC06.2
RF_data/event_data/CC06/201812201701_CC06.1
RF_data/event_data/CC06/201812201701_CC06.Z
RF_data/event_data/CC06/201812221425_CC06.2
RF_data/event_data/CC06/201812221425_CC06.1
RF_data/event_data/CC06/201812221425_CC06.Z
reject event 101 for time discontinuity between 2 day records
RF_data/event_data/CC06/201812241241_CC06.2
RF_data/event_data/CC06/201812241241_CC06.1
RF_data/event_data/CC06/201812241241_CC06.Z
RF_data/event_data/CC06/201812290339_CC06.2
RF_data/event_data/CC06/201812290339_CC06.1
RF_data/event_data/CC06/201812290339_CC06.Z
RF_data/event_data/CC06/201812310235_CC06.2
RF_data/event_data/CC06/201812310235_CC06.1
RF_data/event_data/CC06/201812310235_CC06.Z
RF_data/event_data/CC06/201901051925_CC06.2
RF_data/event_data/CC06/201901051925_CC06.1
RF_data/event_data/CC06/201901051925_CC06.Z
RF_data/event_data/CC06/201901061727_CC06.2
RF_data/event_data/CC06/201901061727_CC06.1
RF_data/event_data/CC06/201901061727_CC06.Z
RF_data/event_data/CC06/201901081239_CC06.2
RF_data/event_data/CC06/201901081239_CC06.1
RF_data/event_data/CC06/201901081239_CC06.Z
RF_data/event_data/CC06/201901151806_CC06.2
RF_data/event_data/CC06/201901151806_CC06.1
RF_data/event_data/CC06/201901151806_CC06.Z
RF_data/event_data/CC06/201901171506_CC06.2
RF_data/event_data/CC06/201901171506_CC06.1
RF_data/event_data/CC06/201901171506_CC06.Z
RF_data/event_data/CC06/201901181318_CC06.2
RF_data/event_data/CC06/201901181318_CC06.1
RF_data/event_data/CC06/201901181318_CC06.Z
RF_data/event_data/CC06/201901200132_CC06.2
RF_data/event_data/CC06/201901200132_CC06.1
RF_data/event_data/CC06/201901200132_CC06.Z
reject event 112 for time discontinuity between 2 day records
RF_data/event_data/CC06/201901220510_CC06.2
RF_data/event_data/CC06/201901220510_CC06.1
RF_data/event_data/CC06/201901220510_CC06.Z
RF_data/event_data/CC06/201901221901_CC06.2
RF_data/event_data/CC06/201901221901_CC06.1
RF_data/event_data/CC06/201901221901_CC06.Z
RF_data/event_data/CC06/201901260351_CC06.2
RF_data/event_data/CC06/201901260351_CC06.1
RF_data/event_data/CC06/201901260351_CC06.Z
RF_data/event_data/CC06/201901261956_CC06.2
RF_data/event_data/CC06/201901261956_CC06.1
RF_data/event_data/CC06/201901261956_CC06.Z
RF_data/event_data/CC06/201902011614_CC06.2
RF_data/event_data/CC06/201902011614_CC06.1
RF_data/event_data/CC06/201902011614_CC06.Z
RF_data/event_data/CC06/201902020927_CC06.2
RF_data/event_data/CC06/201902020927_CC06.1
RF_data/event_data/CC06/201902020927_CC06.Z
RF_data/event_data/CC06/201902121234_CC06.2
RF_data/event_data/CC06/201902121234_CC06.1
RF_data/event_data/CC06/201902121234_CC06.Z
RF_data/event_data/CC06/201902141957_CC06.2
RF_data/event_data/CC06/201902141957_CC06.1
RF_data/event_data/CC06/201902141957_CC06.Z
RF_data/event_data/CC06/201902171435_CC06.2
RF_data/event_data/CC06/201902171435_CC06.1
RF_data/event_data/CC06/201902171435_CC06.Z
RF_data/event_data/CC06/201902221017_CC06.2
RF_data/event_data/CC06/201902221017_CC06.1
RF_data/event_data/CC06/201902221017_CC06.Z
RF_data/event_data/CC06/201903010850_CC06.2
RF_data/event_data/CC06/201903010850_CC06.1
RF_data/event_data/CC06/201903010850_CC06.Z
RF_data/event_data/CC06/201903061546_CC06.2
RF_data/event_data/CC06/201903061546_CC06.1
RF_data/event_data/CC06/201903061546_CC06.Z
RF_data/event_data/CC06/201903081506_CC06.2
RF_data/event_data/CC06/201903081506_CC06.1
RF_data/event_data/CC06/201903081506_CC06.Z
RF_data/event_data/CC06/201903100812_CC06.2
RF_data/event_data/CC06/201903100812_CC06.1
RF_data/event_data/CC06/201903100812_CC06.Z
RF_data/event_data/CC06/201903101248_CC06.2
RF_data/event_data/CC06/201903101248_CC06.1
RF_data/event_data/CC06/201903101248_CC06.Z
RF_data/event_data/CC06/201903150503_CC06.2
RF_data/event_data/CC06/201903150503_CC06.1
RF_data/event_data/CC06/201903150503_CC06.Z
RF_data/event_data/CC06/201903201523_CC06.2
RF_data/event_data/CC06/201903201523_CC06.1
RF_data/event_data/CC06/201903201523_CC06.Z
RF_data/event_data/CC06/201903231921_CC06.2
RF_data/event_data/CC06/201903231921_CC06.1
RF_data/event_data/CC06/201903231921_CC06.Z
RF_data/event_data/CC06/201903240437_CC06.2
RF_data/event_data/CC06/201903240437_CC06.1
RF_data/event_data/CC06/201903240437_CC06.Z
RF_data/event_data/CC06/201903282206_CC06.2
RF_data/event_data/CC06/201903282206_CC06.1
RF_data/event_data/CC06/201903282206_CC06.Z
RF_data/event_data/CC06/201903301120_CC06.2
RF_data/event_data/CC06/201903301120_CC06.1
RF_data/event_data/CC06/201903301120_CC06.Z
RF_data/event_data/CC06/201903310704_CC06.2
RF_data/event_data/CC06/201903310704_CC06.1
RF_data/event_data/CC06/201903310704_CC06.Z
RF_data/event_data/CC06/201904011839_CC06.2
RF_data/event_data/CC06/201904011839_CC06.1
RF_data/event_data/CC06/201904011839_CC06.Z
RF_data/event_data/CC06/201904022135_CC06.2
RF_data/event_data/CC06/201904022135_CC06.1
RF_data/event_data/CC06/201904022135_CC06.Z
RF_data/event_data/CC06/201904051614_CC06.2
RF_data/event_data/CC06/201904051614_CC06.1
RF_data/event_data/CC06/201904051614_CC06.Z
RF_data/event_data/CC06/201904062155_CC06.2
RF_data/event_data/CC06/201904062155_CC06.1
RF_data/event_data/CC06/201904062155_CC06.Z
RF_data/event_data/CC06/201904091753_CC06.2
RF_data/event_data/CC06/201904091753_CC06.1
RF_data/event_data/CC06/201904091753_CC06.Z
RF_data/event_data/CC06/201904110818_CC06.2
RF_data/event_data/CC06/201904110818_CC06.1
RF_data/event_data/CC06/201904110818_CC06.Z
RF_data/event_data/CC06/201904121140_CC06.2
RF_data/event_data/CC06/201904121140_CC06.1
RF_data/event_data/CC06/201904121140_CC06.Z
RF_data/event_data/CC06/201904121223_CC06.2
RF_data/event_data/CC06/201904121223_CC06.1
RF_data/event_data/CC06/201904121223_CC06.Z
RF_data/event_data/CC06/201904121451_CC06.2
RF_data/event_data/CC06/201904121451_CC06.1
RF_data/event_data/CC06/201904121451_CC06.Z
RF_data/event_data/CC06/201904180501_CC06.2
RF_data/event_data/CC06/201904180501_CC06.1
RF_data/event_data/CC06/201904180501_CC06.Z
RF_data/event_data/CC06/201904181446_CC06.2
RF_data/event_data/CC06/201904181446_CC06.1
RF_data/event_data/CC06/201904181446_CC06.Z
RF_data/event_data/CC06/201904220911_CC06.2
RF_data/event_data/CC06/201904220911_CC06.1
RF_data/event_data/CC06/201904220911_CC06.Z
RF_data/event_data/CC06/201904221449_CC06.2
RF_data/event_data/CC06/201904221449_CC06.1
RF_data/event_data/CC06/201904221449_CC06.Z
RF_data/event_data/CC06/201904230537_CC06.2
RF_data/event_data/CC06/201904230537_CC06.1
RF_data/event_data/CC06/201904230537_CC06.Z
RF_data/event_data/CC06/201904231420_CC06.2
RF_data/event_data/CC06/201904231420_CC06.1
RF_data/event_data/CC06/201904231420_CC06.Z
RF_data/event_data/CC06/201904291419_CC06.2
RF_data/event_data/CC06/201904291419_CC06.1
RF_data/event_data/CC06/201904291419_CC06.Z
RF_data/event_data/CC06/201905030725_CC06.2
RF_data/event_data/CC06/201905030725_CC06.1
RF_data/event_data/CC06/201905030725_CC06.Z
RF_data/event_data/CC06/201905062119_CC06.2
RF_data/event_data/CC06/201905062119_CC06.1
RF_data/event_data/CC06/201905062119_CC06.Z
reject event 153 for time discontinuity between 2 day records
RF_data/event_data/CC06/201905121924_CC06.2
RF_data/event_data/CC06/201905121924_CC06.1
RF_data/event_data/CC06/201905121924_CC06.Z
RF_data/event_data/CC06/201905141258_CC06.2
RF_data/event_data/CC06/201905141258_CC06.1
RF_data/event_data/CC06/201905141258_CC06.Z
RF_data/event_data/CC06/201905190123_CC06.2
RF_data/event_data/CC06/201905190123_CC06.1
RF_data/event_data/CC06/201905190123_CC06.Z
RF_data/event_data/CC06/201905191427_CC06.2
RF_data/event_data/CC06/201905191427_CC06.1
RF_data/event_data/CC06/201905191427_CC06.Z
RF_data/event_data/CC06/201905191456_CC06.2
RF_data/event_data/CC06/201905191456_CC06.1
RF_data/event_data/CC06/201905191456_CC06.Z
128 events found in CC06
