RF_data/event_data/WC04/201805020632_WC04.2
RF_data/event_data/WC04/201805020632_WC04.1
RF_data/event_data/WC04/201805020632_WC04.Z
RF_data/event_data/WC04/201805042232_WC04.2
RF_data/event_data/WC04/201805042232_WC04.1
RF_data/event_data/WC04/201805042232_WC04.Z
RF_data/event_data/WC04/201805050619_WC04.2
RF_data/event_data/WC04/201805050619_WC04.1
RF_data/event_data/WC04/201805050619_WC04.Z
RF_data/event_data/WC04/201805090757_WC04.2
RF_data/event_data/WC04/201805090757_WC04.1
RF_data/event_data/WC04/201805090757_WC04.Z
RF_data/event_data/WC04/201805091041_WC04.2
RF_data/event_data/WC04/201805091041_WC04.1
RF_data/event_data/WC04/201805091041_WC04.Z
RF_data/event_data/WC04/201805180145_WC04.2
RF_data/event_data/WC04/201805180145_WC04.1
RF_data/event_data/WC04/201805180145_WC04.Z
RF_data/event_data/WC04/201806212113_WC04.2
RF_data/event_data/WC04/201806212113_WC04.1
RF_data/event_data/WC04/201806212113_WC04.Z
RF_data/event_data/WC04/201807060140_WC04.2
RF_data/event_data/WC04/201807060140_WC04.1
RF_data/event_data/WC04/201807060140_WC04.Z
RF_data/event_data/WC04/201807072133_WC04.2
RF_data/event_data/WC04/201807072133_WC04.1
RF_data/event_data/WC04/201807072133_WC04.Z
RF_data/event_data/WC04/201807130946_WC04.2
RF_data/event_data/WC04/201807130946_WC04.1
RF_data/event_data/WC04/201807130946_WC04.Z
RF_data/event_data/WC04/201807150157_WC04.2
RF_data/event_data/WC04/201807150157_WC04.1
RF_data/event_data/WC04/201807150157_WC04.Z
RF_data/event_data/WC04/201807151309_WC04.2
RF_data/event_data/WC04/201807151309_WC04.1
RF_data/event_data/WC04/201807151309_WC04.Z
RF_data/event_data/WC04/201807170702_WC04.2
RF_data/event_data/WC04/201807170702_WC04.1
RF_data/event_data/WC04/201807170702_WC04.Z
RF_data/event_data/WC04/201807191830_WC04.2
RF_data/event_data/WC04/201807191830_WC04.1
RF_data/event_data/WC04/201807191830_WC04.Z
RF_data/event_data/WC04/201807231035_WC04.2
RF_data/event_data/WC04/201807231035_WC04.1
RF_data/event_data/WC04/201807231035_WC04.Z
RF_data/event_data/WC04/201807281707_WC04.2
RF_data/event_data/WC04/201807281707_WC04.1
RF_data/event_data/WC04/201807281707_WC04.Z
RF_data/event_data/WC04/201807282247_WC04.2
RF_data/event_data/WC04/201807282247_WC04.1
RF_data/event_data/WC04/201807282247_WC04.Z
RF_data/event_data/WC04/201808051146_WC04.2
RF_data/event_data/WC04/201808051146_WC04.1
RF_data/event_data/WC04/201808051146_WC04.Z
RF_data/event_data/WC04/201808101812_WC04.2
RF_data/event_data/WC04/201808101812_WC04.1
RF_data/event_data/WC04/201808101812_WC04.Z
RF_data/event_data/WC04/201808121458_WC04.2
RF_data/event_data/WC04/201808121458_WC04.1
RF_data/event_data/WC04/201808121458_WC04.Z
RF_data/event_data/WC04/201808122115_WC04.2
RF_data/event_data/WC04/201808122115_WC04.1
RF_data/event_data/WC04/201808122115_WC04.Z
RF_data/event_data/WC04/201808140329_WC04.2
RF_data/event_data/WC04/201808140329_WC04.1
RF_data/event_data/WC04/201808140329_WC04.Z
RF_data/event_data/WC04/201808152156_WC04.2
RF_data/event_data/WC04/201808152156_WC04.1
RF_data/event_data/WC04/201808152156_WC04.Z
RF_data/event_data/WC04/201808161822_WC04.2
RF_data/event_data/WC04/201808161822_WC04.1
RF_data/event_data/WC04/201808161822_WC04.Z
RF_data/event_data/WC04/201808171535_WC04.2
RF_data/event_data/WC04/201808171535_WC04.1
RF_data/event_data/WC04/201808171535_WC04.Z
reject event 32 for time discontinuity between 2 day records
can't preprocess /home/lun/scratch-lun/OBSdata/yORCA_data/Mseed/WC04/WC04.CH0.2018.231*.msd
can't preprocess /home/lun/scratch-lun/OBSdata/yORCA_data/Mseed/WC04/WC04.CH0.2018.231*.msd
RF_data/event_data/WC04/201808190410_WC04.2
RF_data/event_data/WC04/201808190410_WC04.1
RF_data/event_data/WC04/201808190410_WC04.Z
RF_data/event_data/WC04/201808190428_WC04.2
RF_data/event_data/WC04/201808190428_WC04.1
RF_data/event_data/WC04/201808190428_WC04.Z
RF_data/event_data/WC04/201808191456_WC04.2
RF_data/event_data/WC04/201808191456_WC04.1
RF_data/event_data/WC04/201808191456_WC04.Z
reject event 38 for WC04(event in cuming_hour)
reject event 39 for WC04(event in cuming_hour)
RF_data/event_data/WC04/201808220931_WC04.2
RF_data/event_data/WC04/201808220931_WC04.1
RF_data/event_data/WC04/201808220931_WC04.Z
RF_data/event_data/WC04/201808230335_WC04.2
RF_data/event_data/WC04/201808230335_WC04.1
RF_data/event_data/WC04/201808230335_WC04.Z
reject event 42 for WC04(event in cuming_hour)
reject event 43 for WC04(event in cuming_hour)
reject event 44 for WC04(event in cuming_hour)
reject event 45 for WC04(event in cuming_hour)
reject event 46 for WC04(event in cuming_hour)
RF_data/event_data/WC04/201808290351_WC04.2
RF_data/event_data/WC04/201808290351_WC04.1
RF_data/event_data/WC04/201808290351_WC04.Z
RF_data/event_data/WC04/201809051807_WC04.2
RF_data/event_data/WC04/201809051807_WC04.1
RF_data/event_data/WC04/201809051807_WC04.Z
reject event 49 for WC04(event in cuming_hour)
RF_data/event_data/WC04/201809070212_WC04.2
RF_data/event_data/WC04/201809070212_WC04.1
RF_data/event_data/WC04/201809070212_WC04.Z
reject event 51 for WC04(event in cuming_hour)
reject event 52 for WC04(event in cuming_hour)
reject event 53 for WC04(event in cuming_hour)
reject event 54 for WC04(event in cuming_hour)
reject event 55 for WC04(event in cuming_hour)
reject event 56 for WC04(event in cuming_hour)
reject event 57 for WC04(event in cuming_hour)
reject event 58 for WC04(event in cuming_hour)
reject event 59 for WC04(event in cuming_hour)
reject event 60 for time discontinuity between 2 day records
reject event 61 for WC04(event in cuming_hour)
RF_data/event_data/WC04/201810101844_WC04.2
RF_data/event_data/WC04/201810101844_WC04.1
RF_data/event_data/WC04/201810101844_WC04.Z
RF_data/event_data/WC04/201810102045_WC04.2
RF_data/event_data/WC04/201810102045_WC04.1
RF_data/event_data/WC04/201810102045_WC04.Z
RF_data/event_data/WC04/201810102048_WC04.2
RF_data/event_data/WC04/201810102048_WC04.1
RF_data/event_data/WC04/201810102048_WC04.Z
RF_data/event_data/WC04/201810102200_WC04.2
RF_data/event_data/WC04/201810102200_WC04.1
RF_data/event_data/WC04/201810102200_WC04.Z
reject event 66 for time discontinuity between 2 day records
reject event 67 for WC04(event in cuming_hour)
reject event 68 for WC04(event in cuming_hour)
reject event 69 for WC04(event in cuming_hour)
RF_data/event_data/WC04/201810220539_WC04.2
RF_data/event_data/WC04/201810220539_WC04.1
RF_data/event_data/WC04/201810220539_WC04.Z
RF_data/event_data/WC04/201810220616_WC04.2
RF_data/event_data/WC04/201810220616_WC04.1
RF_data/event_data/WC04/201810220616_WC04.Z
RF_data/event_data/WC04/201810220622_WC04.2
RF_data/event_data/WC04/201810220622_WC04.1
RF_data/event_data/WC04/201810220622_WC04.Z
reject event 73 for WC04(event in cuming_hour)
RF_data/event_data/WC04/201810282223_WC04.2
RF_data/event_data/WC04/201810282223_WC04.1
RF_data/event_data/WC04/201810282223_WC04.Z
RF_data/event_data/WC04/201810290654_WC04.2
RF_data/event_data/WC04/201810290654_WC04.1
RF_data/event_data/WC04/201810290654_WC04.Z
RF_data/event_data/WC04/201810300213_WC04.2
RF_data/event_data/WC04/201810300213_WC04.1
RF_data/event_data/WC04/201810300213_WC04.Z
RF_data/event_data/WC04/201811012219_WC04.2
RF_data/event_data/WC04/201811012219_WC04.1
RF_data/event_data/WC04/201811012219_WC04.Z
RF_data/event_data/WC04/201811021101_WC04.2
RF_data/event_data/WC04/201811021101_WC04.1
RF_data/event_data/WC04/201811021101_WC04.Z
RF_data/event_data/WC04/201811040755_WC04.2
RF_data/event_data/WC04/201811040755_WC04.1
RF_data/event_data/WC04/201811040755_WC04.Z
RF_data/event_data/WC04/201811090149_WC04.2
RF_data/event_data/WC04/201811090149_WC04.1
RF_data/event_data/WC04/201811090149_WC04.Z
RF_data/event_data/WC04/201811100833_WC04.2
RF_data/event_data/WC04/201811100833_WC04.1
RF_data/event_data/WC04/201811100833_WC04.Z
RF_data/event_data/WC04/201811111403_WC04.2
RF_data/event_data/WC04/201811111403_WC04.1
RF_data/event_data/WC04/201811111403_WC04.Z
reject event 83 for WC04(event in cuming_hour)
reject event 84 for WC04(event in cuming_hour)
reject event 85 for time discontinuity between 2 day records
reject event 86 for WC04(event in cuming_hour)
RF_data/event_data/WC04/201811182025_WC04.2
RF_data/event_data/WC04/201811182025_WC04.1
RF_data/event_data/WC04/201811182025_WC04.Z
RF_data/event_data/WC04/201811250340_WC04.2
RF_data/event_data/WC04/201811250340_WC04.1
RF_data/event_data/WC04/201811250340_WC04.Z
RF_data/event_data/WC04/201811251637_WC04.2
RF_data/event_data/WC04/201811251637_WC04.1
RF_data/event_data/WC04/201811251637_WC04.Z
RF_data/event_data/WC04/201811301729_WC04.2
RF_data/event_data/WC04/201811301729_WC04.1
RF_data/event_data/WC04/201811301729_WC04.Z
RF_data/event_data/WC04/201812011327_WC04.2
RF_data/event_data/WC04/201812011327_WC04.1
RF_data/event_data/WC04/201812011327_WC04.Z
RF_data/event_data/WC04/201812050414_WC04.2
RF_data/event_data/WC04/201812050414_WC04.1
RF_data/event_data/WC04/201812050414_WC04.Z
RF_data/event_data/WC04/201812050418_WC04.2
RF_data/event_data/WC04/201812050418_WC04.1
RF_data/event_data/WC04/201812050418_WC04.Z
RF_data/event_data/WC04/201812050643_WC04.2
RF_data/event_data/WC04/201812050643_WC04.1
RF_data/event_data/WC04/201812050643_WC04.Z
RF_data/event_data/WC04/201812110226_WC04.2
RF_data/event_data/WC04/201812110226_WC04.1
RF_data/event_data/WC04/201812110226_WC04.Z
RF_data/event_data/WC04/201812121313_WC04.2
RF_data/event_data/WC04/201812121313_WC04.1
RF_data/event_data/WC04/201812121313_WC04.Z
RF_data/event_data/WC04/201812160942_WC04.2
RF_data/event_data/WC04/201812160942_WC04.1
RF_data/event_data/WC04/201812160942_WC04.Z
RF_data/event_data/WC04/201812190137_WC04.2
RF_data/event_data/WC04/201812190137_WC04.1
RF_data/event_data/WC04/201812190137_WC04.Z
RF_data/event_data/WC04/201812201701_WC04.2
RF_data/event_data/WC04/201812201701_WC04.1
RF_data/event_data/WC04/201812201701_WC04.Z
RF_data/event_data/WC04/201812221425_WC04.2
RF_data/event_data/WC04/201812221425_WC04.1
RF_data/event_data/WC04/201812221425_WC04.Z
reject event 101 for time discontinuity between 2 day records
reject event 102 for WC04(event in cuming_hour)
RF_data/event_data/WC04/201812290339_WC04.2
RF_data/event_data/WC04/201812290339_WC04.1
RF_data/event_data/WC04/201812290339_WC04.Z
reject event 104 for WC04(event in cuming_hour)
RF_data/event_data/WC04/201901051925_WC04.2
RF_data/event_data/WC04/201901051925_WC04.1
RF_data/event_data/WC04/201901051925_WC04.Z
reject event 106 for WC04(event in cuming_hour)
RF_data/event_data/WC04/201901081239_WC04.2
RF_data/event_data/WC04/201901081239_WC04.1
RF_data/event_data/WC04/201901081239_WC04.Z
reject event 108 for WC04(event in cuming_hour)
reject event 109 for WC04(event in cuming_hour)
reject event 110 for WC04(event in cuming_hour)
reject event 111 for WC04(event in cuming_hour)
reject event 112 for time discontinuity between 2 day records
reject event 113 for WC04(event in cuming_hour)
reject event 114 for WC04(event in cuming_hour)
RF_data/event_data/WC04/201901260351_WC04.2
RF_data/event_data/WC04/201901260351_WC04.1
RF_data/event_data/WC04/201901260351_WC04.Z
reject event 116 for WC04(event in cuming_hour)
RF_data/event_data/WC04/201902011614_WC04.2
RF_data/event_data/WC04/201902011614_WC04.1
RF_data/event_data/WC04/201902011614_WC04.Z
reject event 118 for WC04(event in cuming_hour)
RF_data/event_data/WC04/201902121234_WC04.2
RF_data/event_data/WC04/201902121234_WC04.1
RF_data/event_data/WC04/201902121234_WC04.Z
RF_data/event_data/WC04/201902141957_WC04.2
RF_data/event_data/WC04/201902141957_WC04.1
RF_data/event_data/WC04/201902141957_WC04.Z
RF_data/event_data/WC04/201902171435_WC04.2
RF_data/event_data/WC04/201902171435_WC04.1
RF_data/event_data/WC04/201902171435_WC04.Z
RF_data/event_data/WC04/201902221017_WC04.2
RF_data/event_data/WC04/201902221017_WC04.1
RF_data/event_data/WC04/201902221017_WC04.Z
RF_data/event_data/WC04/201903010850_WC04.2
RF_data/event_data/WC04/201903010850_WC04.1
RF_data/event_data/WC04/201903010850_WC04.Z
RF_data/event_data/WC04/201903061546_WC04.2
RF_data/event_data/WC04/201903061546_WC04.1
RF_data/event_data/WC04/201903061546_WC04.Z
RF_data/event_data/WC04/201903081506_WC04.2
RF_data/event_data/WC04/201903081506_WC04.1
RF_data/event_data/WC04/201903081506_WC04.Z
RF_data/event_data/WC04/201903100812_WC04.2
RF_data/event_data/WC04/201903100812_WC04.1
RF_data/event_data/WC04/201903100812_WC04.Z
RF_data/event_data/WC04/201903101248_WC04.2
RF_data/event_data/WC04/201903101248_WC04.1
RF_data/event_data/WC04/201903101248_WC04.Z
RF_data/event_data/WC04/201903150503_WC04.2
RF_data/event_data/WC04/201903150503_WC04.1
RF_data/event_data/WC04/201903150503_WC04.Z
reject event 129 for WC04(event in cuming_hour)
RF_data/event_data/WC04/201903231921_WC04.2
RF_data/event_data/WC04/201903231921_WC04.1
RF_data/event_data/WC04/201903231921_WC04.Z
RF_data/event_data/WC04/201903240437_WC04.2
RF_data/event_data/WC04/201903240437_WC04.1
RF_data/event_data/WC04/201903240437_WC04.Z
RF_data/event_data/WC04/201903282206_WC04.2
RF_data/event_data/WC04/201903282206_WC04.1
RF_data/event_data/WC04/201903282206_WC04.Z
RF_data/event_data/WC04/201903301120_WC04.2
RF_data/event_data/WC04/201903301120_WC04.1
RF_data/event_data/WC04/201903301120_WC04.Z
RF_data/event_data/WC04/201903310704_WC04.2
RF_data/event_data/WC04/201903310704_WC04.1
RF_data/event_data/WC04/201903310704_WC04.Z
RF_data/event_data/WC04/201904011839_WC04.2
RF_data/event_data/WC04/201904011839_WC04.1
RF_data/event_data/WC04/201904011839_WC04.Z
RF_data/event_data/WC04/201904022135_WC04.2
RF_data/event_data/WC04/201904022135_WC04.1
RF_data/event_data/WC04/201904022135_WC04.Z
RF_data/event_data/WC04/201904051614_WC04.2
RF_data/event_data/WC04/201904051614_WC04.1
RF_data/event_data/WC04/201904051614_WC04.Z
RF_data/event_data/WC04/201904062155_WC04.2
RF_data/event_data/WC04/201904062155_WC04.1
RF_data/event_data/WC04/201904062155_WC04.Z
RF_data/event_data/WC04/201904091753_WC04.2
RF_data/event_data/WC04/201904091753_WC04.1
RF_data/event_data/WC04/201904091753_WC04.Z
RF_data/event_data/WC04/201904110818_WC04.2
RF_data/event_data/WC04/201904110818_WC04.1
RF_data/event_data/WC04/201904110818_WC04.Z
RF_data/event_data/WC04/201904121140_WC04.2
RF_data/event_data/WC04/201904121140_WC04.1
RF_data/event_data/WC04/201904121140_WC04.Z
RF_data/event_data/WC04/201904121223_WC04.2
RF_data/event_data/WC04/201904121223_WC04.1
RF_data/event_data/WC04/201904121223_WC04.Z
RF_data/event_data/WC04/201904121451_WC04.2
RF_data/event_data/WC04/201904121451_WC04.1
RF_data/event_data/WC04/201904121451_WC04.Z
RF_data/event_data/WC04/201904180501_WC04.2
RF_data/event_data/WC04/201904180501_WC04.1
RF_data/event_data/WC04/201904180501_WC04.Z
RF_data/event_data/WC04/201904181446_WC04.2
RF_data/event_data/WC04/201904181446_WC04.1
RF_data/event_data/WC04/201904181446_WC04.Z
RF_data/event_data/WC04/201904220911_WC04.2
RF_data/event_data/WC04/201904220911_WC04.1
RF_data/event_data/WC04/201904220911_WC04.Z
RF_data/event_data/WC04/201904221449_WC04.2
RF_data/event_data/WC04/201904221449_WC04.1
RF_data/event_data/WC04/201904221449_WC04.Z
reject event 148 for WC04(event in cuming_hour)
RF_data/event_data/WC04/201904231420_WC04.2
RF_data/event_data/WC04/201904231420_WC04.1
RF_data/event_data/WC04/201904231420_WC04.Z
reject event 150 for WC04(event in cuming_hour)
reject event 151 for WC04(event in cuming_hour)
reject event 152 for WC04(event in cuming_hour)
reject event 153 for time discontinuity between 2 day records
reject event 154 for WC04(event in cuming_hour)
reject event 155 for WC04(event in cuming_hour)
reject event 156 for WC04(event in cuming_hour)
reject event 157 for WC04(event in cuming_hour)
reject event 158 for WC04(event in cuming_hour)
97 events found in WC04
