RF_data/event_data/WC03/201805020632_WC03.2
RF_data/event_data/WC03/201805020632_WC03.1
RF_data/event_data/WC03/201805020632_WC03.Z
RF_data/event_data/WC03/201805042232_WC03.2
RF_data/event_data/WC03/201805042232_WC03.1
RF_data/event_data/WC03/201805042232_WC03.Z
RF_data/event_data/WC03/201805050619_WC03.2
RF_data/event_data/WC03/201805050619_WC03.1
RF_data/event_data/WC03/201805050619_WC03.Z
RF_data/event_data/WC03/201805090757_WC03.2
RF_data/event_data/WC03/201805090757_WC03.1
RF_data/event_data/WC03/201805090757_WC03.Z
RF_data/event_data/WC03/201805091041_WC03.2
RF_data/event_data/WC03/201805091041_WC03.1
RF_data/event_data/WC03/201805091041_WC03.Z
RF_data/event_data/WC03/201805180145_WC03.2
RF_data/event_data/WC03/201805180145_WC03.1
RF_data/event_data/WC03/201805180145_WC03.Z
RF_data/event_data/WC03/201806212113_WC03.2
RF_data/event_data/WC03/201806212113_WC03.1
RF_data/event_data/WC03/201806212113_WC03.Z
RF_data/event_data/WC03/201807060140_WC03.2
RF_data/event_data/WC03/201807060140_WC03.1
RF_data/event_data/WC03/201807060140_WC03.Z
RF_data/event_data/WC03/201807072133_WC03.2
RF_data/event_data/WC03/201807072133_WC03.1
RF_data/event_data/WC03/201807072133_WC03.Z
RF_data/event_data/WC03/201807130946_WC03.2
RF_data/event_data/WC03/201807130946_WC03.1
RF_data/event_data/WC03/201807130946_WC03.Z
RF_data/event_data/WC03/201807150157_WC03.2
RF_data/event_data/WC03/201807150157_WC03.1
RF_data/event_data/WC03/201807150157_WC03.Z
RF_data/event_data/WC03/201807151309_WC03.2
RF_data/event_data/WC03/201807151309_WC03.1
RF_data/event_data/WC03/201807151309_WC03.Z
RF_data/event_data/WC03/201807170702_WC03.2
RF_data/event_data/WC03/201807170702_WC03.1
RF_data/event_data/WC03/201807170702_WC03.Z
RF_data/event_data/WC03/201807191830_WC03.2
RF_data/event_data/WC03/201807191830_WC03.1
RF_data/event_data/WC03/201807191830_WC03.Z
reject event 21 for WC03(event in cuming_hour)
reject event 22 for WC03(event in cuming_hour)
reject event 23 for WC03(event in cuming_hour)
reject event 24 for WC03(event in cuming_hour)
reject event 25 for WC03(event in cuming_hour)
reject event 26 for WC03(event in cuming_hour)
reject event 27 for WC03(event in cuming_hour)
reject event 28 for WC03(event in cuming_hour)
reject event 29 for WC03(event in cuming_hour)
reject event 30 for WC03(event in cuming_hour)
reject event 31 for WC03(event in cuming_hour)
reject event 32 for time discontinuity between 2 day records
reject event 33 for WC03(event in cuming_hour)
reject event 34 for WC03(event in cuming_hour)
reject event 35 for WC03(event in cuming_hour)
reject event 36 for WC03(event in cuming_hour)
reject event 37 for WC03(event in cuming_hour)
RF_data/event_data/WC03/201808212131_WC03.2
RF_data/event_data/WC03/201808212131_WC03.1
RF_data/event_data/WC03/201808212131_WC03.Z
RF_data/event_data/WC03/201808212232_WC03.2
RF_data/event_data/WC03/201808212232_WC03.1
RF_data/event_data/WC03/201808212232_WC03.Z
RF_data/event_data/WC03/201808220931_WC03.2
RF_data/event_data/WC03/201808220931_WC03.1
RF_data/event_data/WC03/201808220931_WC03.Z
RF_data/event_data/WC03/201808230335_WC03.2
RF_data/event_data/WC03/201808230335_WC03.1
RF_data/event_data/WC03/201808230335_WC03.Z
reject event 42 for WC03(event in cuming_hour)
reject event 43 for WC03(event in cuming_hour)
reject event 44 for WC03(event in cuming_hour)
RF_data/event_data/WC03/201808280708_WC03.2
RF_data/event_data/WC03/201808280708_WC03.1
RF_data/event_data/WC03/201808280708_WC03.Z
reject event 46 for WC03(event in cuming_hour)
reject event 47 for WC03(event in cuming_hour)
reject event 48 for WC03(event in cuming_hour)
reject event 49 for WC03(event in cuming_hour)
reject event 50 for WC03(event in cuming_hour)
reject event 51 for WC03(event in cuming_hour)
reject event 52 for WC03(event in cuming_hour)
reject event 53 for WC03(event in cuming_hour)
reject event 54 for WC03(event in cuming_hour)
RF_data/event_data/WC03/201809162111_WC03.2
RF_data/event_data/WC03/201809162111_WC03.1
RF_data/event_data/WC03/201809162111_WC03.Z
RF_data/event_data/WC03/201809180727_WC03.2
RF_data/event_data/WC03/201809180727_WC03.1
RF_data/event_data/WC03/201809180727_WC03.Z
RF_data/event_data/WC03/201809280659_WC03.2
RF_data/event_data/WC03/201809280659_WC03.1
RF_data/event_data/WC03/201809280659_WC03.Z
RF_data/event_data/WC03/201809281002_WC03.2
RF_data/event_data/WC03/201809281002_WC03.1
RF_data/event_data/WC03/201809281002_WC03.Z
RF_data/event_data/WC03/201809301052_WC03.2
RF_data/event_data/WC03/201809301052_WC03.1
RF_data/event_data/WC03/201809301052_WC03.Z
reject event 60 for time discontinuity between 2 day records
RF_data/event_data/WC03/201810090745_WC03.2
RF_data/event_data/WC03/201810090745_WC03.1
RF_data/event_data/WC03/201810090745_WC03.Z
RF_data/event_data/WC03/201810101844_WC03.2
RF_data/event_data/WC03/201810101844_WC03.1
RF_data/event_data/WC03/201810101844_WC03.Z
RF_data/event_data/WC03/201810102045_WC03.2
RF_data/event_data/WC03/201810102045_WC03.1
RF_data/event_data/WC03/201810102045_WC03.Z
RF_data/event_data/WC03/201810102048_WC03.2
RF_data/event_data/WC03/201810102048_WC03.1
RF_data/event_data/WC03/201810102048_WC03.Z
RF_data/event_data/WC03/201810102200_WC03.2
RF_data/event_data/WC03/201810102200_WC03.1
RF_data/event_data/WC03/201810102200_WC03.Z
reject event 66 for time discontinuity between 2 day records
RF_data/event_data/WC03/201810131110_WC03.2
RF_data/event_data/WC03/201810131110_WC03.1
RF_data/event_data/WC03/201810131110_WC03.Z
can't preprocess /home/lun/scratch-lun/OBSdata/yORCA_data/Mseed/WC03/WC03.CH0.2018.289*.msd
RF_data/event_data/WC03/201810160103_WC03.2
RF_data/event_data/WC03/201810160103_WC03.1
RF_data/event_data/WC03/201810160103_WC03.Z
RF_data/event_data/WC03/201810220539_WC03.2
RF_data/event_data/WC03/201810220539_WC03.1
RF_data/event_data/WC03/201810220539_WC03.Z
RF_data/event_data/WC03/201810220616_WC03.2
RF_data/event_data/WC03/201810220616_WC03.1
RF_data/event_data/WC03/201810220616_WC03.Z
RF_data/event_data/WC03/201810220622_WC03.2
RF_data/event_data/WC03/201810220622_WC03.1
RF_data/event_data/WC03/201810220622_WC03.Z
RF_data/event_data/WC03/201810252254_WC03.2
RF_data/event_data/WC03/201810252254_WC03.1
RF_data/event_data/WC03/201810252254_WC03.Z
RF_data/event_data/WC03/201810282223_WC03.2
RF_data/event_data/WC03/201810282223_WC03.1
RF_data/event_data/WC03/201810282223_WC03.Z
RF_data/event_data/WC03/201810290654_WC03.2
RF_data/event_data/WC03/201810290654_WC03.1
RF_data/event_data/WC03/201810290654_WC03.Z
RF_data/event_data/WC03/201810300213_WC03.2
RF_data/event_data/WC03/201810300213_WC03.1
RF_data/event_data/WC03/201810300213_WC03.Z
RF_data/event_data/WC03/201811012219_WC03.2
RF_data/event_data/WC03/201811012219_WC03.1
RF_data/event_data/WC03/201811012219_WC03.Z
RF_data/event_data/WC03/201811021101_WC03.2
RF_data/event_data/WC03/201811021101_WC03.1
RF_data/event_data/WC03/201811021101_WC03.Z
RF_data/event_data/WC03/201811040755_WC03.2
RF_data/event_data/WC03/201811040755_WC03.1
RF_data/event_data/WC03/201811040755_WC03.Z
RF_data/event_data/WC03/201811090149_WC03.2
RF_data/event_data/WC03/201811090149_WC03.1
RF_data/event_data/WC03/201811090149_WC03.Z
RF_data/event_data/WC03/201811100833_WC03.2
RF_data/event_data/WC03/201811100833_WC03.1
RF_data/event_data/WC03/201811100833_WC03.Z
RF_data/event_data/WC03/201811111403_WC03.2
RF_data/event_data/WC03/201811111403_WC03.1
RF_data/event_data/WC03/201811111403_WC03.Z
RF_data/event_data/WC03/201811142121_WC03.2
RF_data/event_data/WC03/201811142121_WC03.1
RF_data/event_data/WC03/201811142121_WC03.Z
RF_data/event_data/WC03/201811152002_WC03.2
RF_data/event_data/WC03/201811152002_WC03.1
RF_data/event_data/WC03/201811152002_WC03.Z
reject event 85 for time discontinuity between 2 day records
RF_data/event_data/WC03/201811160326_WC03.2
RF_data/event_data/WC03/201811160326_WC03.1
RF_data/event_data/WC03/201811160326_WC03.Z
RF_data/event_data/WC03/201811182025_WC03.2
RF_data/event_data/WC03/201811182025_WC03.1
RF_data/event_data/WC03/201811182025_WC03.Z
RF_data/event_data/WC03/201811250340_WC03.2
RF_data/event_data/WC03/201811250340_WC03.1
RF_data/event_data/WC03/201811250340_WC03.Z
RF_data/event_data/WC03/201811251637_WC03.2
RF_data/event_data/WC03/201811251637_WC03.1
RF_data/event_data/WC03/201811251637_WC03.Z
RF_data/event_data/WC03/201811301729_WC03.2
RF_data/event_data/WC03/201811301729_WC03.1
RF_data/event_data/WC03/201811301729_WC03.Z
RF_data/event_data/WC03/201812011327_WC03.2
RF_data/event_data/WC03/201812011327_WC03.1
RF_data/event_data/WC03/201812011327_WC03.Z
RF_data/event_data/WC03/201812050414_WC03.2
RF_data/event_data/WC03/201812050414_WC03.1
RF_data/event_data/WC03/201812050414_WC03.Z
RF_data/event_data/WC03/201812050418_WC03.2
RF_data/event_data/WC03/201812050418_WC03.1
RF_data/event_data/WC03/201812050418_WC03.Z
RF_data/event_data/WC03/201812050643_WC03.2
RF_data/event_data/WC03/201812050643_WC03.1
RF_data/event_data/WC03/201812050643_WC03.Z
RF_data/event_data/WC03/201812110226_WC03.2
RF_data/event_data/WC03/201812110226_WC03.1
RF_data/event_data/WC03/201812110226_WC03.Z
RF_data/event_data/WC03/201812121313_WC03.2
RF_data/event_data/WC03/201812121313_WC03.1
RF_data/event_data/WC03/201812121313_WC03.Z
RF_data/event_data/WC03/201812160942_WC03.2
RF_data/event_data/WC03/201812160942_WC03.1
RF_data/event_data/WC03/201812160942_WC03.Z
RF_data/event_data/WC03/201812190137_WC03.2
RF_data/event_data/WC03/201812190137_WC03.1
RF_data/event_data/WC03/201812190137_WC03.Z
RF_data/event_data/WC03/201812201701_WC03.2
RF_data/event_data/WC03/201812201701_WC03.1
RF_data/event_data/WC03/201812201701_WC03.Z
RF_data/event_data/WC03/201812221425_WC03.2
RF_data/event_data/WC03/201812221425_WC03.1
RF_data/event_data/WC03/201812221425_WC03.Z
reject event 101 for time discontinuity between 2 day records
RF_data/event_data/WC03/201812241241_WC03.2
RF_data/event_data/WC03/201812241241_WC03.1
RF_data/event_data/WC03/201812241241_WC03.Z
RF_data/event_data/WC03/201812290339_WC03.2
RF_data/event_data/WC03/201812290339_WC03.1
RF_data/event_data/WC03/201812290339_WC03.Z
RF_data/event_data/WC03/201812310235_WC03.2
RF_data/event_data/WC03/201812310235_WC03.1
RF_data/event_data/WC03/201812310235_WC03.Z
RF_data/event_data/WC03/201901051925_WC03.2
RF_data/event_data/WC03/201901051925_WC03.1
RF_data/event_data/WC03/201901051925_WC03.Z
RF_data/event_data/WC03/201901061727_WC03.2
RF_data/event_data/WC03/201901061727_WC03.1
RF_data/event_data/WC03/201901061727_WC03.Z
RF_data/event_data/WC03/201901081239_WC03.2
RF_data/event_data/WC03/201901081239_WC03.1
RF_data/event_data/WC03/201901081239_WC03.Z
RF_data/event_data/WC03/201901151806_WC03.2
RF_data/event_data/WC03/201901151806_WC03.1
RF_data/event_data/WC03/201901151806_WC03.Z
RF_data/event_data/WC03/201901171506_WC03.2
RF_data/event_data/WC03/201901171506_WC03.1
RF_data/event_data/WC03/201901171506_WC03.Z
RF_data/event_data/WC03/201901181318_WC03.2
RF_data/event_data/WC03/201901181318_WC03.1
RF_data/event_data/WC03/201901181318_WC03.Z
RF_data/event_data/WC03/201901200132_WC03.2
RF_data/event_data/WC03/201901200132_WC03.1
RF_data/event_data/WC03/201901200132_WC03.Z
reject event 112 for time discontinuity between 2 day records
RF_data/event_data/WC03/201901220510_WC03.2
RF_data/event_data/WC03/201901220510_WC03.1
RF_data/event_data/WC03/201901220510_WC03.Z
RF_data/event_data/WC03/201901221901_WC03.2
RF_data/event_data/WC03/201901221901_WC03.1
RF_data/event_data/WC03/201901221901_WC03.Z
RF_data/event_data/WC03/201901260351_WC03.2
RF_data/event_data/WC03/201901260351_WC03.1
RF_data/event_data/WC03/201901260351_WC03.Z
RF_data/event_data/WC03/201901261956_WC03.2
RF_data/event_data/WC03/201901261956_WC03.1
RF_data/event_data/WC03/201901261956_WC03.Z
RF_data/event_data/WC03/201902011614_WC03.2
RF_data/event_data/WC03/201902011614_WC03.1
RF_data/event_data/WC03/201902011614_WC03.Z
reject event 118 for WC03(event in cuming_hour)
RF_data/event_data/WC03/201902121234_WC03.2
RF_data/event_data/WC03/201902121234_WC03.1
RF_data/event_data/WC03/201902121234_WC03.Z
RF_data/event_data/WC03/201902141957_WC03.2
RF_data/event_data/WC03/201902141957_WC03.1
RF_data/event_data/WC03/201902141957_WC03.Z
RF_data/event_data/WC03/201902171435_WC03.2
RF_data/event_data/WC03/201902171435_WC03.1
RF_data/event_data/WC03/201902171435_WC03.Z
RF_data/event_data/WC03/201902221017_WC03.2
RF_data/event_data/WC03/201902221017_WC03.1
RF_data/event_data/WC03/201902221017_WC03.Z
RF_data/event_data/WC03/201903010850_WC03.2
RF_data/event_data/WC03/201903010850_WC03.1
RF_data/event_data/WC03/201903010850_WC03.Z
RF_data/event_data/WC03/201903061546_WC03.2
RF_data/event_data/WC03/201903061546_WC03.1
RF_data/event_data/WC03/201903061546_WC03.Z
RF_data/event_data/WC03/201903081506_WC03.2
RF_data/event_data/WC03/201903081506_WC03.1
RF_data/event_data/WC03/201903081506_WC03.Z
RF_data/event_data/WC03/201903100812_WC03.2
RF_data/event_data/WC03/201903100812_WC03.1
RF_data/event_data/WC03/201903100812_WC03.Z
RF_data/event_data/WC03/201903101248_WC03.2
RF_data/event_data/WC03/201903101248_WC03.1
RF_data/event_data/WC03/201903101248_WC03.Z
RF_data/event_data/WC03/201903150503_WC03.2
RF_data/event_data/WC03/201903150503_WC03.1
RF_data/event_data/WC03/201903150503_WC03.Z
RF_data/event_data/WC03/201903201523_WC03.2
RF_data/event_data/WC03/201903201523_WC03.1
RF_data/event_data/WC03/201903201523_WC03.Z
RF_data/event_data/WC03/201903231921_WC03.2
RF_data/event_data/WC03/201903231921_WC03.1
RF_data/event_data/WC03/201903231921_WC03.Z
RF_data/event_data/WC03/201903240437_WC03.2
RF_data/event_data/WC03/201903240437_WC03.1
RF_data/event_data/WC03/201903240437_WC03.Z
RF_data/event_data/WC03/201903282206_WC03.2
RF_data/event_data/WC03/201903282206_WC03.1
RF_data/event_data/WC03/201903282206_WC03.Z
RF_data/event_data/WC03/201903301120_WC03.2
RF_data/event_data/WC03/201903301120_WC03.1
RF_data/event_data/WC03/201903301120_WC03.Z
RF_data/event_data/WC03/201903310704_WC03.2
RF_data/event_data/WC03/201903310704_WC03.1
RF_data/event_data/WC03/201903310704_WC03.Z
RF_data/event_data/WC03/201904011839_WC03.2
RF_data/event_data/WC03/201904011839_WC03.1
RF_data/event_data/WC03/201904011839_WC03.Z
RF_data/event_data/WC03/201904022135_WC03.2
RF_data/event_data/WC03/201904022135_WC03.1
RF_data/event_data/WC03/201904022135_WC03.Z
RF_data/event_data/WC03/201904051614_WC03.2
RF_data/event_data/WC03/201904051614_WC03.1
RF_data/event_data/WC03/201904051614_WC03.Z
RF_data/event_data/WC03/201904062155_WC03.2
RF_data/event_data/WC03/201904062155_WC03.1
RF_data/event_data/WC03/201904062155_WC03.Z
RF_data/event_data/WC03/201904091753_WC03.2
RF_data/event_data/WC03/201904091753_WC03.1
RF_data/event_data/WC03/201904091753_WC03.Z
RF_data/event_data/WC03/201904110818_WC03.2
RF_data/event_data/WC03/201904110818_WC03.1
RF_data/event_data/WC03/201904110818_WC03.Z
RF_data/event_data/WC03/201904121140_WC03.2
RF_data/event_data/WC03/201904121140_WC03.1
RF_data/event_data/WC03/201904121140_WC03.Z
RF_data/event_data/WC03/201904121223_WC03.2
RF_data/event_data/WC03/201904121223_WC03.1
RF_data/event_data/WC03/201904121223_WC03.Z
RF_data/event_data/WC03/201904121451_WC03.2
RF_data/event_data/WC03/201904121451_WC03.1
RF_data/event_data/WC03/201904121451_WC03.Z
RF_data/event_data/WC03/201904180501_WC03.2
RF_data/event_data/WC03/201904180501_WC03.1
RF_data/event_data/WC03/201904180501_WC03.Z
RF_data/event_data/WC03/201904181446_WC03.2
RF_data/event_data/WC03/201904181446_WC03.1
RF_data/event_data/WC03/201904181446_WC03.Z
RF_data/event_data/WC03/201904220911_WC03.2
RF_data/event_data/WC03/201904220911_WC03.1
RF_data/event_data/WC03/201904220911_WC03.Z
RF_data/event_data/WC03/201904221449_WC03.2
RF_data/event_data/WC03/201904221449_WC03.1
RF_data/event_data/WC03/201904221449_WC03.Z
RF_data/event_data/WC03/201904230537_WC03.2
RF_data/event_data/WC03/201904230537_WC03.1
RF_data/event_data/WC03/201904230537_WC03.Z
RF_data/event_data/WC03/201904231420_WC03.2
RF_data/event_data/WC03/201904231420_WC03.1
RF_data/event_data/WC03/201904231420_WC03.Z
RF_data/event_data/WC03/201904291419_WC03.2
RF_data/event_data/WC03/201904291419_WC03.1
RF_data/event_data/WC03/201904291419_WC03.Z
RF_data/event_data/WC03/201905030725_WC03.2
RF_data/event_data/WC03/201905030725_WC03.1
RF_data/event_data/WC03/201905030725_WC03.Z
RF_data/event_data/WC03/201905062119_WC03.2
RF_data/event_data/WC03/201905062119_WC03.1
RF_data/event_data/WC03/201905062119_WC03.Z
reject event 153 for time discontinuity between 2 day records
RF_data/event_data/WC03/201905121924_WC03.2
RF_data/event_data/WC03/201905121924_WC03.1
RF_data/event_data/WC03/201905121924_WC03.Z
RF_data/event_data/WC03/201905141258_WC03.2
RF_data/event_data/WC03/201905141258_WC03.1
RF_data/event_data/WC03/201905141258_WC03.Z
RF_data/event_data/WC03/201905190123_WC03.2
RF_data/event_data/WC03/201905190123_WC03.1
RF_data/event_data/WC03/201905190123_WC03.Z
RF_data/event_data/WC03/201905191427_WC03.2
RF_data/event_data/WC03/201905191427_WC03.1
RF_data/event_data/WC03/201905191427_WC03.Z
RF_data/event_data/WC03/201905191456_WC03.2
RF_data/event_data/WC03/201905191456_WC03.1
RF_data/event_data/WC03/201905191456_WC03.Z
115 events found in WC03
