RF_data/event_data/EE04/201804192109_EE04.2
RF_data/event_data/EE04/201804192109_EE04.1
RF_data/event_data/EE04/201804192109_EE04.Z
RF_data/event_data/EE04/201805020632_EE04.2
RF_data/event_data/EE04/201805020632_EE04.1
RF_data/event_data/EE04/201805020632_EE04.Z
RF_data/event_data/EE04/201805042232_EE04.2
RF_data/event_data/EE04/201805042232_EE04.1
RF_data/event_data/EE04/201805042232_EE04.Z
RF_data/event_data/EE04/201805050619_EE04.2
RF_data/event_data/EE04/201805050619_EE04.1
RF_data/event_data/EE04/201805050619_EE04.Z
RF_data/event_data/EE04/201805090757_EE04.2
RF_data/event_data/EE04/201805090757_EE04.1
RF_data/event_data/EE04/201805090757_EE04.Z
RF_data/event_data/EE04/201805091041_EE04.2
RF_data/event_data/EE04/201805091041_EE04.1
RF_data/event_data/EE04/201805091041_EE04.Z
RF_data/event_data/EE04/201805180145_EE04.2
RF_data/event_data/EE04/201805180145_EE04.1
RF_data/event_data/EE04/201805180145_EE04.Z
RF_data/event_data/EE04/201806212113_EE04.2
RF_data/event_data/EE04/201806212113_EE04.1
RF_data/event_data/EE04/201806212113_EE04.Z
RF_data/event_data/EE04/201807060140_EE04.2
RF_data/event_data/EE04/201807060140_EE04.1
RF_data/event_data/EE04/201807060140_EE04.Z
RF_data/event_data/EE04/201807072133_EE04.2
RF_data/event_data/EE04/201807072133_EE04.1
RF_data/event_data/EE04/201807072133_EE04.Z
RF_data/event_data/EE04/201807130946_EE04.2
RF_data/event_data/EE04/201807130946_EE04.1
RF_data/event_data/EE04/201807130946_EE04.Z
RF_data/event_data/EE04/201807150157_EE04.2
RF_data/event_data/EE04/201807150157_EE04.1
RF_data/event_data/EE04/201807150157_EE04.Z
RF_data/event_data/EE04/201807151309_EE04.2
RF_data/event_data/EE04/201807151309_EE04.1
RF_data/event_data/EE04/201807151309_EE04.Z
RF_data/event_data/EE04/201807170702_EE04.2
RF_data/event_data/EE04/201807170702_EE04.1
RF_data/event_data/EE04/201807170702_EE04.Z
RF_data/event_data/EE04/201807191830_EE04.2
RF_data/event_data/EE04/201807191830_EE04.1
RF_data/event_data/EE04/201807191830_EE04.Z
RF_data/event_data/EE04/201807231035_EE04.2
RF_data/event_data/EE04/201807231035_EE04.1
RF_data/event_data/EE04/201807231035_EE04.Z
RF_data/event_data/EE04/201807281707_EE04.2
RF_data/event_data/EE04/201807281707_EE04.1
RF_data/event_data/EE04/201807281707_EE04.Z
RF_data/event_data/EE04/201807282247_EE04.2
RF_data/event_data/EE04/201807282247_EE04.1
RF_data/event_data/EE04/201807282247_EE04.Z
RF_data/event_data/EE04/201808051146_EE04.2
RF_data/event_data/EE04/201808051146_EE04.1
RF_data/event_data/EE04/201808051146_EE04.Z
RF_data/event_data/EE04/201808101812_EE04.2
RF_data/event_data/EE04/201808101812_EE04.1
RF_data/event_data/EE04/201808101812_EE04.Z
RF_data/event_data/EE04/201808121458_EE04.2
RF_data/event_data/EE04/201808121458_EE04.1
RF_data/event_data/EE04/201808121458_EE04.Z
RF_data/event_data/EE04/201808122115_EE04.2
RF_data/event_data/EE04/201808122115_EE04.1
RF_data/event_data/EE04/201808122115_EE04.Z
RF_data/event_data/EE04/201808140329_EE04.2
RF_data/event_data/EE04/201808140329_EE04.1
RF_data/event_data/EE04/201808140329_EE04.Z
RF_data/event_data/EE04/201808152156_EE04.2
RF_data/event_data/EE04/201808152156_EE04.1
RF_data/event_data/EE04/201808152156_EE04.Z
RF_data/event_data/EE04/201808161822_EE04.2
RF_data/event_data/EE04/201808161822_EE04.1
RF_data/event_data/EE04/201808161822_EE04.Z
RF_data/event_data/EE04/201808171535_EE04.2
RF_data/event_data/EE04/201808171535_EE04.1
RF_data/event_data/EE04/201808171535_EE04.Z
reject event 32 for time discontinuity between 2 day records
can't preprocess /home/lun/scratch-lun/OBSdata/yORCA_data/Mseed/EE04/EE04.CH0.2018.231*.msd
can't preprocess /home/lun/scratch-lun/OBSdata/yORCA_data/Mseed/EE04/EE04.CH0.2018.231*.msd
RF_data/event_data/EE04/201808190410_EE04.2
RF_data/event_data/EE04/201808190410_EE04.1
RF_data/event_data/EE04/201808190410_EE04.Z
RF_data/event_data/EE04/201808190428_EE04.2
RF_data/event_data/EE04/201808190428_EE04.1
RF_data/event_data/EE04/201808190428_EE04.Z
RF_data/event_data/EE04/201808191456_EE04.2
RF_data/event_data/EE04/201808191456_EE04.1
RF_data/event_data/EE04/201808191456_EE04.Z
RF_data/event_data/EE04/201808212131_EE04.2
RF_data/event_data/EE04/201808212131_EE04.1
RF_data/event_data/EE04/201808212131_EE04.Z
RF_data/event_data/EE04/201808212232_EE04.2
RF_data/event_data/EE04/201808212232_EE04.1
RF_data/event_data/EE04/201808212232_EE04.Z
RF_data/event_data/EE04/201808220931_EE04.2
RF_data/event_data/EE04/201808220931_EE04.1
RF_data/event_data/EE04/201808220931_EE04.Z
RF_data/event_data/EE04/201808230335_EE04.2
RF_data/event_data/EE04/201808230335_EE04.1
RF_data/event_data/EE04/201808230335_EE04.Z
RF_data/event_data/EE04/201808240904_EE04.2
RF_data/event_data/EE04/201808240904_EE04.1
RF_data/event_data/EE04/201808240904_EE04.Z
RF_data/event_data/EE04/201808251650_EE04.2
RF_data/event_data/EE04/201808251650_EE04.1
RF_data/event_data/EE04/201808251650_EE04.Z
RF_data/event_data/EE04/201808252213_EE04.2
RF_data/event_data/EE04/201808252213_EE04.1
RF_data/event_data/EE04/201808252213_EE04.Z
RF_data/event_data/EE04/201808280708_EE04.2
RF_data/event_data/EE04/201808280708_EE04.1
RF_data/event_data/EE04/201808280708_EE04.Z
RF_data/event_data/EE04/201808282235_EE04.2
RF_data/event_data/EE04/201808282235_EE04.1
RF_data/event_data/EE04/201808282235_EE04.Z
RF_data/event_data/EE04/201808290351_EE04.2
RF_data/event_data/EE04/201808290351_EE04.1
RF_data/event_data/EE04/201808290351_EE04.Z
RF_data/event_data/EE04/201809051807_EE04.2
RF_data/event_data/EE04/201809051807_EE04.1
RF_data/event_data/EE04/201809051807_EE04.Z
RF_data/event_data/EE04/201809061549_EE04.2
RF_data/event_data/EE04/201809061549_EE04.1
RF_data/event_data/EE04/201809061549_EE04.Z
RF_data/event_data/EE04/201809070212_EE04.2
RF_data/event_data/EE04/201809070212_EE04.1
RF_data/event_data/EE04/201809070212_EE04.Z
RF_data/event_data/EE04/201809080716_EE04.2
RF_data/event_data/EE04/201809080716_EE04.1
RF_data/event_data/EE04/201809080716_EE04.Z
RF_data/event_data/EE04/201809091931_EE04.2
RF_data/event_data/EE04/201809091931_EE04.1
RF_data/event_data/EE04/201809091931_EE04.Z
RF_data/event_data/EE04/201809100419_EE04.2
RF_data/event_data/EE04/201809100419_EE04.1
RF_data/event_data/EE04/201809100419_EE04.Z
RF_data/event_data/EE04/201809101931_EE04.2
RF_data/event_data/EE04/201809101931_EE04.1
RF_data/event_data/EE04/201809101931_EE04.Z
RF_data/event_data/EE04/201809162111_EE04.2
RF_data/event_data/EE04/201809162111_EE04.1
RF_data/event_data/EE04/201809162111_EE04.Z
reject event 56 for EE04(event in cuming_hour)
reject event 57 for EE04(event in cuming_hour)
reject event 58 for EE04(event in cuming_hour)
reject event 59 for EE04(event in cuming_hour)
reject event 60 for time discontinuity between 2 day records
RF_data/event_data/EE04/201810090745_EE04.2
RF_data/event_data/EE04/201810090745_EE04.1
RF_data/event_data/EE04/201810090745_EE04.Z
RF_data/event_data/EE04/201810101844_EE04.2
RF_data/event_data/EE04/201810101844_EE04.1
RF_data/event_data/EE04/201810101844_EE04.Z
RF_data/event_data/EE04/201810102045_EE04.2
RF_data/event_data/EE04/201810102045_EE04.1
RF_data/event_data/EE04/201810102045_EE04.Z
RF_data/event_data/EE04/201810102048_EE04.2
RF_data/event_data/EE04/201810102048_EE04.1
RF_data/event_data/EE04/201810102048_EE04.Z
RF_data/event_data/EE04/201810102200_EE04.2
RF_data/event_data/EE04/201810102200_EE04.1
RF_data/event_data/EE04/201810102200_EE04.Z
reject event 66 for time discontinuity between 2 day records
RF_data/event_data/EE04/201810131110_EE04.2
RF_data/event_data/EE04/201810131110_EE04.1
RF_data/event_data/EE04/201810131110_EE04.Z
can't preprocess /home/lun/scratch-lun/OBSdata/yORCA_data/Mseed/EE04/EE04.CH0.2018.289*.msd
RF_data/event_data/EE04/201810160103_EE04.2
RF_data/event_data/EE04/201810160103_EE04.1
RF_data/event_data/EE04/201810160103_EE04.Z
RF_data/event_data/EE04/201810220539_EE04.2
RF_data/event_data/EE04/201810220539_EE04.1
RF_data/event_data/EE04/201810220539_EE04.Z
RF_data/event_data/EE04/201810220616_EE04.2
RF_data/event_data/EE04/201810220616_EE04.1
RF_data/event_data/EE04/201810220616_EE04.Z
RF_data/event_data/EE04/201810220622_EE04.2
RF_data/event_data/EE04/201810220622_EE04.1
RF_data/event_data/EE04/201810220622_EE04.Z
RF_data/event_data/EE04/201810252254_EE04.2
RF_data/event_data/EE04/201810252254_EE04.1
RF_data/event_data/EE04/201810252254_EE04.Z
RF_data/event_data/EE04/201810282223_EE04.2
RF_data/event_data/EE04/201810282223_EE04.1
RF_data/event_data/EE04/201810282223_EE04.Z
RF_data/event_data/EE04/201810290654_EE04.2
RF_data/event_data/EE04/201810290654_EE04.1
RF_data/event_data/EE04/201810290654_EE04.Z
RF_data/event_data/EE04/201810300213_EE04.2
RF_data/event_data/EE04/201810300213_EE04.1
RF_data/event_data/EE04/201810300213_EE04.Z
RF_data/event_data/EE04/201811012219_EE04.2
RF_data/event_data/EE04/201811012219_EE04.1
RF_data/event_data/EE04/201811012219_EE04.Z
RF_data/event_data/EE04/201811021101_EE04.2
RF_data/event_data/EE04/201811021101_EE04.1
RF_data/event_data/EE04/201811021101_EE04.Z
RF_data/event_data/EE04/201811040755_EE04.2
RF_data/event_data/EE04/201811040755_EE04.1
RF_data/event_data/EE04/201811040755_EE04.Z
RF_data/event_data/EE04/201811090149_EE04.2
RF_data/event_data/EE04/201811090149_EE04.1
RF_data/event_data/EE04/201811090149_EE04.Z
RF_data/event_data/EE04/201811100833_EE04.2
RF_data/event_data/EE04/201811100833_EE04.1
RF_data/event_data/EE04/201811100833_EE04.Z
RF_data/event_data/EE04/201811111403_EE04.2
RF_data/event_data/EE04/201811111403_EE04.1
RF_data/event_data/EE04/201811111403_EE04.Z
RF_data/event_data/EE04/201811142121_EE04.2
RF_data/event_data/EE04/201811142121_EE04.1
RF_data/event_data/EE04/201811142121_EE04.Z
RF_data/event_data/EE04/201811152002_EE04.2
RF_data/event_data/EE04/201811152002_EE04.1
RF_data/event_data/EE04/201811152002_EE04.Z
reject event 85 for time discontinuity between 2 day records
RF_data/event_data/EE04/201811160326_EE04.2
RF_data/event_data/EE04/201811160326_EE04.1
RF_data/event_data/EE04/201811160326_EE04.Z
RF_data/event_data/EE04/201811182025_EE04.2
RF_data/event_data/EE04/201811182025_EE04.1
RF_data/event_data/EE04/201811182025_EE04.Z
RF_data/event_data/EE04/201811250340_EE04.2
RF_data/event_data/EE04/201811250340_EE04.1
RF_data/event_data/EE04/201811250340_EE04.Z
RF_data/event_data/EE04/201811251637_EE04.2
RF_data/event_data/EE04/201811251637_EE04.1
RF_data/event_data/EE04/201811251637_EE04.Z
RF_data/event_data/EE04/201811301729_EE04.2
RF_data/event_data/EE04/201811301729_EE04.1
RF_data/event_data/EE04/201811301729_EE04.Z
RF_data/event_data/EE04/201812011327_EE04.2
RF_data/event_data/EE04/201812011327_EE04.1
RF_data/event_data/EE04/201812011327_EE04.Z
RF_data/event_data/EE04/201812050414_EE04.2
RF_data/event_data/EE04/201812050414_EE04.1
RF_data/event_data/EE04/201812050414_EE04.Z
RF_data/event_data/EE04/201812050418_EE04.2
RF_data/event_data/EE04/201812050418_EE04.1
RF_data/event_data/EE04/201812050418_EE04.Z
RF_data/event_data/EE04/201812050643_EE04.2
RF_data/event_data/EE04/201812050643_EE04.1
RF_data/event_data/EE04/201812050643_EE04.Z
RF_data/event_data/EE04/201812110226_EE04.2
RF_data/event_data/EE04/201812110226_EE04.1
RF_data/event_data/EE04/201812110226_EE04.Z
RF_data/event_data/EE04/201812121313_EE04.2
RF_data/event_data/EE04/201812121313_EE04.1
RF_data/event_data/EE04/201812121313_EE04.Z
RF_data/event_data/EE04/201812160942_EE04.2
RF_data/event_data/EE04/201812160942_EE04.1
RF_data/event_data/EE04/201812160942_EE04.Z
RF_data/event_data/EE04/201812190137_EE04.2
RF_data/event_data/EE04/201812190137_EE04.1
RF_data/event_data/EE04/201812190137_EE04.Z
RF_data/event_data/EE04/201812201701_EE04.2
RF_data/event_data/EE04/201812201701_EE04.1
RF_data/event_data/EE04/201812201701_EE04.Z
RF_data/event_data/EE04/201812221425_EE04.2
RF_data/event_data/EE04/201812221425_EE04.1
RF_data/event_data/EE04/201812221425_EE04.Z
reject event 101 for time discontinuity between 2 day records
RF_data/event_data/EE04/201812241241_EE04.2
RF_data/event_data/EE04/201812241241_EE04.1
RF_data/event_data/EE04/201812241241_EE04.Z
RF_data/event_data/EE04/201812290339_EE04.2
RF_data/event_data/EE04/201812290339_EE04.1
RF_data/event_data/EE04/201812290339_EE04.Z
RF_data/event_data/EE04/201812310235_EE04.2
RF_data/event_data/EE04/201812310235_EE04.1
RF_data/event_data/EE04/201812310235_EE04.Z
RF_data/event_data/EE04/201901051925_EE04.2
RF_data/event_data/EE04/201901051925_EE04.1
RF_data/event_data/EE04/201901051925_EE04.Z
RF_data/event_data/EE04/201901061727_EE04.2
RF_data/event_data/EE04/201901061727_EE04.1
RF_data/event_data/EE04/201901061727_EE04.Z
RF_data/event_data/EE04/201901081239_EE04.2
RF_data/event_data/EE04/201901081239_EE04.1
RF_data/event_data/EE04/201901081239_EE04.Z
RF_data/event_data/EE04/201901151806_EE04.2
RF_data/event_data/EE04/201901151806_EE04.1
RF_data/event_data/EE04/201901151806_EE04.Z
RF_data/event_data/EE04/201901171506_EE04.2
RF_data/event_data/EE04/201901171506_EE04.1
RF_data/event_data/EE04/201901171506_EE04.Z
RF_data/event_data/EE04/201901181318_EE04.2
RF_data/event_data/EE04/201901181318_EE04.1
RF_data/event_data/EE04/201901181318_EE04.Z
RF_data/event_data/EE04/201901200132_EE04.2
RF_data/event_data/EE04/201901200132_EE04.1
RF_data/event_data/EE04/201901200132_EE04.Z
reject event 112 for time discontinuity between 2 day records
RF_data/event_data/EE04/201901220510_EE04.2
RF_data/event_data/EE04/201901220510_EE04.1
RF_data/event_data/EE04/201901220510_EE04.Z
RF_data/event_data/EE04/201901221901_EE04.2
RF_data/event_data/EE04/201901221901_EE04.1
RF_data/event_data/EE04/201901221901_EE04.Z
RF_data/event_data/EE04/201901260351_EE04.2
RF_data/event_data/EE04/201901260351_EE04.1
RF_data/event_data/EE04/201901260351_EE04.Z
RF_data/event_data/EE04/201901261956_EE04.2
RF_data/event_data/EE04/201901261956_EE04.1
RF_data/event_data/EE04/201901261956_EE04.Z
RF_data/event_data/EE04/201902011614_EE04.2
RF_data/event_data/EE04/201902011614_EE04.1
RF_data/event_data/EE04/201902011614_EE04.Z
RF_data/event_data/EE04/201902020927_EE04.2
RF_data/event_data/EE04/201902020927_EE04.1
RF_data/event_data/EE04/201902020927_EE04.Z
RF_data/event_data/EE04/201902121234_EE04.2
RF_data/event_data/EE04/201902121234_EE04.1
RF_data/event_data/EE04/201902121234_EE04.Z
RF_data/event_data/EE04/201902141957_EE04.2
RF_data/event_data/EE04/201902141957_EE04.1
RF_data/event_data/EE04/201902141957_EE04.Z
RF_data/event_data/EE04/201902171435_EE04.2
RF_data/event_data/EE04/201902171435_EE04.1
RF_data/event_data/EE04/201902171435_EE04.Z
RF_data/event_data/EE04/201902221017_EE04.2
RF_data/event_data/EE04/201902221017_EE04.1
RF_data/event_data/EE04/201902221017_EE04.Z
RF_data/event_data/EE04/201903010850_EE04.2
RF_data/event_data/EE04/201903010850_EE04.1
RF_data/event_data/EE04/201903010850_EE04.Z
RF_data/event_data/EE04/201903061546_EE04.2
RF_data/event_data/EE04/201903061546_EE04.1
RF_data/event_data/EE04/201903061546_EE04.Z
RF_data/event_data/EE04/201903081506_EE04.2
RF_data/event_data/EE04/201903081506_EE04.1
RF_data/event_data/EE04/201903081506_EE04.Z
RF_data/event_data/EE04/201903100812_EE04.2
RF_data/event_data/EE04/201903100812_EE04.1
RF_data/event_data/EE04/201903100812_EE04.Z
RF_data/event_data/EE04/201903101248_EE04.2
RF_data/event_data/EE04/201903101248_EE04.1
RF_data/event_data/EE04/201903101248_EE04.Z
RF_data/event_data/EE04/201903150503_EE04.2
RF_data/event_data/EE04/201903150503_EE04.1
RF_data/event_data/EE04/201903150503_EE04.Z
RF_data/event_data/EE04/201903201523_EE04.2
RF_data/event_data/EE04/201903201523_EE04.1
RF_data/event_data/EE04/201903201523_EE04.Z
RF_data/event_data/EE04/201903231921_EE04.2
RF_data/event_data/EE04/201903231921_EE04.1
RF_data/event_data/EE04/201903231921_EE04.Z
RF_data/event_data/EE04/201903240437_EE04.2
RF_data/event_data/EE04/201903240437_EE04.1
RF_data/event_data/EE04/201903240437_EE04.Z
RF_data/event_data/EE04/201903282206_EE04.2
RF_data/event_data/EE04/201903282206_EE04.1
RF_data/event_data/EE04/201903282206_EE04.Z
RF_data/event_data/EE04/201903301120_EE04.2
RF_data/event_data/EE04/201903301120_EE04.1
RF_data/event_data/EE04/201903301120_EE04.Z
RF_data/event_data/EE04/201903310704_EE04.2
RF_data/event_data/EE04/201903310704_EE04.1
RF_data/event_data/EE04/201903310704_EE04.Z
RF_data/event_data/EE04/201904011839_EE04.2
RF_data/event_data/EE04/201904011839_EE04.1
RF_data/event_data/EE04/201904011839_EE04.Z
RF_data/event_data/EE04/201904022135_EE04.2
RF_data/event_data/EE04/201904022135_EE04.1
RF_data/event_data/EE04/201904022135_EE04.Z
RF_data/event_data/EE04/201904051614_EE04.2
RF_data/event_data/EE04/201904051614_EE04.1
RF_data/event_data/EE04/201904051614_EE04.Z
RF_data/event_data/EE04/201904062155_EE04.2
RF_data/event_data/EE04/201904062155_EE04.1
RF_data/event_data/EE04/201904062155_EE04.Z
RF_data/event_data/EE04/201904091753_EE04.2
RF_data/event_data/EE04/201904091753_EE04.1
RF_data/event_data/EE04/201904091753_EE04.Z
RF_data/event_data/EE04/201904110818_EE04.2
RF_data/event_data/EE04/201904110818_EE04.1
RF_data/event_data/EE04/201904110818_EE04.Z
RF_data/event_data/EE04/201904121140_EE04.2
RF_data/event_data/EE04/201904121140_EE04.1
RF_data/event_data/EE04/201904121140_EE04.Z
RF_data/event_data/EE04/201904121223_EE04.2
RF_data/event_data/EE04/201904121223_EE04.1
RF_data/event_data/EE04/201904121223_EE04.Z
RF_data/event_data/EE04/201904121451_EE04.2
RF_data/event_data/EE04/201904121451_EE04.1
RF_data/event_data/EE04/201904121451_EE04.Z
RF_data/event_data/EE04/201904180501_EE04.2
RF_data/event_data/EE04/201904180501_EE04.1
RF_data/event_data/EE04/201904180501_EE04.Z
RF_data/event_data/EE04/201904181446_EE04.2
RF_data/event_data/EE04/201904181446_EE04.1
RF_data/event_data/EE04/201904181446_EE04.Z
RF_data/event_data/EE04/201904220911_EE04.2
RF_data/event_data/EE04/201904220911_EE04.1
RF_data/event_data/EE04/201904220911_EE04.Z
RF_data/event_data/EE04/201904221449_EE04.2
RF_data/event_data/EE04/201904221449_EE04.1
RF_data/event_data/EE04/201904221449_EE04.Z
RF_data/event_data/EE04/201904230537_EE04.2
RF_data/event_data/EE04/201904230537_EE04.1
RF_data/event_data/EE04/201904230537_EE04.Z
RF_data/event_data/EE04/201904231420_EE04.2
RF_data/event_data/EE04/201904231420_EE04.1
RF_data/event_data/EE04/201904231420_EE04.Z
RF_data/event_data/EE04/201904291419_EE04.2
RF_data/event_data/EE04/201904291419_EE04.1
RF_data/event_data/EE04/201904291419_EE04.Z
RF_data/event_data/EE04/201905030725_EE04.2
RF_data/event_data/EE04/201905030725_EE04.1
RF_data/event_data/EE04/201905030725_EE04.Z
RF_data/event_data/EE04/201905062119_EE04.2
RF_data/event_data/EE04/201905062119_EE04.1
RF_data/event_data/EE04/201905062119_EE04.Z
reject event 153 for time discontinuity between 2 day records
RF_data/event_data/EE04/201905121924_EE04.2
RF_data/event_data/EE04/201905121924_EE04.1
RF_data/event_data/EE04/201905121924_EE04.Z
RF_data/event_data/EE04/201905141258_EE04.2
RF_data/event_data/EE04/201905141258_EE04.1
RF_data/event_data/EE04/201905141258_EE04.Z
RF_data/event_data/EE04/201905190123_EE04.2
RF_data/event_data/EE04/201905190123_EE04.1
RF_data/event_data/EE04/201905190123_EE04.Z
RF_data/event_data/EE04/201905191427_EE04.2
RF_data/event_data/EE04/201905191427_EE04.1
RF_data/event_data/EE04/201905191427_EE04.Z
RF_data/event_data/EE04/201905191456_EE04.2
RF_data/event_data/EE04/201905191456_EE04.1
RF_data/event_data/EE04/201905191456_EE04.Z
RF_data/event_data/EE04/201905230845_EE04.2
RF_data/event_data/EE04/201905230845_EE04.1
RF_data/event_data/EE04/201905230845_EE04.Z
RF_data/event_data/EE04/201905260741_EE04.2
RF_data/event_data/EE04/201905260741_EE04.1
RF_data/event_data/EE04/201905260741_EE04.Z
141 events found in EE04
