 imaginary part of "u" "v" "w"
    0      0.000000E+00      0.000000E+00      0.000000E+00
    8      0.874667E-10      0.000000E+00     -0.695368E-09
   16     -0.521376E-11      0.000000E+00      0.135989E-10
   24     -0.873156E-09      0.000000E+00      0.236884E-08
   32      0.323352E-11      0.000000E+00     -0.137806E-10
   40      0.379869E-09      0.000000E+00      0.399664E-09
   48     -0.456330E-11      0.000000E+00      0.145954E-10
   56      0.177314E-07      0.000000E+00     -0.509730E-07
   64     -0.198675E-08      0.000000E+00      0.546326E-08
   72     -0.210848E-09      0.000000E+00      0.190397E-08
   80      0.727754E-10      0.000000E+00     -0.221960E-09
   88      0.620461E-09      0.000000E+00     -0.213043E-08
   96      0.131395E-11      0.000000E+00     -0.395455E-11
  104     -0.145364E-09      0.000000E+00      0.148359E-09
  112      0.470217E-11      0.000000E+00      0.260146E-11
  120     -0.693759E-09      0.000000E+00      0.447619E-08
  128     -0.532024E-12      0.000000E+00      0.112183E-11
  136     -0.257310E-09      0.000000E+00      0.376159E-09
  144      0.587426E-11      0.000000E+00     -0.120169E-11
  152      0.352777E-09      0.000000E+00     -0.171270E-09
  160      0.183516E-12      0.000000E+00     -0.101215E-11
  168     -0.277318E-10      0.000000E+00      0.315521E-09
  176      0.496330E-11      0.000000E+00     -0.790747E-11
  184     -0.912169E-09      0.000000E+00      0.253738E-08
  192      0.124103E-09      0.000000E+00     -0.341099E-09
  200     -0.869431E-10      0.000000E+00      0.327925E-09
  208     -0.120456E-10      0.000000E+00      0.231344E-10
  216      0.434441E-09      0.000000E+00      0.469323E-09
  224     -0.377138E-12      0.000000E+00      0.536082E-12
  232     -0.502755E-10      0.000000E+00     -0.392243E-10
  240      0.588130E-12      0.000000E+00      0.452065E-12
  248     -0.206879E-08      0.000000E+00      0.302063E-08
  256     -0.215251E-14      0.000000E+00      0.593340E-14
  264     -0.267265E-09      0.000000E+00      0.527759E-10
  272      0.134455E-11      0.000000E+00      0.280577E-11
  280      0.142643E-09      0.000000E+00      0.782235E-09
  288      0.601848E-12      0.000000E+00      0.151368E-12
  296     -0.112681E-09      0.000000E+00     -0.785742E-09
  304      0.868832E-11      0.000000E+00     -0.104725E-10
  312      0.196750E-08      0.000000E+00     -0.299222E-09
  320     -0.981364E-09      0.000000E+00      0.349512E-09
  328     -0.114416E-09      0.000000E+00      0.449345E-09
  336      0.405882E-11      0.000000E+00      0.552047E-10
  344     -0.106982E-09      0.000000E+00      0.645957E-09
  352      0.651744E-13      0.000000E+00      0.209232E-12
  360     -0.912481E-10      0.000000E+00      0.260955E-09
  368     -0.402684E-11      0.000000E+00     -0.453149E-13
  376     -0.365424E-09      0.000000E+00      0.264093E-08
  384      0.148331E-12      0.000000E+00     -0.212340E-12
  392      0.793328E-10      0.000000E+00      0.312403E-10
  400     -0.509083E-12      0.000000E+00     -0.548404E-11
  408      0.380906E-10      0.000000E+00     -0.810278E-09
  416      0.462848E-12      0.000000E+00      0.396506E-12
  424     -0.389810E-10      0.000000E+00      0.149462E-09
  432      0.216798E-11      0.000000E+00     -0.961855E-11
  440     -0.479596E-09      0.000000E+00      0.218981E-08
  448      0.123998E-09      0.000000E+00     -0.340746E-09
  456      0.331307E-10      0.000000E+00     -0.189001E-10
  464     -0.334881E-11      0.000000E+00      0.212825E-10
  472     -0.254508E-10      0.000000E+00     -0.787084E-09
  480     -0.214324E-12      0.000000E+00      0.174645E-11
  488      0.105959E-09      0.000000E+00     -0.126977E-09
  496     -0.143000E-11      0.000000E+00      0.436874E-12
  504      0.114307E-09      0.000000E+00      0.978525E-09
  512      0.323131E-15      0.000000E+00     -0.905784E-15
  520     -0.345423E-10      0.000000E+00      0.105537E-08
  528     -0.541977E-11      0.000000E+00     -0.154452E-11
  536      0.319012E-09      0.000000E+00     -0.599943E-09
  544      0.278773E-12      0.000000E+00     -0.904128E-11
  552     -0.621518E-10      0.000000E+00      0.283742E-10
  560     -0.872056E-11      0.000000E+00      0.387050E-10
  568     -0.144075E-08      0.000000E+00     -0.312629E-08
  576      0.126145E-08      0.000000E+00      0.521181E-09
  584     -0.116323E-10      0.000000E+00     -0.168751E-09
  592     -0.647897E-11      0.000000E+00      0.163176E-10
  600     -0.228870E-09      0.000000E+00     -0.596409E-09
  608     -0.723306E-12      0.000000E+00     -0.319234E-12
  616     -0.152030E-09      0.000000E+00      0.184079E-10
  624      0.644218E-12      0.000000E+00     -0.103375E-10
  632     -0.746055E-09      0.000000E+00      0.290730E-08
  640     -0.207173E-12      0.000000E+00      0.262522E-12
  648      0.142515E-10      0.000000E+00     -0.384245E-09
  656     -0.455792E-12      0.000000E+00      0.963691E-12
  664     -0.835934E-10      0.000000E+00     -0.868970E-10
  672     -0.718874E-12      0.000000E+00      0.158844E-11
  680     -0.585276E-10      0.000000E+00      0.339830E-10
  688      0.635108E-11      0.000000E+00     -0.925040E-11
  696     -0.153072E-08      0.000000E+00      0.507149E-09
  704      0.124093E-09      0.000000E+00     -0.341064E-09
  712     -0.120355E-09      0.000000E+00      0.848191E-09
  720      0.331941E-11      0.000000E+00      0.188498E-10
  728      0.245503E-10      0.000000E+00      0.499956E-09
  736     -0.217266E-12      0.000000E+00      0.254692E-11
  744     -0.141289E-09      0.000000E+00     -0.300327E-09
  752     -0.358276E-11      0.000000E+00     -0.529623E-11
  760      0.900614E-09      0.000000E+00      0.615563E-11
  768      0.570522E-14      0.000000E+00     -0.948611E-14
  776      0.584403E-11      0.000000E+00     -0.308142E-09
  784      0.435725E-11      0.000000E+00     -0.184679E-10
  792     -0.282880E-09      0.000000E+00     -0.464455E-09
  800      0.287432E-12      0.000000E+00      0.334881E-11
  808     -0.117580E-09      0.000000E+00      0.502202E-09
  816     -0.118112E-11      0.000000E+00      0.197540E-10
  824     -0.522294E-09      0.000000E+00      0.155810E-09
  832     -0.654333E-09      0.000000E+00     -0.989065E-09
  840      0.448493E-09      0.000000E+00     -0.584108E-09
  848     -0.203764E-11      0.000000E+00      0.265583E-12
  856     -0.152503E-09      0.000000E+00     -0.971622E-09
  864     -0.949125E-12      0.000000E+00     -0.259726E-12
  872     -0.688029E-10      0.000000E+00     -0.463830E-10
  880      0.964718E-12      0.000000E+00     -0.586821E-11
  888     -0.973007E-10      0.000000E+00      0.219655E-08
  896      0.417495E-13      0.000000E+00     -0.354449E-12
  904      0.142285E-09      0.000000E+00      0.282708E-09
  912     -0.292937E-11      0.000000E+00      0.438318E-11
  920     -0.103928E-09      0.000000E+00      0.604536E-09
  928      0.542340E-12      0.000000E+00     -0.136742E-11
  936     -0.118187E-09      0.000000E+00     -0.119132E-09
  944      0.640392E-11      0.000000E+00      0.106412E-10
  952     -0.702807E-09      0.000000E+00      0.180268E-08
  960      0.124089E-09      0.000000E+00     -0.341043E-09
  968     -0.996902E-10      0.000000E+00     -0.275654E-11
  976     -0.214777E-11      0.000000E+00      0.288898E-10
  984     -0.519680E-10      0.000000E+00     -0.296266E-09
  992      0.177085E-12      0.000000E+00      0.138178E-12
 1000     -0.754240E-12      0.000000E+00      0.190196E-09
 1008     -0.811639E-12      0.000000E+00     -0.132074E-11
 1016     -0.103683E-08      0.000000E+00      0.148407E-08
 1024      0.000000E+00      0.000000E+00      0.000000E+00
 1032     -0.132598E-10      0.000000E+00     -0.216519E-09
 1040     -0.248528E-11      0.000000E+00      0.177549E-11
 1048      0.366485E-09      0.000000E+00     -0.464238E-09
 1056     -0.404459E-12      0.000000E+00      0.771317E-12
 1064     -0.785160E-10      0.000000E+00      0.676206E-11
 1072      0.998861E-11      0.000000E+00     -0.145084E-10
 1080     -0.895098E-09      0.000000E+00      0.863162E-08
 1088     -0.124103E-09      0.000000E+00      0.173797E-08
 1096      0.219831E-10      0.000000E+00      0.413228E-10
 1104      0.158311E-13      0.000000E+00      0.399743E-10
 1112     -0.101678E-09      0.000000E+00     -0.937175E-09
 1120     -0.505036E-12      0.000000E+00     -0.316569E-12
 1128      0.460847E-10      0.000000E+00      0.192924E-09
 1136     -0.211904E-11      0.000000E+00      0.126059E-10
 1144      0.324729E-10      0.000000E+00      0.121657E-08
 1152      0.377471E-12      0.000000E+00     -0.697154E-12
 1160      0.701082E-10      0.000000E+00      0.430274E-09
 1168     -0.367544E-11      0.000000E+00     -0.211118E-11
 1176      0.240966E-09      0.000000E+00     -0.208787E-09
 1184      0.979323E-12      0.000000E+00     -0.330024E-12
 1192     -0.371678E-10      0.000000E+00      0.137964E-10
 1200     -0.133971E-10      0.000000E+00      0.493914E-11
 1208      0.101577E-09      0.000000E+00     -0.137368E-08
 1216      0.124103E-09      0.000000E+00     -0.340872E-09
 1224      0.180164E-09      0.000000E+00     -0.210939E-10
 1232     -0.222201E-12      0.000000E+00      0.176774E-10
 1240      0.337267E-09      0.000000E+00     -0.747865E-09
 1248     -0.334506E-12      0.000000E+00      0.269613E-11
 1256      0.150495E-09      0.000000E+00      0.346458E-09
 1264     -0.273721E-11      0.000000E+00     -0.477753E-11
 1272     -0.864283E-09      0.000000E+00      0.173275E-08
 1280     -0.215251E-14      0.000000E+00      0.593340E-14
 1288     -0.201270E-09      0.000000E+00     -0.525265E-09
 1296      0.128770E-11      0.000000E+00     -0.873344E-11
 1304     -0.115071E-09      0.000000E+00      0.526269E-09
 1312     -0.357385E-12      0.000000E+00      0.370408E-11
 1320      0.145633E-10      0.000000E+00      0.289253E-09
 1328      0.140316E-10      0.000000E+00     -0.274182E-11
 1336     -0.246228E-08      0.000000E+00      0.562710E-08
 1344      0.767168E-09      0.000000E+00     -0.219228E-08
 1352     -0.218040E-09      0.000000E+00     -0.208653E-09
 1360     -0.836147E-11      0.000000E+00     -0.625720E-11
 1368     -0.107216E-09      0.000000E+00     -0.130212E-09
 1376      0.338733E-12      0.000000E+00     -0.106974E-11
 1384     -0.823023E-10      0.000000E+00     -0.200997E-09
 1392     -0.225441E-12      0.000000E+00     -0.680258E-11
 1400     -0.155199E-08      0.000000E+00      0.128314E-08
 1408      0.176753E-12      0.000000E+00     -0.212340E-12
 1416     -0.984912E-10      0.000000E+00      0.203320E-09
 1424      0.134366E-11      0.000000E+00      0.458701E-11
 1432      0.331809E-09      0.000000E+00     -0.721641E-09
 1440     -0.799254E-12      0.000000E+00      0.506640E-12
 1448     -0.250730E-10      0.000000E+00     -0.176951E-09
 1456     -0.365981E-11      0.000000E+00      0.571941E-11
 1464     -0.315435E-09      0.000000E+00     -0.953472E-10
 1472      0.124009E-09      0.000000E+00     -0.340543E-09
 1480     -0.135934E-09      0.000000E+00      0.252104E-10
 1488     -0.145039E-10      0.000000E+00      0.254694E-10
 1496      0.852238E-10      0.000000E+00      0.257308E-09
 1504     -0.454688E-12      0.000000E+00     -0.124272E-11
 1512     -0.306155E-10      0.000000E+00      0.141979E-09
 1520     -0.534341E-12      0.000000E+00      0.760821E-11
 1528     -0.107084E-08      0.000000E+00      0.115855E-08
 1536     -0.323131E-15      0.000000E+00      0.905784E-15
 1544     -0.183199E-09      0.000000E+00     -0.336675E-10
 1552      0.449206E-12      0.000000E+00      0.418600E-11
 1560      0.251158E-09      0.000000E+00     -0.323985E-09
 1568     -0.108769E-11      0.000000E+00      0.694593E-11
 1576      0.288110E-10      0.000000E+00      0.116117E-09
 1584      0.141459E-10      0.000000E+00     -0.386180E-10
 1592      0.151320E-08      0.000000E+00      0.548837E-08
 1600      0.352989E-09      0.000000E+00     -0.770532E-09
 1608     -0.642893E-09      0.000000E+00      0.211404E-08
 1616     -0.804128E-11      0.000000E+00     -0.236806E-10
 1624     -0.474707E-09      0.000000E+00      0.102126E-08
 1632     -0.286766E-12      0.000000E+00      0.332407E-11
 1640      0.177351E-09      0.000000E+00      0.117330E-09
 1648     -0.789566E-12      0.000000E+00      0.789746E-13
 1656     -0.420001E-09      0.000000E+00      0.148852E-08
 1664      0.526195E-13      0.000000E+00      0.162158E-12
 1672     -0.632100E-10      0.000000E+00      0.131117E-09
 1680      0.447360E-11      0.000000E+00      0.132312E-10
 1688      0.179672E-09      0.000000E+00      0.163952E-08
 1696     -0.505711E-12      0.000000E+00      0.207161E-11
 1704      0.696845E-10      0.000000E+00     -0.127353E-09
 1712     -0.190987E-11      0.000000E+00      0.102611E-10
 1720     -0.113587E-08      0.000000E+00     -0.242147E-09
 1728      0.124113E-09      0.000000E+00     -0.340908E-09
 1736      0.716385E-10      0.000000E+00      0.370294E-09
 1744     -0.393434E-11      0.000000E+00      0.117870E-10
 1752      0.930609E-10      0.000000E+00      0.166950E-09
 1760     -0.863860E-12      0.000000E+00      0.250429E-11
 1768     -0.842750E-10      0.000000E+00      0.453801E-10
 1776     -0.126639E-11      0.000000E+00      0.570298E-11
 1784     -0.687396E-09      0.000000E+00      0.442500E-09
 1792     -0.140020E-14      0.000000E+00     -0.238068E-14
 1800     -0.792008E-10      0.000000E+00     -0.220959E-09
 1808      0.580675E-11      0.000000E+00     -0.230722E-10
 1816     -0.248717E-09      0.000000E+00     -0.162129E-11
 1824     -0.214973E-11      0.000000E+00      0.679494E-11
 1832      0.180485E-10      0.000000E+00      0.137751E-09
 1840     -0.106882E-10      0.000000E+00     -0.636559E-11
 1848     -0.700676E-09      0.000000E+00     -0.759540E-09
 1856      0.372117E-09      0.000000E+00     -0.139216E-08
 1864     -0.281039E-10      0.000000E+00      0.508707E-09
 1872     -0.227002E-10      0.000000E+00     -0.573140E-11
 1880      0.265581E-09      0.000000E+00      0.876300E-09
 1888      0.344062E-12      0.000000E+00     -0.146039E-12
 1896     -0.603421E-10      0.000000E+00     -0.383294E-09
 1904     -0.109586E-11      0.000000E+00      0.720577E-11
 1912     -0.242479E-09      0.000000E+00     -0.268136E-08
 1920     -0.577265E-13      0.000000E+00     -0.702317E-13
 1928     -0.139632E-10      0.000000E+00     -0.448952E-09
 1936     -0.399518E-11      0.000000E+00      0.143876E-10
 1944     -0.177597E-09      0.000000E+00      0.106133E-08
 1952      0.258123E-12      0.000000E+00     -0.295903E-11
 1960     -0.101106E-09      0.000000E+00      0.139392E-09
 1968     -0.832208E-11      0.000000E+00     -0.443647E-11
 1976     -0.323122E-09      0.000000E+00      0.397171E-09
 1984      0.124316E-09      0.000000E+00     -0.341611E-09
 1992      0.101024E-09      0.000000E+00     -0.266965E-09
 2000      0.390605E-11      0.000000E+00     -0.191934E-11
 2008      0.210308E-09      0.000000E+00      0.707155E-10
 2016      0.188239E-11      0.000000E+00     -0.418192E-11
 2024      0.610002E-12      0.000000E+00      0.344448E-10
 2032     -0.308538E-11      0.000000E+00     -0.154811E-11
 2040      0.641204E-10      0.000000E+00      0.270875E-09
