line 135 - INFO: Start processing 201805020632_CC11
line 179 - INFO: distance 26.7 is not within range (30.0,95.0), continue
line 135 - INFO: Start processing 201805042232_CC11
/home/lun/Desktop/software/anaconda2/lib/python2.7/site-packages/obspy/taup/tau_branch.py:496: UserWarning: Resizing a TauP array inplace failed due to the existence of other references to the array, creating a new array. See Obspy #2280.
  warnings.warn(msg)
line 135 - INFO: Start processing 201805050619_CC11
line 179 - INFO: distance 104.1 is not within range (30.0,95.0), continue
line 135 - INFO: Start processing 201805090757_CC11
line 242 - INFO: snr not high enough, continue
line 135 - INFO: Start processing 201805091041_CC11
line 179 - INFO: distance 143.0 is not within range (30.0,95.0), continue
line 135 - INFO: Start processing 201805180145_CC11
line 135 - INFO: Start processing 201806212113_CC11
line 135 - INFO: Start processing 201807130946_CC11
line 135 - INFO: Start processing 201807150157_CC11
line 179 - INFO: distance 171.8 is not within range (30.0,95.0), continue
line 135 - INFO: Start processing 201807151309_CC11
line 179 - INFO: distance 172.0 is not within range (30.0,95.0), continue
line 135 - INFO: Start processing 201807191830_CC11
line 135 - INFO: Start processing 201807231035_CC11
line 179 - INFO: distance 113.9 is not within range (30.0,95.0), continue
line 135 - INFO: Start processing 201807281707_CC11
line 179 - INFO: distance 102.7 is not within range (30.0,95.0), continue
line 135 - INFO: Start processing 201807282247_CC11
line 179 - INFO: distance 108.6 is not within range (30.0,95.0), continue
line 135 - INFO: Start processing 201808051146_CC11
line 179 - INFO: distance 108.6 is not within range (30.0,95.0), continue
line 135 - INFO: Start processing 201808101812_CC11
line 135 - INFO: Start processing 201808121458_CC11
line 135 - INFO: Start processing 201808122115_CC11
line 242 - INFO: snr not high enough, continue
line 135 - INFO: Start processing 201808140329_CC11
line 135 - INFO: Start processing 201808152156_CC11
line 135 - INFO: Start processing 201808161822_CC11
line 242 - INFO: snr not high enough, continue
line 135 - INFO: Start processing 201808171535_CC11
line 179 - INFO: distance 105.5 is not within range (30.0,95.0), continue
line 135 - INFO: Start processing 201808190410_CC11
line 179 - INFO: distance 108.5 is not within range (30.0,95.0), continue
line 135 - INFO: Start processing 201808190428_CC11
line 135 - INFO: Start processing 201808191456_CC11
line 179 - INFO: distance 108.4 is not within range (30.0,95.0), continue
line 135 - INFO: Start processing 201808212131_CC11
line 135 - INFO: Start processing 201807170702_CC11
line 242 - INFO: snr not high enough, continue
line 135 - INFO: Start processing 201808212232_CC11
line 135 - INFO: Start processing 201809180727_CC11
line 179 - INFO: distance 134.8 is not within range (30.0,95.0), continue
line 135 - INFO: Start processing 201810300213_CC11
line 135 - INFO: Start processing 201812050643_CC11
line 135 - INFO: Start processing 201901220510_CC11
line 179 - INFO: distance 105.7 is not within range (30.0,95.0), continue
line 135 - INFO: Start processing 201903231921_CC11
line 135 - INFO: Start processing 201904221449_CC11
line 242 - INFO: snr not high enough, continue
line 135 - INFO: Start processing 201808220931_CC11
line 135 - INFO: Start processing 201808230335_CC11
line 135 - INFO: Start processing 201808240904_CC11
line 135 - INFO: Start processing 201808251650_CC11
line 135 - INFO: Start processing 201808252213_CC11
line 179 - INFO: distance 153.1 is not within range (30.0,95.0), continue
line 135 - INFO: Start processing 201808280708_CC11
line 179 - INFO: distance 100.7 is not within range (30.0,95.0), continue
line 135 - INFO: Start processing 201808282235_CC11
line 135 - INFO: Start processing 201808290351_CC11
line 135 - INFO: Start processing 201809051807_CC11
line 135 - INFO: Start processing 201809061549_CC11
line 135 - INFO: Start processing 201809070212_CC11
line 135 - INFO: Start processing 201809080716_CC11
line 179 - INFO: distance 100.9 is not within range (30.0,95.0), continue
line 135 - INFO: Start processing 201809091931_CC11
line 135 - INFO: Start processing 201809100419_CC11
line 242 - INFO: snr not high enough, continue
line 135 - INFO: Start processing 201809101931_CC11
line 242 - INFO: snr not high enough, continue
line 135 - INFO: Start processing 201809162111_CC11
line 135 - INFO: Start processing 201809280659_CC11
line 179 - INFO: distance 106.6 is not within range (30.0,95.0), continue
line 135 - INFO: Start processing 201809281002_CC11
line 179 - INFO: distance 106.6 is not within range (30.0,95.0), continue
line 135 - INFO: Start processing 201809301052_CC11
line 135 - INFO: Start processing 201810090745_CC11
line 135 - INFO: Start processing 201810101844_CC11
line 179 - INFO: distance 110.7 is not within range (30.0,95.0), continue
line 135 - INFO: Start processing 201810102045_CC11
line 135 - INFO: Start processing 201810102048_CC11
line 135 - INFO: Start processing 201810102200_CC11
line 135 - INFO: Start processing 201810131110_CC11
line 135 - INFO: Start processing 201810160103_CC11
line 135 - INFO: Start processing 201810220539_CC11
line 135 - INFO: Start processing 201810220616_CC11
line 135 - INFO: Start processing 201810220622_CC11
line 135 - INFO: Start processing 201810252254_CC11
line 179 - INFO: distance 141.9 is not within range (30.0,95.0), continue
line 135 - INFO: Start processing 201810282223_CC11
line 135 - INFO: Start processing 201810290654_CC11
line 135 - INFO: Start processing 201811012219_CC11
line 135 - INFO: Start processing 201811021101_CC11
line 135 - INFO: Start processing 201811040755_CC11
line 179 - INFO: distance 103.5 is not within range (30.0,95.0), continue
line 135 - INFO: Start processing 201811090149_CC11
line 179 - INFO: distance 106.9 is not within range (30.0,95.0), continue
line 135 - INFO: Start processing 201811100833_CC11
line 135 - INFO: Start processing 201811111403_CC11
line 242 - INFO: snr not high enough, continue
line 135 - INFO: Start processing 201811142121_CC11
line 135 - INFO: Start processing 201811152002_CC11
line 135 - INFO: Start processing 201811160326_CC11
line 135 - INFO: Start processing 201811182025_CC11
line 135 - INFO: Start processing 201811250340_CC11
line 135 - INFO: Start processing 201811251637_CC11
line 179 - INFO: distance 153.3 is not within range (30.0,95.0), continue
line 135 - INFO: Start processing 201811301729_CC11
line 135 - INFO: Start processing 201812011327_CC11
line 179 - INFO: distance 96.8 is not within range (30.0,95.0), continue
line 135 - INFO: Start processing 201812050414_CC11
line 135 - INFO: Start processing 201812050418_CC11
line 135 - INFO: Start processing 201812110226_CC11
line 135 - INFO: Start processing 201812121313_CC11
line 135 - INFO: Start processing 201812160942_CC11
line 135 - INFO: Start processing 201812190137_CC11
line 135 - INFO: Start processing 201812201701_CC11
line 242 - INFO: snr not high enough, continue
line 135 - INFO: Start processing 201812221425_CC11
line 135 - INFO: Start processing 201812241241_CC11
line 135 - INFO: Start processing 201812290339_CC11
line 179 - INFO: distance 100.3 is not within range (30.0,95.0), continue
line 135 - INFO: Start processing 201812310235_CC11
line 135 - INFO: Start processing 201901051925_CC11
line 135 - INFO: Start processing 201901061727_CC11
line 179 - INFO: distance 100.0 is not within range (30.0,95.0), continue
line 135 - INFO: Start processing 201901081239_CC11
line 179 - INFO: distance 98.5 is not within range (30.0,95.0), continue
line 135 - INFO: Start processing 201901151806_CC11
line 242 - INFO: snr not high enough, continue
line 135 - INFO: Start processing 201901171506_CC11
line 135 - INFO: Start processing 201901181318_CC11
line 242 - INFO: snr not high enough, continue
line 135 - INFO: Start processing 201901200132_CC11
line 242 - INFO: snr not high enough, continue
line 135 - INFO: Start processing 201901221901_CC11
line 179 - INFO: distance 129.4 is not within range (30.0,95.0), continue
line 135 - INFO: Start processing 201901260351_CC11
line 135 - INFO: Start processing 201901261956_CC11
line 242 - INFO: snr not high enough, continue
line 135 - INFO: Start processing 201902011614_CC11
line 135 - INFO: Start processing 201902020927_CC11
line 179 - INFO: distance 125.6 is not within range (30.0,95.0), continue
line 135 - INFO: Start processing 201902121234_CC11
line 242 - INFO: snr not high enough, continue
line 135 - INFO: Start processing 201902141957_CC11
line 179 - INFO: distance 100.3 is not within range (30.0,95.0), continue
line 135 - INFO: Start processing 201902171435_CC11
line 135 - INFO: Start processing 201902221017_CC11
line 135 - INFO: Start processing 201903010850_CC11
line 135 - INFO: Start processing 201903061546_CC11
line 135 - INFO: Start processing 201903081506_CC11
line 179 - INFO: distance 101.7 is not within range (30.0,95.0), continue
line 135 - INFO: Start processing 201903100812_CC11
line 135 - INFO: Start processing 201903101248_CC11
line 242 - INFO: snr not high enough, continue
line 135 - INFO: Start processing 201903150503_CC11
line 135 - INFO: Start processing 201903201523_CC11
line 242 - INFO: snr not high enough, continue
line 135 - INFO: Start processing 201903240437_CC11
line 179 - INFO: distance 100.3 is not within range (30.0,95.0), continue
line 135 - INFO: Start processing 201903282206_CC11
line 135 - INFO: Start processing 201903301120_CC11
line 135 - INFO: Start processing 201903310704_CC11
line 135 - INFO: Start processing 201904011839_CC11
line 179 - INFO: distance 148.4 is not within range (30.0,95.0), continue
line 135 - INFO: Start processing 201904022135_CC11
line 135 - INFO: Start processing 201904051614_CC11
line 135 - INFO: Start processing 201904062155_CC11
line 179 - INFO: distance 100.5 is not within range (30.0,95.0), continue
line 135 - INFO: Start processing 201904091753_CC11
line 135 - INFO: Start processing 201904110818_CC11
line 135 - INFO: Start processing 201904121140_CC11
line 179 - INFO: distance 103.6 is not within range (30.0,95.0), continue
line 135 - INFO: Start processing 201904121223_CC11
line 135 - INFO: Start processing 201904121451_CC11
line 135 - INFO: Start processing 201904180501_CC11
line 179 - INFO: distance 106.6 is not within range (30.0,95.0), continue
line 135 - INFO: Start processing 201904181446_CC11
line 135 - INFO: Start processing 201904220911_CC11
line 179 - INFO: distance 107.4 is not within range (30.0,95.0), continue
line 135 - INFO: Start processing 201904230537_CC11
line 179 - INFO: distance 102.6 is not within range (30.0,95.0), continue
line 135 - INFO: Start processing 201904231420_CC11
line 135 - INFO: Start processing 201904291419_CC11
line 179 - INFO: distance 169.0 is not within range (30.0,95.0), continue
line 135 - INFO: Start processing 201905030725_CC11
line 135 - INFO: Start processing 201905062119_CC11
line 135 - INFO: Start processing 201905121924_CC11
line 135 - INFO: Start processing 201905141258_CC11
