line 135 - INFO: Start processing 201805020632_WC05
line 179 - INFO: distance 27.7 is not within range (30.0,95.0), continue
line 135 - INFO: Start processing 201805042232_WC05
/home/lun/Desktop/software/anaconda2/lib/python2.7/site-packages/obspy/taup/tau_branch.py:496: UserWarning: Resizing a TauP array inplace failed due to the existence of other references to the array, creating a new array. See Obspy #2280.
  warnings.warn(msg)
line 135 - INFO: Start processing 201805050619_WC05
line 179 - INFO: distance 102.9 is not within range (30.0,95.0), continue
line 135 - INFO: Start processing 201805090757_WC05
line 135 - INFO: Start processing 201805091041_WC05
line 179 - INFO: distance 142.2 is not within range (30.0,95.0), continue
line 135 - INFO: Start processing 201805180145_WC05
line 135 - INFO: Start processing 201806212113_WC05
line 135 - INFO: Start processing 201807060140_WC05
line 135 - INFO: Start processing 201807072133_WC05
line 135 - INFO: Start processing 201807130946_WC05
line 135 - INFO: Start processing 201807151309_WC05
line 179 - INFO: distance 171.0 is not within range (30.0,95.0), continue
line 135 - INFO: Start processing 201807170702_WC05
line 135 - INFO: Start processing 201807191830_WC05
line 135 - INFO: Start processing 201807231035_WC05
line 179 - INFO: distance 115.0 is not within range (30.0,95.0), continue
line 135 - INFO: Start processing 201807281707_WC05
line 179 - INFO: distance 101.7 is not within range (30.0,95.0), continue
line 135 - INFO: Start processing 201807282247_WC05
line 179 - INFO: distance 107.5 is not within range (30.0,95.0), continue
line 135 - INFO: Start processing 201808051146_WC05
line 179 - INFO: distance 107.6 is not within range (30.0,95.0), continue
line 135 - INFO: Start processing 201808101812_WC05
line 135 - INFO: Start processing 201808121458_WC05
line 135 - INFO: Start processing 201808122115_WC05
line 135 - INFO: Start processing 201808140329_WC05
line 135 - INFO: Start processing 201808152156_WC05
line 242 - INFO: snr not high enough, continue
line 135 - INFO: Start processing 201808161822_WC05
line 135 - INFO: Start processing 201808171535_WC05
line 179 - INFO: distance 104.5 is not within range (30.0,95.0), continue
line 135 - INFO: Start processing 201808190410_WC05
line 179 - INFO: distance 107.4 is not within range (30.0,95.0), continue
line 135 - INFO: Start processing 201808190428_WC05
line 135 - INFO: Start processing 201807150157_WC05
line 179 - INFO: distance 170.9 is not within range (30.0,95.0), continue
line 135 - INFO: Start processing 201808191456_WC05
line 179 - INFO: distance 107.4 is not within range (30.0,95.0), continue
line 135 - INFO: Start processing 201809101931_WC05
line 135 - INFO: Start processing 201810282223_WC05
line 135 - INFO: Start processing 201812050414_WC05
line 135 - INFO: Start processing 201901260351_WC05
line 135 - INFO: Start processing 201903282206_WC05
line 135 - INFO: Start processing 201808212131_WC05
line 242 - INFO: snr not high enough, continue
line 135 - INFO: Start processing 201808212232_WC05
line 135 - INFO: Start processing 201808220931_WC05
line 135 - INFO: Start processing 201808230335_WC05
line 135 - INFO: Start processing 201808240904_WC05
line 135 - INFO: Start processing 201808251650_WC05
line 135 - INFO: Start processing 201808252213_WC05
line 179 - INFO: distance 152.8 is not within range (30.0,95.0), continue
line 135 - INFO: Start processing 201808280708_WC05
line 179 - INFO: distance 99.6 is not within range (30.0,95.0), continue
line 135 - INFO: Start processing 201808282235_WC05
line 135 - INFO: Start processing 201808290351_WC05
line 135 - INFO: Start processing 201809051807_WC05
line 135 - INFO: Start processing 201809061549_WC05
line 135 - INFO: Start processing 201809070212_WC05
line 242 - INFO: snr not high enough, continue
line 135 - INFO: Start processing 201809080716_WC05
line 179 - INFO: distance 99.8 is not within range (30.0,95.0), continue
line 135 - INFO: Start processing 201809091931_WC05
line 135 - INFO: Start processing 201809100419_WC05
line 135 - INFO: Start processing 201809162111_WC05
line 135 - INFO: Start processing 201809180727_WC05
line 179 - INFO: distance 135.0 is not within range (30.0,95.0), continue
line 135 - INFO: Start processing 201809280659_WC05
line 179 - INFO: distance 105.5 is not within range (30.0,95.0), continue
line 135 - INFO: Start processing 201809281002_WC05
line 179 - INFO: distance 105.5 is not within range (30.0,95.0), continue
line 135 - INFO: Start processing 201809301052_WC05
line 135 - INFO: Start processing 201810090745_WC05
line 135 - INFO: Start processing 201810101844_WC05
line 179 - INFO: distance 109.7 is not within range (30.0,95.0), continue
line 135 - INFO: Start processing 201810102045_WC05
line 135 - INFO: Start processing 201810102048_WC05
line 135 - INFO: Start processing 201810102200_WC05
line 135 - INFO: Start processing 201810131110_WC05
line 242 - INFO: snr not high enough, continue
line 135 - INFO: Start processing 201810160103_WC05
line 135 - INFO: Start processing 201810220539_WC05
line 135 - INFO: Start processing 201810220616_WC05
line 135 - INFO: Start processing 201810220622_WC05
line 135 - INFO: Start processing 201810252254_WC05
line 179 - INFO: distance 142.3 is not within range (30.0,95.0), continue
line 135 - INFO: Start processing 201810290654_WC05
line 135 - INFO: Start processing 201810300213_WC05
line 135 - INFO: Start processing 201811012219_WC05
line 135 - INFO: Start processing 201811021101_WC05
line 135 - INFO: Start processing 201811040755_WC05
line 179 - INFO: distance 102.4 is not within range (30.0,95.0), continue
line 135 - INFO: Start processing 201811090149_WC05
line 179 - INFO: distance 107.0 is not within range (30.0,95.0), continue
line 135 - INFO: Start processing 201811100833_WC05
line 135 - INFO: Start processing 201811111403_WC05
line 135 - INFO: Start processing 201811142121_WC05
line 135 - INFO: Start processing 201811152002_WC05
line 135 - INFO: Start processing 201811160326_WC05
line 135 - INFO: Start processing 201811182025_WC05
line 135 - INFO: Start processing 201811250340_WC05
line 135 - INFO: Start processing 201811251637_WC05
line 179 - INFO: distance 153.0 is not within range (30.0,95.0), continue
line 135 - INFO: Start processing 201811301729_WC05
line 135 - INFO: Start processing 201812011327_WC05
line 179 - INFO: distance 95.7 is not within range (30.0,95.0), continue
line 135 - INFO: Start processing 201812050418_WC05
line 135 - INFO: Start processing 201812050643_WC05
line 135 - INFO: Start processing 201812201701_WC05
line 135 - INFO: Start processing 201812221425_WC05
line 135 - INFO: Start processing 201812241241_WC05
line 135 - INFO: Start processing 201812290339_WC05
line 179 - INFO: distance 99.2 is not within range (30.0,95.0), continue
line 135 - INFO: Start processing 201812310235_WC05
line 135 - INFO: Start processing 201901051925_WC05
line 135 - INFO: Start processing 201901061727_WC05
line 179 - INFO: distance 98.9 is not within range (30.0,95.0), continue
line 135 - INFO: Start processing 201901081239_WC05
line 179 - INFO: distance 97.5 is not within range (30.0,95.0), continue
line 135 - INFO: Start processing 201901151806_WC05
line 135 - INFO: Start processing 201901171506_WC05
line 135 - INFO: Start processing 201901181318_WC05
line 135 - INFO: Start processing 201901200132_WC05
line 135 - INFO: Start processing 201901220510_WC05
line 179 - INFO: distance 104.7 is not within range (30.0,95.0), continue
line 135 - INFO: Start processing 201901221901_WC05
line 179 - INFO: distance 129.8 is not within range (30.0,95.0), continue
line 135 - INFO: Start processing 201901261956_WC05
line 135 - INFO: Start processing 201902011614_WC05
line 135 - INFO: Start processing 201902020927_WC05
line 179 - INFO: distance 124.6 is not within range (30.0,95.0), continue
line 135 - INFO: Start processing 201902121234_WC05
line 135 - INFO: Start processing 201902141957_WC05
line 179 - INFO: distance 101.1 is not within range (30.0,95.0), continue
line 135 - INFO: Start processing 201902171435_WC05
line 135 - INFO: Start processing 201902221017_WC05
line 135 - INFO: Start processing 201903010850_WC05
line 135 - INFO: Start processing 201903061546_WC05
line 135 - INFO: Start processing 201903081506_WC05
line 179 - INFO: distance 100.6 is not within range (30.0,95.0), continue
line 135 - INFO: Start processing 201903100812_WC05
line 135 - INFO: Start processing 201903101248_WC05
line 242 - INFO: snr not high enough, continue
line 135 - INFO: Start processing 201903150503_WC05
line 135 - INFO: Start processing 201903201523_WC05
line 135 - INFO: Start processing 201903231921_WC05
line 135 - INFO: Start processing 201903240437_WC05
line 179 - INFO: distance 99.2 is not within range (30.0,95.0), continue
line 135 - INFO: Start processing 201903301120_WC05
line 135 - INFO: Start processing 201903310704_WC05
line 135 - INFO: Start processing 201904011839_WC05
line 179 - INFO: distance 148.0 is not within range (30.0,95.0), continue
line 135 - INFO: Start processing 201904022135_WC05
line 135 - INFO: Start processing 201904051614_WC05
line 135 - INFO: Start processing 201904062155_WC05
line 179 - INFO: distance 99.4 is not within range (30.0,95.0), continue
line 135 - INFO: Start processing 201904091753_WC05
line 242 - INFO: snr not high enough, continue
line 135 - INFO: Start processing 201904110818_WC05
line 135 - INFO: Start processing 201904121140_WC05
line 179 - INFO: distance 102.6 is not within range (30.0,95.0), continue
line 135 - INFO: Start processing 201904121223_WC05
line 135 - INFO: Start processing 201904121451_WC05
line 242 - INFO: snr not high enough, continue
line 135 - INFO: Start processing 201904180501_WC05
line 179 - INFO: distance 105.5 is not within range (30.0,95.0), continue
line 135 - INFO: Start processing 201904181446_WC05
line 135 - INFO: Start processing 201904220911_WC05
line 179 - INFO: distance 106.3 is not within range (30.0,95.0), continue
line 135 - INFO: Start processing 201904221449_WC05
line 135 - INFO: Start processing 201904230537_WC05
line 179 - INFO: distance 101.5 is not within range (30.0,95.0), continue
line 135 - INFO: Start processing 201904231420_WC05
line 135 - INFO: Start processing 201904291419_WC05
line 179 - INFO: distance 167.9 is not within range (30.0,95.0), continue
line 135 - INFO: Start processing 201905030725_WC05
line 135 - INFO: Start processing 201905062119_WC05
line 135 - INFO: Start processing 201905121924_WC05
line 135 - INFO: Start processing 201905141258_WC05
