line 135 - INFO: Start processing 201805020632_CC01
line 179 - INFO: distance 28.4 is not within range (30.0,95.0), continue
line 135 - INFO: Start processing 201805042232_CC01
/home/lun/Desktop/software/anaconda2/lib/python2.7/site-packages/obspy/taup/tau_branch.py:496: UserWarning: Resizing a TauP array inplace failed due to the existence of other references to the array, creating a new array. See Obspy #2280.
  warnings.warn(msg)
line 135 - INFO: Start processing 201805050619_CC01
line 179 - INFO: distance 104.2 is not within range (30.0,95.0), continue
line 135 - INFO: Start processing 201805090757_CC01
line 135 - INFO: Start processing 201805091041_CC01
line 179 - INFO: distance 140.6 is not within range (30.0,95.0), continue
line 135 - INFO: Start processing 201805180145_CC01
line 135 - INFO: Start processing 201806212113_CC01
line 135 - INFO: Start processing 201807060140_CC01
line 135 - INFO: Start processing 201807072133_CC01
line 135 - INFO: Start processing 201807130946_CC01
line 135 - INFO: Start processing 201807150157_CC01
line 179 - INFO: distance 169.2 is not within range (30.0,95.0), continue
line 135 - INFO: Start processing 201807151309_CC01
line 179 - INFO: distance 169.4 is not within range (30.0,95.0), continue
line 135 - INFO: Start processing 201807170702_CC01
line 135 - INFO: Start processing 201807191830_CC01
line 242 - INFO: snr not high enough, continue
line 135 - INFO: Start processing 201807231035_CC01
line 179 - INFO: distance 113.1 is not within range (30.0,95.0), continue
line 135 - INFO: Start processing 201807281707_CC01
line 179 - INFO: distance 104.1 is not within range (30.0,95.0), continue
line 135 - INFO: Start processing 201808122115_CC01
line 135 - INFO: Start processing 201808152156_CC01
line 135 - INFO: Start processing 201808161822_CC01
line 135 - INFO: Start processing 201808171535_CC01
line 179 - INFO: distance 107.0 is not within range (30.0,95.0), continue
line 135 - INFO: Start processing 201808190023_CC01
line 135 - INFO: Start processing 201807282247_CC01
line 179 - INFO: distance 110.1 is not within range (30.0,95.0), continue
line 135 - INFO: Start processing 201808282235_CC01
line 135 - INFO: Start processing 201810102048_CC01
line 135 - INFO: Start processing 201811111403_CC01
line 135 - INFO: Start processing 201812221425_CC01
line 135 - INFO: Start processing 201902121234_CC01
line 135 - INFO: Start processing 201904051614_CC01
line 135 - INFO: Start processing 201808190410_CC01
line 179 - INFO: distance 110.0 is not within range (30.0,95.0), continue
line 135 - INFO: Start processing 201808190428_CC01
line 135 - INFO: Start processing 201808191456_CC01
line 179 - INFO: distance 110.0 is not within range (30.0,95.0), continue
line 135 - INFO: Start processing 201808212131_CC01
line 135 - INFO: Start processing 201808212232_CC01
line 135 - INFO: Start processing 201808220931_CC01
line 242 - INFO: snr not high enough, continue
line 135 - INFO: Start processing 201808230335_CC01
line 135 - INFO: Start processing 201808240904_CC01
line 135 - INFO: Start processing 201808251650_CC01
line 242 - INFO: snr not high enough, continue
line 135 - INFO: Start processing 201808252213_CC01
line 179 - INFO: distance 149.6 is not within range (30.0,95.0), continue
line 135 - INFO: Start processing 201808280708_CC01
line 179 - INFO: distance 102.3 is not within range (30.0,95.0), continue
line 135 - INFO: Start processing 201808290351_CC01
line 135 - INFO: Start processing 201809051807_CC01
line 242 - INFO: snr not high enough, continue
line 135 - INFO: Start processing 201809061549_CC01
line 135 - INFO: Start processing 201809070212_CC01
line 135 - INFO: Start processing 201809080716_CC01
line 179 - INFO: distance 101.4 is not within range (30.0,95.0), continue
line 135 - INFO: Start processing 201809091931_CC01
line 135 - INFO: Start processing 201809100419_CC01
line 135 - INFO: Start processing 201809101931_CC01
line 135 - INFO: Start processing 201809162111_CC01
line 135 - INFO: Start processing 201809180727_CC01
line 179 - INFO: distance 138.3 is not within range (30.0,95.0), continue
line 135 - INFO: Start processing 201809280659_CC01
line 179 - INFO: distance 107.7 is not within range (30.0,95.0), continue
line 135 - INFO: Start processing 201809281002_CC01
line 179 - INFO: distance 107.6 is not within range (30.0,95.0), continue
line 135 - INFO: Start processing 201809301052_CC01
line 135 - INFO: Start processing 201810090745_CC01
line 135 - INFO: Start processing 201810101844_CC01
line 179 - INFO: distance 112.2 is not within range (30.0,95.0), continue
line 135 - INFO: Start processing 201810102045_CC01
line 135 - INFO: Start processing 201810102200_CC01
line 135 - INFO: Start processing 201810131110_CC01
line 242 - INFO: snr not high enough, continue
line 135 - INFO: Start processing 201810160028_CC01
line 135 - INFO: Start processing 201810160103_CC01
line 135 - INFO: Start processing 201810220539_CC01
line 135 - INFO: Start processing 201810220616_CC01
line 242 - INFO: snr not high enough, continue
line 135 - INFO: Start processing 201810220622_CC01
line 135 - INFO: Start processing 201810252254_CC01
line 179 - INFO: distance 138.5 is not within range (30.0,95.0), continue
line 135 - INFO: Start processing 201810282223_CC01
line 135 - INFO: Start processing 201810290654_CC01
line 135 - INFO: Start processing 201810300213_CC01
line 135 - INFO: Start processing 201811012219_CC01
line 135 - INFO: Start processing 201811021101_CC01
line 135 - INFO: Start processing 201811040755_CC01
line 179 - INFO: distance 104.1 is not within range (30.0,95.0), continue
line 135 - INFO: Start processing 201811090149_CC01
line 179 - INFO: distance 103.3 is not within range (30.0,95.0), continue
line 135 - INFO: Start processing 201811100833_CC01
line 135 - INFO: Start processing 201811142121_CC01
line 135 - INFO: Start processing 201811152002_CC01
line 179 - INFO: distance 95.8 is not within range (30.0,95.0), continue
line 135 - INFO: Start processing 201811160326_CC01
line 135 - INFO: Start processing 201811182025_CC01
line 135 - INFO: Start processing 201811250340_CC01
line 135 - INFO: Start processing 201811251637_CC01
line 179 - INFO: distance 149.8 is not within range (30.0,95.0), continue
line 135 - INFO: Start processing 201811301729_CC01
line 135 - INFO: Start processing 201812011327_CC01
line 179 - INFO: distance 98.2 is not within range (30.0,95.0), continue
line 135 - INFO: Start processing 201812050414_CC01
line 135 - INFO: Start processing 201812050418_CC01
line 135 - INFO: Start processing 201812050643_CC01
line 135 - INFO: Start processing 201812110226_CC01
line 135 - INFO: Start processing 201812121313_CC01
line 135 - INFO: Start processing 201812160942_CC01
line 135 - INFO: Start processing 201812190137_CC01
line 135 - INFO: Start processing 201812201701_CC01
line 242 - INFO: snr not high enough, continue
line 135 - INFO: Start processing 201812241241_CC01
line 135 - INFO: Start processing 201812290339_CC01
line 179 - INFO: distance 100.9 is not within range (30.0,95.0), continue
line 135 - INFO: Start processing 201812310235_CC01
line 242 - INFO: snr not high enough, continue
line 135 - INFO: Start processing 201901051925_CC01
line 135 - INFO: Start processing 201901061727_line 135 - INFO: Start processing 201901061727_CC01
line 179 - INFO: distance 100.9 is not within range (30.0,95.0), continue
line 135 - INFO: Start processing 201901081239_CC01
line 179 - INFO: distance 97.6 is not within range (30.0,95.0), continue
line line 135 - INFO: Start processing 201901171506_line line 135 - INFO: Start processing 201901181318_CC01
line 135 - INFO: Start processing 201901200132_CC01
line 135 - INFO: Start processing 201901220510_CC01
line 179 - INFO: distance 107.4 is not within range (30.0,95.0), continue
line 135 - INFO: Start processing 201901221901_CC01
line 179 - INFO: distance 132.8 is not within range (30.0,95.0), continue
line 135 - INFO: Start processing 201901260351_CC01
line 135 - INFO: Start processing 201901261956_CC01
line 135 - INFO: Start processing 201902011614_CC01
line 242 - INFO: snr not high enough, continue
line 135 - INFO: Start processing 201902020927_CC01
line 179 - INFO: distance 127.0 is not within range (30.0,95.0), continue
line 135 - INFO: Start processing 201902141957_CC01
line 179 - INFO: distance 97.6 is not within range (30.0,95.0), continue
line 135 - INFO: Start processing 201902171435_CC01
line 135 - INFO: Start processing 201902221017_CC01
line 135 - INFO: Start processing 201903010850_CC01
line 135 - INFO: Start processing 201903061546_CC01
line 242 - INFO: snr not high enough, continue
line 135 - INFO: Start processing 201903081506_CC01
line 179 - INFO: distance 102.0 is not within range (30.0,95.0), continue
line 135 - INFO: Start processing 201903100812_CC01
line 135 - INFO: Start processing 201903101248_CC01
line 135 - INFO: Start processing 201903150503_CC01
line 135 - INFO: Start processing 201903201523_CC01
line 135 - INFO: Start processing 201903231921_CC01
line 135 - INFO: Start processing 201903240437_CC01
line 179 - INFO: distance 101.2 is not within range (30.0,95.0), continue
line 135 - INFO: Start processing 201903301120_CC01
line 135 - INFO: Start processing 201903310704_CC01
line 135 - INFO: Start processing 201904011839_line line 179 - INFO: distance 151.7 is not within rline 179 - INFO: distance 151.7 is not within range (30.0,95.0), continue
line line 242 - INFO: snr not high enough, continue
line 135 - INFO: Start processing 201904062155_CC01
line 179 - INFO: distance 101.9 is not within rline 179 - INFO: distance 1line 135 - INFO: Start processing 201904091753_line line 179 - INFO: distance 95.4 is not within range (30.0,95.0), continue
line 135 - INFO: Start processing 201904110818_CC01
line 135 - INFO: Start processing 201904121140_line line 179 - INFO: distance 104.8 is not within rline 179 - INFO: distance 104.8 is not within range (30.0,95.0), continue
line line 135 - INFO: Start processing 201904121451_CC01
line 135 - INFO: Start processing 201904180501_CC01
line 179 - INFO: distance 106.1 is not within range (30.0,95.0), continue
line 135 - INFO: Start processing 201904181446_CC01
line 135 - INFO: Start processing 201904230537_CC01
line 179 - INFO: distance 102.9 is not within range (30.0,95.0), continue
line 135 - INFO: Start processing 201904231420_CC01
line 135 - INFO: Start processing 201904291419_line line 179 - INFO: distance 168.2 is not within rline 179 - INFO: distance 168.2 is not within range (30.0,95.0), continue
line line 135 - INFO: Start processing 201905062119_CC01
line 135 - INFO: Start processing 201905121924_CC01
line 135 - INFO: Start processing 201905141258_CC01
line 242 - INFO: snr not high enough, continue
line 135 - INFO: Start processing 201905190123_CC01
line 242 - INFO: snr not high enough, continue
line 135 - INFO: Start processing 201905191427_CC01
line 135 - INFO: Start processing 201905191456_CC01
