line 135 - INFO: Start processing 201805020632_EC01
line 179 - INFO: distance 27.3 is not within range (30.0,95.0), continue
line 135 - INFO: Start processing 201805042232_EC01
/home/lun/Desktop/software/anaconda2/lib/python2.7/site-packages/obspy/taup/tau_branch.py:496: UserWarning: Resizing a TauP array inplace failed due to the existence of other references to the array, creating a new array. See Obspy #2280.
  warnings.warn(msg)
line 242 - INFO: snr not high enough, continue
line 135 - INFO: Start processing 201805050619_EC01
line 179 - INFO: distance 105.3 is not within range (30.0,95.0), continue
line 135 - INFO: Start processing 201805090757_EC01
line 135 - INFO: Start processing 201805091041_EC01
line 179 - INFO: distance 141.7 is not within range (30.0,95.0), continue
line 135 - INFO: Start processing 201805180145_EC01
line 242 - INFO: snr not high enough, continue
line 135 - INFO: Start processing 201806212113_EC01
line 135 - INFO: Start processing 201807072133_EC01
line 135 - INFO: Start processing 201807150157_EC01
line 179 - INFO: distance 170.2 is not within range (30.0,95.0), continue
line 135 - INFO: Start processing 201807151309_EC01
line 179 - INFO: distance 170.4 is not within range (30.0,95.0), continue
line 135 - INFO: Start processing 201807231035_EC01
line 179 - INFO: distance 112.1 is not within range (30.0,95.0), continue
line 135 - INFO: Start processing 201807281707_EC01
line 179 - INFO: distance 105.0 is not within range (30.0,95.0), continue
line 135 - INFO: Start processing 201807282247_EC01
line 179 - INFO: distance 111.0 is not within range (30.0,95.0), continue
line 135 - INFO: Start processing 201808051146_EC01
line 179 - INFO: distance 111.0 is not within range (30.0,95.0), continue
line 135 - INFO: Start processing 201808121458_EC01
line 242 - INFO: snr not high enough, continue
line 135 - INFO: Start processing 201808122115_EC01
line 242 - INFO: snr not high enough, continue
line 135 - INFO: Start processing 201808190019_EC01
line 135 - INFO: Start processing 201808190023_line 135 - INFO: Start processing 201808190023_EC01
line 242 - INFO: snr not high enough, continue
line 135 - INFO: Start processing 201808190410_EC01
line 179 - INFO: distance 110.9 is not within range (30.0,95.0), continue
line line 135 - INFO: Start processing 201808191456_line 135 - INFO: Start processing 201808191456_EC01
line 179 - INFO: distance 110.8 is not within range (30.0,95.0), continue
line 135 - INFO: Start processing 201808140329_EC01
line 242 - INFO: snr not high enough, continue
line line 135 - INFO: Start processing 201808212131_line line 135 - INFO: Start processing 201808212232_line line 135 - INFO: Start processing 201808220931_line line 242 - INFO: snr not high enough, continue
line 242 - INFO: snr not high enough, continue
line line 242 - INFO: snr not high enough, continue
line 242 - INFO: snr not high enough, continue
line line 242 - INFO: snr not high enough, continue
line 242 - INFO: snr not high enough, continue
line line 135 - INFO: Start processing 201809101931_EC01
line 135 - INFO: Start processing 201809162111_EC01
line 135 - INFO: Start processing 201809180727_EC01
line 179 - INFO: distance 137.7 is not within range (30.0,95.0), continue
line 135 - INFO: Start processing 201809301052_EC01
line 135 - INFO: Start processing 201810090745_EC01
line 242 - INFO: snr not high enough, continue
line 135 - INFO: Start processing 201810160103_EC01
line 242 - INFO: snr not high enough, continue
line 135 - INFO: Start processing 201810282223_EC01
line 135 - INFO: Start processing 201811040755_EC01
line 179 - INFO: distance 105.1 is not within range (30.0,95.0), continue
line 135 - INFO: Start processing 201812160942_EC01
line 135 - INFO: Start processing 201901221901_EC01
line 179 - INFO: distance 132.0 is not within range (30.0,95.0), continue
line 135 - INFO: Start processing 201902121234_EC01
line 135 - INFO: Start processing 201902141957_EC01
line 179 - INFO: distance 97.2 is not within range (30.0,95.0), continue
line 135 - INFO: Start processing 201902171435_EC01
line 135 - INFO: Start processing 201902221017_EC01
line 242 - INFO: snr not high enough, continue
line 135 - INFO: Start processing 201903010850_EC01
line 135 - INFO: Start processing 201903061546_EC01
line 242 - INFO: snr not high enough, continue
line 135 - INFO: Start processing 201903081506_EC01
line 179 - INFO: distance 103.1 is not within range (30.0,95.0), continue
03.1 is not within range (30.0,95.0), continue
