line 135 - INFO: Start processing 201805020632_CC05
line 179 - INFO: distance 27.7 is not within range (30.0,95.0), continue
line 135 - INFO: Start processing 201805042232_CC05
/home/lun/Desktop/software/anaconda2/lib/python2.7/site-packages/obspy/taup/tau_branch.py:496: UserWarning: Resizing a TauP array inplace failed due to the existence of other references to the array, creating a new array. See Obspy #2280.
  warnings.warn(msg)
line 135 - INFO: Start processing 201805050619_CC05
line 179 - INFO: distance 104.1 is not within range (30.0,95.0), continue
line 135 - INFO: Start processing 201805090757_CC05
line 135 - INFO: Start processing 201805091041_CC05
line 179 - INFO: distance 141.6 is not within range (30.0,95.0), continue
line 135 - INFO: Start processing 201805180145_CC05
line 135 - INFO: Start processing 201806212113_CC05
line 135 - INFO: Start processing 201807060140_CC05
line 135 - INFO: Start processing 201807072133_CC05
line 135 - INFO: Start processing 201807130946_CC05
line 135 - INFO: Start processing 201807151309_CC05
line 179 - INFO: distance 170.6 is not within range (30.0,95.0), continue
line 135 - INFO: Start processing 201807170702_CC05
line 135 - INFO: Start processing 201807191830_CC05
line 135 - INFO: Start processing 201807231035_CC05
line 179 - INFO: distance 113.5 is not within range (30.0,95.0), continue
line 135 - INFO: Start processing 201807281707_CC05
line 179 - INFO: distance 103.5 is not within range (30.0,95.0), continue
line 135 - INFO: Start processing 201807282247_CC05
line 179 - INFO: distance 109.5 is not within range (30.0,95.0), continue
line 135 - INFO: Start processing 201808051146_CC05
line 179 - INFO: distance 109.5 is not within range (30.0,95.0), continue
line 135 - INFO: Start processing 201808101812_CC05
line 135 - INFO: Start processing 201808121458_CC05
line 135 - INFO: Start processing 201808122115_CC05
line 135 - INFO: Start processing 201808140329_CC05
line 135 - INFO: Start processing 201808152156_CC05
line 135 - INFO: Start processing 201808161822_CC05
line 135 - INFO: Start processing 201808171535_CC05
line 179 - INFO: distance 106.4 is not within range (30.0,95.0), continue
line 135 - INFO: Start processing 201808190023_CC05
line 135 - INFO: Start processing 201808190410_CC05
line 179 - INFO: distance 109.4 is not within range (30.0,95.0), continue
line 135 - INFO: Start processing 201807150157_CC05
line 179 - INFO: distance 170.4 is not within range (30.0,95.0), continue
line 135 - INFO: Start processing 201808190428_CC05
line 135 - INFO: Start processing 201809100419_CC05
line 135 - INFO: Start processing 201810220622_CC05
line 242 - INFO: snr not high enough, continue
line 135 - INFO: Start processing 201811301729_CC05
line 135 - INFO: Start processing 201901151806_CC05
line 135 - INFO: Start processing 201903150503_CC05
line 242 - INFO: snr not high enough, continue
line 135 - INFO: Start processing 201904181446_CC05
line 135 - INFO: Start processing 201808191456_CC05
line 179 - INFO: distance 109.3 is not within range (30.0,95.0), continue
line 135 - INFO: Start processing 201808212131_CC05
line 135 - INFO: Start processing 201808212232_CC05
line 135 - INFO: Start processing 201808220931_CC05
line 242 - INFO: snr not high enough, continue
line 135 - INFO: Start processing 201808230335_CC05
line 135 - INFO: Start processing 201808240904_CC05
line 135 - INFO: Start processing 201808251650_CC05
line 135 - INFO: Start processing 201808252213_CC05
line 179 - INFO: distance 151.0 is not within range (30.0,95.0), continue
line 135 - INFO: Start processing 201808280708_CC05
line 179 - INFO: distance 101.6 is not within range (30.0,95.0), continue
line 135 - INFO: Start processing 201808282235_CC05
line 135 - INFO: Start processing 201808290351_CC05
line 135 - INFO: Start processing 201809051807_CC05
line 135 - INFO: Start processing 201809061549_CC05
line 135 - INFO: Start processing 201809070212_CC05
line 135 - INFO: Start processing 201809080716_CC05
line 179 - INFO: distance 101.2 is not within range (30.0,95.0), continue
line 135 - INFO: Start processing 201809091931_CC05
line 135 - INFO: Start processing 201809101931_CC05
line 135 - INFO: Start processing 201809162111_CC05
line 135 - INFO: Start processing 201809180727_CC05
line 179 - INFO: distance 136.8 is not within range (30.0,95.0), continue
line 135 - INFO: Start processing 201809280659_CC05
line 179 - INFO: distance 107.2 is not within range (30.0,95.0), continue
line 135 - INFO: Start processing 201809281002_CC05
line 179 - INFO: distance 107.2 is not within range (30.0,95.0), continue
line 135 - INFO: Start processing 201809301052_CC05
line 135 - INFO: Start processing 201810090745_CC05
line 242 - INFO: snr not high enough, continue
line 135 - INFO: Start processing 201810101844_CC05
line 179 - INFO: distance 111.6 is not within range (30.0,95.0), continue
line 135 - INFO: Start processing 201810102045_CC05
line 242 - INFO: snr not high enough, continue
line 135 - INFO: Start processing 201810102048_CC05
line 135 - INFO: Start processing 201810102200_CC05
line 242 - INFO: snr not high enough, continue
line 135 - INFO: Start processing 201810131110_CC05
line 135 - INFO: Start processing 201810160028_CC05
line 135 - INFO: Start processing 201810160103_CC05
line 135 - INFO: Start processing 201810220539_CC05
line 135 - INFO: Start processing 201810220616_CC05
line 135 - INFO: Start processing 201810252254_CC05
line 179 - INFO: distance 140.0 is not within range (30.0,95.0), continue
line 135 - INFO: Start processing 201810282223_CC05
line 135 - INFO: Start processing 201810290654_CC05
line 135 - INFO: Start processing 201810300213_CC05
line 135 - INFO: Start processing 201811012219_CC05
line 135 - INFO: Start processing 201811021101_CC05
line 135 - INFO: Start processing 201811040755_CC05
line 179 - INFO: distance 103.8 is not within range (30.0,95.0), continue
line 135 - INFO: Start processing 201811090149_CC05
line 179 - INFO: distance 104.8 is not within range (30.0,95.0), continue
line 135 - INFO: Start processing 201811100833_CC05
line 135 - INFO: Start processing 201811111403_CC05
line 135 - INFO: Start processing 201811142121_CC05
line 242 - INFO: snr not high enough, continue
line 135 - INFO: Start processing 201811152002_CC05
line 242 - INFO: snr not high enough, continue
line 135 - INFO: Start processing 201811160326_CC05
line 135 - INFO: Start processing 201811182025_CC05
line 135 - INFO: Start processing 201811250340_CC05
line 242 - INFO: snr not high enough, continue
line 135 - INFO: Start processing 201811251637_CC05
line 179 - INFO: distance 151.3 is not within range (30.0,95.0), continue
line 135 - INFO: Start processing 201812011327_CC05
line 179 - INFO: distance 97.6 is not within range (30.0,95.0), continue
line 135 - INFO: Start processing 201812050414_CC05
line 135 - INFO: Start processing 201812050418_CC05
line 135 - INFO: Start processing 201812050643_CC05
line 135 - INFO: Start processing 201812110226_CC05
line 135 - INFO: Start processing 201812121313_CC05
line 135 - INFO: Start processing 201812160942_CC05
line 135 - INFO: Start processing 201812190137_CC05
line 135 - INFO: Start processing 201812201701_CC05
line 135 - INFO: Start processing 201812221425_CC05
line 242 - INFO: snr not high enough, continue
line 135 - INFO: Start processing 201812241241_CC05
line 135 - INFO: Start processing 201812290339_CC05
line 179 - INFO: distance 100.7 is not within range (30.0,95.0), continue
line 135 - INFO: Start processing 201812310235_CC05
line 135 - INFO: Start processing 201901051925_CC05
line 135 - INFO: Start processing 201901061727_CC05
line 179 - INFO: distance 100.5 is not within range (30.0,95.0), continue
line 135 - INFO: Start processing 201901081239_CC05
line 179 - INFO: distance 98.0 is not within range (30.0,95.0), continue
line 135 - INFO: Start processing 201901171506_CC05
line 135 - INFO: Start processing 201901181318_CC05
line 135 - INFO: Start processing 201901200132_CC05
line 135 - INFO: Start processing 201901220510_CC05
line 179 - INFO: distance 106.7 is not within range (30.0,95.0), continue
line 135 - INFO: Start processing 201901221901_CC05
line 179 - INFO: distance 131.4 is not within range (30.0,95.0), continue
line 135 - INFO: Start processing 201902011614_CC05
line 135 - INFO: Start processing 201902020927_CC05
line 179 - INFO: distance 126.5 is not within range (30.0,95.0), continue
line 135 - INFO: Start processing 201902121234_CC05
line 242 - INFO: snr not high enough, continue
line 135 - INFO: Start processing 201902141957_CC05
line 179 - INFO: distance 98.7 is not within range (30.0,95.0), continue
line 135 - INFO: Start processing 201902171435_CC05
line 135 - INFO: Start processing 201902221017_CC05
line 135 - INFO: Start processing 201903010850_CC05
line 135 - INFO: Start processing 201903061546_CC05
line 135 - INFO: Start processing 201903081506_CC05
line 179 - INFO: distance 101.9 is not within range (30.0,95.0), continue
line 135 - INFO: Start processing 201903100812_CC05
line 135 - INFO: Start processing 201903101248_CC05
line 135 - INFO: Start processing 201903201523_CC05
line 135 - INFO: Start processing 201903231921_CC05
line 135 - INFO: Start processing 201903240437_CC05
line 179 - INFO: distance 100.8 is not within range (30.0,95.0), continue
line 135 - INFO: Start processing 201903282206_CC05
line 135 - INFO: Start processing 201903301120_CC05
line 242 - INFO: snr not high enough, continue
line 135 - INFO: Start processing 201903310704_CC05
line 242 - INFO: snr not high enough, continue
line 135 - INFO: Start processing 201904011839_CC05
line 179 - INFO: distance 150.3 is not within range (30.0,95.0), continue
line 135 - INFO: Start processing 201904022135_CC05
line 242 - INFO: snr not high enough, continue
line 135 - INFO: Start processing 201904051614_CC05
line 135 - INFO: Start processing 201904062155_CC05
line 179 - INFO: distance 101.3 is not within range (30.0,95.0), continue
line 135 - INFO: Start processing 201904091753_CC05
line 135 - INFO: Start processing 201904110818_CC05
line 135 - INFO: Start processing 201904121140_CC05
line 179 - INFO: distance 104.3 is not within range (30.0,95.0), continue
line 135 - INFO: Start processing 201904121223_CC05
line 135 - INFO: Start processing 201904121451_CC05
line 135 - INFO: Start processing 201904180501_CC05
line 179 - INFO: distance 106.4 is not within range (30.0,95.0), continue
line 135 - INFO: Start processing 201904220911_CC05
line 179 - INFO: distance 107.4 is not within range (30.0,95.0), continue
line 135 - INFO: Start processing 201904221449_CC05
line 242 - INFO: snr not high enough, continue
line 135 - INFO: Start processing 201904230537_CC05
line 179 - INFO: distance 102.8 is not within range (30.0,95.0), continue
line 135 - INFO: Start processing 201904231420_CC05
line 135 - INFO: Start processing 201904291419_CC05
line 179 - INFO: distance 168.7 is not within range (30.0,95.0), continue
line 135 - INFO: Start processing 201905030725_CC05
line 242 - INFO: snr not high enough, continue
line 135 - INFO: Start processing 201905062119_CC05
line 135 - INFO: Start processing 201905121924_CC05
line 135 - INFO: Start processing 201905141258_CC05
line 135 - INFO: Start processing 201905190123_CC05
line 135 - INFO: Start processing 201905191427_CC05
line 135 - INFO: Start processing 201905191456_CC05
