line 135 - INFO: Start processing 201804192109_EE01
line 179 - INFO: distance 132.0 is not within range (30.0,95.0), continue
line 135 - INFO: Start processing 201805020632_EE01
line 179 - INFO: distance 26.4 is not within range (30.0,95.0), continue
line 135 - INFO: Start processing 201805042232_EE01
/home/lun/Desktop/software/anaconda2/lib/python2.7/site-packages/obspy/taup/tau_branch.py:496: UserWarning: Resizing a TauP array inplace failed due to the existence of other references to the array, creating a new array. See Obspy #2280.
  warnings.warn(msg)
line 135 - INFO: Start processing 201805050619_EE01
line 179 - INFO: distance 106.4 is not within range (30.0,95.0), continue
line 135 - INFO: Start processing 201805090757_EE01
line 135 - INFO: Start processing 201805091041_EE01
line 179 - INFO: distance 142.4 is not within range (30.0,95.0), continue
line 135 - INFO: Start processing 201805180145_EE01
line 242 - INFO: snr not high enough, continue
line 135 - INFO: Start processing 201806212113_EE01
line 135 - INFO: Start processing 201807072133_EE01
line 242 - INFO: snr not high enough, continue
line 135 - INFO: Start processing 201807130946_EE01
line 135 - INFO: Start processing 201807150157_EE01
line 179 - INFO: distance 170.7 is not within range (30.0,95.0), continue
line 135 - INFO: Start processing 201807151309_EE01
line 179 - INFO: distance 170.9 is not within range (30.0,95.0), continue
line 135 - INFO: Start processing 201807231035_EE01
line 179 - INFO: distance 111.0 is not within range (30.0,95.0), continue
line 135 - INFO: Start processing 201807281707_EE01
line 179 - INFO: distance 106.1 is not within range (30.0,95.0), continue
line 135 - INFO: Start processing 201807282247_EE01
line 179 - INFO: distance 112.0 is not within range (30.0,95.0), continue
line 135 - INFO: Start processing 201808051146_EE01
line 179 - INFO: distance 112.1 is not within range (30.0,95.0), continue
line 135 - INFO: Start processing 201808190428_EE01
line 135 - INFO: Start processing 201808191456_EE01
line 179 - INFO: distance 111.9 is not within range (30.0,95.0), continue
line 135 - INFO: Start processing 201808212131_EE01
line 135 - INFO: Start processing 201808212232_EE01
line 135 - INFO: Start processing 201808220931_EE01
line 135 - INFO: Start processing 201808190410_EE01
line 179 - INFO: distance 111.9 is not within range (30.0,95.0), continue
line 135 - INFO: Start processing 201809091931_EE01
line 242 - INFO: snr not high enough, continue
line 135 - INFO: Start processing 201810220622_EE01
line 135 - INFO: Start processing 201811301729_EE01
line 135 - INFO: Start processing 201901151806_EE01
line 135 - INFO: Start processing 201903100812_EE01
line 135 - INFO: Start processing 201904121451_EE01
line 135 - INFO: Start processing 201808230335_EE01
line 135 - INFO: Start processing 201808240904_EE01
line 135 - INFO: Start processing 201808251650_EE01
line 135 - INFO: Start processing 201808252213_EE01
line 179 - INFO: distance 150.3 is not within range (30.0,95.0), continue
line 135 - INFO: Start processing 201808280708_EE01
line 179 - INFO: distance 104.2 is not within range (30.0,95.0), continue
line 135 - INFO: Start processing 201808282235_EE01
line 135 - INFO: Start processing 201808290351_EE01
line 135 - INFO: Start processing 201809051807_EE01
line 135 - INFO: Start processing 201809061549_EE01
line 135 - INFO: Start processing 201809070212_EE01
line 135 - INFO: Start processing 201809080716_EE01
line 179 - INFO: distance 103.6 is not within range (30.0,95.0), continue
line 135 - INFO: Start processing 201809100419_EE01
line 135 - INFO: Start processing 201809101931_EE01
line 135 - INFO: Start processing 201809162111_EE01
line 135 - INFO: Start processing 201809180727_EE01
line 179 - INFO: distance 137.5 is not within range (30.0,95.0), continue
line 135 - INFO: Start processing 201809280659_EE01
line 179 - INFO: distance 109.7 is not within range (30.0,95.0), continue
line 135 - INFO: Start processing 201809281002_EE01
line 179 - INFO: distance 109.7 is not within range (30.0,95.0), continue
line 135 - INFO: Start processing 201809301052_EE01
line 135 - INFO: Start processing 201810090745_EE01
line 242 - INFO: snr not high enough, continue
line 135 - INFO: Start processing 201810101844_EE01
line 179 - INFO: distance 114.1 is not within range (30.0,95.0), continue
line 135 - INFO: Start processing 201810102045_EE01
line 135 - INFO: Start processing 201810102048_EE01
line 135 - INFO: Start processing 201810102200_EE01
line 242 - INFO: snr not high enough, continue
line line 135 - INFO: Start processing 201810160103_line line 135 - INFO: Start processing 201810220539_line line 135 - INFO: Start processing 201810220616_EE01
line 135 - INFO: Start processing 201810252254_EE01
line 179 - INFO: distance 138.1 is not within range (30.0,95.0), continue
line 135 - INFO: Start processing 201810282223_EE01
line 135 - INFO: Start processing 201810290654_EE01
line 135 - INFO: Start processing 201810300213_EE01
line 135 - INFO: Start processing 201811012219_EE01
line 135 - INFO: Start processing 201811021101_EE01
line 242 - INFO: snr not high enough, continue
line 135 - INFO: Start processing 201811040755_EE01
line 179 - INFO: distance 106.2 is not within range (30.0,95.0), continue
line 135 - INFO: Start processing 201811090149_EE01
line 179 - INFO: distance 103.6 is not within range (30.0,95.0), continue
line 135 - INFO: Start processing 201811100833_EE01
line 135 - INFO: Start processing 201811111403_EE01
line 135 - INFO: Start processing 201811142121_EE01
line 135 - INFO: Start processing 201811152002_EE01
line 135 - INFO: Start processing 201811160326_EE01
line 135 - INFO: Start processing 201811182025_EE01
line 135 - INFO: Start processing 201811250340_EE01
line 135 - INFO: Start processing 201811251637_EE01
line 179 - INFO: distance 150.5 is not within range (30.0,95.0), continue
line 135 - INFO: Start processing 201812011327_EE01
line 179 - INFO: distance 100.1 is not within range (30.0,95.0), continue
line 135 - INFO: Start processing 201812050414_EE01
line 242 - INFO: snr not high enough, continue
line 135 - INFO: Start processing 201812050418_EE01
line 135 - INFO: Start processing 201812050643_EE01
line 242 - INFO: snr not high enough, continue
line 135 - INFO: Start processing 201812110226_EE01
line 135 - INFO: Start processing 201812121313_EE01
line 135 - INFO: Start processing 201812160942_EE01
line 242 - INFO: snr not high enough, continue
line 135 - INFO: Start processing 201812190137_EE01
line 135 - INFO: Start processing 201812201701_EE01
line 135 - INFO: Start processing 201812221425_EE01
line 135 - INFO: Start processing 201812241241_EE01
line 135 - INFO: Start processing 201812290339_EE01
line 179 - INFO: distance 103.1 is not within range (30.0,95.0), continue
line 135 - INFO: Start processing 201812310235_EE01
line 135 - INFO: Start processing 201901051925_EE01
line 135 - INFO: Start processing 201901061727_EE01
line 179 - INFO: distance 103.0 is not within range (30.0,95.0), continue
line 135 - INFO: Start processing 201901081239_EE01
line 179 - INFO: distance 99.9 is not within range (30.0,95.0), continue
line 135 - INFO: Start processing 201901171506_EE01
line 242 - INFO: snr not high enough, continue
line 135 - INFO: Start processing 201901181318_EE01
line 135 - INFO: Start processing 201901200132_EE01
line 135 - INFO: Start processing 201901220510_EE01
line 179 - INFO: distance 109.2 is not within range (30.0,95.0), continue
line 135 - INFO: Start processing 201901221901_EE01
line 179 - INFO: distance 131.7 is not within range (30.0,95.0), continue
line 135 - INFO: Start processing 201901260351_EE01
line 135 - INFO: Start processing 201901261956_EE01
line 135 - INFO: Start processing 201902011614_EE01
line 135 - INFO: Start processing 201902020927_EE01
line 179 - INFO: distance 129.0 is not within range (30.0,95.0), continue
line 135 - INFO: Start processing 201902121234_EE01
line 135 - INFO: Start processing 201902141957_EE01
line 179 - INFO: distance 96.4 is not within range (30.0,95.0), continue
line 135 - INFO: Start processing 201902171435_EE01
line 135 - INFO: Start processing 201902221017_EE01
line 135 - INFO: Start processing 201903010850_EE01
line 135 - INFO: Start processing 201903061546_EE01
line 135 - INFO: Start processing 201903081506_EE01
line 179 - INFO: distance 104.2 is not within range (30.0,95.0), continue
line 135 - INFO: Start processing 201903101248_EE01
line 242 - INFO: snr not high enough, continue
line 135 - INFO: Start processing 201903150503_EE01
line 242 - INFO: snr not high enough, continue
line 135 - INFO: Start processing 201903201523_EE01
line 135 - INFO: Start processing 201903231921_EE01
line 242 - INFO: snr not high enough, continue
line 135 - INFO: Start processing 201903240437_EE01
line 179 - INFO: distance 103.3 is not within range (30.0,95.0), continue
line 135 - INFO: Start processing 201903282206_EE01
line 135 - INFO: Start processing 201903301120_EE01
line 135 - INFO: Start processing 201903310704_EE01
line 135 - INFO: Start processing 201904011839_EE01
line 179 - INFO: distance 152.2 is not within range (30.0,95.0), continue
line 135 - INFO: Start processing 201904022135_EE01
line 242 - INFO: snr not high enough, continue
line 135 - INFO: Start processing 201904051614_EE01
line 135 - INFO: Start processing 201904062155_EE01
line 179 - INFO: distance 103.8 is not within range (30.0,95.0), continue
line 135 - INFO: Start processing 201904091753_EE01
line 135 - INFO: Start processing 201904110818_EE01
line 242 - INFO: snr not high enough, continue
line 135 - INFO: Start processing 201904121140_EE01
line 179 - INFO: distance 106.8 is not within range (30.0,95.0), continue
line 135 - INFO: Start processing 201904121223_EE01
line 135 - INFO: Start processing 201904180501_EE01
line 179 - INFO: distance 108.4 is not within range (30.0,95.0), continue
line 135 - INFO: Start processing 201904230537_EE01
line 179 - INFO: distance 105.1 is not within range (30.0,95.0), continue
line 135 - INFO: Start processing 201904231420_EE01
line 135 - INFO: Start processing 201904291419_EE01
line 179 - INFO: distance 170.4 is not within range (30.0,95.0), continue
line 135 - INFO: Start processing 201905030725_EE01
line 135 - INFO: Start processing 201905062119_EE01
line 135 - INFO: Start processing 201905121924_EE01
line 242 - INFO: snr not high enough, continue
line 135 - INFO: Start processing 201905141258_EE01
line 179 - INFO: distance 170.4 is not within range (30.0,95.0), continue
line 135 - INFO: Start processing 201905030725_EE01
line 135 - INFO: Start processing 201905062119_EE01
line 135 - INFO: Start processing 201905121924_EE01
line 242 - INFO: snr not high enough, continue
line 135 - INFO: Start processing 201905141258_EE01
