20181227162445 -24.8863 -56.6554 10.0 5.1 10
20180903203550 -25.2632 -58.0118 29.37 5.6 13
20180617225834 135.639 34.8246 10.34 5.5 13
20180923053211 -70.041 -24.3507 61.2 5.3 19
20181215202154 168.22 -16.416 11.08 5.4 17
20180828045140 -71.3635 -29.6839 35.03 5.2 19
20181022104718 141.475 37.5457 43.05 5.0 17
20180826160910 170.28 -22.1324 15.02 5.4 19
20180829042713 169.791 -22.1487 10.0 5.1 19
20180702030913 -30.0683 -60.6675 10.0 5.3 19
20180625104209 149.347 -58.9801 10.0 5.2 19
20181208070734 169.633 -21.9685 36.14 5.1 17
20180820083800 -178.182 -18.1766 535.37 5.5 19
20190105184711 -178.118 51.3349 30.0 5.9 17
20180921034141 -179.88 -17.8343 638.64 5.7 19
20180615215639 -155.283 19.415 0.2 5.3 19
20190402213941 178.104 51.896 10.0 5.2 14
20190311093347 141.462 25.6001 15.45 5.2 14
20190327201049 142.291 12.1613 35.0 5.0 14
20190423045202 -173.159 -20.0425 10.0 5.0 13
20190422174518 143.695 40.6623 10.0 5.4 13
20181005014601 -71.5485 -14.546 10.0 5.2 18
20181221015910 -94.1927 15.017 35.0 5.0 17
20181225124804 -177.127 -30.4003 10.0 5.0 17
20190313044849 134.857 33.8114 37.25 5.2 8
20180725194505 -27.6807 -56.0621 124.63 5.7 17
20180823111308 143.98 23.0789 39.9 5.0 19
20190306155901 -177.924 -31.8818 10.0 5.0 15
20190425114246 -24.5804 -57.8985 42.34 5.1 8
20181206034922 177.961 -16.2608 10.0 5.0 17
20181222132946 164.629 55.1932 10.0 5.6 17
20180917002414 167.497 -15.3926 117.29 5.3 12
20190331070404 -80.8101 -1.9446 18.0 6.2 14
20190520011548 154.727 -6.7185 10.0 5.2 9
20181122201246 167.06 -12.6686 193.92 5.0 17
20190323123524 -37.0977 7.5298 10.0 5.5 1
20181120102149 149.271 -6.2871 29.0 5.3 17
20190310081226 -178.603 -17.8915 578.19 6.2 15
20181221231204 152.041 -3.4779 348.44 5.0 17
20180801160556 -93.6554 14.9288 66.7 5.0 19
20180930215801 146.79 -5.7607 85.51 5.0 18
20180506123758 -88.0338 13.2236 10.0 5.2 19
20180812213103 -144.307 69.4516 15.5 5.0 19
20180829040112 170.029 -22.0338 26.71 5.1 19
20181016002813 169.487 -21.9232 12.0 6.3 11
20181221072833 152.431 -5.6646 10.0 5.0 17
20190131143357 -179.825 -24.3375 499.95 5.5 17
20181123105158 -26.9882 -56.3023 76.0 5.6 15
20190322212351 -173.022 -16.7822 10.0 5.0 14
20180708210436 169.49 -19.0182 255.0 5.5 19
20180520011435 -173.878 -20.9751 10.0 5.0 19
20180920054737 158.311 -9.0888 15.0 5.6 19
20181016011752 169.536 -21.7627 10.0 5.1 17
20180720102456 -63.2284 -28.027 579.0 5.6 19
20190514200107 -103.832 -35.7036 10.0 5.0 13
20190405184642 -85.2664 1.4513 10.0 5.8 14
20190515003345 148.996 -3.2352 10.0 5.5 11
20180910202441 -178.001 -17.8993 576.96 5.1 19
20180530023249 167.748 -15.6851 118.84 5.4 19
20190110171200 -176.158 -27.1754 10.0 5.0 17
20181023043809 171.142 -22.5154 53.48 5.3 17
20180906154918 179.35 -18.4743 670.81 7.9 19
20190112060342 -175.846 -26.8175 10.0 5.2 17
20190422144905 -27.3509 -56.2633 79.0 6.0 13
20181007174221 -179.265 -28.1213 400.0 5.6 18
20190301001329 -63.2866 -28.2499 577.65 5.5 7
20181206040227 169.009 -21.8106 10.0 5.0 17
20181127193445 -49.8369 15.5797 10.0 5.5 17
20180418053158 142.166 11.861 21.45 5.2 3
20181201075722 -149.991 61.3548 42.9 5.1 17
20190506211937 146.449 -6.9746 146.0 7.1 13
20190103213515 164.692 54.8864 10.0 5.4 17
20180629175046 -155.281 19.4137 0.25 5.2 19
20190203073646 130.76 -3.2836 10.0 5.4 4
20180424213804 -31.3593 -60.074 10.0 5.0 13
20181127093018 154.96 -7.1241 10.0 5.2 17
20180819042858 -178.033 -16.9783 415.6 6.4 19
20180623045216 -155.273 19.3983 0.28 5.3 19
20180927155332 154.751 -5.9277 168.3 5.2 18
20181221083015 151.991 -5.3927 10.0 5.7 17
20190202191012 141.106 35.5563 32.83 5.0 17
20181205041808 169.427 -21.9496 10.0 7.5 17
20180908100248 170.203 -22.2271 9.0 5.8 19
20190416170100 -63.1341 -28.2253 589.62 5.0 13
20181205101429 169.326 -22.1881 10.0 5.3 17
20190211232700 -172.177 -15.7596 10.0 5.0 17
20181220085255 -63.9461 -19.2859 10.0 5.0 17
20190412122304 -172.817 -15.4067 15.36 6.0 13
20180812160208 -144.958 69.5669 18.4 5.3 19
20180918123835 -178.188 -20.517 516.25 5.5 19
20180623005459 161.053 -10.3157 37.51 5.1 19
20190128210709 -75.6461 3.0835 13.06 5.5 17
20190514125825 152.597 -4.051 10.0 7.6 13
20180823034115 -178.199 -18.2161 543.06 5.1 19
20190330112042 151.105 -5.7003 41.0 6.2 14
20181228030333 134.086 -1.4498 41.0 5.8 17
20180623023135 -79.7167 -44.4479 10.0 5.1 19
20181114182656 140.675 11.0925 10.0 5.2 17
20181016012055 169.748 -22.1744 10.0 5.1 17
20180716214235 -155.277 19.3995 0.24 5.3 19
20181224124119 164.51 55.3439 10.0 6.1 17
20181010205900 151.056 -5.9123 45.11 5.9 18
20180819005232 -178.286 -18.1161 511.33 5.3 19
20180507080819 172.31 -20.905 10.0 5.6 19
20180802130127 -178.784 -34.8657 57.07 5.4 19
20180819003041 -178.144 -18.0894 580.21 5.6 13
20180905160546 -174.893 -24.0947 10.0 5.5 19
20181116101703 163.338 -10.5485 10.0 5.0 17
20180619235026 -178.676 -31.0114 104.55 5.2 19
20180916211148 178.199 -25.415 576.0 6.5 19
20181117131759 -49.907 15.5399 10.0 5.5 17
20190512152540 165.46 -11.9894 10.0 5.1 13
20180905201641 -70.5143 -34.4405 113.14 5.1 19
20180512164937 141.929 38.4847 43.99 5.0 19
20190110175640 -176.336 -26.9697 10.0 5.1 17
20180819235429 -143.529 -56.066 10.0 5.1 16
20180524144851 -178.164 -21.261 473.12 5.4 19
20181207043703 -173.544 -16.589 19.93 5.3 17
20180909193135 161.503 -10.0207 68.0 6.5 19
20181226032354 167.894 -16.3776 35.0 5.1 17
20180819005544 -178.1 -18.2293 537.63 5.6 19
20180618161248 -155.283 19.4113 0.33 5.3 19
20180510183636 -104.011 8.2692 10.0 5.0 19
20180712030924 143.849 23.5464 10.0 5.1 19
20180720023301 -155.282 19.4103 0.85 5.3 19
20181216094237 140.232 -3.9226 61.97 6.1 17
20180906160250 -179.526 -18.0651 630.29 5.3 19
20190110170014 168.83 -21.8157 10.0 5.1 17
20180720123201 161.228 -10.3496 89.86 5.1 19
20181004041621 -178.521 -17.8372 590.03 5.5 18
20181206094355 -86.9794 12.5956 159.77 5.1 17
20180810180924 165.635 -62.629 10.0 5.5 19
20181206184422 169.44 -19.0297 237.61 5.1 17
20190201234813 -176.863 -23.709 90.6 5.3 17
20181009074511 156.242 49.3959 19.0 6.1 18
20181016010343 169.522 -21.7427 17.0 6.5 17
20180822132748 -62.9288 10.6593 108.0 5.8 19
20181125034050 -81.0931 13.1817 10.0 6.0 17
20190519150148 169.688 -21.6697 10.0 5.1 10
20181203212421 -174.707 -22.7294 10.0 5.1 17
20180926092742 133.371 -0.7257 32.33 5.2 16
20190318150716 -177.599 -31.6304 10.0 5.0 14
20180429202338 168.48 -18.7763 56.04 5.2 19
20180501041300 -177.449 -29.8322 35.0 5.1 19
20190326212718 -157.247 66.3061 8.5 5.0 14
20180926173335 -107.608 -34.9411 10.0 5.7 18
20180506060359 140.193 31.4438 10.0 5.4 19
20190318143022 -177.771 -31.7615 8.15 5.2 14
20190506141348 154.815 -6.2299 62.81 5.2 13
20190114042341 139.875 36.1902 53.43 5.0 17
20180612115251 -155.283 19.4115 0.72 5.3 19
20180923053957 120.664 -49.2214 10.0 5.1 4
20190510145305 165.462 -12.0233 10.0 5.0 13
20181221201057 -40.4903 9.1049 10.0 5.0 15
20181001151149 -75.8625 -45.7584 10.0 5.2 18
20181205043510 169.276 -21.9944 10.0 5.5 17
20181221162416 164.817 54.784 10.0 5.0 17
20190311092804 143.894 12.1249 10.0 5.0 14
20190417095548 -82.6124 3.9697 10.0 5.1 13
20181223100920 169.294 -22.1028 10.0 5.3 17
20181023115537 -123.102 -55.8078 10.0 5.5 17
20181007001151 -73.0128 20.0343 24.0 5.9 8
20181010232150 156.28 49.2 10.0 5.5 18
20180521191257 155.048 -6.4941 32.2 5.4 19
20190510032333 -176.779 -28.6675 10.0 5.7 13
20190126020721 165.977 -10.8381 35.84 5.7 17
20190520111833 -70.0028 -31.4782 108.0 5.5 7
20180715132605 -155.29 19.4037 1.35 5.3 19
20181111140359 -49.8719 15.5653 10.0 6.3 17
20181211022629 -26.3856 -58.5446 133.0 7.1 16
20190429142814 144.2 21.7521 107.45 5.3 13
20190307051037 -68.8567 -38.5233 13.84 5.0 15
20180831132501 -70.4787 -32.2062 96.26 5.0 19
20181217155220 169.926 -21.8796 22.3 5.1 17
20180516021217 138.59 -3.7928 90.0 5.5 19
20180814181327 -25.1425 -58.0391 35.0 5.4 13
20181104192603 145.655 44.5478 9.0 5.9 17
20190115015855 146.582 -5.9732 35.0 5.1 17
20180518135637 -82.6705 3.8969 10.0 5.3 19
20180630094806 -119.411 -54.6293 10.0 5.4 19
20181019055512 139.117 -2.8208 58.0 5.5 17
20180718165630 146.253 -6.3924 97.91 5.0 19
20180817192926 169.226 -18.8788 194.22 5.2 19
20180430182453 168.376 -15.9408 266.0 5.8 19
20190206175649 -71.0435 -19.8905 12.98 5.2 17
20180513055033 -173.797 -21.1637 10.0 5.5 19
20181201070737 -149.936 61.4833 51.3 5.0 17
20190131055020 169.51 -19.5226 186.82 5.4 17
20180821223226 168.143 -16.0315 9.0 6.5 19
20180607161511 165.642 -10.8013 21.52 5.3 19
20180814234957 -82.5133 4.9288 10.0 5.0 19
20181205082032 169.42 -22.134 10.0 5.2 17
20190125044522 -75.3517 -14.5333 60.5 5.7 17
20190201060402 165.933 -12.9858 10.0 5.0 17
20181031072622 -44.0751 26.8816 10.0 5.1 17
20190412145131 148.739 -6.4883 30.0 6.0 13
20180707040437 -155.29 19.4027 0.23 5.3 19
20180726220911 -155.269 19.3977 0.18 5.3 19
20180822224911 154.167 -61.178 10.0 5.6 19
20190310171052 142.359 36.8322 13.0 5.7 15
20180821213147 -62.9019 10.7731 146.82 7.3 19
20190204174548 -79.8348 -2.4081 70.0 5.8 17
20180628144850 -155.286 19.4127 0.23 5.3 19
20190508134719 -75.0959 -15.7761 15.34 5.7 13
20180713004227 -155.277 19.3993 0.27 5.3 17
20190113124014 161.393 -10.0806 92.77 5.3 17
20190117154828 146.444 -3.0649 10.0 5.1 17
20181016013124 169.613 -21.7465 10.0 5.3 17
20180819001940 -178.153 -18.1125 600.0 8.2 10
20180625021224 -155.283 19.411 0.82 5.2 19
20180819062148 151.964 -5.144 43.86 5.0 19
20190522181006 -173.172 -15.2367 10.0 5.1 3
20180701082016 -150.797 63.0676 117.3 5.0 19
20181108011839 -178.432 -20.951 556.49 5.0 17
20180618070941 -111.957 -29.8815 10.0 5.8 15
20180418061601 -82.5605 5.1399 10.0 5.4 3
20180730074643 150.826 -9.7117 10.0 5.5 19
20180910041902 -179.373 -31.7447 115.0 6.9 19
20181102110115 146.697 47.8334 433.0 6.0 17
20181205074641 168.847 -21.6791 10.0 5.2 17
20190103124731 -26.201 -59.7459 42.43 5.4 16
20180426165558 139.78 -1.9046 10.0 5.6 15
20180601233715 -155.279 19.4003 0.53 5.4 19
20181029210713 -66.1638 -57.5419 10.0 5.6 17
20190106110620 -70.8297 -15.1888 30.6 5.0 17
20180621211332 168.057 -17.7905 28.0 6.1 19
20181029074154 167.969 -16.1027 169.06 5.0 17
20181202111147 170.726 -22.1537 10.0 5.0 17
20180815224358 -87.9289 11.3927 27.81 5.2 19
20181221052342 151.989 -5.5478 16.12 5.3 17
20180624150934 -176.349 -22.6549 77.52 5.2 19
20180921034040 -179.978 -17.9071 652.35 5.9 19
20181012094013 -128.878 -55.1233 10.0 5.6 17
20180901142323 -177.682 51.3305 35.0 5.1 19
20180520024734 151.435 -5.7822 10.0 5.0 19
20180826143301 136.776 -3.0945 48.49 5.0 19
20180604150645 -92.2834 13.4221 10.0 5.1 19
20180612062048 150.208 -5.5756 113.13 5.3 19
20180819005831 -178.08 -17.8384 511.63 5.3 19
20180630044810 139.346 -51.156 10.0 5.3 19
20180613103309 169.455 -18.8819 220.82 5.1 19
20190119180948 144.157 12.4298 6.45 5.0 17
20181016053451 169.486 -21.8134 10.0 5.1 17
20180907023917 -69.9459 -28.8696 93.13 5.8 19
20181218052745 167.903 -16.2899 10.0 5.0 17
20180824090408 -70.8284 -11.0355 630.0 7.1 19
20180816182130 143.395 23.3524 11.24 5.8 19
20180621193309 -174.897 -22.606 10.0 5.6 19
20180712003801 143.829 23.5443 8.43 5.0 17
20190112171317 152.225 -5.8486 10.0 5.3 17
20180823033512 -177.76 51.35 20.0 6.3 19
20180906160821 -179.669 -17.9933 660.43 5.1 19
20180819003923 -177.838 -17.6865 643.82 5.3 17
20190417232636 150.867 -9.5595 8.46 5.1 13
20181029213116 -77.2051 8.6839 10.0 5.0 17
20190321192408 -177.775 -31.3809 10.0 5.1 14
20180510221540 -179.528 -22.2841 587.36 5.2 19
20181219013740 -101.072 -36.1378 10.0 6.3 17
20190306213313 -157.219 66.3108 9.1 5.2 15
20180506024420 -72.268 -34.2685 12.08 5.2 19
20190105185506 -172.166 -18.0407 10.0 5.1 17
20180713094649 169.047 -18.9279 167.0 6.4 19
20181103200345 -179.761 -39.338 10.0 5.0 17
20181012041547 140.758 35.7549 34.51 5.2 17
20190307152723 -176.916 -32.713 10.0 5.5 15
20190430022849 131.557 -6.2762 58.95 5.1 9
20180716140311 -177.926 -30.7452 24.42 5.2 19
20181207204355 169.118 -22.007 10.0 5.0 17
20180621160803 -67.0505 -24.267 189.0 5.6 19
20181013001345 167.247 -13.6819 197.43 5.7 8
20180710010821 -150.636 62.9789 113.4 5.0 19
20190428002040 -174.509 -21.2585 10.0 5.1 5
20190315120838 148.814 -6.0687 33.15 5.1 14
20190201094056 144.356 21.4461 10.0 5.1 17
20190311062314 -178.26 51.4361 51.25 5.2 15
20180612233244 169.147 -20.4421 48.73 5.4 19
20180812183643 -144.732 69.5517 17.8 5.1 19
20180702115321 142.71 41.2557 37.82 5.2 19
20180614131937 -155.282 19.4137 0.43 5.3 19
20180815215656 -178.026 51.4234 33.93 6.5 19
20181117164314 -179.919 -15.7362 10.0 5.1 17
20181224021929 -68.2275 -21.4053 114.54 5.0 17
20190331030740 -178.113 -30.6881 35.0 5.0 14
20180819110030 -177.961 -18.0254 543.67 5.2 19
20181014235314 -156.396 67.7739 10.5 5.0 13
20181124234239 165.422 -47.9039 10.0 5.8 17
20180912223239 151.617 -3.8139 10.0 5.1 19
20180720235600 145.993 18.45 121.0 5.6 15
20181004034134 163.902 56.0553 22.09 5.1 18
20180626030244 -155.283 19.4115 0.72 5.2 19
20181125061431 -177.321 -28.9982 40.0 5.6 17
20180918020355 147.695 -6.3689 43.62 5.0 19
20180822205850 152.001 -5.4407 56.26 5.0 19
20180817043530 -178.154 51.2972 31.75 5.4 19
20180612234554 156.354 50.5863 84.62 5.2 19
20190127215923 146.413 -2.9619 26.13 5.0 17
20181007001004 -37.7083 7.6608 10.0 5.8 1
20180826055712 149.559 44.2437 10.0 5.2 19
20180807155359 -72.9952 6.7814 146.36 5.3 19
20181205234535 169.382 -22.2285 10.0 5.0 17
20181117143952 168.635 54.456 10.0 5.4 17
20190407070214 -177.972 -32.0206 10.0 5.1 14
20181016044241 169.594 -21.9473 10.0 5.6 17
20180824141555 142.627 41.1252 43.25 5.3 19
20190306184725 142.931 -4.1275 129.58 5.6 15
20181005015636 149.672 -3.4743 10.0 5.0 18
20181120004628 -173.41 -15.2367 10.0 5.1 17
20180716151838 154.973 -61.368 10.0 5.8 19
20190129034226 141.09 34.9588 35.0 5.2 17
20190519142711 169.576 -21.7313 16.0 6.0 10
20181022162700 -128.992 49.0689 10.0 5.2 17
20181119035615 168.049 -14.9596 10.0 5.1 17
20190523150218 169.794 -21.6535 19.0 5.7 1
20181102093930 158.238 52.1868 77.03 5.1 17
20180812151419 -144.777 69.5599 13.4 5.0 19
20180417234304 -28.483 -55.1466 10.0 5.0 3
20180829044835 170.199 -22.239 10.0 5.2 19
20190414153036 178.086 52.1156 10.0 5.2 13
20181116050344 163.336 -10.5258 10.0 5.0 17
20180906160734 -178.821 -17.1449 630.44 5.0 19
20180830152102 138.444 -1.2594 34.54 5.2 19
20181016042121 169.557 -21.9586 10.0 5.0 17
20180603004809 -173.751 -19.4574 13.0 5.7 19
20180927222544 -178.196 -18.1398 545.77 5.4 18
20190302021719 155.782 -6.9623 31.55 5.5 16
20190328220649 159.943 50.4951 9.0 6.2 14
20180512023500 -44.3171 27.3326 10.0 5.1 19
20190126082303 142.222 40.3332 48.24 5.5 17
20180829213342 -83.129 8.6677 14.0 5.4 19
20180824162903 147.182 -5.9157 82.49 5.4 19
20181004235848 142.036 42.5988 16.92 5.0 14
20181115164941 -25.572 -56.8145 10.0 5.5 12
20181127053759 -108.351 19.3732 10.0 5.6 17
20190105192538 -71.587 -8.144 570.41 6.8 17
20181026030618 145.566 44.4486 10.0 5.1 17
20180422104547 -26.6193 -56.4498 49.01 5.0 10
20180518024746 -177.676 -30.2407 35.0 5.1 19
20180623003339 161.118 -10.2693 23.0 5.5 16
20180906155641 179.314 -18.2769 656.35 5.7 19
20190501153221 -171.708 -16.9422 10.0 5.0 13
20190311190123 149.036 -6.0483 35.0 5.0 14
20190126081248 133.765 -5.4962 10.0 5.9 17
20180818072831 143.438 23.4617 19.94 5.3 19
20190112214843 129.21 -7.2344 117.01 5.0 1
20181205045424 169.748 -22.1868 10.0 5.3 17
20180807151257 144.055 37.8857 14.47 5.5 19
20180623015440 -62.6732 10.7414 90.62 5.2 19
20180718112804 -155.275 19.3962 0.37 5.3 19
20181005210826 169.6 -21.9791 5.61 5.4 18
20181205045021 169.204 -21.9278 10.0 5.3 17
20180624221502 -177.302 -25.5469 116.49 5.4 19
20181205043024 169.147 -21.8427 10.0 5.9 17
20190513124153 -74.4259 -14.0399 80.13 5.0 13
20181106161139 -174.53 -22.1851 10.0 5.5 17
20190124005238 -173.375 -15.1437 10.0 5.0 17
20180728181521 151.076 -6.186 50.84 5.1 19
20190108100010 -74.0062 -4.6078 10.0 5.2 17
20180719183032 148.73 -6.1139 29.62 6.0 19
20190507062813 155.793 49.4351 43.01 5.1 13
20180809141419 146.999 43.1454 36.34 5.0 19
20190509230650 -174.003 -17.0383 93.61 5.2 13
20181025183609 141.785 38.3158 40.0 5.7 17
20180822173406 168.201 -16.0253 10.0 5.1 19
20190307153428 -72.6945 -29.4648 17.0 5.7 15
20190411213149 148.635 -6.4916 20.46 5.6 13
20181206060730 168.978 -21.9176 10.0 5.2 17
20190306072045 -97.5292 -36.2223 10.0 5.5 15
20190131044030 -88.3489 13.4929 191.85 5.0 17
20190115180634 166.875 -13.336 35.0 6.6 17
20190417082155 150.994 -9.4428 10.0 5.0 13
20190520060214 154.607 -6.8633 10.0 5.2 8
20181216130118 147.714 -6.2282 46.64 5.1 17
20190413095044 145.978 -5.3227 72.45 5.2 13
20190424185732 -68.6221 -21.5388 145.71 5.3 13
20190417050343 179.732 -31.7926 341.3 5.0 13
20180828130911 -177.939 -18.0299 600.62 5.7 19
20181205043123 169.484 -21.9051 10.0 5.7 17
20180505203646 168.28 -21.3849 11.83 5.1 19
20190416160116 -179.576 -32.3696 8.76 5.3 13
20181205200127 169.147 -22.0032 10.0 5.0 17
20181015013212 159.486 54.1357 121.0 5.3 17
20180628164749 167.477 -15.1359 115.0 5.5 19
20181102075354 135.148 33.6719 28.2 5.4 12
20181106212255 -76.7622 -45.534 10.0 5.3 17
20180424022952 -87.7466 12.4928 47.28 5.6 11
20180527085803 173.407 -15.8466 10.0 5.0 19
20181011021616 156.2 49.2243 10.0 5.2 18
20180822180307 -98.7299 16.6048 16.92 5.3 19
20180724144452 -126.862 41.8105 10.0 5.6 19
20180421194417 123.591 -48.9461 10.0 5.8 7
20180501163327 137.017 -3.8074 32.93 5.3 19
20180819075631 -177.976 -30.2154 35.0 5.3 19
20180721194328 -155.288 19.4018 0.07 5.3 19
20181209215308 169.108 -22.0996 10.0 5.1 17
20180731084220 141.097 37.1788 10.9 5.5 19
20180825165001 -171.125 52.0948 23.0 5.9 19
20180621130637 142.449 -5.9882 10.0 5.0 19
20180517041530 -155.281 19.405 0.01 5.0 19
20180616063227 -178.284 -32.6975 10.0 5.3 19
20190207014133 161.029 -8.4462 58.98 5.2 17
20190118131831 168.745 -19.2036 38.67 6.0 17
20180724142815 -126.656 41.8055 10.0 5.2 19
20190331072713 -80.7188 -1.9695 10.0 5.1 14
20180802161242 169.111 -21.626 10.0 5.0 19
20180930105223 -178.063 -18.3604 550.0 6.7 18
20181021163511 -59.8631 11.3071 22.27 5.1 17
20180909000624 179.871 -24.9658 489.11 5.5 4
20190418040634 -71.5891 -29.3648 54.0 5.6 13
20190217132208 -64.6916 -23.4656 10.0 5.0 16
20181205080128 169.208 -22.1517 10.0 5.2 17
20180827200921 -58.0488 -61.7941 49.0 5.6 19
20190106073004 153.689 -3.3944 387.14 5.2 17
20190221063439 -178.839 -20.8509 614.79 5.5 16
20180517182452 -178.606 -31.8276 35.0 5.1 19
20181017005743 166.316 -11.6084 35.0 5.7 17
20181127024533 -178.571 -17.8924 574.21 5.7 17
20180906161059 179.995 -17.8555 631.62 5.1 19
20180626014843 -29.6617 -59.5351 25.28 5.6 19
20181015053153 149.353 -59.4483 10.0 5.4 17
20190512211714 151.088 -5.8349 35.0 5.0 13
20190131181713 143.83 21.4475 10.0 5.1 17
20190315050350 -65.9072 -17.8744 359.0 6.3 14
20181224004311 141.623 34.0619 9.22 5.5 17
20181220173510 164.692 54.8488 10.0 5.6 17
20190304100600 146.205 -5.2208 10.0 5.9 16
20181231202221 -174.856 -17.4496 219.42 5.0 17
20181120005517 151.318 -6.0547 10.0 5.1 17
20181015193556 151.21 -6.0484 10.0 5.5 17
20180923055215 146.238 12.2222 32.0 5.8 19
20181128204304 153.004 -4.3732 10.0 5.1 17
20180918205823 -176.796 -27.9491 32.0 5.0 19
20181124204113 -70.6681 9.3095 18.92 5.2 17
20190113213237 -174.273 -22.6486 10.0 5.1 17
20180904143748 -25.4629 -57.9016 35.0 5.2 14
20180803054215 132.707 -6.2122 35.77 5.4 16
20180701173714 147.452 -56.2203 10.0 5.3 19
20190302155153 142.007 30.8682 10.0 5.4 16
20180913173412 -179.347 -34.8245 20.09 5.3 19
20181205163751 169.018 -21.7839 10.0 5.1 17
20180905182011 142.047 42.59 35.0 5.2 19
20181001132059 -176.145 -24.0933 35.0 5.0 18
20181209203752 169.107 -21.9472 10.0 5.0 17
20181003235941 -27.2312 -56.1438 64.87 5.2 12
20181221222434 167.836 -16.2254 10.0 5.0 17
20190206174446 146.105 21.4004 8.93 5.3 17
20181127092216 154.748 -7.0814 10.0 5.2 17
20190121003545 169.016 -21.9127 10.0 5.5 15
20190512192450 -82.8298 8.625 19.0 6.0 13
20180907014723 -77.6026 8.0543 10.0 5.4 19
20190331152757 -79.3227 -9.9668 29.0 5.5 14
20180818215243 153.549 -4.869 60.71 5.2 19
20181019152027 -179.99 -24.7582 479.47 5.3 17
20180811121537 146.624 -55.1535 10.0 5.7 19
20181204142254 144.557 19.5466 10.0 5.1 17
20180812194134 -102.375 -35.6828 10.0 5.5 19
20181010220034 151.723 -4.9624 121.0 6.2 18
20180820114005 -178.112 -18.2472 549.38 5.0 19
20190420223439 164.659 54.8568 10.0 5.2 13
20181009231231 -175.399 -18.4807 231.95 5.1 18
20181022053939 -129.412 49.2586 10.0 6.5 17
20180916150030 166.817 -14.6103 35.0 5.3 19
20181205080931 169.236 -21.942 10.0 5.2 17
20190525103110 169.042 -18.9971 145.0 5.7 1
20190118212701 -76.818 -3.2663 103.0 5.7 17
20181205154010 169.301 -21.7334 10.0 5.4 17
20180421170155 141.576 26.4634 72.44 5.0 8
20180902142618 -27.8521 -55.5266 10.0 5.0 17
20180517140410 -155.281 19.405 0.01 5.0 19
20190204143348 -68.5523 18.1358 74.0 5.3 17
20180503203056 -155.071 19.3388 6.47 5.06 19
20180822184936 155.728 -6.9675 34.0 5.8 19
20181029070111 -66.4197 -57.5863 10.0 5.1 17
20181029065421 -66.3834 -57.434 10.0 6.3 17
20190201145116 144.081 21.4117 10.0 5.0 17
20190326215406 -173.422 -21.3615 10.0 5.3 14
20181205044156 169.205 -21.7205 10.0 5.8 17
20190517230232 139.87 -3.2468 35.0 5.0 12
20190221221733 -72.9909 -15.2699 77.17 5.2 16
20181205232039 169.102 -21.8862 10.0 5.1 17
20180805021631 152.881 57.9559 10.0 5.0 19
20180901154300 139.913 27.9555 435.0 5.6 19
20181206041724 -75.8223 -14.8986 10.0 5.0 17
20180904133229 -25.3537 -57.906 35.0 5.0 14
20181216024343 168.196 -16.2907 10.0 5.2 17
20190310184342 142.429 36.7315 10.0 5.0 15
20190131101806 -82.6268 6.0698 10.0 5.4 17
20190524093617 178.057 -16.4554 10.0 5.1 1
20181007200018 -73.0143 20.0414 23.0 5.4 18
20190302032254 146.894 41.9469 18.73 5.9 16
20190129233500 -72.3651 -15.523 111.9 5.5 17
20181205044346 169.45 -22.0551 10.0 5.3 17
20190514133820 152.662 -4.21 10.0 5.0 13
20180518014531 -178.414 -34.5886 11.0 6.1 19
20181205055306 169.621 -22.4076 10.0 5.3 17
20190524061617 -80.5208 -44.6681 10.0 5.0 1
20180713031333 -174.329 -21.4684 10.0 5.2 19
20190513071031 -74.8826 -12.1597 89.72 5.2 13
20181016011852 169.661 -21.6372 10.0 5.1 17
20180618053128 169.029 -19.2343 125.87 5.4 19
20190303103120 -178.02 -30.5788 35.0 5.4 16
20190129162451 139.69 -3.0859 35.0 5.0 17
20190117151419 146.356 -3.1497 10.0 5.1 17
20180630035649 -105.119 19.0222 15.0 5.9 19
20190117125637 -114.13 29.6356 10.0 5.3 17
20181101010519 -26.652 -55.8983 10.0 5.0 13
20180811094547 -176.206 -20.4564 177.82 5.0 19
20181207010301 169.088 -21.9707 10.0 5.0 17
20180609082801 154.888 -9.7963 10.0 5.2 19
20190414030902 -155.79 19.742 13.33 5.34 13
20190414202830 144.821 42.4819 40.41 5.0 13
20180613235444 -80.5718 7.4269 10.0 5.2 16
20180915154015 156.17 49.8508 49.28 5.4 19
20190326173731 130.913 -6.0407 112.65 5.0 5
20180914112003 -71.4369 -15.9944 129.55 5.4 19
20190124030457 -73.0062 6.7506 159.2 5.2 17
20181226141121 -174.013 -17.277 120.0 5.7 17
20181013111022 153.243 52.8549 461.0 6.7 17
20181130172929 -149.955 61.3464 46.7 7.1 17
20190505064657 -127.334 40.6203 10.0 5.0 13
20190310095213 148.289 44.159 38.26 5.1 15
20190215134052 -174.825 -15.7128 295.57 5.3 17
20190301010212 159.574 -53.4172 10.0 5.9 16
20190320190301 -172.477 -17.6945 10.0 5.3 14
20180705232004 -155.283 19.4108 0.46 5.2 19
20180917093240 178.31 -25.2665 568.94 5.0 19
20190202070202 -174.926 -15.6539 272.58 5.4 17
20190325105240 -70.0005 -21.3137 72.03 5.0 14
20190514205526 147.947 43.8717 39.12 5.2 13
20180528205935 -68.6076 -31.2281 106.3 5.0 19
20190123144829 -37.974 7.9833 10.0 5.3 3
20180730060637 -174.831 -23.472 10.0 5.1 19
20180919184221 -70.3888 -19.5404 62.58 5.0 19
20180721225057 -26.1912 -60.624 10.0 5.1 19
20180601015935 -179.302 -32.0865 97.8 5.1 19
20180915124217 -129.04 -55.0614 10.0 5.0 19
20181120063806 -78.5753 -9.8483 57.44 5.4 17
20180609194958 151.908 -5.8776 10.0 5.2 19
20180617134134 -179.441 -22.1384 576.23 5.4 19
20190128160016 -179.284 -17.9627 618.77 5.5 17
20180922183536 -173.924 -21.3341 10.0 5.1 19
20180530115106 169.985 -20.072 15.04 5.0 19
20190516003213 -69.3931 -31.456 105.45 5.1 9
20180808073142 146.374 13.7235 39.22 5.1 19
20181205101909 169.575 -22.2159 10.0 5.0 17
20190516120944 152.994 -5.169 10.0 5.0 13
20190214143316 -74.3097 -12.1674 10.0 5.5 17
20181011001439 156.206 49.3262 10.0 5.4 9
20181122160705 -137.505 -54.2265 10.0 5.9 17
20180906051338 -178.524 -17.9849 528.03 5.5 19
20180829040436 169.999 -21.9185 10.0 5.1 19
20180512012929 137.902 36.643 9.94 5.1 18
20190124155602 -74.6628 -9.6306 71.71 5.1 17
20181206232659 169.637 -22.3519 9.0 5.9 17
20181127154120 171.334 -21.3682 10.0 5.7 17
20180819022549 -177.883 -18.057 586.76 5.0 19
20180903233717 -85.2615 1.4387 10.0 5.9 19
20190110170037 -175.545 -26.904 10.0 5.8 17
20180729141022 -128.78 44.0248 10.0 5.3 19
20190214003443 -130.087 50.7098 10.0 5.3 15
20180819003846 -178.016 -18.2632 584.15 5.2 17
20190328161812 142.208 12.0527 43.95 5.0 14
20180808191452 -41.347 -60.7039 10.0 5.0 19
20190505084248 145.771 -6.2848 116.26 5.1 13
20181207042628 169.032 -21.9137 10.0 5.0 17
20180529013003 -176.47 -27.2067 35.0 5.2 19
20180629015528 142.735 -5.9634 19.05 5.4 19
20180516172217 -179.497 -33.781 34.0 5.9 19
20181207111447 170.11 -21.9476 10.0 5.0 17
20180515081750 -27.0281 -55.9334 10.0 5.4 15
20190226121509 129.545 -4.0019 107.82 5.1 1
20190114224808 -70.6526 -17.6744 96.3 5.2 17
20180704095217 -173.467 -20.3958 10.0 5.0 19
20180520004214 -173.983 -21.0684 10.0 5.6 17
20180903071529 150.177 -3.8179 10.0 5.6 19
20181212032426 -174.088 -20.1762 35.0 5.1 17
20190217231854 -25.8795 -59.879 10.0 5.1 15
20180811010439 147.408 -2.9017 10.0 5.0 19
20190422214441 -130.173 50.2225 10.0 5.5 13
20190427181048 178.989 -37.0898 35.0 5.0 13
20190420034821 161.205 -10.3005 80.07 5.0 13
20181221181936 164.462 55.2636 18.06 5.5 17
20190320152358 167.655 -15.5965 119.0 6.3 14
20181015194031 151.214 -6.1739 10.0 5.2 17
20180512203250 -178.022 -30.4665 57.39 5.0 19
20181010020259 147.456 -6.1493 36.19 5.5 18
20190217143555 152.132 -3.3412 368.12 6.4 16
20180812211500 -144.339 69.5227 16.2 6.0 19
20181201054916 -178.617 -20.9517 562.42 5.0 17
20180611144354 -155.279 19.4113 0.54 5.3 19
20190408175311 145.2 -4.7406 44.2 5.0 13
20180906155827 -179.238 -18.1864 623.83 5.1 19
20180424085321 145.726 43.3482 83.0 5.5 11
20180609022946 150.346 -6.005 49.63 5.2 19
20180509150015 174.198 52.2899 44.9 5.0 19
20190521211951 -85.1082 1.0888 10.0 5.3 3
20190117025448 167.322 -14.3605 182.41 5.1 17
20190424231807 -177.827 -20.743 441.63 5.0 13
20180719141627 -160.798 54.443 21.39 5.8 19
20180615005713 138.794 -1.9442 10.0 5.6 19
20180819040544 143.364 23.573 10.0 5.2 19
20190408201544 -172.914 -15.565 10.0 5.2 13
20180819005625 -177.945 -17.925 558.21 5.1 19
20190315175334 -176.462 -27.4594 10.0 5.6 14
20190416092232 -179.068 -31.1716 10.0 5.7 13
20181030021339 174.958 -39.057 225.48 6.1 17
20180617162613 -155.281 19.4103 0.8 5.3 19
20180922131359 -70.9383 -25.8996 28.41 5.4 19
20180925225647 -74.8969 -15.3405 53.18 5.2 19
20180829035156 170.126 -22.0295 21.43 7.1 19
20190122044319 -155.323 58.3317 121.5 5.2 17
20180819015827 -106.118 -35.3389 10.0 5.1 19
20180511011944 -66.8762 -24.2078 171.31 5.0 19
20190116015101 169.406 -22.0616 10.0 5.1 17
20180704163703 167.372 -14.9674 113.0 5.5 19
20180614062739 -76.3048 -45.8429 10.0 5.7 19
20180621231259 -155.283 19.4115 0.46 5.4 19
20181213125111 168.956 -21.9761 21.04 5.2 17
20180920064500 158.196 -9.0125 10.0 5.1 19
20181225094610 142.429 29.045 10.0 5.4 17
20190123070656 -177.934 -33.4784 10.0 5.1 17
20190514143634 152.011 -3.7803 12.09 5.0 13
20181222142501 166.815 -13.4 42.0 6.0 17
20181216161539 168.284 -16.3942 10.0 5.0 17
20180903021619 150.275 -3.8856 10.0 5.5 19
20181010055357 146.807 -6.2249 109.06 5.0 18
20180615131858 -172.845 -15.419 55.0 5.3 19
20180921124928 -95.449 2.4191 10.0 5.6 19
20180621020330 -174.114 -16.1371 120.07 5.1 19
20180517110714 -76.5657 -12.6677 56.47 5.2 19
20180918072441 -175.254 -24.4279 10.0 5.1 19
20181206173240 168.791 -22.9153 10.0 5.1 17
20181116075301 -65.8658 -57.5784 10.0 5.1 17
20180522002605 145.425 12.8932 10.99 5.7 13
20180522133619 -78.4272 0.497 33.37 5.0 19
20180728092817 -177.453 -30.0553 19.0 5.7 19
20180905211128 142.0 42.6827 29.28 5.3 19
20180817025112 152.657 -5.7829 10.0 5.1 19
20180819003259 -178.2 -17.9445 520.06 5.7 15
20181114212150 161.994 55.6414 49.0 6.1 17
20190130062349 -173.021 -15.1799 10.0 5.3 17
20190210132709 -173.493 -15.1113 10.0 5.1 17
20181016012902 169.672 -21.9577 10.0 5.2 17
20180902175643 155.399 -7.0189 35.0 5.1 19
20181224131212 179.081 -34.6194 155.66 5.0 17
20181108090247 -173.302 -15.2739 9.76 5.0 17
20190105225414 144.569 25.8233 14.28 5.7 17
20181125220953 -81.2056 13.054 10.0 5.0 17
20181205041436 169.35 -22.0161 10.0 6.3 17
20180718093811 145.236 -3.4664 10.0 5.1 19
20180726231350 -44.8881 26.1709 10.0 5.1 19
20190513021105 -178.863 -32.9308 35.0 5.1 13
20180607020638 -155.282 19.4107 0.36 5.4 19
20180602094809 147.984 43.9796 15.0 5.4 19
20190513120110 -174.727 -23.3599 10.0 5.2 13
20190504164024 146.347 43.3501 35.97 5.1 13
20181010062758 -158.895 55.6399 48.3 5.0 18
20190521063304 -88.593 -41.3215 10.0 5.0 5
20181016033244 169.548 -21.8038 10.0 5.2 17
20181114185624 -26.7037 -60.4493 10.0 5.0 17
20190408230553 -172.985 -15.5963 10.0 5.2 13
20180701005113 -155.281 19.412 0.3 5.3 19
20190227024429 -116.369 -49.516 10.0 5.1 16
20190516162217 -87.8168 12.6436 71.96 5.9 13
20190404213438 142.513 24.494 35.0 5.1 14
20180726125647 -26.2651 -56.8354 35.0 5.3 14
20181010211314 151.138 -5.924 19.63 5.9 18
20190125194209 -173.592 -15.4555 93.17 5.0 17
20190405095652 138.684 30.4095 383.0 5.9 14
20181002100837 167.836 -17.836 10.0 5.7 18
20180905033314 -25.0898 -58.27 20.69 5.4 13
20181202223247 171.453 -21.2525 10.0 5.5 17
20190526074115 -75.2697 -5.8119 122.57 8.0 1
20180829012457 178.037 -16.426 23.0 5.8 19
20180506144420 -133.406 -54.4581 10.0 5.1 19
20180906160859 -179.857 -17.9328 633.22 5.2 19
20180927052900 131.112 -6.8619 48.18 5.1 8
20190110045420 -176.345 -29.9483 10.0 5.2 17
20180508081411 -148.431 56.2956 6.0 5.5 19
20180420193037 -176.219 -29.947 10.0 5.0 6
20181008120556 -108.933 23.6344 7.0 5.5 18
20180501031540 -177.077 -29.4836 24.17 5.2 19
20181214160210 140.738 26.3113 465.8 5.1 17
20181205064304 169.733 -22.0629 10.0 6.6 17
20181115200222 -25.546 -56.7065 15.0 6.4 11
20190428074346 -86.113 16.7696 10.0 5.1 13
20190117150635 146.389 -3.2307 10.0 6.2 17
20180523013745 161.854 55.2918 30.0 5.5 19
20190422182954 -67.0884 -24.2469 157.81 5.1 13
20181112175344 -175.399 -18.6516 198.67 5.0 17
20180819030727 -178.61 -18.2067 554.98 5.0 19
20180818193907 -77.2506 8.802 10.0 5.6 19
20181028222353 -90.3687 13.0346 22.0 6.1 17
20180918115753 157.193 -8.3108 17.0 5.9 19
20181007010651 -135.527 -54.3895 10.0 5.6 18
20190115202408 -79.0533 -8.9422 57.59 5.2 17
20181016064949 169.496 -21.7459 10.0 5.1 17
20180819003817 -177.721 -18.1253 580.43 5.2 17
20190320162322 -77.3293 -2.7612 32.28 5.1 14
20180904201119 141.392 36.4802 39.53 5.4 19
20180829132756 170.333 -22.403 10.0 5.0 19
20180911151408 -146.692 -54.1983 10.0 5.4 19
20180712065121 -179.911 -23.337 541.3 5.5 19
20181030114802 -28.2447 -55.3893 10.0 5.0 16
20181231023537 -161.513 54.4266 31.0 6.0 17
20180627084040 -155.28 19.4105 0.53 5.3 19
20180910082415 -71.6956 -28.7391 35.0 5.3 19
20181208025723 169.298 -22.0038 10.0 5.1 17
20190209192308 -68.3666 -21.6457 115.28 5.0 17
20180905004312 -24.9306 -58.3307 10.0 5.0 13
20190516143249 -70.076 -17.7629 107.03 5.1 13
20190418144601 139.321 -51.127 10.0 6.3 13
20180719053934 -74.5982 3.4257 47.77 5.1 19
20181006230101 148.894 -6.2214 52.49 5.0 18
20180812041016 -177.148 -32.0826 10.0 5.0 19
20190517141624 -70.2795 -19.8024 69.47 5.0 12
20190128090047 -72.9602 -35.5891 21.0 5.2 17
20181224104139 164.174 54.607 10.0 5.3 17
20180913113804 -123.211 -55.8773 10.0 5.5 19
20180722212157 168.887 -18.9577 103.46 5.5 19
20190410055754 169.076 -23.2172 10.0 5.1 13
20180903005842 147.505 17.5365 25.9 5.1 19
20181118160423 -44.9834 14.9332 10.0 5.0 17
20190222104040 -79.7366 -2.2377 70.89 5.5 16
20190421063136 -178.308 51.4623 53.43 5.0 13
20190328150531 -70.1015 -24.598 45.54 5.4 14
20190215235140 -124.947 -55.7216 10.0 5.6 16
20180723213744 148.19 45.1211 128.8 5.1 19
20180822215620 154.991 -7.7028 10.0 5.2 19
20190407105241 -72.5153 -33.7588 10.0 5.6 14
20190320191303 -44.9433 15.2353 10.0 5.0 14
20190221122240 141.947 42.76 28.0 5.4 16
20181115200721 -25.5468 -56.7757 10.0 5.2 11
20180421094718 141.088 35.5014 21.69 5.1 7
20180517031232 140.719 35.6584 41.89 5.3 19
20190225171353 147.794 45.0483 104.71 5.0 16
20180617142926 170.67 -21.6149 98.61 5.1 19
20190203044557 174.048 52.1519 40.07 5.0 17
20180809192151 -91.2308 13.5731 18.0 5.6 19
20181016031431 169.789 -21.9802 10.0 5.1 17
20190108144901 -174.29 -17.6716 10.0 5.2 17
20190411081821 143.298 40.4096 18.0 6.0 13
20181102131845 153.436 -6.3793 10.0 5.4 17
20190510084453 169.133 -19.74 105.0 5.8 13
20181016125028 -104.117 -35.4372 10.0 5.3 17
20181130180006 -149.954 61.459 40.2 5.2 17
20190212105307 168.075 -15.0563 10.0 5.2 17
20190116081657 -173.348 -15.1184 10.0 5.1 17
20190204103759 -175.718 -24.431 10.0 5.3 17
20190130074445 -70.6676 -25.8985 51.0 5.6 17
20181026090539 147.881 17.4064 8.0 5.9 17
20180506124428 -87.9546 13.2731 10.0 5.2 19
20180706233542 126.04 -49.6301 10.0 5.5 19
20181016030327 169.382 -21.9555 10.0 5.1 17
20180905050942 -24.8898 -58.3693 35.0 5.3 13
20181226233620 -174.906 -23.2352 10.0 5.1 17
20190422201524 -98.4853 16.3586 12.46 5.4 13
20180610105101 -155.281 19.4105 0.53 5.3 19
20180626091536 -90.8795 -0.6503 10.0 5.5 19
20180517214315 -179.953 -31.9823 284.39 5.7 19
20190306154614 -177.885 -32.0238 29.0 6.4 15
20180609041341 -173.221 -14.9036 10.0 5.0 19
20181029201722 -66.304 -57.5496 10.0 5.8 17
20181029012744 140.251 31.6133 94.0 5.5 17
20190522173614 -100.744 -36.098 10.0 5.4 3
20180826054325 152.143 -5.0508 61.23 5.2 19
20190409113952 -78.7363 3.7455 10.0 5.0 13
20190225152842 -71.813 -29.7751 10.0 5.3 16
20181227085911 -67.9035 10.2636 8.0 5.4 17
20190516012358 152.63 -5.2554 21.0 5.7 13
20180925085340 155.094 48.1944 35.0 5.1 19
20190509213713 155.893 49.7139 42.71 5.2 13
20181116032655 163.168 -10.5383 10.0 6.2 17
20181205160512 168.538 -12.7975 618.29 5.1 17
20190103000308 -26.9774 -55.7364 10.0 5.1 3
20180504223254 -155.0 19.3182 5.81 6.9 19
20180419235955 -174.578 -22.6501 10.0 5.3 3
20190521071859 -66.689 -23.1389 195.81 5.0 4
20181202110843 170.477 -22.0863 10.0 5.2 17
20180915104532 147.236 18.1465 10.0 5.1 19
20190508165855 154.843 -6.5912 10.0 5.0 13
20190416165916 -23.6177 -58.7395 10.0 5.2 7
20180910193137 170.158 -21.988 12.0 6.3 19
20181220183059 164.647 54.9095 10.0 5.1 17
20181217172316 151.414 -5.7639 28.25 5.2 17
20180502154530 160.933 -10.1018 38.75 5.3 19
20190405124013 -172.985 -14.9719 10.0 5.2 14
20180517184213 145.586 42.6846 30.0 5.7 19
20190124022636 146.668 -3.095 10.0 5.0 17
20190406184442 161.879 -10.1975 57.66 5.0 14
20181216094820 168.151 -16.3371 9.0 5.5 17
20190322145255 162.509 -11.3895 23.0 5.4 14
20180509210242 145.678 13.969 95.59 5.4 19
20180923054550 -71.2739 19.6495 19.82 5.2 19
20190430205222 -46.4221 15.3014 10.0 5.4 13
20190429163508 -67.3963 -28.1444 129.82 5.0 13
20181231204530 -46.312 15.2862 10.0 5.0 17
20190111055812 -173.972 -21.4205 10.0 5.3 17
20180518124354 -82.5313 4.0252 10.0 5.4 19
20180831042630 168.417 -21.2235 7.37 5.2 19
20190117150906 146.589 -3.1026 10.0 5.0 17
20181212131356 -128.664 -55.6687 10.0 6.3 17
20180717085441 -103.369 18.4075 35.0 5.1 19
20180721075839 -160.807 54.4295 10.0 5.3 19
20180527193337 -163.663 53.4177 16.63 5.5 19
20190305155820 -93.0411 14.3229 10.0 5.4 15
20181010204525 151.353 -5.7433 41.56 6.1 18
20181022062248 -129.724 49.297 10.0 6.5 17
20180918124056 -144.161 69.5676 16.5 5.1 19
20181116133411 -26.5234 -61.9746 10.0 5.2 17
20181205153821 169.579 -22.0095 10.0 5.1 17
20181220171929 164.767 55.1172 10.0 5.6 17
20180506051001 -107.617 -34.7077 10.0 5.5 19
20190326224440 -147.25 -57.4886 10.0 5.4 14
20190217112917 -31.676 -55.1004 10.0 5.1 16
20180804010224 -69.358 -19.6189 84.49 5.2 19
20181130202655 -150.079 61.384 37.7 5.0 17
20181010204820 151.205 -5.7012 39.0 7.0 18
20180823094402 -69.5081 -17.2288 157.8 5.0 19
20180506200048 141.077 39.6737 96.72 5.1 19
20190524220919 169.809 -20.6288 130.99 5.0 1
20180911150927 -146.643 -54.2289 10.0 5.3 19
20190124102828 -71.3753 -30.1191 58.3 5.1 17
20180706014004 157.84 51.4994 45.0 6.1 19
20180721143903 -68.502 -22.2794 104.25 5.1 19
20180526021552 -155.275 19.4085 0.43 5.1 19
20190519114833 -26.7517 -60.4342 10.0 5.1 10
20180616032331 -177.594 -16.278 10.0 5.9 19
20181130054608 -173.932 -18.4922 10.0 5.2 17
20180727204202 -88.1963 12.6931 45.13 5.3 19
20180906162303 -179.814 -17.9182 625.76 5.1 19
20180802215512 -155.283 19.4112 0.55 5.3 19
20190216063949 140.201 -2.4095 8.85 5.3 16
20181205163505 169.171 -22.3148 10.0 5.2 17
20190317004330 -173.695 -20.1487 10.0 5.1 13
20181122221352 -178.536 -21.0652 532.19 5.0 17
20180819021918 -178.021 -18.0727 606.99 5.6 19
20180616201817 -155.286 19.412 0.26 5.3 19
20181130173537 -149.957 61.2822 40.8 5.8 17
20180817232224 -83.1527 8.7791 15.0 6.1 19
20180719133153 -97.7158 17.9318 48.46 5.8 19
20180504074704 -175.131 -23.5166 10.0 5.0 19
20190116041235 169.016 -21.7795 10.0 5.3 17
20180601104747 143.261 11.6819 10.0 5.1 19
20190302202152 -72.5954 -33.6774 10.42 5.5 16
20180602130318 -173.147 -14.93 10.0 5.4 19
20181011150810 156.235 49.2413 17.03 5.1 17
20181013001323 -76.3267 -13.7468 39.91 5.2 7
20190112171522 152.134 -5.7533 27.37 5.2 17
20181010231942 156.302 49.1265 10.0 5.2 18
20180606185134 -25.7565 -58.3596 31.0 5.6 16
20180819002306 -177.64 -18.4447 575.76 6.3 10
20181019023158 -175.986 -29.5109 10.0 5.0 17
20181016011435 169.473 -21.8109 10.0 5.7 17
20190101030330 -149.952 61.2975 44.4 5.0 17
20190517052728 -74.0153 -35.0632 10.0 5.2 13
20180624023436 -155.285 19.4117 0.03 5.2 19
20181209162013 -128.874 49.0257 10.0 5.4 17
20180507192538 -173.919 -20.8441 10.0 5.0 19
20190510034317 -177.023 -28.5642 10.0 5.0 13
20181212235343 169.708 -19.54 10.0 5.1 14
20190301085042 -70.1546 -14.7131 267.0 7.0 16
20180425013322 -171.896 -17.0759 10.0 5.0 13
20180606045356 135.214 -1.3352 10.0 5.0 19
20181227053912 161.136 -10.0685 68.77 5.3 17
20190314025208 147.297 19.0649 10.0 5.0 14
20180830162446 170.243 -22.246 11.0 5.5 19
20190215181147 -176.907 51.721 54.61 5.0 16
20181028003731 151.078 -5.7006 44.85 5.4 15
20180912002809 150.015 45.6083 80.69 5.1 15
20180722123941 -94.537 17.5362 141.78 5.1 19
20181003054617 -176.006 -28.2086 10.0 5.0 18
20180504151656 -98.9332 16.2833 10.0 5.0 19
20190319221515 -176.033 -20.3734 205.06 5.0 14
20180801200702 146.077 -3.3498 10.0 5.2 19
20190307094600 -175.34 51.7513 46.32 5.1 15
20180820074931 -25.0395 -56.6073 10.0 5.0 11
20190426062234 -71.0166 -25.8994 29.0 5.5 13
20181212143712 146.014 18.1439 111.92 5.0 17
20181118194742 163.094 -10.5347 13.88 5.2 17
20181215082900 168.879 -21.8676 10.0 5.0 17
20181026030453 145.459 44.4943 10.0 5.6 17
20190413084403 148.682 -6.5267 45.32 5.1 13
20180924034221 145.779 -6.3066 117.48 5.0 19
20180802081333 144.947 -3.4453 10.0 5.0 19
20180822093145 -127.717 43.5637 10.0 6.2 19
20181030125239 152.098 -4.2475 179.22 5.0 17
20190323192117 -76.223 4.5595 122.0 6.1 14
20180912062953 -86.7841 12.1932 103.0 5.4 19
20190330050555 161.017 -9.8083 55.86 5.0 14
20190511160616 179.774 -34.6032 86.0 5.5 13
20181229153437 151.69 -5.6661 48.41 5.1 17
20180819153005 130.6 -3.098 25.54 5.2 5
20180814032952 -25.2725 -58.1339 25.0 6.1 14
20180519095833 -155.281 19.405 0.01 5.1 19
20180522094331 -179.015 -30.383 226.35 5.5 19
20181010231652 -176.912 -24.7558 104.16 5.2 18
20190308053255 139.943 -3.7922 10.0 5.2 15
20180812145853 -145.291 69.5762 15.8 6.4 19
20181124154200 -175.791 -21.1184 10.0 5.6 17
20180518061645 -26.8174 -55.6038 10.0 5.0 14
20181204062028 -124.105 -56.2383 10.0 5.6 17
20180606230900 -126.667 -55.0529 10.0 5.2 19
20190219020539 -174.113 -21.5493 10.0 5.2 16
20180909233415 170.309 -22.3669 10.0 5.0 19
20181109092030 -83.2612 8.7153 10.0 5.4 17
20181220171427 164.549 54.8051 10.0 5.4 17
20181213023304 169.006 -22.1352 10.0 5.1 17
20190519145650 169.469 -21.6074 20.0 6.3 10
20180907221403 160.533 -61.0442 10.0 5.0 19
20181031123632 -66.3008 -57.3881 10.0 5.0 17
20180620232326 -175.077 -22.378 14.0 5.4 19
20181221122605 152.107 -5.4869 23.71 5.3 17
20180423081358 138.425 -1.2872 10.0 5.5 11
20190331000926 156.504 -8.576 10.0 5.3 3
20181028204146 169.742 -21.0986 68.58 5.0 17
20190106034534 -153.28 65.407 17.1 5.1 17
20180928123243 -60.3912 15.1157 27.44 5.4 18
20180429122952 138.686 10.9549 10.0 5.0 19
20181110160511 138.727 -1.8839 10.0 5.0 17
20190106072540 -178.143 51.2607 35.0 5.1 17
20180706174056 146.878 -3.879 10.0 5.4 19
20180618023255 -90.7154 14.1325 99.17 5.7 19
20181212091425 -30.107 -55.8312 13.09 5.3 17
20190524201559 -66.6429 -27.8854 148.84 5.2 1
20181110080216 151.721 -5.812 51.0 5.5 17
20181113073403 137.097 -4.6688 10.0 5.3 17
20180826072606 -173.909 -20.8873 10.0 5.4 19
20181007014422 -135.748 -54.6459 10.0 5.4 18
20181016040857 169.565 -22.1367 10.0 5.2 17
20190406210141 -114.03 30.8278 10.0 5.2 14
20180511184829 -72.2548 -16.1811 87.17 5.0 19
20190514111636 178.363 -39.4368 10.0 5.1 13
20181016012240 169.697 -21.5122 10.0 5.0 17
20190518145830 152.642 -5.2579 10.0 5.1 11
20181003052324 160.662 -10.4043 10.0 5.2 18
20190118164043 -103.228 8.4296 10.0 5.9 17
20180907035605 -178.004 -30.1363 35.0 5.0 19
20190223174033 149.929 -9.8131 10.0 5.1 16
20190227062814 -23.5848 -57.4153 10.0 5.0 6
20190124113230 -174.398 -22.5607 10.0 5.2 17
20190307022700 -178.03 -32.0882 10.0 5.0 15
20181222133422 164.626 55.215 10.0 5.3 17
20180822150627 142.544 41.4025 41.27 5.0 19
20181205042843 169.439 -21.6078 10.0 5.9 17
20181126002440 -134.227 -53.8525 10.0 5.3 10
20180812164354 -174.644 -20.8588 26.63 5.0 19
20190303152553 -101.414 18.4451 49.22 5.1 16
20190311162551 149.014 -6.0469 34.64 5.9 14
20190120013252 -71.3815 -30.0404 63.0 6.7 17
20181205171213 -71.6324 -33.6578 34.75 5.0 17
20180511045824 -155.593 57.4703 63.2 5.3 19
20180701212528 147.35 -56.2736 10.0 5.2 19
20190307162909 -178.373 -32.4703 18.71 5.7 15
20180924171310 -25.702 -60.6299 10.0 5.3 18
20190405161416 -27.8522 -55.9308 57.0 6.4 14
20190415234150 139.149 -51.3422 10.0 5.0 13
20181112223727 -103.397 -3.076 10.0 5.6 6
20180914155017 138.775 -2.7371 48.0 5.8 19
20180619150534 -155.282 19.4107 0.49 5.3 19
20181231141025 141.434 37.4904 44.89 5.1 17
20181225001030 141.62 34.0316 10.0 5.3 8
20190416093937 -178.799 -31.0427 10.0 5.7 13
20180704114315 151.625 -3.8471 10.0 5.3 19
20180827091604 -71.5452 -29.7178 54.77 5.0 19
20180905180759 141.929 42.6861 35.0 6.6 19
20180920070526 152.678 -6.5071 10.0 5.0 19
20181205213218 169.798 -21.9199 10.0 5.4 17
20190515140857 -176.758 -28.5409 18.28 5.4 13
20181017132908 141.001 29.1271 80.18 5.2 17
20180729130056 151.406 45.7361 35.0 5.0 19
20190526143314 165.429 -10.274 36.92 5.1 1
20190517223747 153.01 -4.5834 21.0 5.9 12
20180819021852 -178.354 -18.2748 618.29 5.7 19
20180506190222 -88.0615 13.1036 10.0 5.4 19
20181221063352 151.956 -5.4764 10.0 5.9 17
20190506035650 169.426 -19.251 219.36 5.0 13
20180804102708 -90.8136 13.2356 35.0 5.1 19
20181010161827 162.383 -10.8998 35.0 5.1 18
20190131001648 -109.062 23.9435 10.0 5.3 8
20190123175301 -178.021 -30.2323 47.23 5.2 17
20180501194753 -177.938 -18.0199 585.0 5.9 19
20190202011139 -173.571 -16.6409 35.0 5.3 17
20181011013020 156.096 49.3443 10.0 5.0 18
20180819003907 -177.987 -17.9146 575.52 5.7 17
20180702171512 -178.426 -21.1904 489.7 5.0 19
20180615115548 -27.8821 -56.06 96.07 5.2 17
20180527061632 173.388 -15.8309 10.0 5.2 19
20181220170155 164.699 55.0999 16.56 7.3 17
20190305120123 175.143 52.0695 30.16 5.0 15
20181101221951 -69.2656 -19.5827 102.0 6.2 17
20180613133937 -155.282 19.4137 0.27 5.3 19
20180710122859 154.496 -7.4478 10.0 5.2 19
20181205045256 169.461 -21.8468 10.0 5.2 17
20190421035056 -177.136 -16.573 10.0 5.0 13
20180920092118 -93.7899 14.6858 9.0 5.4 19
20190310124800 152.065 -10.1317 9.0 6.0 15
20190316180615 -71.5547 -29.7721 41.0 5.2 14
20180819152155 -177.677 -18.7299 577.62 5.0 19
20180602115306 -172.895 -14.9539 10.0 5.8 19
20180907021206 -78.7903 -2.2532 110.5 6.2 19
20180625124906 169.681 -19.0577 263.43 5.1 19
20190103175746 159.735 53.3335 67.98 5.0 17
20190411165157 150.509 -6.394 10.0 5.1 13
20181001214303 -94.0096 16.7656 119.8 5.3 18
20190428141556 167.78 -19.144 10.0 5.0 13
20190425164549 151.492 -5.3032 111.74 5.0 13
20180920045534 145.592 16.9691 219.45 5.2 19
20181118202546 -178.927 -17.8735 540.0 6.8 17
20180709024225 -174.646 51.3651 17.95 5.2 19
20180622192430 161.65 -10.0611 44.15 5.4 19
20180701183030 147.48 -56.2791 10.0 5.2 19
20180602061719 -73.7068 -38.2459 26.17 5.2 19
20181114212938 161.961 55.726 66.58 5.1 17
20181218203835 -177.423 -25.5826 150.5 5.1 17
20190113164555 -150.065 61.2993 44.8 5.0 17
20181121182144 -153.266 59.955 143.3 5.6 17
20181115230901 -122.044 -56.2363 10.0 6.3 17
20180922083513 150.547 45.1727 33.11 5.0 19
20180519093626 144.838 -4.7747 58.66 5.2 19
20180817220657 143.329 23.4789 18.0 5.6 19
20190427172445 142.819 42.4547 110.52 5.4 13
20180611011846 -176.922 -30.2328 10.0 5.0 19
20190118124624 140.57 35.8998 49.97 5.1 17
20180917020139 -175.479 -24.4957 10.0 5.1 19
20181201235524 -72.401 -33.9216 10.0 5.5 13
20181201182406 -172.804 -19.1949 10.0 5.0 17
20180923145952 -175.52 -24.1709 10.0 5.1 19
20180423025842 139.794 -3.181 82.9 5.0 11
20181215094214 -177.466 -30.4065 10.0 5.1 17
20180518163437 -26.7157 -60.4946 24.08 5.1 19
20180908222729 -175.78 -24.2929 10.0 5.5 19
20180505162241 133.69 -5.8078 10.0 5.0 19
20180511085732 129.837 -6.6149 188.16 5.0 3
20180707112350 140.642 35.1073 40.0 5.9 19
20190103204619 153.723 48.8819 122.73 5.2 17
20190317005337 -68.429 -20.3718 120.75 5.1 14
20190407154508 -87.4826 -41.2892 7.09 5.7 14
20180817224447 143.438 23.4848 10.0 5.0 19
20190408222542 -89.1985 12.5442 35.0 5.0 13
20180906155724 -178.907 -17.6096 658.41 5.4 19
20190104062245 130.407 -6.5176 127.9 5.6 4
20180513023223 151.801 -5.9557 10.0 5.3 19
20180501171537 -142.011 -56.6396 10.0 5.9 19
20180514103119 142.679 40.0942 40.33 5.0 19
20180514181447 -27.0565 -55.9159 10.0 5.5 15
20180928071946 161.513 54.5491 35.0 5.0 18
20190124185635 148.034 -6.0547 59.4 5.2 17
20180904183802 -24.8291 -58.2744 10.0 5.1 13
20180826090755 -27.6017 -56.2161 123.19 5.2 17
20190213100252 151.385 45.4153 22.0 5.0 17
20190130014611 -93.9655 17.456 171.68 5.4 17
20180905003623 -24.9323 -58.3179 10.0 5.6 11
20180708010828 168.496 -21.2766 10.0 5.5 19
20181231104941 -69.2343 -31.7756 99.39 5.3 17
20181109185410 -71.7108 -30.6285 25.76 5.2 17
20180729221025 -155.282 19.4063 1.29 5.3 19
20180423154209 -75.5438 5.1865 110.03 5.3 11
20190306201959 -177.769 -32.2454 9.12 5.8 15
20180914041236 -74.6465 -7.7289 139.68 5.1 19
20190321103325 145.13 -3.4617 10.0 5.0 14
20180517184705 145.42 12.9721 15.5 5.4 19
20181022061626 -129.289 49.3346 10.0 6.8 17
20190126123226 -75.7383 3.0345 10.0 5.6 17
20181027051726 152.38 -6.2484 10.0 5.3 17
20181205074538 169.459 -22.4034 10.0 5.2 17
20190523084517 -178.239 51.3078 30.0 6.0 1
20190523123434 142.372 -6.2566 10.0 5.2 1
20190112111903 159.283 53.0743 76.42 5.0 17
20181010231602 156.297 49.2902 20.0 6.5 18
20190201161412 -92.4527 14.6802 66.0 6.7 17
20190127101628 -177.815 -20.102 562.39 5.8 17
20190511201301 149.361 -6.053 68.56 5.0 13
20190311163139 149.287 -6.3513 35.0 5.2 14
20190125194042 168.613 -19.1235 37.8 5.0 17
20180522193052 -173.05 -17.8629 10.0 5.5 19
20181219033837 -41.8401 30.5546 10.0 5.7 13
20180926003734 -178.085 -17.9807 582.37 5.8 17
20180918162149 141.558 38.4621 56.52 5.1 19
20190215225417 -162.93 53.6466 35.0 5.1 16
20180828223513 146.839 16.8044 55.0 6.4 19
20190423142017 -178.764 -24.7059 385.58 6.0 13
20180718190603 -160.767 54.4223 29.65 5.6 19
20190126170737 130.305 -6.5067 90.57 5.2 4
20180601045231 -179.398 -33.0391 10.0 5.6 19
20190426191014 -176.347 -24.15 35.0 5.1 13
20180821062857 -178.088 -17.9833 555.69 5.0 19
20181101193020 -25.2059 -58.0742 29.0 5.8 12
20181205083240 168.614 -21.7259 10.0 5.2 17
20181205080823 169.307 -22.0041 10.0 5.0 17
20180424215700 179.8 -23.9432 531.08 5.5 13
20180610145519 143.387 27.2865 10.0 5.0 19
20190115034103 -86.6365 11.2646 28.16 5.3 17
20190326120147 -89.1992 12.5488 8.0 5.5 14
20180522221220 -80.3475 -8.9538 10.0 5.2 19
20180715224853 -177.847 -15.5926 399.84 5.2 19
20190131191440 143.797 21.4041 10.0 5.0 17
20180723065338 -155.283 19.4102 0.54 5.3 19
20180725224353 -111.962 -29.4211 10.0 5.0 14
20180703015006 -38.1366 8.1105 10.0 5.0 5
20181024112900 178.054 -16.3885 10.0 5.2 17
20180819063654 -178.271 -18.1712 517.93 5.2 19
20190310172154 146.175 -5.2247 50.01 5.0 15
20180521104023 158.688 56.6452 72.38 5.1 19
20190306192927 143.839 23.1554 10.0 5.0 15
20180827031901 158.694 58.7251 10.0 5.0 19
20181011054732 156.15 49.1973 10.0 5.2 18
20190306214254 -177.774 -32.158 10.0 5.2 15
20180626180218 -94.059 15.6434 66.85 5.2 19
20190117165315 146.502 -3.1956 10.0 5.7 17
20181227112534 -24.8291 -56.623 10.0 5.1 9
20181217111423 152.341 -5.0278 59.15 5.3 17
20180906160145 170.824 -13.9331 643.62 5.2 19
20181223031248 164.687 54.9329 10.0 5.0 17
20180810181207 154.939 48.4593 27.0 6.0 19
20181020142134 143.765 23.1784 34.63 5.0 17
20181012210949 -91.1973 14.1973 64.33 5.7 17
20190428103425 142.24 -6.2468 10.0 5.1 13
20181221204614 -25.3264 -58.0076 44.13 5.2 13
20190121115720 -94.7368 15.584 29.0 5.6 17
20180701204542 144.954 46.9633 392.59 5.6 19
20190313105513 -155.201 19.3258 6.97 5.54 14
20190126200438 -178.944 -21.1495 582.68 5.3 17
20190409175358 -25.304 -58.6262 38.0 6.5 10
20181124094708 150.589 -6.6044 10.0 5.0 17
20180907051014 -178.013 -18.1345 603.21 5.3 19
20190222101723 -77.0505 -2.1862 145.0 7.5 16
20180417134604 -68.8527 -21.4208 104.34 5.0 2
20181128022324 143.179 41.3642 9.0 5.4 17
20190402230123 148.93 -6.0954 50.88 5.0 14
20190324122734 -94.7688 15.6215 32.49 5.0 14
20180504213244 -155.018 19.3303 6.48 5.73 19
20190323074742 -177.785 -31.849 10.0 5.2 14
20180725201316 129.42 -6.9543 117.29 5.1 1
20180604015048 -155.283 19.4105 0.58 5.4 19
20190506231908 167.452 -15.4449 141.07 5.0 13
20181224010052 -175.219 -20.1168 78.3 5.0 17
20180905181710 142.001 42.6389 35.0 5.3 19
20181205104221 169.259 -22.3437 10.0 5.0 17
20180922191652 130.478 -6.698 80.08 5.0 5
20181026170211 158.831 -9.576 10.45 5.0 17
20181027165728 -151.574 65.2283 14.8 5.1 17
20180918092417 -177.731 -30.0414 67.02 5.2 19
20181017012308 169.602 -21.7516 10.0 5.3 17
20181203200955 147.424 -6.3969 63.0 5.0 17
20180516142027 -100.49 18.2208 50.99 5.0 19
20180519182546 -26.1729 -60.4351 10.0 5.0 19
20180724164110 -155.282 19.4142 0.45 5.3 19
20181205101337 169.356 -22.0926 10.0 5.1 17
20190426150410 -82.7517 5.2807 10.0 5.1 13
20181227122621 -24.7542 -56.5838 10.0 5.1 8
20190301224326 -71.6336 -30.5876 23.99 5.0 16
20190415234255 161.366 -10.4031 35.0 5.3 13
20180518002727 168.602 -21.3079 13.81 5.1 13
20181021210856 -79.874 -1.8538 68.88 5.1 17
20180821213140 -62.8522 10.6575 108.91 5.3 19
20180422165916 -174.484 -15.4634 10.0 5.6 10
20180925194127 -179.131 -33.113 10.0 5.0 19
20190224060031 157.657 -57.6116 10.0 5.4 16
20180707213349 -178.07 -30.5662 35.0 6.0 19
20181223230843 -175.071 -20.2855 113.0 6.4 17
20181024065709 151.381 -5.7738 52.54 5.1 17
20181016013823 169.473 -21.8176 10.0 5.4 17
20190119183708 142.154 -5.6248 28.5 5.1 17
20180731175946 -155.286 19.4103 0.57 5.3 19
20181025183241 -174.311 -16.553 200.4 5.4 17
20180701062854 -178.46 -20.4099 598.54 5.0 19
20190128130357 139.355 -3.6407 56.36 5.1 17
20181224001807 141.699 34.0702 13.04 5.6 8
20190503034241 -177.927 -29.9504 10.0 5.1 13
20180609144818 -155.283 19.4135 0.61 5.2 19
20190407191501 -174.317 -19.0735 35.0 5.1 14
20181110083321 -174.008 -20.4538 35.0 6.1 17
20181116171113 163.068 -10.6957 10.0 5.2 17
20181029031840 -25.0064 -58.5408 35.0 5.0 13
20190324093001 -86.7566 12.0851 87.82 5.3 14
20180706043220 160.148 52.8956 19.79 5.2 19
20180916131048 -177.961 -18.0824 550.28 5.4 19
20180821062416 -173.068 -15.0578 10.0 5.1 19
20181012213824 146.659 47.1406 355.35 5.1 17
20190424044122 -29.8688 -58.3842 10.0 5.0 13
20180812170219 169.714 -20.3411 114.39 5.0 19
20190331072850 -80.7342 -1.9363 18.62 5.5 14
20181111194206 -174.288 -22.5288 10.0 5.0 17
20180906163132 -179.781 -18.1105 623.81 5.4 19
20180522022425 145.294 12.8057 35.0 5.2 19
20180908143856 -81.5144 -4.3674 10.0 5.1 19
20190328091005 143.316 -6.4263 10.0 5.2 14
20181220170904 164.772 54.8999 10.0 5.9 17
20181216074403 168.175 -16.4252 10.0 5.2 17
20181116041814 -25.4184 -56.5906 10.0 5.4 11
20181209215224 169.969 -20.7834 131.82 5.0 17
20180915004056 171.298 -23.0461 10.0 5.2 17
20180810142827 177.931 -16.1643 10.0 5.1 19
20180518063702 -172.773 -15.3234 10.0 5.2 19
20181125205636 -81.046 13.1647 10.0 5.7 17
20180717070253 166.432 -11.5936 37.96 6.0 19
20181125094205 146.77 -5.4604 231.01 5.3 17
20190519012329 169.778 -21.6619 20.0 6.3 10
20181012025202 151.031 -6.2888 10.0 5.6 17
20190121013634 169.249 -21.9552 9.0 5.6 17
20181010045515 -27.3584 -55.6948 35.02 5.0 15
20181218011544 143.874 23.1684 10.0 5.0 17
20180617133911 -179.395 -22.2131 572.27 5.2 19
20180509075754 151.784 -5.8822 9.0 6.0 19
20180705024547 -177.84 -30.2566 38.87 5.1 19
20180428014819 153.31 -4.5834 61.27 5.1 17
20190508145700 167.507 -19.0639 10.0 5.2 13
20181205044856 169.566 -21.5695 10.0 5.1 17
20180829040314 170.092 -22.1099 10.0 5.3 19
20190213040719 -178.423 -31.3261 35.0 5.0 17
20180704201910 -155.272 19.398 0.41 5.3 19
20190316175433 -76.6689 -45.651 10.0 5.0 14
20180611123450 169.635 -20.7385 84.32 5.3 19
20181111002804 -173.164 -18.5582 10.0 5.1 11
20180501124531 177.145 -16.6385 10.0 5.6 19
20190308115718 -178.13 -32.1481 10.0 5.2 15
20190126195644 -178.959 -21.0475 588.0 6.2 17
20180907130715 146.57 -3.2682 10.0 5.4 19
20190102075950 139.042 -2.0544 34.52 5.0 17
20180728123725 -155.272 19.3968 0.21 5.3 19
20190323105416 145.767 19.1711 104.09 5.0 14
20180906161012 -179.651 -18.5074 646.47 5.0 19
20190202175538 -88.2731 -41.3352 10.0 5.5 17
20190421092440 174.909 -22.1643 10.0 5.4 13
20181229190830 143.079 42.3513 52.0 5.2 17
20180528060807 173.323 -15.8889 10.0 5.2 19
20190126035137 156.321 -7.0089 355.0 6.2 17
20181116052524 -25.4354 -56.7058 10.0 5.1 11
20180816182253 143.319 23.4226 20.0 6.3 19
20180831171902 170.037 -22.2548 10.0 5.3 19
20180725234246 -112.244 -29.311 10.0 5.5 14
20190212123416 145.796 19.02 144.32 6.0 17
20190213105349 -175.362 -24.0324 10.0 5.1 17
20180825165000 -171.023 52.0325 7.9 6.0 19
20181219213747 149.865 -6.0306 31.68 5.8 17
20190212094549 146.284 -3.0908 10.0 5.0 17
20181206180729 169.876 -22.5901 10.0 5.0 17
20190503072531 160.113 -6.9478 27.0 6.2 13
20180720002458 -27.3614 -60.5632 10.0 5.2 13
20180521021518 -98.6744 17.071 36.61 5.2 19
20190421163141 -67.0144 -24.3453 162.21 5.0 13
20181211002643 146.287 43.7946 112.44 5.0 13
20181228130334 148.526 44.2442 58.44 5.1 17
20190402213530 178.071 52.1702 7.98 6.4 14
20180809002558 -89.3698 12.3039 13.49 5.0 13
20180829185734 145.525 -5.2264 78.17 5.0 19
20181115022613 143.492 11.7729 10.0 5.0 17
20181006162232 150.252 -5.5877 115.73 5.0 18
20190417150100 -78.1327 -5.0706 49.33 5.1 13
