201810220616
201902011614
201902011614
201902011614
201902011614
201811250340
201811111403
201811111403
201808212131
201808212131
201808212131
201903231921
201903231921
201902221017
201809070212
201902221017
201902221017
201902221017
201902221017
201902221017
201901051925
201808240904
201808240904
201903010850
201903010850
201903010850
201903010850
201903010850
201903010850
201811012219
201811012219
201811012219
201901200132
201901200132
201812190137
201812190137
201810290654
201810300213
201810300213
201805180145
201903061546
201903061546
201903061546
201809100419
201809162111
201810160028
201810160028
201812050418
201812050418
201810160028
201808290351
201810160103
201810160103
201812050418
201812050418
201810160103
201905190123
201809301052
201809301052
201809301052
201811182025
201809061549
201811182025
201808190428
201903201523
201905062119
201905062119
201905062119
201905062119
201905062119
201905030725
201810102048
201905141258
201905141258
201905141258
201905141258
201905141258
201905141258
201902171435
201809051807
201811021101
201903282206
201903282206
201807060140
201812201701
201812201701
201812201701
201812201701
201812201701
201812201701
201808230335
201811301729
201811301729
201811301729
201811301729
201811301729
201811301729
201808121458
201808121458
