201810220539
201902011614
201810282223
201808212131
201903231921
201809070212
201902221017
201901051925
201808240904
201903010850
201903150503
201811012219
201901200132
201812190137
201904221449
201810290654
201808140329
201904181446
201809162111
201808290351
201809101931
201812050418
201810160103
201905191427
201905190123
201809301052
201809061549
201807130946
201808190428
201806212113
201808212232
201901151806
201905062119
201805090757
201810102048
201905141258
201902171435
201808282235
201808161822
201809051807
201811021101
201805042232
201807060140
201810131110
201812201701
201808152156
201808251650
201811301729
201808121458
