201902011614
201811250340
201811111403
201903231921
201902221017
201808240904
201903010850
201811012219
201901200132
201812190137
201810290654
201810300213
201805180145
201903061546
201809100419
201904231420
201809162111
201808290351
201809101931
201812050414
201812050418
201810160028
201810160103
201905190123
201808190023
201809301052
201811182025
201807130946
201808190428
201903201523
201812221425
201901151806
201811160326
201809091931
201905062119
201805090757
201905141258
201902171435
201808282235
201809051807
201811021101
201805042232
201808101812
201903282206
201810131110
201812201701
201811301729
201808121458
