201810220622
201810220539
201810220616
201902011614
201811250340
201811111403
201903231921
201902221017
201901051925
201903010850
201811012219
201901200132
201812190137
201810300213
201903061546
201904231420
201811100833
201812050643
201812050414
201812050418
201810160028
201810160103
201905190123
201808190023
201809301052
201808190019
201811182025
201905062119
201905030725
201903301120
201810102048
201905141258
201902171435
201811021101
201903282206
201810131110
201812201701
201812241241
201808152156
201811301729
