201808220931
201902011614
201810282223
201811111403
201905121924
201808212131
201903231921
201809070212
201902221017
201901051925
201808240904
201903010850
201811012219
201901200132
201812190137
201810290654
201812110226
201810300213
201903061546
201809100419
201809162111
201811100833
201808290351
201812050418
201810160028
201810160103
201905190123
201809301052
201809061549
201811182025
201807130946
201808190428
201808212232
201903201523
201905062119
201905141258
201809051807
201805042232
201903282206
201807060140
201810131110
201812201701
201811301729
201808121458
