201902011614
201902011614
201902011614
201902011614
201902011614
201902011614
201902011614
201902011614
201902011614
201810282223
201811250340
201811111403
201811111403
201811111403
201808212131
201808212131
201808212131
201808212131
201808212131
201903231921
201903231921
201903231921
201902221017
201809070212
201902221017
201809070212
201902221017
201902221017
201809070212
201902221017
201809070212
201902221017
201902221017
201902221017
201902221017
201902221017
201905260741
201901051925
201808240904
201808240904
201808240904
201808240904
201808240904
201808240904
201903010850
201903010850
201903010850
201903010850
201903010850
201903010850
201903010850
201811012219
201811012219
201811012219
201811012219
201811012219
201811012219
201811012219
201901200132
201901200132
201901200132
201901200132
201901200132
201812190137
201812190137
201812190137
201812190137
201812190137
201904051614
201904221449
201810290654
201810290654
201810290654
201812110226
201810300213
201810300213
201810300213
201810300213
201810300213
201810300213
201903061546
201903061546
201903061546
201809100419
201809100419
201809100419
201809100419
201809162111
201809162111
201809162111
201809162111
201811100833
201812050418
201812050418
201810160028
201812050418
201810160028
201811100833
201812050418
201812050418
201812050418
201810160028
201810160103
201808290351
201810160103
201812050418
201810160103
201809101931
201808290351
201808290351
201812050418
201812050418
201905191427
201905190123
201905191456
201905190123
201808290351
201812050643
201808190023
201812050418
201811100833
201810160103
201808290351
201808190019
201812050418
201809301052
201905190123
201809301052
201809301052
201809301052
201808190019
201809301052
201809061549
201809301052
201811182025
201809301052
201808190428
201808190428
201809061549
201903100812
201808190428
201808190428
201811182025
201808190428
201809061549
201807130946
201811182025
201808190428
201904121223
201808190428
201808212232
201808212232
201903201523
201808212232
201903201523
201903201523
201808212232
201903201523
201808212232
201901151806
201811160326
201809091931
201809091931
201905062119
201905062119
201905062119
201905062119
201905062119
201905062119
201807191830
201901260351
201805090757
201805090757
201903301120
201810102048
201805090757
201810102048
201905141258
201905141258
201905141258
201905141258
201905141258
201905141258
201902171435
201902171435
201902171435
201902171435
201902171435
201808282235
201808282235
201808282235
201808282235
201808161822
201808161822
201903282206
201903282206
201807060140
201807060140
201810131110
201812201701
201812201701
201812201701
201812201701
201812201701
201812201701
201812201701
201812201701
201812201701
201812201701
201812201701
201812201701
201904022135
201808230335
201811301729
201811301729
201811301729
201811301729
201811301729
201811301729
201811301729
201811301729
201811301729
201811301729
201811301729
201808121458
