201810220539
201810282223
201811250340
201905121924
201901051925
201808240904
201903010850
201904051614
201904221449
201808140329
201812121313
201805180145
201903061546
201904231420
201901261956
201809101931
201812050414
201807130946
201806212113
201903201523
201901151806
201811160326
201901260351
201807191830
201905030725
201805090757
201810102045
201903301120
201810102200
201901171506
201808161822
201904110818
201809051807
201811021101
201808101812
201903282206
201810131110
201811142121
201812310235
201808121458
