201810282223
201811250340
201905121924
201903231921
201903310704
201901051925
201901200132
201904051614
201904221449
201812110226
201812121313
201904181446
201811100833
201812050643
201812050414
201905191456
201901181318
201807130946
201904121223
201808212232
201812221425
201901151806
201807170702
201903101248
201809091931
201901260351
201904121451
201905030725
201805090757
201903301120
201812160942
201902121234
201904110818
201805042232
201810131110
201811142121
201808251650
201812310235
201808121458
