201810220616
201810282223
201903231921
201901051925
201903150503
201811012219
201901200132
201808140329
201812110226
201812121313
201805180145
201807072133
201904231420
201812050643
201812050414
201810160103
201903100812
201901181318
201903201523
201812221425
201903101248
201809091931
201904121451
201901260351
201905030725
201812160942
201901171506
201808282235
201902121234
201904110818
201809051807
201811021101
201903282206
201807060140
201810131110
201904022135
201808152156
201808251650
201808122115
