201810220539
201810220616
201905121924
201901051925
201812190137
201904051614
201808140329
201904091753
201812121313
201904181446
201810300213
201805180145
201903061546
201807072133
201904231420
201812050643
201809101931
201812050414
201810160103
201905191427
201808190023
201811182025
201901181318
201806212113
201904121223
201807170702
201811160326
201903101248
201809091931
201904121451
201807191830
201805090757
201901171506
201902171435
201904110818
201809051807
201811021101
201808101812
201903282206
201807060140
201810131110
201812241241
201808230335
201808251650
201808122115
