201810220616
201812190137
201904051614
201812110226
201904091753
201812121313
201904181446
201810300213
201805180145
201903061546
201904231420
201905191427
201905190123
201903100812
201811182025
201807130946
201806212113
201904121223
201808212232
201903201523
201812221425
201807170702
201811160326
201903101248
201904121451
201905030725
201807191830
201810102045
201810102200
201812160942
201811021101
201810090745
201903282206
201807060140
201810131110
201811142121
201812241241
201904022135
201808230335
