201810220539
201808220931
201811250340
201905121924
201808212131
201903231921
201902221017
201808240904
201904091753
201904181446
201810300213
201805180145
201809162111
201904231420
201811100833
201808290351
201809101931
201812050414
201812050418
201810160103
201809061549
201901181318
201811182025
201807130946
201808190428
201806212113
201904121223
201808212232
201901151806
201807170702
201903101248
201811160326
201809091931
201805090757
201810102045
201810102048
201810102200
201901171506
201808282235
201808161822
201811021101
201808101812
201810090745
201805042232
201903282206
201807060140
201810131110
201811142121
201812241241
201808152156
201808230335
201808251650
201808121458
201808122115
