201810220616
201904181446
201810300213
201805180145
201903061546
201809100419
201904231420
201809162111
201812050643
201809101931
201812050418
201810160103
201809301052
201809061549
201811182025
201901181318
201807130946
201808190428
201808212232
201901151806
201807170702
201811160326
201903101248
201809091931
201905062119
201904121451
201901260351
201905030725
201807191830
201805090757
201810102045
201903301120
201810102048
201812160942
201905141258
201901171506
201902171435
201808282235
201808161822
201811021101
201808101812
201807060140
201810131110
201811142121
201812201701
201812241241
201811301729
