line 136 - INFO: Start processing 201805020632_CC02
line 180 - INFO: distance 28.2 is not within range (55.0,85.0), continue
line 136 - INFO: Start processing 201805042232_CC02
line 180 - INFO: distance 32.3 is not within range (55.0,85.0), continue
line 136 - INFO: Start processing 201805050619_CC02
line 180 - INFO: distance 104.2 is not within range (55.0,85.0), continue
line 136 - INFO: Start processing 201805090757_CC02
/home/lun/Desktop/software/anaconda2/lib/python2.7/site-packages/obspy/taup/tau_branch.py:496: UserWarning: Resizing a TauP array inplace failed due to the existence of other references to the array, creating a new array. See Obspy #2280.
  warnings.warn(msg)
line 136 - INFO: Start processing 201805091041_CC02
line 143 - INFO: channels of are not complete, continue
line 136 - INFO: Start processing 201805180145_CC02
line 180 - INFO: distance 51.9 is not within range (55.0,85.0), continue
line 136 - INFO: Start processing 201807072133_CC02
line 180 - INFO: distance 50.1 is not within range (55.0,85.0), continue
line 136 - INFO: Start processing 201807150157_CC02
line 180 - INFO: distance 169.6 is not within range (55.0,85.0), continue
line 136 - INFO: Start processing 201807151309_CC02
line 180 - INFO: distance 169.8 is not within range (55.0,85.0), continue
line 136 - INFO: Start processing 201807231035_CC02
line 180 - INFO: distance 113.2 is not within range (55.0,85.0), continue
line 136 - INFO: Start processing 201807281707_CC02
line 180 - INFO: distance 104.0 is not within range (55.0,85.0), continue
line 136 - INFO: Start processing 201807282247_CC02
line 180 - INFO: distance 109.9 is not within range (55.0,85.0), continue
line 136 - INFO: Start processing 201808051146_CC02
line 180 - INFO: distance 110.0 is not within range (55.0,85.0), continue
line 136 - INFO: Start processing 201808121458_CC02
line 136 - INFO: Start processing 201808122115_CC02
line 136 - INFO: Start processing 201809280659_CC02
line 180 - INFO: distance 107.6 is not within range (55.0,85.0), continue
line 136 - INFO: Start processing 201809281002_CC02
line 180 - INFO: distance 107.5 is not within range (55.0,85.0), continue
line 136 - INFO: Start processing 201808140329_CC02
line 180 - INFO: distance 95.3 is not within range (55.0,85.0), continue
line 136 - INFO: Start processing 201808152156_CC02
line 136 - INFO: Start processing 201808190019_CC02
line 180 - INFO: distance 46.6 is not within range (55.0,85.0), continue
line 136 - INFO: Start processing 201808190023_CC02
line 180 - INFO: distance 46.1 is not within range (55.0,85.0), continue
line 136 - INFO: Start processing 201808190410_CC02
line 180 - INFO: distance 109.8 is not within range (55.0,85.0), continue
line 136 - INFO: Start processing 201808190428_CC02
line 180 - INFO: distance 46.2 is not within range (55.0,85.0), continue
line 136 - INFO: Start processing 201808191456_CC02
line 180 - INFO: distance 109.8 is not within range (55.0,85.0), continue
line 136 - INFO: Start processing 201808252213_CC02
line 180 - INFO: distance 150.0 is not within range (55.0,85.0), continue
line 136 - INFO: Start processing 201901261956_CC02
line 180 - INFO: distance 47.9 is not within range (55.0,85.0), continue
line 136 - INFO: Start processing 201903301120_CC02
line 136 - INFO: Start processing 201904291419_CC02
line 180 - INFO: distance 168.4 is not within range (55.0,85.0), continue
line 136 - INFO: Start processing 201809301052_CC02
line 180 - INFO: distance 46.5 is not within range (55.0,85.0), continue
line 136 - INFO: Start processing 201810090745_CC02
line 136 - INFO: Start processing 201810101844_CC02
line 180 - INFO: distance 112.1 is not within range (55.0,85.0), continue
line 136 - INFO: Start processing 201810102045_CC02
line 136 - INFO: Start processing 201810102048_CC02
line 136 - INFO: Start processing 201810102200_CC02
line 136 - INFO: Start processing 201810131110_CC02
line 136 - INFO: Start processing 201810160028_CC02
line 136 - INFO: Start processing 201810160103_CC02
line 136 - INFO: Start processing 201811012219_CC02
line 136 - INFO: Start processing 201811021101_CC02
line 180 - INFO: distance 87.1 is not within range (55.0,85.0), continue
line 136 - INFO: Start processing 201811040755_CC02
line 180 - INFO: distance 104.0 is not within range (55.0,85.0), continue
line 136 - INFO: Start processing 201810220539_CC02
line 180 - INFO: distance 53.6 is not within range (55.0,85.0), continue
line 136 - INFO: Start processing 201810220616_CC02
line 180 - INFO: distance 53.7 is not within range (55.0,85.0), continue
line 136 - INFO: Start processing 201810220622_CC02
line 180 - INFO: distance 53.6 is not within range (55.0,85.0), continue
line 136 - INFO: Start processing 201810252254_CC02
line 180 - INFO: distance 138.9 is not within range (55.0,85.0), continue
line 136 - INFO: Start processing 201810282223_CC02
line 180 - INFO: distance 45.4 is not within range (55.0,85.0), continue
line 136 - INFO: Start processing 201810290654_CC02
line 136 - INFO: Start processing 201810300213_CC02
line 136 - INFO: Start processing 201812011327_CC02
line 180 - INFO: distance 98.0 is not within range (55.0,85.0), continue
line 136 - INFO: Start processing 201812050414_CC02
line 136 - INFO: Start processing 201812050418_CC02
line 136 - INFO: Start processing 201811090149_CC02
line 180 - INFO: distance 103.8 is not within range (55.0,85.0), continue
line 136 - INFO: Start processing 201811100833_CC02
line 180 - INFO: distance 43.3 is not within range (55.0,85.0), continue
line 136 - INFO: Start processing 201811111403_CC02
line 136 - INFO: Start processing 201811142121_CC02
line 136 - INFO: Start processing 201811152002_CC02
line 180 - INFO: distance 95.5 is not within range (55.0,85.0), continue
line 136 - INFO: Start processing 201811160326_CC02
line 136 - INFO: Start processing 201811182025_CC02
line 180 - INFO: distance 47.2 is not within range (55.0,85.0), continue
line 136 - INFO: Start processing 201811250340_CC02
line 180 - INFO: distance 54.0 is not within range (55.0,85.0), continue
line 136 - INFO: Start processing 201811251637_CC02
line 180 - INFO: distance 150.2 is not within range (55.0,85.0), continue
line 136 - INFO: Start processing 201811301729_CC02
line 136 - INFO: Start processing 201812050643_CC02
line 136 - INFO: Start processing 201812110226_CC02
line 180 - INFO: distance 94.6 is not within range (55.0,85.0), continue
line 136 - INFO: Start processing 201812121313_CC02
line 180 - INFO: distance 51.2 is not within range (55.0,85.0), continue
line 136 - INFO: Start processing 201812160942_CC02
line 180 - INFO: distance 86.9 is not within range (55.0,85.0), continue
line 136 - INFO: Start processing 201812190137_CC02
line 180 - INFO: distance 42.8 is not within range (55.0,85.0), continue
line 136 - INFO: Start processing 201812201701_CC02
line 136 - INFO: Start processing 201812221425_CC02
line 136 - INFO: Start processing 201812241241_CC02
line 136 - INFO: Start processing 201812290339_CC02
line 180 - INFO: distance 100.9 is not within range (55.0,85.0), continue
line 136 - INFO: Start processing 201812310235_CC02
line 136 - INFO: Start processing 201901051925_CC02
line 136 - INFO: Start processing 201901061727_CC02
line 180 - INFO: distance 100.8 is not within range (55.0,85.0), continue
line 136 - INFO: Start processing 201901081239_CC02
line 180 - INFO: distance 97.7 is not within range (55.0,85.0), continue
line 136 - INFO: Start processing 201901151806_CC02
line 136 - INFO: Start processing 201901171506_CC02
line 136 - INFO: Start processing 201901181318_CC02
line 136 - INFO: Start processing 201901200132_CC02
line 136 - INFO: Start processing 201901220510_CC02
line 180 - INFO: distance 107.2 is not within range (55.0,85.0), continue
line 136 - INFO: Start processing 201901221901_CC02
line 180 - INFO: distance 132.4 is not within range (55.0,85.0), continue
line 136 - INFO: Start processing 201901260351_CC02
line 136 - INFO: Start processing 201902011614_CC02
line 180 - INFO: distance 44.1 is not within range (55.0,85.0), continue
line 136 - INFO: Start processing 201902020927_CC02
line 180 - INFO: distance 126.9 is not within range (55.0,85.0), continue
line 136 - INFO: Start processing 201902121234_CC02
line 136 - INFO: Start processing 201902141957_CC02
line 180 - INFO: distance 97.9 is not within range (55.0,85.0), continue
line 136 - INFO: Start processing 201902171435_CC02
line 136 - INFO: Start processing 201902221017_CC02
line 136 - INFO: Start processing 201903010850_CC02
line 136 - INFO: Start processing 201903061546_CC02
line 180 - INFO: distance 50.5 is not within range (55.0,85.0), continue
line 136 - INFO: Start processing 201903081506_CC02
line 180 - INFO: distance 102.0 is not within range (55.0,85.0), continue
line 136 - INFO: Start processing 201903100812_CC02
line 180 - INFO: distance 46.9 is not within range (55.0,85.0), continue
line 136 - INFO: Start processing 201903101248_CC02
line 136 - INFO: Start processing 201903150503_CC02
line 136 - INFO: Start processing 201903201523_CC02
line 136 - INFO: Start processing 201903231921_CC02
line 136 - INFO: Start processing 201903240437_CC02
line 180 - INFO: distance 101.1 is not within range (55.0,85.0), continue
line 136 - INFO: Start processing 201903282206_CC02
line 136 - INFO: Start processing 201903310704_CC02
line 180 - INFO: distance 51.7 is not within range (55.0,85.0), continue
line 136 - INFO: Start processing 201904011839_CC02
line 180 - INFO: distance 151.4 is not within range (55.0,85.0), continue
line 136 - INFO: Start processing 201904022135_CC02
line 136 - INFO: Start processing 201904051614_CC02
line 180 - INFO: distance 94.5 is not within range (55.0,85.0), continue
line 136 - INFO: Start processing 201904062155_CC02
line 180 - INFO: distance 101.7 is not within range (55.0,85.0), continue
line 136 - INFO: Start processing 201904091753_CC02
line 180 - INFO: distance 95.1 is not within range (55.0,85.0), continue
line 136 - INFO: Start processing 201904110818_CC02
line 180 - INFO: distance 88.4 is not within range (55.0,85.0), continue
line 136 - INFO: Start processing 201904121140_CC02
line 180 - INFO: distance 104.6 is not within range (55.0,85.0), continue
line 136 - INFO: Start processing 201904121223_CC02
line 180 - INFO: distance 41.0 is not within range (55.0,85.0), continue
line 136 - INFO: Start processing 201904121451_CC02
line 136 - INFO: Start processing 201904180501_CC02
line 180 - INFO: distance 106.2 is not within range (55.0,85.0), continue
line 136 - INFO: Start processing 201904181446_CC02
line 180 - INFO: distance 85.4 is not within range (55.0,85.0), continue
line 136 - INFO: Start processing 201904220911_CC02
line 180 - INFO: distance 107.5 is not within range (55.0,85.0), continue
line 136 - INFO: Start processing 201904221449_CC02
line 180 - INFO: distance 94.7 is not within range (55.0,85.0), continue
line 136 - INFO: Start processing 201904230537_CC02
line 180 - INFO: distance 102.8 is not within range (55.0,85.0), continue
line 136 - INFO: Start processing 201904231420_CC02
line 180 - INFO: distance 48.7 is not within range (55.0,85.0), continue
line 136 - INFO: Start processing 201905030725_CC02
line 136 - INFO: Start processing 201905062119_CC02
line 136 - INFO: Start processing 201905121924_CC02
line 180 - INFO: distance 51.3 is not within range (55.0,85.0), continue
line 136 - INFO: Start processing 201905141258_CC02
line 136 - INFO: Start processing 201905190123_CC02
line 136 - INFO: Start processing 201905191427_CC02
line 136 - INFO: Start processing 201905191456_CC02
line 136 - INFO: Start processing 201805020632_CC02
line 180 - INFO: distance 28.2 is not within range (55.0,85.0), continue
line 136 - INFO: Start processing 201805042232_CC02
line 180 - INFO: distance 32.3 is not within range (55.0,85.0), continue
line 136 - INFO: Start processing 201805050619_CC02
line 180 - INFO: distance 104.2 is not within range (55.0,85.0), continue
line 136 - INFO: Start processing 201805090757_CC02
/home/lun/Desktop/software/anaconda2/lib/python2.7/site-packages/obspy/taup/tau_branch.py:496: UserWarning: Resizing a TauP array inplace failed due to the existence of other references to the array, creating a new array. See Obspy #2280.
  warnings.warn(msg)
line 136 - INFO: Start processing 201805091041_CC02
line 143 - INFO: channels of are not complete, continue
line 136 - INFO: Start processing 201805180145_CC02
line 180 - INFO: distance 51.9 is not within range (55.0,85.0), continue
line 136 - INFO: Start processing 201807072133_CC02
line 180 - INFO: distance 50.1 is not within range (55.0,85.0), continue
line 136 - INFO: Start processing 201807150157_CC02
line 180 - INFO: distance 169.6 is not within range (55.0,85.0), continue
line 136 - INFO: Start processing 201807151309_CC02
line 180 - INFO: distance 169.8 is not within range (55.0,85.0), continue
line 136 - INFO: Start processing 201807231035_CC02
line 180 - INFO: distance 113.2 is not within range (55.0,85.0), continue
line 136 - INFO: Start processing 201807281707_CC02
line 180 - INFO: distance 104.0 is not within range (55.0,85.0), continue
line 136 - INFO: Start processing 201807282247_CC02
line 180 - INFO: distance 109.9 is not within range (55.0,85.0), continue
line 136 - INFO: Start processing 201808051146_CC02
line 180 - INFO: distance 110.0 is not within range (55.0,85.0), continue
line 136 - INFO: Start processing 201808121458_CC02
line 136 - INFO: Start processing 201808122115_CC02
line 136 - INFO: Start processing 201809280659_CC02
line 180 - INFO: distance 107.6 is not within range (55.0,85.0), continue
line 136 - INFO: Start processing 201809281002_CC02
line 180 - INFO: distance 107.5 is not within range (55.0,85.0), continue
line 136 - INFO: Start processing 201808140329_CC02
line 180 - INFO: distance 95.3 is not within range (55.0,85.0), continue
line 136 - INFO: Start processing 201808152156_CC02
line 136 - INFO: Start processing 201808190019_CC02
line 180 - INFO: distance 46.6 is not within range (55.0,85.0), continue
line 136 - INFO: Start processing 201808190023_CC02
line 180 - INFO: distance 46.1 is not within range (55.0,85.0), continue
line 136 - INFO: Start processing 201808190410_CC02
line 180 - INFO: distance 109.8 is not within range (55.0,85.0), continue
line 136 - INFO: Start processing 201808190428_CC02
line 180 - INFO: distance 46.2 is not within range (55.0,85.0), continue
line 136 - INFO: Start processing 201808191456_CC02
line 180 - INFO: distance 109.8 is not within range (55.0,85.0), continue
line 136 - INFO: Start processing 201808252213_CC02
line 180 - INFO: distance 150.0 is not within range (55.0,85.0), continue
line 136 - INFO: Start processing 201901261956_CC02
line 180 - INFO: distance 47.9 is not within range (55.0,85.0), continue
line 136 - INFO: Start processing 201903301120_CC02
line 136 - INFO: Start processing 201904291419_CC02
line 180 - INFO: distance 168.4 is not within range (55.0,85.0), continue
line 136 - INFO: Start processing 201809301052_CC02
line 180 - INFO: distance 46.5 is not within range (55.0,85.0), continue
line 136 - INFO: Start processing 201810090745_CC02
line 136 - INFO: Start processing 201810101844_CC02
line 180 - INFO: distance 112.1 is not within range (55.0,85.0), continue
line 136 - INFO: Start processing 201810102045_CC02
line 136 - INFO: Start processing 201810102048_CC02
line 136 - INFO: Start processing 201810102200_CC02
line 136 - INFO: Start processing 201810131110_CC02
line 136 - INFO: Start processing 201810160028_CC02
line 136 - INFO: Start processing 201810160103_CC02
line 136 - INFO: Start processing 201811012219_CC02
line 136 - INFO: Start processing 201811021101_CC02
line 180 - INFO: distance 87.1 is not within range (55.0,85.0), continue
line 136 - INFO: Start processing 201811040755_CC02
line 180 - INFO: distance 104.0 is not within range (55.0,85.0), continue
line 136 - INFO: Start processing 201810220539_CC02
line 180 - INFO: distance 53.6 is not within range (55.0,85.0), continue
line 136 - INFO: Start processing 201810220616_CC02
line 180 - INFO: distance 53.7 is not within range (55.0,85.0), continue
line 136 - INFO: Start processing 201810220622_CC02
line 180 - INFO: distance 53.6 is not within range (55.0,85.0), continue
line 136 - INFO: Start processing 201810252254_CC02
line 180 - INFO: distance 138.9 is not within range (55.0,85.0), continue
line 136 - INFO: Start processing 201810282223_CC02
line 180 - INFO: distance 45.4 is not within range (55.0,85.0), continue
line 136 - INFO: Start processing 201810290654_CC02
line 136 - INFO: Start processing 201810300213_CC02
line 136 - INFO: Start processing 201812011327_CC02
line 180 - INFO: distance 98.0 is not within range (55.0,85.0), continue
line 136 - INFO: Start processing 201812050414_CC02
line 136 - INFO: Start processing 201812050418_CC02
line 136 - INFO: Start processing 201811090149_CC02
line 180 - INFO: distance 103.8 is not within range (55.0,85.0), continue
line 136 - INFO: Start processing 201811100833_CC02
line 180 - INFO: distance 43.3 is not within range (55.0,85.0), continue
line 136 - INFO: Start processing 201811111403_CC02
line 136 - INFO: Start processing 201811142121_CC02
line 136 - INFO: Start processing 201811152002_CC02
line 180 - INFO: distance 95.5 is not within range (55.0,85.0), continue
line 136 - INFO: Start processing 201811160326_CC02
line 136 - INFO: Start processing 201811182025_CC02
line 180 - INFO: distance 47.2 is not within range (55.0,85.0), continue
line 136 - INFO: Start processing 201811250340_CC02
line 180 - INFO: distance 54.0 is not within range (55.0,85.0), continue
line 136 - INFO: Start processing 201811251637_CC02
line 180 - INFO: distance 150.2 is not within range (55.0,85.0), continue
line 136 - INFO: Start processing 201811301729_CC02
line 136 - INFO: Start processing 201812050643_CC02
line 136 - INFO: Start processing 201812110226_CC02
line 180 - INFO: distance 94.6 is not within range (55.0,85.0), continue
line 136 - INFO: Start processing 201812121313_CC02
line 180 - INFO: distance 51.2 is not within range (55.0,85.0), continue
line 136 - INFO: Start processing 201812160942_CC02
line 180 - INFO: distance 86.9 is not within range (55.0,85.0), continue
line 136 - INFO: Start processing 201812190137_CC02
line 180 - INFO: distance 42.8 is not within range (55.0,85.0), continue
line 136 - INFO: Start processing 201812201701_CC02
line 136 - INFO: Start processing 201812221425_CC02
line 136 - INFO: Start processing 201812241241_CC02
line 136 - INFO: Start processing 201812290339_CC02
line 180 - INFO: distance 100.9 is not within range (55.0,85.0), continue
line 136 - INFO: Start processing 201812310235_CC02
line 136 - INFO: Start processing 201901051925_CC02
line 136 - INFO: Start processing 201901061727_CC02
line 180 - INFO: distance 100.8 is not within range (55.0,85.0), continue
line 136 - INFO: Start processing 201901081239_CC02
line 180 - INFO: distance 97.7 is not within range (55.0,85.0), continue
line 136 - INFO: Start processing 201901151806_CC02
line 136 - INFO: Start processing 201901171506_CC02
line 136 - INFO: Start processing 201901181318_CC02
line 136 - INFO: Start processing 201901200132_CC02
line 136 - INFO: Start processing 201901220510_CC02
line 180 - INFO: distance 107.2 is not within range (55.0,85.0), continue
line 136 - INFO: Start processing 201901221901_CC02
line 180 - INFO: distance 132.4 is not within range (55.0,85.0), continue
line 136 - INFO: Start processing 201901260351_CC02
line 136 - INFO: Start processing 201902011614_CC02
line 180 - INFO: distance 44.1 is not within range (55.0,85.0), continue
line 136 - INFO: Start processing 201902020927_CC02
line 180 - INFO: distance 126.9 is not within range (55.0,85.0), continue
line 136 - INFO: Start processing 201902121234_CC02
line 136 - INFO: Start processing 201902141957_CC02
line 180 - INFO: distance 97.9 is not within range (55.0,85.0), continue
line 136 - INFO: Start processing 201902171435_CC02
line 136 - INFO: Start processing 201902221017_CC02
line 136 - INFO: Start processing 201903010850_CC02
line 136 - INFO: Start processing 201903061546_CC02
line 180 - INFO: distance 50.5 is not within range (55.0,85.0), continue
line 136 - INFO: Start processing 201903081506_CC02
line 180 - INFO: distance 102.0 is not within range (55.0,85.0), continue
line 136 - INFO: Start processing 201903100812_CC02
line 180 - INFO: distance 46.9 is not within range (55.0,85.0), continue
line 136 - INFO: Start processing 201903101248_CC02
line 136 - INFO: Start processing 201903150503_CC02
line 136 - INFO: Start processing 201903201523_CC02
line 136 - INFO: Start processing 201903231921_CC02
line 136 - INFO: Start processing 201903240437_CC02
line 180 - INFO: distance 101.1 is not within range (55.0,85.0), continue
line 136 - INFO: Start processing 201903282206_CC02
line 136 - INFO: Start processing 201903310704_CC02
line 180 - INFO: distance 51.7 is not within range (55.0,85.0), continue
line 136 - INFO: Start processing 201904011839_CC02
line 180 - INFO: distance 151.4 is not within range (55.0,85.0), continue
line 136 - INFO: Start processing 201904022135_CC02
line 136 - INFO: Start processing 201904051614_CC02
line 180 - INFO: distance 94.5 is not within range (55.0,85.0), continue
line 136 - INFO: Start processing 201904062155_CC02
line 180 - INFO: distance 101.7 is not within range (55.0,85.0), continue
line 136 - INFO: Start processing 201904091753_CC02
line 180 - INFO: distance 95.1 is not within range (55.0,85.0), continue
line 136 - INFO: Start processing 201904110818_CC02
line 180 - INFO: distance 88.4 is not within range (55.0,85.0), continue
line 136 - INFO: Start processing 201904121140_CC02
line 180 - INFO: distance 104.6 is not within range (55.0,85.0), continue
line 136 - INFO: Start processing 201904121223_CC02
line 180 - INFO: distance 41.0 is not within range (55.0,85.0), continue
line 136 - INFO: Start processing 201904121451_CC02
line 136 - INFO: Start processing 201904180501_CC02
line 180 - INFO: distance 106.2 is not within range (55.0,85.0), continue
line 136 - INFO: Start processing 201904181446_CC02
line 180 - INFO: distance 85.4 is not within range (55.0,85.0), continue
line 136 - INFO: Start processing 201904220911_CC02
line 180 - INFO: distance 107.5 is not within range (55.0,85.0), continue
line 136 - INFO: Start processing 201904221449_CC02
line 180 - INFO: distance 94.7 is not within range (55.0,85.0), continue
line 136 - INFO: Start processing 201904230537_CC02
line 180 - INFO: distance 102.8 is not within range (55.0,85.0), continue
line 136 - INFO: Start processing 201904231420_CC02
line 180 - INFO: distance 48.7 is not within range (55.0,85.0), continue
line 136 - INFO: Start processing 201905030725_CC02
line 136 - INFO: Start processing 201905062119_CC02
line 136 - INFO: Start processing 201905121924_CC02
line 180 - INFO: distance 51.3 is not within range (55.0,85.0), continue
line 136 - INFO: Start processing 201905141258_CC02
line 136 - INFO: Start processing 201905190123_CC02
line 136 - INFO: Start processing 201905191427_CC02
line 136 - INFO: Start processing 201905191456_CC02
line 136 - INFO: Start processing 201805020632_CC02
line 180 - INFO: distance 28.2 is not within range (55.0,85.0), continue
line 136 - INFO: Start processing 201805042232_CC02
line 180 - INFO: distance 32.3 is not within range (55.0,85.0), continue
line 136 - INFO: Start processing 201805050619_CC02
line 180 - INFO: distance 104.2 is not within range (55.0,85.0), continue
line 136 - INFO: Start processing 201805090757_CC02
/home/lun/Desktop/software/anaconda2/lib/python2.7/site-packages/obspy/taup/tau_branch.py:496: UserWarning: Resizing a TauP array inplace failed due to the existence of other references to the array, creating a new array. See Obspy #2280.
  warnings.warn(msg)
line 136 - INFO: Start processing 201805091041_CC02
line 143 - INFO: channels of are not complete, continue
line 136 - INFO: Start processing 201805180145_CC02
line 180 - INFO: distance 51.9 is not within range (55.0,85.0), continue
line 136 - INFO: Start processing 201807072133_CC02
line 180 - INFO: distance 50.1 is not within range (55.0,85.0), continue
line 136 - INFO: Start processing 201807150157_CC02
line 180 - INFO: distance 169.6 is not within range (55.0,85.0), continue
line 136 - INFO: Start processing 201807151309_CC02
line 180 - INFO: distance 169.8 is not within range (55.0,85.0), continue
line 136 - INFO: Start processing 201807231035_CC02
line 180 - INFO: distance 113.2 is not within range (55.0,85.0), continue
line 136 - INFO: Start processing 201807281707_CC02
line 180 - INFO: distance 104.0 is not within range (55.0,85.0), continue
line 136 - INFO: Start processing 201807282247_CC02
line 180 - INFO: distance 109.9 is not within range (55.0,85.0), continue
line 136 - INFO: Start processing 201808051146_CC02
line 180 - INFO: distance 110.0 is not within range (55.0,85.0), continue
line 136 - INFO: Start processing 201808121458_CC02
line 136 - INFO: Start processing 201808122115_CC02
line 136 - INFO: Start processing 201809280659_CC02
line 180 - INFO: distance 107.6 is not within range (55.0,85.0), continue
line 136 - INFO: Start processing 201809281002_CC02
line 180 - INFO: distance 107.5 is not within range (55.0,85.0), continue
line 136 - INFO: Start processing 201808140329_CC02
line 180 - INFO: distance 95.3 is not within range (55.0,85.0), continue
line 136 - INFO: Start processing 201808152156_CC02
line 136 - INFO: Start processing 201808190019_CC02
line 180 - INFO: distance 46.6 is not within range (55.0,85.0), continue
line 136 - INFO: Start processing 201808190023_CC02
line 180 - INFO: distance 46.1 is not within range (55.0,85.0), continue
line 136 - INFO: Start processing 201808190410_CC02
line 180 - INFO: distance 109.8 is not within range (55.0,85.0), continue
line 136 - INFO: Start processing 201808190428_CC02
line 180 - INFO: distance 46.2 is not within range (55.0,85.0), continue
line 136 - INFO: Start processing 201808191456_CC02
line 180 - INFO: distance 109.8 is not within range (55.0,85.0), continue
line 136 - INFO: Start processing 201808252213_CC02
line 180 - INFO: distance 150.0 is not within range (55.0,85.0), continue
line 136 - INFO: Start processing 201901261956_CC02
line 180 - INFO: distance 47.9 is not within range (55.0,85.0), continue
line 136 - INFO: Start processing 201903301120_CC02
line 136 - INFO: Start processing 201904291419_CC02
line 180 - INFO: distance 168.4 is not within range (55.0,85.0), continue
line 136 - INFO: Start processing 201809301052_CC02
line 180 - INFO: distance 46.5 is not within range (55.0,85.0), continue
line 136 - INFO: Start processing 201810090745_CC02
line 136 - INFO: Start processing 201810101844_CC02
line 180 - INFO: distance 112.1 is not within range (55.0,85.0), continue
line 136 - INFO: Start processing 201810102045_CC02
line 136 - INFO: Start processing 201810102048_CC02
line 136 - INFO: Start processing 201810102200_CC02
line 136 - INFO: Start processing 201810131110_CC02
line 136 - INFO: Start processing 201810160028_CC02
line 136 - INFO: Start processing 201810160103_CC02
line 136 - INFO: Start processing 201811012219_CC02
line 136 - INFO: Start processing 201811021101_CC02
line 180 - INFO: distance 87.1 is not within range (55.0,85.0), continue
line 136 - INFO: Start processing 201811040755_CC02
line 180 - INFO: distance 104.0 is not within range (55.0,85.0), continue
line 136 - INFO: Start processing 201810220539_CC02
line 180 - INFO: distance 53.6 is not within range (55.0,85.0), continue
line 136 - INFO: Start processing 201810220616_CC02
line 180 - INFO: distance 53.7 is not within range (55.0,85.0), continue
line 136 - INFO: Start processing 201810220622_CC02
line 180 - INFO: distance 53.6 is not within range (55.0,85.0), continue
line 136 - INFO: Start processing 201810252254_CC02
line 180 - INFO: distance 138.9 is not within range (55.0,85.0), continue
line 136 - INFO: Start processing 201810282223_CC02
line 180 - INFO: distance 45.4 is not within range (55.0,85.0), continue
line 136 - INFO: Start processing 201810290654_CC02
line 136 - INFO: Start processing 201810300213_CC02
line 136 - INFO: Start processing 201812011327_CC02
line 180 - INFO: distance 98.0 is not within range (55.0,85.0), continue
line 136 - INFO: Start processing 201812050414_CC02
line 136 - INFO: Start processing 201812050418_CC02
line 136 - INFO: Start processing 201811090149_CC02
line 180 - INFO: distance 103.8 is not within range (55.0,85.0), continue
line 136 - INFO: Start processing 201811100833_CC02
line 180 - INFO: distance 43.3 is not within range (55.0,85.0), continue
line 136 - INFO: Start processing 201811111403_CC02
line 136 - INFO: Start processing 201811142121_CC02
line 136 - INFO: Start processing 201811152002_CC02
line 180 - INFO: distance 95.5 is not within range (55.0,85.0), continue
line 136 - INFO: Start processing 201811160326_CC02
line 136 - INFO: Start processing 201811182025_CC02
line 180 - INFO: distance 47.2 is not within range (55.0,85.0), continue
line 136 - INFO: Start processing 201811250340_CC02
line 180 - INFO: distance 54.0 is not within range (55.0,85.0), continue
line 136 - INFO: Start processing 201811251637_CC02
line 180 - INFO: distance 150.2 is not within range (55.0,85.0), continue
line 136 - INFO: Start processing 201811301729_CC02
line 136 - INFO: Start processing 201812050643_CC02
line 136 - INFO: Start processing 201812110226_CC02
line 180 - INFO: distance 94.6 is not within range (55.0,85.0), continue
line 136 - INFO: Start processing 201812121313_CC02
line 180 - INFO: distance 51.2 is not within range (55.0,85.0), continue
line 136 - INFO: Start processing 201812160942_CC02
line 180 - INFO: distance 86.9 is not within range (55.0,85.0), continue
line 136 - INFO: Start processing 201812190137_CC02
line 180 - INFO: distance 42.8 is not within range (55.0,85.0), continue
line 136 - INFO: Start processing 201812201701_CC02
line 136 - INFO: Start processing 201812221425_CC02
line 136 - INFO: Start processing 201812241241_CC02
line 136 - INFO: Start processing 201812290339_CC02
line 180 - INFO: distance 100.9 is not within range (55.0,85.0), continue
line 136 - INFO: Start processing 201812310235_CC02
line 136 - INFO: Start processing 201901051925_CC02
line 136 - INFO: Start processing 201901061727_CC02
line 180 - INFO: distance 100.8 is not within range (55.0,85.0), continue
line 136 - INFO: Start processing 201901081239_CC02
line 180 - INFO: distance 97.7 is not within range (55.0,85.0), continue
line 136 - INFO: Start processing 201901151806_CC02
line 136 - INFO: Start processing 201901171506_CC02
line 136 - INFO: Start processing 201901181318_CC02
line 136 - INFO: Start processing 201901200132_CC02
line 136 - INFO: Start processing 201901220510_CC02
line 180 - INFO: distance 107.2 is not within range (55.0,85.0), continue
line 136 - INFO: Start processing 201901221901_CC02
line 180 - INFO: distance 132.4 is not within range (55.0,85.0), continue
line 136 - INFO: Start processing 201901260351_CC02
line 136 - INFO: Start processing 201902011614_CC02
line 180 - INFO: distance 44.1 is not within range (55.0,85.0), continue
line 136 - INFO: Start processing 201902020927_CC02
line 180 - INFO: distance 126.9 is not within range (55.0,85.0), continue
line 136 - INFO: Start processing 201902121234_CC02
line 136 - INFO: Start processing 201902141957_CC02
line 180 - INFO: distance 97.9 is not within range (55.0,85.0), continue
line 136 - INFO: Start processing 201902171435_CC02
line 136 - INFO: Start processing 201902221017_CC02
line 136 - INFO: Start processing 201903010850_CC02
line 136 - INFO: Start processing 201903061546_CC02
line 180 - INFO: distance 50.5 is not within range (55.0,85.0), continue
line 136 - INFO: Start processing 201903081506_CC02
line 180 - INFO: distance 102.0 is not within range (55.0,85.0), continue
line 136 - INFO: Start processing 201903100812_CC02
line 180 - INFO: distance 46.9 is not within range (55.0,85.0), continue
line 136 - INFO: Start processing 201903101248_CC02
line 136 - INFO: Start processing 201903150503_CC02
line 136 - INFO: Start processing 201903201523_CC02
line 136 - INFO: Start processing 201903231921_CC02
line 136 - INFO: Start processing 201903240437_CC02
line 180 - INFO: distance 101.1 is not within range (55.0,85.0), continue
line 136 - INFO: Start processing 201903282206_CC02
line 136 - INFO: Start processing 201903310704_CC02
line 180 - INFO: distance 51.7 is not within range (55.0,85.0), continue
line 136 - INFO: Start processing 201904011839_CC02
line 180 - INFO: distance 151.4 is not within range (55.0,85.0), continue
line 136 - INFO: Start processing 201904022135_CC02
line 136 - INFO: Start processing 201904051614_CC02
line 180 - INFO: distance 94.5 is not within range (55.0,85.0), continue
line 136 - INFO: Start processing 201904062155_CC02
line 180 - INFO: distance 101.7 is not within range (55.0,85.0), continue
line 136 - INFO: Start processing 201904091753_CC02
line 180 - INFO: distance 95.1 is not within range (55.0,85.0), continue
line 136 - INFO: Start processing 201904110818_CC02
line 180 - INFO: distance 88.4 is not within range (55.0,85.0), continue
line 136 - INFO: Start processing 201904121140_CC02
line 180 - INFO: distance 104.6 is not within range (55.0,85.0), continue
line 136 - INFO: Start processing 201904121223_CC02
line 180 - INFO: distance 41.0 is not within range (55.0,85.0), continue
line 136 - INFO: Start processing 201904121451_CC02
line 136 - INFO: Start processing 201904180501_CC02
line 180 - INFO: distance 106.2 is not within range (55.0,85.0), continue
line 136 - INFO: Start processing 201904181446_CC02
line 180 - INFO: distance 85.4 is not within range (55.0,85.0), continue
line 136 - INFO: Start processing 201904220911_CC02
line 180 - INFO: distance 107.5 is not within range (55.0,85.0), continue
line 136 - INFO: Start processing 201904221449_CC02
line 180 - INFO: distance 94.7 is not within range (55.0,85.0), continue
line 136 - INFO: Start processing 201904230537_CC02
line 180 - INFO: distance 102.8 is not within range (55.0,85.0), continue
line 136 - INFO: Start processing 201904231420_CC02
line 180 - INFO: distance 48.7 is not within range (55.0,85.0), continue
line 136 - INFO: Start processing 201905030725_CC02
line 136 - INFO: Start processing 201905062119_CC02
line 136 - INFO: Start processing 201905121924_CC02
line 180 - INFO: distance 51.3 is not within range (55.0,85.0), continue
line 136 - INFO: Start processing 201905141258_CC02
line 136 - INFO: Start processing 201905190123_CC02
line 136 - INFO: Start processing 201905191427_CC02
line 136 - INFO: Start processing 201905191456_CC02
line 136 - INFO: Start processing 201805020632_CC02
line 180 - INFO: distance 28.2 is not within range (55.0,85.0), continue
line 136 - INFO: Start processing 201805042232_CC02
line 180 - INFO: distance 32.3 is not within range (55.0,85.0), continue
line 136 - INFO: Start processing 201805050619_CC02
line 180 - INFO: distance 104.2 is not within range (55.0,85.0), continue
line 136 - INFO: Start processing 201805090757_CC02
/home/lun/Desktop/software/anaconda2/lib/python2.7/site-packages/obspy/taup/tau_branch.py:496: UserWarning: Resizing a TauP array inplace failed due to the existence of other references to the array, creating a new array. See Obspy #2280.
  warnings.warn(msg)
line 136 - INFO: Start processing 201805091041_CC02
line 143 - INFO: channels of are not complete, continue
line 136 - INFO: Start processing 201805180145_CC02
line 180 - INFO: distance 51.9 is not within range (55.0,85.0), continue
line 136 - INFO: Start processing 201807072133_CC02
line 180 - INFO: distance 50.1 is not within range (55.0,85.0), continue
line 136 - INFO: Start processing 201807150157_CC02
line 180 - INFO: distance 169.6 is not within range (55.0,85.0), continue
line 136 - INFO: Start processing 201807151309_CC02
line 180 - INFO: distance 169.8 is not within range (55.0,85.0), continue
line 136 - INFO: Start processing 201807231035_CC02
line 180 - INFO: distance 113.2 is not within range (55.0,85.0), continue
line 136 - INFO: Start processing 201807281707_CC02
line 180 - INFO: distance 104.0 is not within range (55.0,85.0), continue
line 136 - INFO: Start processing 201807282247_CC02
line 180 - INFO: distance 109.9 is not within range (55.0,85.0), continue
line 136 - INFO: Start processing 201808051146_CC02
line 180 - INFO: distance 110.0 is not within range (55.0,85.0), continue
line 136 - INFO: Start processing 201808121458_CC02
line 136 - INFO: Start processing 201808122115_CC02
line 136 - INFO: Start processing 201809280659_CC02
line 180 - INFO: distance 107.6 is not within range (55.0,85.0), continue
line 136 - INFO: Start processing 201809281002_CC02
line 180 - INFO: distance 107.5 is not within range (55.0,85.0), continue
line 136 - INFO: Start processing 201808140329_CC02
line 180 - INFO: distance 95.3 is not within range (55.0,85.0), continue
line 136 - INFO: Start processing 201808152156_CC02
line 136 - INFO: Start processing 201808190019_CC02
line 180 - INFO: distance 46.6 is not within range (55.0,85.0), continue
line 136 - INFO: Start processing 201808190023_CC02
line 180 - INFO: distance 46.1 is not within range (55.0,85.0), continue
line 136 - INFO: Start processing 201808190410_CC02
line 180 - INFO: distance 109.8 is not within range (55.0,85.0), continue
line 136 - INFO: Start processing 201808190428_CC02
line 180 - INFO: distance 46.2 is not within range (55.0,85.0), continue
line 136 - INFO: Start processing 201808191456_CC02
line 180 - INFO: distance 109.8 is not within range (55.0,85.0), continue
line 136 - INFO: Start processing 201808252213_CC02
line 180 - INFO: distance 150.0 is not within range (55.0,85.0), continue
line 136 - INFO: Start processing 201901261956_CC02
line 180 - INFO: distance 47.9 is not within range (55.0,85.0), continue
line 136 - INFO: Start processing 201903301120_CC02
line 136 - INFO: Start processing 201904291419_CC02
line 180 - INFO: distance 168.4 is not within range (55.0,85.0), continue
line 136 - INFO: Start processing 201809301052_CC02
line 180 - INFO: distance 46.5 is not within range (55.0,85.0), continue
line 136 - INFO: Start processing 201810090745_CC02
line 136 - INFO: Start processing 201810101844_CC02
line 180 - INFO: distance 112.1 is not within range (55.0,85.0), continue
line 136 - INFO: Start processing 201810102045_CC02
line 136 - INFO: Start processing 201810102048_CC02
line 136 - INFO: Start processing 201810102200_CC02
line 136 - INFO: Start processing 201810131110_CC02
line 136 - INFO: Start processing 201810160028_CC02
line 136 - INFO: Start processing 201810160103_CC02
line 136 - INFO: Start processing 201811012219_CC02
line 136 - INFO: Start processing 201811021101_CC02
line 180 - INFO: distance 87.1 is not within range (55.0,85.0), continue
line 136 - INFO: Start processing 201811040755_CC02
line 180 - INFO: distance 104.0 is not within range (55.0,85.0), continue
line 136 - INFO: Start processing 201810220539_CC02
line 180 - INFO: distance 53.6 is not within range (55.0,85.0), continue
line 136 - INFO: Start processing 201810220616_CC02
line 180 - INFO: distance 53.7 is not within range (55.0,85.0), continue
line 136 - INFO: Start processing 201810220622_CC02
line 180 - INFO: distance 53.6 is not within range (55.0,85.0), continue
line 136 - INFO: Start processing 201810252254_CC02
line 180 - INFO: distance 138.9 is not within range (55.0,85.0), continue
line 136 - INFO: Start processing 201810282223_CC02
line 180 - INFO: distance 45.4 is not within range (55.0,85.0), continue
line 136 - INFO: Start processing 201810290654_CC02
line 136 - INFO: Start processing 201810300213_CC02
line 136 - INFO: Start processing 201812011327_CC02
line 180 - INFO: distance 98.0 is not within range (55.0,85.0), continue
line 136 - INFO: Start processing 201812050414_CC02
line 136 - INFO: Start processing 201812050418_CC02
line 136 - INFO: Start processing 201811090149_CC02
line 180 - INFO: distance 103.8 is not within range (55.0,85.0), continue
line 136 - INFO: Start processing 201811100833_CC02
line 180 - INFO: distance 43.3 is not within range (55.0,85.0), continue
line 136 - INFO: Start processing 201811111403_CC02
line 136 - INFO: Start processing 201811142121_CC02
line 136 - INFO: Start processing 201811152002_CC02
line 180 - INFO: distance 95.5 is not within range (55.0,85.0), continue
line 136 - INFO: Start processing 201811160326_CC02
line 136 - INFO: Start processing 201811182025_CC02
line 180 - INFO: distance 47.2 is not within range (55.0,85.0), continue
line 136 - INFO: Start processing 201811250340_CC02
line 180 - INFO: distance 54.0 is not within range (55.0,85.0), continue
line 136 - INFO: Start processing 201811251637_CC02
line 180 - INFO: distance 150.2 is not within range (55.0,85.0), continue
line 136 - INFO: Start processing 201811301729_CC02
line 136 - INFO: Start processing 201812050643_CC02
line 136 - INFO: Start processing 201812110226_CC02
line 180 - INFO: distance 94.6 is not within range (55.0,85.0), continue
line 136 - INFO: Start processing 201812121313_CC02
line 180 - INFO: distance 51.2 is not within range (55.0,85.0), continue
line 136 - INFO: Start processing 201812160942_CC02
line 180 - INFO: distance 86.9 is not within range (55.0,85.0), continue
line 136 - INFO: Start processing 201812190137_CC02
line 180 - INFO: distance 42.8 is not within range (55.0,85.0), continue
line 136 - INFO: Start processing 201812201701_CC02
line 136 - INFO: Start processing 201812221425_CC02
line 136 - INFO: Start processing 201812241241_CC02
line 136 - INFO: Start processing 201812290339_CC02
line 180 - INFO: distance 100.9 is not within range (55.0,85.0), continue
line 136 - INFO: Start processing 201812310235_CC02
line 136 - INFO: Start processing 201901051925_CC02
line 136 - INFO: Start processing 201901061727_CC02
line 180 - INFO: distance 100.8 is not within range (55.0,85.0), continue
line 136 - INFO: Start processing 201901081239_CC02
line 180 - INFO: distance 97.7 is not within range (55.0,85.0), continue
line 136 - INFO: Start processing 201901151806_CC02
line 136 - INFO: Start processing 201901171506_CC02
line 136 - INFO: Start processing 201901181318_CC02
line 136 - INFO: Start processing 201901200132_CC02
line 136 - INFO: Start processing 201901220510_CC02
line 180 - INFO: distance 107.2 is not within range (55.0,85.0), continue
line 136 - INFO: Start processing 201901221901_CC02
line 180 - INFO: distance 132.4 is not within range (55.0,85.0), continue
line 136 - INFO: Start processing 201901260351_CC02
line 136 - INFO: Start processing 201902011614_CC02
line 180 - INFO: distance 44.1 is not within range (55.0,85.0), continue
line 136 - INFO: Start processing 201902020927_CC02
line 180 - INFO: distance 126.9 is not within range (55.0,85.0), continue
line 136 - INFO: Start processing 201902121234_CC02
line 136 - INFO: Start processing 201902141957_CC02
line 180 - INFO: distance 97.9 is not within range (55.0,85.0), continue
line 136 - INFO: Start processing 201902171435_CC02
line 136 - INFO: Start processing 201902221017_CC02
line 136 - INFO: Start processing 201903010850_CC02
line 136 - INFO: Start processing 201903061546_CC02
line 180 - INFO: distance 50.5 is not within range (55.0,85.0), continue
line 136 - INFO: Start processing 201903081506_CC02
line 180 - INFO: distance 102.0 is not within range (55.0,85.0), continue
line 136 - INFO: Start processing 201903100812_CC02
line 180 - INFO: distance 46.9 is not within range (55.0,85.0), continue
line 136 - INFO: Start processing 201903101248_CC02
line 136 - INFO: Start processing 201903150503_CC02
line 136 - INFO: Start processing 201903201523_CC02
line 136 - INFO: Start processing 201903231921_CC02
line 136 - INFO: Start processing 201903240437_CC02
line 180 - INFO: distance 101.1 is not within range (55.0,85.0), continue
line 136 - INFO: Start processing 201903282206_CC02
line 136 - INFO: Start processing 201903310704_CC02
line 180 - INFO: distance 51.7 is not within range (55.0,85.0), continue
line 136 - INFO: Start processing 201904011839_CC02
line 180 - INFO: distance 151.4 is not within range (55.0,85.0), continue
line 136 - INFO: Start processing 201904022135_CC02
line 136 - INFO: Start processing 201904051614_CC02
line 180 - INFO: distance 94.5 is not within range (55.0,85.0), continue
line 136 - INFO: Start processing 201904062155_CC02
line 180 - INFO: distance 101.7 is not within range (55.0,85.0), continue
line 136 - INFO: Start processing 201904091753_CC02
line 180 - INFO: distance 95.1 is not within range (55.0,85.0), continue
line 136 - INFO: Start processing 201904110818_CC02
line 180 - INFO: distance 88.4 is not within range (55.0,85.0), continue
line 136 - INFO: Start processing 201904121140_CC02
line 180 - INFO: distance 104.6 is not within range (55.0,85.0), continue
line 136 - INFO: Start processing 201904121223_CC02
line 180 - INFO: distance 41.0 is not within range (55.0,85.0), continue
line 136 - INFO: Start processing 201904121451_CC02
line 136 - INFO: Start processing 201904180501_CC02
line 180 - INFO: distance 106.2 is not within range (55.0,85.0), continue
line 136 - INFO: Start processing 201904181446_CC02
line 180 - INFO: distance 85.4 is not within range (55.0,85.0), continue
line 136 - INFO: Start processing 201904220911_CC02
line 180 - INFO: distance 107.5 is not within range (55.0,85.0), continue
line 136 - INFO: Start processing 201904221449_CC02
line 180 - INFO: distance 94.7 is not within range (55.0,85.0), continue
line 136 - INFO: Start processing 201904230537_CC02
line 180 - INFO: distance 102.8 is not within range (55.0,85.0), continue
line 136 - INFO: Start processing 201904231420_CC02
line 180 - INFO: distance 48.7 is not within range (55.0,85.0), continue
line 136 - INFO: Start processing 201905030725_CC02
line 136 - INFO: Start processing 201905062119_CC02
line 136 - INFO: Start processing 201905121924_CC02
line 180 - INFO: distance 51.3 is not within range (55.0,85.0), continue
line 136 - INFO: Start processing 201905141258_CC02
line 136 - INFO: Start processing 201905190123_CC02
line 136 - INFO: Start processing 201905191427_CC02
line 136 - INFO: Start processing 201905191456_CC02
Traceback (most recent call last):
  File "RFcal.py", line 58, in <module>
    event_path = config.get('path','event_path')
  File "/home/lun/Desktop/software/anaconda2/lib/python2.7/site-packages/backports/configparser/__init__.py", line 858, in get
    d = self._unify_values(section, vars)
  File "/home/lun/Desktop/software/anaconda2/lib/python2.7/site-packages/backports/configparser/__init__.py", line 1228, in _unify_values
    raise NoSectionError(section)
backports.configparser.NoSectionError: No section: 'path'
Traceback (most recent call last):
  File "RFcal.py", line 58, in <module>
    event_path = config.get('path','event_path')
  File "/home/lun/Desktop/software/anaconda2/lib/python2.7/site-packages/backports/configparser/__init__.py", line 858, in get
    d = self._unify_values(section, vars)
  File "/home/lun/Desktop/software/anaconda2/lib/python2.7/site-packages/backports/configparser/__init__.py", line 1228, in _unify_values
    raise NoSectionError(section)
backports.configparser.NoSectionError: No section: 'path'
Traceback (most recent call last):
  File "RFcal.py", line 58, in <module>
    event_path = config.get('path','event_path')
  File "/home/lun/Desktop/software/anaconda2/lib/python2.7/site-packages/backports/configparser/__init__.py", line 858, in get
    d = self._unify_values(section, vars)
  File "/home/lun/Desktop/software/anaconda2/lib/python2.7/site-packages/backports/configparser/__init__.py", line 1228, in _unify_values
    raise NoSectionError(section)
backports.configparser.NoSectionError: No section: 'path'
line 136 - INFO: Start processing 201805020632_CC02
line 180 - INFO: distance 28.2 is not within range (55.0,85.0), continue
line 136 - INFO: Start processing 201805042232_CC02
line 180 - INFO: distance 32.3 is not within range (55.0,85.0), continue
line 136 - INFO: Start processing 201805050619_CC02
line 180 - INFO: distance 104.2 is not within range (55.0,85.0), continue
line 136 - INFO: Start processing 201805090757_CC02
/home/lun/Desktop/software/anaconda2/lib/python2.7/site-packages/obspy/taup/tau_branch.py:496: UserWarning: Resizing a TauP array inplace failed due to the existence of other references to the array, creating a new array. See Obspy #2280.
  warnings.warn(msg)
line 136 - INFO: Start processing 201805091041_CC02
line 143 - INFO: channels of are not complete, continue
line 136 - INFO: Start processing 201805180145_CC02
line 180 - INFO: distance 51.9 is not within range (55.0,85.0), continue
line 136 - INFO: Start processing 201807072133_CC02
line 180 - INFO: distance 50.1 is not within range (55.0,85.0), continue
line 136 - INFO: Start processing 201807150157_CC02
line 180 - INFO: distance 169.6 is not within range (55.0,85.0), continue
line 136 - INFO: Start processing 201807151309_CC02
line 180 - INFO: distance 169.8 is not within range (55.0,85.0), continue
line 136 - INFO: Start processing 201807231035_CC02
line 180 - INFO: distance 113.2 is not within range (55.0,85.0), continue
line 136 - INFO: Start processing 201807281707_CC02
line 180 - INFO: distance 104.0 is not within range (55.0,85.0), continue
line 136 - INFO: Start processing 201807282247_CC02
line 180 - INFO: distance 109.9 is not within range (55.0,85.0), continue
line 136 - INFO: Start processing 201808051146_CC02
line 180 - INFO: distance 110.0 is not within range (55.0,85.0), continue
line 136 - INFO: Start processing 201808121458_CC02
line 243 - INFO: snr not high enough, continue
line 136 - INFO: Start processing 201808122115_CC02
line 243 - INFO: snr not high enough, continue
line 136 - INFO: Start processing 201809280659_CC02
line 180 - INFO: distance 107.6 is not within range (55.0,85.0), continue
line 136 - INFO: Start processing 201809281002_CC02
line 180 - INFO: distance 107.5 is not within range (55.0,85.0), continue
line 136 - INFO: Start processing 201808140329_CC02
line 180 - INFO: distance 95.3 is not within range (55.0,85.0), continue
line 136 - INFO: Start processing 201808152156_CC02
line 136 - INFO: Start processing 201808190019_CC02
line 180 - INFO: distance 46.6 is not within range (55.0,85.0), continue
line 136 - INFO: Start processing 201808190023_CC02
line 180 - INFO: distance 46.1 is not within range (55.0,85.0), continue
line 136 - INFO: Start processing 201808190410_CC02
line 180 - INFO: distance 109.8 is not within range (55.0,85.0), continue
line 136 - INFO: Start processing 201808190428_CC02
line 180 - INFO: distance 46.2 is not within range (55.0,85.0), continue
line 136 - INFO: Start processing 201808191456_CC02
line 180 - INFO: distance 109.8 is not within range (55.0,85.0), continue
line 136 - INFO: Start processing 201808252213_CC02
line 180 - INFO: distance 150.0 is not within range (55.0,85.0), continue
line 136 - INFO: Start processing 201901261956_CC02
line 180 - INFO: distance 47.9 is not within range (55.0,85.0), continue
line 136 - INFO: Start processing 201903301120_CC02
line 243 - INFO: snr not high enough, continue
line 136 - INFO: Start processing 201904291419_CC02
line 180 - INFO: distance 168.4 is not within range (55.0,85.0), continue
line 136 - INFO: Start processing 201809301052_CC02
line 180 - INFO: distance 46.5 is not within range (55.0,85.0), continue
line 136 - INFO: Start processing 201810090745_CC02
line 243 - INFO: snr not high enough, continue
line 136 - INFO: Start processing 201810101844_CC02
line 180 - INFO: distance 112.1 is not within range (55.0,85.0), continue
line 136 - INFO: Start processing 201810102045_CC02
line 136 - INFO: Start processing 201810102048_CC02
line 243 - INFO: snr not high enough, continue
line 136 - INFO: Start processing 201810102200_CC02
line 243 - INFO: snr not high enough, continue
line 136 - INFO: Start processing 201810131110_CC02
line 136 - INFO: Start processing 201810160028_CC02
line 243 - INFO: snr not high enough, continue
line 136 - INFO: Start processing 201810160103_CC02
line 243 - INFO: snr not high enough, continue
line 136 - INFO: Start processing 201811012219_CC02
line 243 - INFO: snr not high enough, continue
line 136 - INFO: Start processing 201811021101_CC02
line 180 - INFO: distance 87.1 is not within range (55.0,85.0), continue
line 136 - INFO: Start processing 201811040755_CC02
line 180 - INFO: distance 104.0 is not within range (55.0,85.0), continue
line 136 - INFO: Start processing 201810220539_CC02
line 180 - INFO: distance 53.6 is not within range (55.0,85.0), continue
line 136 - INFO: Start processing 201810220616_CC02
line 180 - INFO: distance 53.7 is not within range (55.0,85.0), continue
line 136 - INFO: Start processing 201810220622_CC02
line 180 - INFO: distance 53.6 is not within range (55.0,85.0), continue
line 136 - INFO: Start processing 201810252254_CC02
line 180 - INFO: distance 138.9 is not within range (55.0,85.0), continue
line 136 - INFO: Start processing 201810282223_CC02
line 180 - INFO: distance 45.4 is not within range (55.0,85.0), continue
line 136 - INFO: Start processing 201810290654_CC02
line 136 - INFO: Start processing 201810300213_CC02
line 243 - INFO: snr not high enough, continue
line 136 - INFO: Start processing 201812011327_CC02
line 180 - INFO: distance 98.0 is not within range (55.0,85.0), continue
line 136 - INFO: Start processing 201812050414_CC02
line 243 - INFO: snr not high enough, continue
line 136 - INFO: Start processing 201812050418_CC02
line 243 - INFO: snr not high enough, continue
line 136 - INFO: Start processing 201811090149_CC02
line 180 - INFO: distance 103.8 is not within range (55.0,85.0), continue
line 136 - INFO: Start processing 201811100833_CC02
line 180 - INFO: distance 43.3 is not within range (55.0,85.0), continue
line 136 - INFO: Start processing 201811111403_CC02
line 136 - INFO: Start processing 201811142121_CC02
line 243 - INFO: snr not high enough, continue
line 136 - INFO: Start processing 201811152002_CC02
line 180 - INFO: distance 95.5 is not within range (55.0,85.0), continue
line 136 - INFO: Start processing 201811160326_CC02
line 243 - INFO: snr not high enough, continue
line 136 - INFO: Start processing 201811182025_CC02
line 180 - INFO: distance 47.2 is not within range (55.0,85.0), continue
line 136 - INFO: Start processing 201811250340_CC02
line 180 - INFO: distance 54.0 is not within range (55.0,85.0), continue
line 136 - INFO: Start processing 201811251637_CC02
line 180 - INFO: distance 150.2 is not within range (55.0,85.0), continue
line 136 - INFO: Start processing 201811301729_CC02
line 243 - INFO: snr not high enough, continue
line 136 - INFO: Start processing 201812050643_CC02
line 243 - INFO: snr not high enough, continue
line 136 - INFO: Start processing 201812110226_CC02
line 180 - INFO: distance 94.6 is not within range (55.0,85.0), continue
line 136 - INFO: Start processing 201812121313_CC02
line 180 - INFO: distance 51.2 is not within range (55.0,85.0), continue
line 136 - INFO: Start processing 201812160942_CC02
line 180 - INFO: distance 86.9 is not within range (55.0,85.0), continue
line 136 - INFO: Start processing 201812190137_CC02
line 180 - INFO: distance 42.8 is not within range (55.0,85.0), continue
line 136 - INFO: Start processing 201812201701_CC02
line 136 - INFO: Start processing 201812221425_CC02
line 136 - INFO: Start processing 201812241241_CC02
line 243 - INFO: snr not high enough, continue
line 136 - INFO: Start processing 201812290339_CC02
line 180 - INFO: distance 100.9 is not within range (55.0,85.0), continue
line 136 - INFO: Start processing 201812310235_CC02
line 243 - INFO: snr not high enough, continue
line 136 - INFO: Start processing 201901051925_CC02
line 136 - INFO: Start processing 201901061727_CC02
line 180 - INFO: distance 100.8 is not within range (55.0,85.0), continue
line 136 - INFO: Start processing 201901081239_CC02
line 180 - INFO: distance 97.7 is not within range (55.0,85.0), continue
line 136 - INFO: Start processing 201901151806_CC02
line 243 - INFO: snr not high enough, continue
line 136 - INFO: Start processing 201901171506_CC02
line 243 - INFO: snr not high enough, continue
line 136 - INFO: Start processing 201901181318_CC02
line 136 - INFO: Start processing 201901200132_CC02
line 243 - INFO: snr not high enough, continue
line 136 - INFO: Start processing 201901220510_CC02
line 180 - INFO: distance 107.2 is not within range (55.0,85.0), continue
line 136 - INFO: Start processing 201901221901_CC02
line 180 - INFO: distance 132.4 is not within range (55.0,85.0), continue
line 136 - INFO: Start processing 201901260351_CC02
line 243 - INFO: snr not high enough, continue
line 136 - INFO: Start processing 201902011614_CC02
line 180 - INFO: distance 44.1 is not within range (55.0,85.0), continue
line 136 - INFO: Start processing 201902020927_CC02
line 180 - INFO: distance 126.9 is not within range (55.0,85.0), continue
line 136 - INFO: Start processing 201902121234_CC02
line 243 - INFO: snr not high enough, continue
line 136 - INFO: Start processing 201902141957_CC02
line 180 - INFO: distance 97.9 is not within range (55.0,85.0), continue
line 136 - INFO: Start processing 201902171435_CC02
line 243 - INFO: snr not high enough, continue
line 136 - INFO: Start processing 201902221017_CC02
line 136 - INFO: Start processing 201903010850_CC02
line 243 - INFO: snr not high enough, continue
line 136 - INFO: Start processing 201903061546_CC02
line 180 - INFO: distance 50.5 is not within range (55.0,85.0), continue
line 136 - INFO: Start processing 201903081506_CC02
line 180 - INFO: distance 102.0 is not within range (55.0,85.0), continue
line 136 - INFO: Start processing 201903100812_CC02
line 180 - INFO: distance 46.9 is not within range (55.0,85.0), continue
line 136 - INFO: Start processing 201903101248_CC02
line 243 - INFO: snr not high enough, continue
line 136 - INFO: Start processing 201903150503_CC02
line 243 - INFO: snr not high enough, continue
line 136 - INFO: Start processing 201903201523_CC02
line 243 - INFO: snr not high enough, continue
line 136 - INFO: Start processing 201903231921_CC02
line 243 - INFO: snr not high enough, continue
line 136 - INFO: Start processing 201903240437_CC02
line 180 - INFO: distance 101.1 is not within range (55.0,85.0), continue
line 136 - INFO: Start processing 201903282206_CC02
line 243 - INFO: snr not high enough, continue
line 136 - INFO: Start processing 201903310704_CC02
line 180 - INFO: distance 51.7 is not within range (55.0,85.0), continue
line 136 - INFO: Start processing 201904011839_CC02
line 180 - INFO: distance 151.4 is not within range (55.0,85.0), continue
line 136 - INFO: Start processing 201904022135_CC02
line 243 - INFO: snr not high enough, continue
line 136 - INFO: Start processing 201904051614_CC02
line 180 - INFO: distance 94.5 is not within range (55.0,85.0), continue
line 136 - INFO: Start processing 201904062155_CC02
line 180 - INFO: distance 101.7 is not within range (55.0,85.0), continue
line 136 - INFO: Start processing 201904091753_CC02
line 180 - INFO: distance 95.1 is not within range (55.0,85.0), continue
line 136 - INFO: Start processing 201904110818_CC02
line 180 - INFO: distance 88.4 is not within range (55.0,85.0), continue
line 136 - INFO: Start processing 201904121140_CC02
line 180 - INFO: distance 104.6 is not within range (55.0,85.0), continue
line 136 - INFO: Start processing 201904121223_CC02
line 180 - INFO: distance 41.0 is not within range (55.0,85.0), continue
line 136 - INFO: Start processing 201904121451_CC02
line 243 - INFO: snr not high enough, continue
line 136 - INFO: Start processing 201904180501_CC02
line 180 - INFO: distance 106.2 is not within range (55.0,85.0), continue
line 136 - INFO: Start processing 201904181446_CC02
line 180 - INFO: distance 85.4 is not within range (55.0,85.0), continue
line 136 - INFO: Start processing 201904220911_CC02
line 180 - INFO: distance 107.5 is not within range (55.0,85.0), continue
line 136 - INFO: Start processing 201904221449_CC02
line 180 - INFO: distance 94.7 is not within range (55.0,85.0), continue
line 136 - INFO: Start processing 201904230537_CC02
line 180 - INFO: distance 102.8 is not within range (55.0,85.0), continue
line 136 - INFO: Start processing 201904231420_CC02
line 180 - INFO: distance 48.7 is not within range (55.0,85.0), continue
line 136 - INFO: Start processing 201905030725_CC02
line 243 - INFO: snr not high enough, continue
line 136 - INFO: Start processing 201905062119_CC02
line 243 - INFO: snr not high enough, continue
line 136 - INFO: Start processing 201905121924_CC02
line 180 - INFO: distance 51.3 is not within range (55.0,85.0), continue
line 136 - INFO: Start processing 201905141258_CC02
line 136 - INFO: Start processing 201905190123_CC02
line 243 - INFO: snr not high enough, continue
line 136 - INFO: Start processing 201905191427_CC02
line 136 - INFO: Start processing 201905191456_CC02
line 243 - INFO: snr not high enough, continue
