PCApick.py:37: RuntimeWarning: invalid value encountered in divide
  meanC = np.diag(np.mean(C,0)/abs(np.mean(C,0)))
line 136 - INFO: Start processing 201805020632_CC07
line 180 - INFO: distance 27.3 is not within range (55.0,85.0), continue
line 136 - INFO: Start processing 201805042232_CC07
line 180 - INFO: distance 33.3 is not within range (55.0,85.0), continue
line 136 - INFO: Start processing 201805050619_CC07
line 180 - INFO: distance 104.1 is not within range (55.0,85.0), continue
line 136 - INFO: Start processing 201805090757_CC07
/home/lun/Desktop/software/anaconda2/lib/python2.7/site-packages/obspy/taup/tau_branch.py:496: UserWarning: Resizing a TauP array inplace failed due to the existence of other references to the array, creating a new array. See Obspy #2280.
  warnings.warn(msg)
line 136 - INFO: Start processing 201805091041_CC07
line 180 - INFO: distance 142.1 is not within range (55.0,85.0), continue
line 136 - INFO: Start processing 201805180145_CC07
line 180 - INFO: distance 50.5 is not within range (55.0,85.0), continue
line 136 - INFO: Start processing 201806212113_CC07
line 136 - INFO: Start processing 201807060140_CC07
line 136 - INFO: Start processing 201807072133_CC07
line 180 - INFO: distance 48.7 is not within range (55.0,85.0), continue
line 136 - INFO: Start processing 201807130946_CC07
line 136 - INFO: Start processing 201807151309_CC07
line 180 - INFO: distance 171.0 is not within range (55.0,85.0), continue
line 136 - INFO: Start processing 201807170702_CC07
line 136 - INFO: Start processing 201807191830_CC07
line 136 - INFO: Start processing 201807231035_CC07
line 180 - INFO: distance 113.6 is not within range (55.0,85.0), continue
line 136 - INFO: Start processing 201807281707_CC07
line 180 - INFO: distance 103.3 is not within range (55.0,85.0), continue
line 136 - INFO: Start processing 201807282247_CC07
line 180 - INFO: distance 109.2 is not within range (55.0,85.0), continue
line 136 - INFO: Start processing 201808051146_CC07
line 180 - INFO: distance 109.3 is not within range (55.0,85.0), continue
line 136 - INFO: Start processing 201808101812_CC07
line 136 - INFO: Start processing 201808121458_CC07
line 136 - INFO: Start processing 201808122115_CC07
line 136 - INFO: Start processing 201808140329_CC07
line 180 - INFO: distance 94.1 is not within range (55.0,85.0), continue
line 136 - INFO: Start processing 201808152156_CC07
line 136 - INFO: Start processing 201808161822_CC07
line 180 - INFO: distance 86.6 is not within range (55.0,85.0), continue
line 136 - INFO: Start processing 201808171535_CC07
line 180 - INFO: distance 106.1 is not within range (55.0,85.0), continue
line 136 - INFO: Start processing 201808190410_CC07
line 180 - INFO: distance 109.1 is not within range (55.0,85.0), continue
line 136 - INFO: Start processing 201808190428_CC07
line 180 - INFO: distance 45.3 is not within range (55.0,85.0), continue
line 136 - INFO: Start processing 201807150157_CC07
line 180 - INFO: distance 170.8 is not within range (55.0,85.0), continue
line 136 - INFO: Start processing 201808191456_CC07
line 180 - INFO: distance 109.1 is not within range (55.0,85.0), continue
line 136 - INFO: Start processing 201809162111_CC07
line 180 - INFO: distance 50.3 is not within range (55.0,85.0), continue
line 136 - INFO: Start processing 201810290654_CC07
line 136 - INFO: Start processing 201812241241_CC07
line 136 - INFO: Start processing 201902141957_CC07
line 180 - INFO: distance 99.2 is not within range (55.0,85.0), continue
line 136 - INFO: Start processing 201904062155_CC07
line 180 - INFO: distance 101.0 is not within range (55.0,85.0), continue
line 136 - INFO: Start processing 201808212131_CC07
line 136 - INFO: Start processing 201808212232_CC07
line 136 - INFO: Start processing 201808220931_CC07
line 180 - INFO: distance 49.7 is not within range (55.0,85.0), continue
line 136 - INFO: Start processing 201808230335_CC07
line 136 - INFO: Start processing 201808240904_CC07
line 136 - INFO: Start processing 201808251650_CC07
line 136 - INFO: Start processing 201808252213_CC07
line 180 - INFO: distance 151.7 is not within range (55.0,85.0), continue
line 136 - INFO: Start processing 201808280708_CC07
line 180 - INFO: distance 101.3 is not within range (55.0,85.0), continue
line 136 - INFO: Start processing 201808282235_CC07
line 136 - INFO: Start processing 201808290351_CC07
line 136 - INFO: Start processing 201809051807_CC07
line 180 - INFO: distance 90.5 is not within range (55.0,85.0), continue
line 136 - INFO: Start processing 201809061549_CC07
line 180 - INFO: distance 47.9 is not within range (55.0,85.0), continue
line 136 - INFO: Start processing 201809070212_CC07
line 180 - INFO: distance 54.2 is not within range (55.0,85.0), continue
line 136 - INFO: Start processing 201809080716_CC07
line 180 - INFO: distance 101.1 is not within range (55.0,85.0), continue
line 136 - INFO: Start processing 201809091931_CC07
line 136 - INFO: Start processing 201809101931_CC07
line 136 - INFO: Start processing 201809180727_CC07
line 180 - INFO: distance 136.2 is not within range (55.0,85.0), continue
line 136 - INFO: Start processing 201809280659_CC07
line 180 - INFO: distance 107.0 is not within range (55.0,85.0), continue
line 136 - INFO: Start processing 201809281002_CC07
line 180 - INFO: distance 107.0 is not within range (55.0,85.0), continue
line 136 - INFO: Start processing 201809301052_CC07
line 180 - INFO: distance 45.5 is not within range (55.0,85.0), continue
line 136 - INFO: Start processing 201810090745_CC07
line 136 - INFO: Start processing 201810101844_CC07
line 180 - INFO: distance 111.3 is not within range (55.0,85.0), continue
line 136 - INFO: Start processing 201810102045_CC07
line 136 - INFO: Start processing 201810102048_CC07
line 136 - INFO: Start processing 201810102200_CC07
line 136 - INFO: Start processing 201810131110_CC07
line 180 - INFO: distance 85.2 is not within range (55.0,85.0), continue
line 136 - INFO: Start processing 201810160103_CC07
line 136 - INFO: Start processing 201810220539_CC07
line 136 - INFO: Start processing 201810220616_CC07
line 136 - INFO: Start processing 201810220622_CC07
line 136 - INFO: Start processing 201810252254_CC07
line 180 - INFO: distance 140.6 is not within range (55.0,85.0), continue
line 136 - INFO: Start processing 201810282223_CC07
line 180 - INFO: distance 46.5 is not within range (55.0,85.0), continue
line 136 - INFO: Start processing 201810300213_CC07
line 136 - INFO: Start processing 201811012219_CC07
line 136 - INFO: Start processing 201811021101_CC07
line 180 - INFO: distance 88.0 is not within range (55.0,85.0), continue
line 136 - INFO: Start processing 201811250340_CC07
line 136 - INFO: Start processing 201811251637_CC07
line 180 - INFO: distance 151.9 is not within range (55.0,85.0), continue
line 136 - INFO: Start processing 201811301729_CC07
line 136 - INFO: Start processing 201812011327_CC07
line 180 - INFO: distance 97.3 is not within range (55.0,85.0), continue
line 136 - INFO: Start processing 201812050414_CC07
line 136 - INFO: Start processing 201812050418_CC07
line 136 - INFO: Start processing 201812050643_CC07
line 136 - INFO: Start processing 201812110226_CC07
line 180 - INFO: distance 93.4 is not within range (55.0,85.0), continue
line 136 - INFO: Start processing 201812121313_CC07
line 180 - INFO: distance 49.5 is not within range (55.0,85.0), continue
line 136 - INFO: Start processing 201812160942_CC07
line 180 - INFO: distance 86.3 is not within range (55.0,85.0), continue
line 136 - INFO: Start processing 201812190137_CC07
line 180 - INFO: distance 41.8 is not within range (55.0,85.0), continue
line 136 - INFO: Start processing 201812201701_CC07
line 136 - INFO: Start processing 201812221425_CC07
line 136 - INFO: Start processing 201812290339_CC07
line 180 - INFO: distance 100.6 is not within range (55.0,85.0), continue
line 136 - INFO: Start processing 201812310235_CC07
line 136 - INFO: Start processing 201901051925_CC07
line 136 - INFO: Start processing 201901061727_CC07
line 180 - INFO: distance 100.4 is not within range (55.0,85.0), continue
line 136 - INFO: Start processing 201901081239_CC07
line 180 - INFO: distance 98.2 is not within range (55.0,85.0), continue
line 136 - INFO: Start processing 201901151806_CC07
line 136 - INFO: Start processing 201901171506_CC07
line 136 - INFO: Start processing 201901181318_CC07
line 136 - INFO: Start processing 201901200132_CC07
line 136 - INFO: Start processing 201901220510_CC07
line 180 - INFO: distance 106.4 is not within range (55.0,85.0), continue
line 136 - INFO: Start processing 201901221901_CC07
line 180 - INFO: distance 130.8 is not within range (55.0,85.0), continue
line 136 - INFO: Start processing 201901260351_CC07
line 136 - INFO: Start processing 201901261956_CC07
line 180 - INFO: distance 46.8 is not within range (55.0,85.0), continue
line 136 - INFO: Start processing 201902011614_CC07
line 180 - INFO: distance 45.3 is not within range (55.0,85.0), continue
line 136 - INFO: Start processing 201902020927_CC07
line 180 - INFO: distance 126.2 is not within range (55.0,85.0), continue
line 136 - INFO: Start processing 201902121234_CC07
line 136 - INFO: Start processing 201902171435_CC07
line 136 - INFO: Start processing 201902221017_CC07
line 136 - INFO: Start processing 201903010850_CC07
line 136 - INFO: Start processing 201903061546_CC07
line 180 - INFO: distance 49.1 is not within range (55.0,85.0), continue
line 136 - INFO: Start processing 201903081506_CC07
line 180 - INFO: distance 101.8 is not within range (55.0,85.0), continue
line 136 - INFO: Start processing 201903100812_CC07
line 180 - INFO: distance 45.9 is not within range (55.0,85.0), continue
line 136 - INFO: Start processing 201903101248_CC07
line 136 - INFO: Start processing 201903150503_CC07
line 136 - INFO: Start processing 201903201523_CC07
line 136 - INFO: Start processing 201903231921_CC07
line 136 - INFO: Start processing 201903240437_CC07
line 180 - INFO: distance 100.7 is not within range (55.0,85.0), continue
line 136 - INFO: Start processing 201903282206_CC07
line 136 - INFO: Start processing 201903301120_CC07
line 136 - INFO: Start processing 201904011839_CC07
line 180 - INFO: distance 149.7 is not within range (55.0,85.0), continue
line 136 - INFO: Start processing 201904022135_CC07
line 136 - INFO: Start processing 201904051614_CC07
line 180 - INFO: distance 93.4 is not within range (55.0,85.0), continue
line 136 - INFO: Start processing 201904091753_CC07
line 180 - INFO: distance 93.9 is not within range (55.0,85.0), continue
line 136 - INFO: Start processing 201904110818_CC07
line 180 - INFO: distance 89.1 is not within range (55.0,85.0), continue
line 136 - INFO: Start processing 201904121140_CC07
line 180 - INFO: distance 104.1 is not within range (55.0,85.0), continue
line 136 - INFO: Start processing 201904121223_CC07
line 180 - INFO: distance 40.1 is not within range (55.0,85.0), continue
line 136 - INFO: Start processing 201904121451_CC07
line 136 - INFO: Start processing 201904180501_CC07
line 180 - INFO: distance 106.4 is not within range (55.0,85.0), continue
line 136 - INFO: Start processing 201904181446_CC07
line 136 - INFO: Start processing 201904220911_CC07
line 180 - INFO: distance 107.4 is not within range (55.0,85.0), continue
line 136 - INFO: Start processing 201904221449_CC07
line 180 - INFO: distance 93.5 is not within range (55.0,85.0), continue
line 136 - INFO: Start processing 201904230537_CC07
line 180 - INFO: distance 102.7 is not within range (55.0,85.0), continue
line 136 - INFO: Start processing 201904231420_CC07
line 180 - INFO: distance 47.5 is not within range (55.0,85.0), continue
line 136 - INFO: Start processing 201904291419_CC07
line 180 - INFO: distance 168.8 is not within range (55.0,85.0), continue
line 136 - INFO: Start processing 201905030725_CC07
line 136 - INFO: Start processing 201905062119_CC07
line 136 - INFO: Start processing 201905141258_CC07
line 136 - INFO: Start processing 201905190123_CC07
line 136 - INFO: Start processing 201905191427_CC07
line 136 - INFO: Start processing 201905191456_CC07
line 136 - INFO: Start processing 201805020632_CC07
line 180 - INFO: distance 27.3 is not within range (55.0,85.0), continue
line 136 - INFO: Start processing 201805042232_CC07
line 180 - INFO: distance 33.3 is not within range (55.0,85.0), continue
line 136 - INFO: Start processing 201805050619_CC07
line 180 - INFO: distance 104.1 is not within range (55.0,85.0), continue
line 136 - INFO: Start processing 201805090757_CC07
/home/lun/Desktop/software/anaconda2/lib/python2.7/site-packages/obspy/taup/tau_branch.py:496: UserWarning: Resizing a TauP array inplace failed due to the existence of other references to the array, creating a new array. See Obspy #2280.
  warnings.warn(msg)
line 136 - INFO: Start processing 201805091041_CC07
line 180 - INFO: distance 142.1 is not within range (55.0,85.0), continue
line 136 - INFO: Start processing 201805180145_CC07
line 180 - INFO: distance 50.5 is not within range (55.0,85.0), continue
line 136 - INFO: Start processing 201806212113_CC07
line 136 - INFO: Start processing 201807060140_CC07
line 136 - INFO: Start processing 201807072133_CC07
line 180 - INFO: distance 48.7 is not within range (55.0,85.0), continue
line 136 - INFO: Start processing 201807130946_CC07
line 136 - INFO: Start processing 201807151309_CC07
line 180 - INFO: distance 171.0 is not within range (55.0,85.0), continue
line 136 - INFO: Start processing 201807170702_CC07
line 136 - INFO: Start processing 201807191830_CC07
line 136 - INFO: Start processing 201807231035_CC07
line 180 - INFO: distance 113.6 is not within range (55.0,85.0), continue
line 136 - INFO: Start processing 201807281707_CC07
line 180 - INFO: distance 103.3 is not within range (55.0,85.0), continue
line 136 - INFO: Start processing 201807282247_CC07
line 180 - INFO: distance 109.2 is not within range (55.0,85.0), continue
line 136 - INFO: Start processing 201808051146_CC07
line 180 - INFO: distance 109.3 is not within range (55.0,85.0), continue
line 136 - INFO: Start processing 201808101812_CC07
line 136 - INFO: Start processing 201808121458_CC07
line 136 - INFO: Start processing 201808122115_CC07
line 136 - INFO: Start processing 201808140329_CC07
line 180 - INFO: distance 94.1 is not within range (55.0,85.0), continue
line 136 - INFO: Start processing 201808152156_CC07
line 136 - INFO: Start processing 201808161822_CC07
line 180 - INFO: distance 86.6 is not within range (55.0,85.0), continue
line 136 - INFO: Start processing 201808171535_CC07
line 180 - INFO: distance 106.1 is not within range (55.0,85.0), continue
line 136 - INFO: Start processing 201808190410_CC07
line 180 - INFO: distance 109.1 is not within range (55.0,85.0), continue
line 136 - INFO: Start processing 201808190428_CC07
line 180 - INFO: distance 45.3 is not within range (55.0,85.0), continue
line 136 - INFO: Start processing 201807150157_CC07
line 180 - INFO: distance 170.8 is not within range (55.0,85.0), continue
line 136 - INFO: Start processing 201808191456_CC07
line 180 - INFO: distance 109.1 is not within range (55.0,85.0), continue
line 136 - INFO: Start processing 201809162111_CC07
line 180 - INFO: distance 50.3 is not within range (55.0,85.0), continue
line 136 - INFO: Start processing 201810290654_CC07
line 136 - INFO: Start processing 201812241241_CC07
line 136 - INFO: Start processing 201902141957_CC07
line 180 - INFO: distance 99.2 is not within range (55.0,85.0), continue
line 136 - INFO: Start processing 201904062155_CC07
line 180 - INFO: distance 101.0 is not within range (55.0,85.0), continue
line 136 - INFO: Start processing 201808212131_CC07
line 136 - INFO: Start processing 201808212232_CC07
line 136 - INFO: Start processing 201808220931_CC07
line 180 - INFO: distance 49.7 is not within range (55.0,85.0), continue
line 136 - INFO: Start processing 201808230335_CC07
line 136 - INFO: Start processing 201808240904_CC07
line 136 - INFO: Start processing 201808251650_CC07
line 136 - INFO: Start processing 201808252213_CC07
line 180 - INFO: distance 151.7 is not within range (55.0,85.0), continue
line 136 - INFO: Start processing 201808280708_CC07
line 180 - INFO: distance 101.3 is not within range (55.0,85.0), continue
line 136 - INFO: Start processing 201808282235_CC07
line 136 - INFO: Start processing 201808290351_CC07
line 136 - INFO: Start processing 201809051807_CC07
line 180 - INFO: distance 90.5 is not within range (55.0,85.0), continue
line 136 - INFO: Start processing 201809061549_CC07
line 180 - INFO: distance 47.9 is not within range (55.0,85.0), continue
line 136 - INFO: Start processing 201809070212_CC07
line 180 - INFO: distance 54.2 is not within range (55.0,85.0), continue
line 136 - INFO: Start processing 201809080716_CC07
line 180 - INFO: distance 101.1 is not within range (55.0,85.0), continue
line 136 - INFO: Start processing 201809091931_CC07
line 136 - INFO: Start processing 201809101931_CC07
line 136 - INFO: Start processing 201809180727_CC07
line 180 - INFO: distance 136.2 is not within range (55.0,85.0), continue
line 136 - INFO: Start processing 201809280659_CC07
line 180 - INFO: distance 107.0 is not within range (55.0,85.0), continue
line 136 - INFO: Start processing 201809281002_CC07
line 180 - INFO: distance 107.0 is not within range (55.0,85.0), continue
line 136 - INFO: Start processing 201809301052_CC07
line 180 - INFO: distance 45.5 is not within range (55.0,85.0), continue
line 136 - INFO: Start processing 201810090745_CC07
line 136 - INFO: Start processing 201810101844_CC07
line 180 - INFO: distance 111.3 is not within range (55.0,85.0), continue
line 136 - INFO: Start processing 201810102045_CC07
line 136 - INFO: Start processing 201810102048_CC07
line 136 - INFO: Start processing 201810102200_CC07
line 136 - INFO: Start processing 201810131110_CC07
line 180 - INFO: distance 85.2 is not within range (55.0,85.0), continue
line 136 - INFO: Start processing 201810160103_CC07
line 136 - INFO: Start processing 201810220539_CC07
line 136 - INFO: Start processing 201810220616_CC07
line 136 - INFO: Start processing 201810220622_CC07
line 136 - INFO: Start processing 201810252254_CC07
line 180 - INFO: distance 140.6 is not within range (55.0,85.0), continue
line 136 - INFO: Start processing 201810282223_CC07
line 180 - INFO: distance 46.5 is not within range (55.0,85.0), continue
line 136 - INFO: Start processing 201810300213_CC07
line 136 - INFO: Start processing 201811012219_CC07
line 136 - INFO: Start processing 201811021101_CC07
line 180 - INFO: distance 88.0 is not within range (55.0,85.0), continue
line 136 - INFO: Start processing 201811250340_CC07
line 136 - INFO: Start processing 201811251637_CC07
line 180 - INFO: distance 151.9 is not within range (55.0,85.0), continue
line 136 - INFO: Start processing 201811301729_CC07
line 136 - INFO: Start processing 201812011327_CC07
line 180 - INFO: distance 97.3 is not within range (55.0,85.0), continue
line 136 - INFO: Start processing 201812050414_CC07
line 136 - INFO: Start processing 201812050418_CC07
line 136 - INFO: Start processing 201812050643_CC07
line 136 - INFO: Start processing 201812110226_CC07
line 180 - INFO: distance 93.4 is not within range (55.0,85.0), continue
line 136 - INFO: Start processing 201812121313_CC07
line 180 - INFO: distance 49.5 is not within range (55.0,85.0), continue
line 136 - INFO: Start processing 201812160942_CC07
line 180 - INFO: distance 86.3 is not within range (55.0,85.0), continue
line 136 - INFO: Start processing 201812190137_CC07
line 180 - INFO: distance 41.8 is not within range (55.0,85.0), continue
line 136 - INFO: Start processing 201812201701_CC07
line 136 - INFO: Start processing 201812221425_CC07
line 136 - INFO: Start processing 201812290339_CC07
line 180 - INFO: distance 100.6 is not within range (55.0,85.0), continue
line 136 - INFO: Start processing 201812310235_CC07
line 136 - INFO: Start processing 201901051925_CC07
line 136 - INFO: Start processing 201901061727_CC07
line 180 - INFO: distance 100.4 is not within range (55.0,85.0), continue
line 136 - INFO: Start processing 201901081239_CC07
line 180 - INFO: distance 98.2 is not within range (55.0,85.0), continue
line 136 - INFO: Start processing 201901151806_CC07
line 136 - INFO: Start processing 201901171506_CC07
line 136 - INFO: Start processing 201901181318_CC07
line 136 - INFO: Start processing 201901200132_CC07
line 136 - INFO: Start processing 201901220510_CC07
line 180 - INFO: distance 106.4 is not within range (55.0,85.0), continue
line 136 - INFO: Start processing 201901221901_CC07
line 180 - INFO: distance 130.8 is not within range (55.0,85.0), continue
line 136 - INFO: Start processing 201901260351_CC07
line 136 - INFO: Start processing 201901261956_CC07
line 180 - INFO: distance 46.8 is not within range (55.0,85.0), continue
line 136 - INFO: Start processing 201902011614_CC07
line 180 - INFO: distance 45.3 is not within range (55.0,85.0), continue
line 136 - INFO: Start processing 201902020927_CC07
line 180 - INFO: distance 126.2 is not within range (55.0,85.0), continue
line 136 - INFO: Start processing 201902121234_CC07
line 136 - INFO: Start processing 201902171435_CC07
line 136 - INFO: Start processing 201902221017_CC07
line 136 - INFO: Start processing 201903010850_CC07
line 136 - INFO: Start processing 201903061546_CC07
line 180 - INFO: distance 49.1 is not within range (55.0,85.0), continue
line 136 - INFO: Start processing 201903081506_CC07
line 180 - INFO: distance 101.8 is not within range (55.0,85.0), continue
line 136 - INFO: Start processing 201903100812_CC07
line 180 - INFO: distance 45.9 is not within range (55.0,85.0), continue
line 136 - INFO: Start processing 201903101248_CC07
line 136 - INFO: Start processing 201903150503_CC07
line 136 - INFO: Start processing 201903201523_CC07
line 136 - INFO: Start processing 201903231921_CC07
line 136 - INFO: Start processing 201903240437_CC07
line 180 - INFO: distance 100.7 is not within range (55.0,85.0), continue
line 136 - INFO: Start processing 201903282206_CC07
line 136 - INFO: Start processing 201903301120_CC07
line 136 - INFO: Start processing 201904011839_CC07
line 180 - INFO: distance 149.7 is not within range (55.0,85.0), continue
line 136 - INFO: Start processing 201904022135_CC07
line 136 - INFO: Start processing 201904051614_CC07
line 180 - INFO: distance 93.4 is not within range (55.0,85.0), continue
line 136 - INFO: Start processing 201904091753_CC07
line 180 - INFO: distance 93.9 is not within range (55.0,85.0), continue
line 136 - INFO: Start processing 201904110818_CC07
line 180 - INFO: distance 89.1 is not within range (55.0,85.0), continue
line 136 - INFO: Start processing 201904121140_CC07
line 180 - INFO: distance 104.1 is not within range (55.0,85.0), continue
line 136 - INFO: Start processing 201904121223_CC07
line 180 - INFO: distance 40.1 is not within range (55.0,85.0), continue
line 136 - INFO: Start processing 201904121451_CC07
line 136 - INFO: Start processing 201904180501_CC07
line 180 - INFO: distance 106.4 is not within range (55.0,85.0), continue
line 136 - INFO: Start processing 201904181446_CC07
line 136 - INFO: Start processing 201904220911_CC07
line 180 - INFO: distance 107.4 is not within range (55.0,85.0), continue
line 136 - INFO: Start processing 201904221449_CC07
line 180 - INFO: distance 93.5 is not within range (55.0,85.0), continue
line 136 - INFO: Start processing 201904230537_CC07
line 180 - INFO: distance 102.7 is not within range (55.0,85.0), continue
line 136 - INFO: Start processing 201904231420_CC07
line 180 - INFO: distance 47.5 is not within range (55.0,85.0), continue
line 136 - INFO: Start processing 201904291419_CC07
line 180 - INFO: distance 168.8 is not within range (55.0,85.0), continue
line 136 - INFO: Start processing 201905030725_CC07
line 136 - INFO: Start processing 201905062119_CC07
line 136 - INFO: Start processing 201905141258_CC07
line 136 - INFO: Start processing 201905190123_CC07
line 136 - INFO: Start processing 201905191427_CC07
line 136 - INFO: Start processing 201905191456_CC07
line 136 - INFO: Start processing 201805020632_CC07
line 180 - INFO: distance 27.3 is not within range (55.0,85.0), continue
line 136 - INFO: Start processing 201805042232_CC07
line 180 - INFO: distance 33.3 is not within range (55.0,85.0), continue
line 136 - INFO: Start processing 201805050619_CC07
line 180 - INFO: distance 104.1 is not within range (55.0,85.0), continue
line 136 - INFO: Start processing 201805090757_CC07
/home/lun/Desktop/software/anaconda2/lib/python2.7/site-packages/obspy/taup/tau_branch.py:496: UserWarning: Resizing a TauP array inplace failed due to the existence of other references to the array, creating a new array. See Obspy #2280.
  warnings.warn(msg)
line 136 - INFO: Start processing 201805091041_CC07
line 180 - INFO: distance 142.1 is not within range (55.0,85.0), continue
line 136 - INFO: Start processing 201805180145_CC07
line 180 - INFO: distance 50.5 is not within range (55.0,85.0), continue
line 136 - INFO: Start processing 201806212113_CC07
line 136 - INFO: Start processing 201807060140_CC07
line 136 - INFO: Start processing 201807072133_CC07
line 180 - INFO: distance 48.7 is not within range (55.0,85.0), continue
line 136 - INFO: Start processing 201807130946_CC07
line 136 - INFO: Start processing 201807151309_CC07
line 180 - INFO: distance 171.0 is not within range (55.0,85.0), continue
line 136 - INFO: Start processing 201807170702_CC07
line 136 - INFO: Start processing 201807191830_CC07
line 136 - INFO: Start processing 201807231035_CC07
line 180 - INFO: distance 113.6 is not within range (55.0,85.0), continue
line 136 - INFO: Start processing 201807281707_CC07
line 180 - INFO: distance 103.3 is not within range (55.0,85.0), continue
line 136 - INFO: Start processing 201807282247_CC07
line 180 - INFO: distance 109.2 is not within range (55.0,85.0), continue
line 136 - INFO: Start processing 201808051146_CC07
line 180 - INFO: distance 109.3 is not within range (55.0,85.0), continue
line 136 - INFO: Start processing 201808101812_CC07
line 136 - INFO: Start processing 201808121458_CC07
line 136 - INFO: Start processing 201808122115_CC07
line 136 - INFO: Start processing 201808140329_CC07
line 180 - INFO: distance 94.1 is not within range (55.0,85.0), continue
line 136 - INFO: Start processing 201808152156_CC07
line 136 - INFO: Start processing 201808161822_CC07
line 180 - INFO: distance 86.6 is not within range (55.0,85.0), continue
line 136 - INFO: Start processing 201808171535_CC07
line 180 - INFO: distance 106.1 is not within range (55.0,85.0), continue
line 136 - INFO: Start processing 201808190410_CC07
line 180 - INFO: distance 109.1 is not within range (55.0,85.0), continue
line 136 - INFO: Start processing 201808190428_CC07
line 180 - INFO: distance 45.3 is not within range (55.0,85.0), continue
line 136 - INFO: Start processing 201807150157_CC07
line 180 - INFO: distance 170.8 is not within range (55.0,85.0), continue
line 136 - INFO: Start processing 201808191456_CC07
line 180 - INFO: distance 109.1 is not within range (55.0,85.0), continue
line 136 - INFO: Start processing 201809162111_CC07
line 180 - INFO: distance 50.3 is not within range (55.0,85.0), continue
line 136 - INFO: Start processing 201810290654_CC07
line 136 - INFO: Start processing 201812241241_CC07
line 136 - INFO: Start processing 201902141957_CC07
line 180 - INFO: distance 99.2 is not within range (55.0,85.0), continue
line 136 - INFO: Start processing 201904062155_CC07
line 180 - INFO: distance 101.0 is not within range (55.0,85.0), continue
line 136 - INFO: Start processing 201808212131_CC07
line 136 - INFO: Start processing 201808212232_CC07
line 136 - INFO: Start processing 201808220931_CC07
line 180 - INFO: distance 49.7 is not within range (55.0,85.0), continue
line 136 - INFO: Start processing 201808230335_CC07
line 136 - INFO: Start processing 201808240904_CC07
line 136 - INFO: Start processing 201808251650_CC07
line 136 - INFO: Start processing 201808252213_CC07
line 180 - INFO: distance 151.7 is not within range (55.0,85.0), continue
line 136 - INFO: Start processing 201808280708_CC07
line 180 - INFO: distance 101.3 is not within range (55.0,85.0), continue
line 136 - INFO: Start processing 201808282235_CC07
line 136 - INFO: Start processing 201808290351_CC07
line 136 - INFO: Start processing 201809051807_CC07
line 180 - INFO: distance 90.5 is not within range (55.0,85.0), continue
line 136 - INFO: Start processing 201809061549_CC07
line 180 - INFO: distance 47.9 is not within range (55.0,85.0), continue
line 136 - INFO: Start processing 201809070212_CC07
line 180 - INFO: distance 54.2 is not within range (55.0,85.0), continue
line 136 - INFO: Start processing 201809080716_CC07
line 180 - INFO: distance 101.1 is not within range (55.0,85.0), continue
line 136 - INFO: Start processing 201809091931_CC07
line 136 - INFO: Start processing 201809101931_CC07
line 136 - INFO: Start processing 201809180727_CC07
line 180 - INFO: distance 136.2 is not within range (55.0,85.0), continue
line 136 - INFO: Start processing 201809280659_CC07
line 180 - INFO: distance 107.0 is not within range (55.0,85.0), continue
line 136 - INFO: Start processing 201809281002_CC07
line 180 - INFO: distance 107.0 is not within range (55.0,85.0), continue
line 136 - INFO: Start processing 201809301052_CC07
line 180 - INFO: distance 45.5 is not within range (55.0,85.0), continue
line 136 - INFO: Start processing 201810090745_CC07
line 136 - INFO: Start processing 201810101844_CC07
line 180 - INFO: distance 111.3 is not within range (55.0,85.0), continue
line 136 - INFO: Start processing 201810102045_CC07
line 136 - INFO: Start processing 201810102048_CC07
line 136 - INFO: Start processing 201810102200_CC07
line 136 - INFO: Start processing 201810131110_CC07
line 180 - INFO: distance 85.2 is not within range (55.0,85.0), continue
line 136 - INFO: Start processing 201810160103_CC07
line 136 - INFO: Start processing 201810220539_CC07
line 136 - INFO: Start processing 201810220616_CC07
line 136 - INFO: Start processing 201810220622_CC07
line 136 - INFO: Start processing 201810252254_CC07
line 180 - INFO: distance 140.6 is not within range (55.0,85.0), continue
line 136 - INFO: Start processing 201810282223_CC07
line 180 - INFO: distance 46.5 is not within range (55.0,85.0), continue
line 136 - INFO: Start processing 201810300213_CC07
line 136 - INFO: Start processing 201811012219_CC07
line 136 - INFO: Start processing 201811021101_CC07
line 180 - INFO: distance 88.0 is not within range (55.0,85.0), continue
line 136 - INFO: Start processing 201811250340_CC07
line 136 - INFO: Start processing 201811251637_CC07
line 180 - INFO: distance 151.9 is not within range (55.0,85.0), continue
line 136 - INFO: Start processing 201811301729_CC07
line 136 - INFO: Start processing 201812011327_CC07
line 180 - INFO: distance 97.3 is not within range (55.0,85.0), continue
line 136 - INFO: Start processing 201812050414_CC07
line 136 - INFO: Start processing 201812050418_CC07
line 136 - INFO: Start processing 201812050643_CC07
line 136 - INFO: Start processing 201812110226_CC07
line 180 - INFO: distance 93.4 is not within range (55.0,85.0), continue
line 136 - INFO: Start processing 201812121313_CC07
line 180 - INFO: distance 49.5 is not within range (55.0,85.0), continue
line 136 - INFO: Start processing 201812160942_CC07
line 180 - INFO: distance 86.3 is not within range (55.0,85.0), continue
line 136 - INFO: Start processing 201812190137_CC07
line 180 - INFO: distance 41.8 is not within range (55.0,85.0), continue
line 136 - INFO: Start processing 201812201701_CC07
line 136 - INFO: Start processing 201812221425_CC07
line 136 - INFO: Start processing 201812290339_CC07
line 180 - INFO: distance 100.6 is not within range (55.0,85.0), continue
line 136 - INFO: Start processing 201812310235_CC07
line 136 - INFO: Start processing 201901051925_CC07
line 136 - INFO: Start processing 201901061727_CC07
line 180 - INFO: distance 100.4 is not within range (55.0,85.0), continue
line 136 - INFO: Start processing 201901081239_CC07
line 180 - INFO: distance 98.2 is not within range (55.0,85.0), continue
line 136 - INFO: Start processing 201901151806_CC07
line 136 - INFO: Start processing 201901171506_CC07
line 136 - INFO: Start processing 201901181318_CC07
line 136 - INFO: Start processing 201901200132_CC07
line 136 - INFO: Start processing 201901220510_CC07
line 180 - INFO: distance 106.4 is not within range (55.0,85.0), continue
line 136 - INFO: Start processing 201901221901_CC07
line 180 - INFO: distance 130.8 is not within range (55.0,85.0), continue
line 136 - INFO: Start processing 201901260351_CC07
line 136 - INFO: Start processing 201901261956_CC07
line 180 - INFO: distance 46.8 is not within range (55.0,85.0), continue
line 136 - INFO: Start processing 201902011614_CC07
line 180 - INFO: distance 45.3 is not within range (55.0,85.0), continue
line 136 - INFO: Start processing 201902020927_CC07
line 180 - INFO: distance 126.2 is not within range (55.0,85.0), continue
line 136 - INFO: Start processing 201902121234_CC07
line 136 - INFO: Start processing 201902171435_CC07
line 136 - INFO: Start processing 201902221017_CC07
line 136 - INFO: Start processing 201903010850_CC07
line 136 - INFO: Start processing 201903061546_CC07
line 180 - INFO: distance 49.1 is not within range (55.0,85.0), continue
line 136 - INFO: Start processing 201903081506_CC07
line 180 - INFO: distance 101.8 is not within range (55.0,85.0), continue
line 136 - INFO: Start processing 201903100812_CC07
line 180 - INFO: distance 45.9 is not within range (55.0,85.0), continue
line 136 - INFO: Start processing 201903101248_CC07
line 136 - INFO: Start processing 201903150503_CC07
line 136 - INFO: Start processing 201903201523_CC07
line 136 - INFO: Start processing 201903231921_CC07
line 136 - INFO: Start processing 201903240437_CC07
line 180 - INFO: distance 100.7 is not within range (55.0,85.0), continue
line 136 - INFO: Start processing 201903282206_CC07
line 136 - INFO: Start processing 201903301120_CC07
line 136 - INFO: Start processing 201904011839_CC07
line 180 - INFO: distance 149.7 is not within range (55.0,85.0), continue
line 136 - INFO: Start processing 201904022135_CC07
line 136 - INFO: Start processing 201904051614_CC07
line 180 - INFO: distance 93.4 is not within range (55.0,85.0), continue
line 136 - INFO: Start processing 201904091753_CC07
line 180 - INFO: distance 93.9 is not within range (55.0,85.0), continue
line 136 - INFO: Start processing 201904110818_CC07
line 180 - INFO: distance 89.1 is not within range (55.0,85.0), continue
line 136 - INFO: Start processing 201904121140_CC07
line 180 - INFO: distance 104.1 is not within range (55.0,85.0), continue
line 136 - INFO: Start processing 201904121223_CC07
line 180 - INFO: distance 40.1 is not within range (55.0,85.0), continue
line 136 - INFO: Start processing 201904121451_CC07
line 136 - INFO: Start processing 201904180501_CC07
line 180 - INFO: distance 106.4 is not within range (55.0,85.0), continue
line 136 - INFO: Start processing 201904181446_CC07
line 136 - INFO: Start processing 201904220911_CC07
line 180 - INFO: distance 107.4 is not within range (55.0,85.0), continue
line 136 - INFO: Start processing 201904221449_CC07
line 180 - INFO: distance 93.5 is not within range (55.0,85.0), continue
line 136 - INFO: Start processing 201904230537_CC07
line 180 - INFO: distance 102.7 is not within range (55.0,85.0), continue
line 136 - INFO: Start processing 201904231420_CC07
line 180 - INFO: distance 47.5 is not within range (55.0,85.0), continue
line 136 - INFO: Start processing 201904291419_CC07
line 180 - INFO: distance 168.8 is not within range (55.0,85.0), continue
line 136 - INFO: Start processing 201905030725_CC07
line 136 - INFO: Start processing 201905062119_CC07
line 136 - INFO: Start processing 201905141258_CC07
line 136 - INFO: Start processing 201905190123_CC07
line 136 - INFO: Start processing 201905191427_CC07
line 136 - INFO: Start processing 201905191456_CC07
line 136 - INFO: Start processing 201805020632_CC07
line 180 - INFO: distance 27.3 is not within range (55.0,85.0), continue
line 136 - INFO: Start processing 201805042232_CC07
line 180 - INFO: distance 33.3 is not within range (55.0,85.0), continue
line 136 - INFO: Start processing 201805050619_CC07
line 180 - INFO: distance 104.1 is not within range (55.0,85.0), continue
line 136 - INFO: Start processing 201805090757_CC07
/home/lun/Desktop/software/anaconda2/lib/python2.7/site-packages/obspy/taup/tau_branch.py:496: UserWarning: Resizing a TauP array inplace failed due to the existence of other references to the array, creating a new array. See Obspy #2280.
  warnings.warn(msg)
line 136 - INFO: Start processing 201805091041_CC07
line 180 - INFO: distance 142.1 is not within range (55.0,85.0), continue
line 136 - INFO: Start processing 201805180145_CC07
line 180 - INFO: distance 50.5 is not within range (55.0,85.0), continue
line 136 - INFO: Start processing 201806212113_CC07
line 136 - INFO: Start processing 201807060140_CC07
line 136 - INFO: Start processing 201807072133_CC07
line 180 - INFO: distance 48.7 is not within range (55.0,85.0), continue
line 136 - INFO: Start processing 201807130946_CC07
line 136 - INFO: Start processing 201807151309_CC07
line 180 - INFO: distance 171.0 is not within range (55.0,85.0), continue
line 136 - INFO: Start processing 201807170702_CC07
line 136 - INFO: Start processing 201807191830_CC07
line 136 - INFO: Start processing 201807231035_CC07
line 180 - INFO: distance 113.6 is not within range (55.0,85.0), continue
line 136 - INFO: Start processing 201807281707_CC07
line 180 - INFO: distance 103.3 is not within range (55.0,85.0), continue
line 136 - INFO: Start processing 201807282247_CC07
line 180 - INFO: distance 109.2 is not within range (55.0,85.0), continue
line 136 - INFO: Start processing 201808051146_CC07
line 180 - INFO: distance 109.3 is not within range (55.0,85.0), continue
line 136 - INFO: Start processing 201808101812_CC07
line 136 - INFO: Start processing 201808121458_CC07
line 136 - INFO: Start processing 201808122115_CC07
line 136 - INFO: Start processing 201808140329_CC07
line 180 - INFO: distance 94.1 is not within range (55.0,85.0), continue
line 136 - INFO: Start processing 201808152156_CC07
line 136 - INFO: Start processing 201808161822_CC07
line 180 - INFO: distance 86.6 is not within range (55.0,85.0), continue
line 136 - INFO: Start processing 201808171535_CC07
line 180 - INFO: distance 106.1 is not within range (55.0,85.0), continue
line 136 - INFO: Start processing 201808190410_CC07
line 180 - INFO: distance 109.1 is not within range (55.0,85.0), continue
line 136 - INFO: Start processing 201808190428_CC07
line 180 - INFO: distance 45.3 is not within range (55.0,85.0), continue
line 136 - INFO: Start processing 201807150157_CC07
line 180 - INFO: distance 170.8 is not within range (55.0,85.0), continue
line 136 - INFO: Start processing 201808191456_CC07
line 180 - INFO: distance 109.1 is not within range (55.0,85.0), continue
line 136 - INFO: Start processing 201809162111_CC07
line 180 - INFO: distance 50.3 is not within range (55.0,85.0), continue
line 136 - INFO: Start processing 201810290654_CC07
line 136 - INFO: Start processing 201812241241_CC07
line 136 - INFO: Start processing 201902141957_CC07
line 180 - INFO: distance 99.2 is not within range (55.0,85.0), continue
line 136 - INFO: Start processing 201904062155_CC07
line 180 - INFO: distance 101.0 is not within range (55.0,85.0), continue
line 136 - INFO: Start processing 201808212131_CC07
line 136 - INFO: Start processing 201808212232_CC07
line 136 - INFO: Start processing 201808220931_CC07
line 180 - INFO: distance 49.7 is not within range (55.0,85.0), continue
line 136 - INFO: Start processing 201808230335_CC07
line 136 - INFO: Start processing 201808240904_CC07
line 136 - INFO: Start processing 201808251650_CC07
line 136 - INFO: Start processing 201808252213_CC07
line 180 - INFO: distance 151.7 is not within range (55.0,85.0), continue
line 136 - INFO: Start processing 201808280708_CC07
line 180 - INFO: distance 101.3 is not within range (55.0,85.0), continue
line 136 - INFO: Start processing 201808282235_CC07
line 136 - INFO: Start processing 201808290351_CC07
line 136 - INFO: Start processing 201809051807_CC07
line 180 - INFO: distance 90.5 is not within range (55.0,85.0), continue
line 136 - INFO: Start processing 201809061549_CC07
line 180 - INFO: distance 47.9 is not within range (55.0,85.0), continue
line 136 - INFO: Start processing 201809070212_CC07
line 180 - INFO: distance 54.2 is not within range (55.0,85.0), continue
line 136 - INFO: Start processing 201809080716_CC07
line 180 - INFO: distance 101.1 is not within range (55.0,85.0), continue
line 136 - INFO: Start processing 201809091931_CC07
line 136 - INFO: Start processing 201809101931_CC07
line 136 - INFO: Start processing 201809180727_CC07
line 180 - INFO: distance 136.2 is not within range (55.0,85.0), continue
line 136 - INFO: Start processing 201809280659_CC07
line 180 - INFO: distance 107.0 is not within range (55.0,85.0), continue
line 136 - INFO: Start processing 201809281002_CC07
line 180 - INFO: distance 107.0 is not within range (55.0,85.0), continue
line 136 - INFO: Start processing 201809301052_CC07
line 180 - INFO: distance 45.5 is not within range (55.0,85.0), continue
line 136 - INFO: Start processing 201810090745_CC07
line 136 - INFO: Start processing 201810101844_CC07
line 180 - INFO: distance 111.3 is not within range (55.0,85.0), continue
line 136 - INFO: Start processing 201810102045_CC07
line 136 - INFO: Start processing 201810102048_CC07
line 136 - INFO: Start processing 201810102200_CC07
line 136 - INFO: Start processing 201810131110_CC07
line 180 - INFO: distance 85.2 is not within range (55.0,85.0), continue
line 136 - INFO: Start processing 201810160103_CC07
line 136 - INFO: Start processing 201810220539_CC07
line 136 - INFO: Start processing 201810220616_CC07
line 136 - INFO: Start processing 201810220622_CC07
line 136 - INFO: Start processing 201810252254_CC07
line 180 - INFO: distance 140.6 is not within range (55.0,85.0), continue
line 136 - INFO: Start processing 201810282223_CC07
line 180 - INFO: distance 46.5 is not within range (55.0,85.0), continue
line 136 - INFO: Start processing 201810300213_CC07
line 136 - INFO: Start processing 201811012219_CC07
line 136 - INFO: Start processing 201811021101_CC07
line 180 - INFO: distance 88.0 is not within range (55.0,85.0), continue
line 136 - INFO: Start processing 201811250340_CC07
line 136 - INFO: Start processing 201811251637_CC07
line 180 - INFO: distance 151.9 is not within range (55.0,85.0), continue
line 136 - INFO: Start processing 201811301729_CC07
line 136 - INFO: Start processing 201812011327_CC07
line 180 - INFO: distance 97.3 is not within range (55.0,85.0), continue
line 136 - INFO: Start processing 201812050414_CC07
line 136 - INFO: Start processing 201812050418_CC07
line 136 - INFO: Start processing 201812050643_CC07
line 136 - INFO: Start processing 201812110226_CC07
line 180 - INFO: distance 93.4 is not within range (55.0,85.0), continue
line 136 - INFO: Start processing 201812121313_CC07
line 180 - INFO: distance 49.5 is not within range (55.0,85.0), continue
line 136 - INFO: Start processing 201812160942_CC07
line 180 - INFO: distance 86.3 is not within range (55.0,85.0), continue
line 136 - INFO: Start processing 201812190137_CC07
line 180 - INFO: distance 41.8 is not within range (55.0,85.0), continue
line 136 - INFO: Start processing 201812201701_CC07
line 136 - INFO: Start processing 201812221425_CC07
line 136 - INFO: Start processing 201812290339_CC07
line 180 - INFO: distance 100.6 is not within range (55.0,85.0), continue
line 136 - INFO: Start processing 201812310235_CC07
line 136 - INFO: Start processing 201901051925_CC07
line 136 - INFO: Start processing 201901061727_CC07
line 180 - INFO: distance 100.4 is not within range (55.0,85.0), continue
line 136 - INFO: Start processing 201901081239_CC07
line 180 - INFO: distance 98.2 is not within range (55.0,85.0), continue
line 136 - INFO: Start processing 201901151806_CC07
line 136 - INFO: Start processing 201901171506_CC07
line 136 - INFO: Start processing 201901181318_CC07
line 136 - INFO: Start processing 201901200132_CC07
line 136 - INFO: Start processing 201901220510_CC07
line 180 - INFO: distance 106.4 is not within range (55.0,85.0), continue
line 136 - INFO: Start processing 201901221901_CC07
line 180 - INFO: distance 130.8 is not within range (55.0,85.0), continue
line 136 - INFO: Start processing 201901260351_CC07
line 136 - INFO: Start processing 201901261956_CC07
line 180 - INFO: distance 46.8 is not within range (55.0,85.0), continue
line 136 - INFO: Start processing 201902011614_CC07
line 180 - INFO: distance 45.3 is not within range (55.0,85.0), continue
line 136 - INFO: Start processing 201902020927_CC07
line 180 - INFO: distance 126.2 is not within range (55.0,85.0), continue
line 136 - INFO: Start processing 201902121234_CC07
line 136 - INFO: Start processing 201902171435_CC07
line 136 - INFO: Start processing 201902221017_CC07
line 136 - INFO: Start processing 201903010850_CC07
line 136 - INFO: Start processing 201903061546_CC07
line 180 - INFO: distance 49.1 is not within range (55.0,85.0), continue
line 136 - INFO: Start processing 201903081506_CC07
line 180 - INFO: distance 101.8 is not within range (55.0,85.0), continue
line 136 - INFO: Start processing 201903100812_CC07
line 180 - INFO: distance 45.9 is not within range (55.0,85.0), continue
line 136 - INFO: Start processing 201903101248_CC07
line 136 - INFO: Start processing 201903150503_CC07
line 136 - INFO: Start processing 201903201523_CC07
line 136 - INFO: Start processing 201903231921_CC07
line 136 - INFO: Start processing 201903240437_CC07
line 180 - INFO: distance 100.7 is not within range (55.0,85.0), continue
line 136 - INFO: Start processing 201903282206_CC07
line 136 - INFO: Start processing 201903301120_CC07
line 136 - INFO: Start processing 201904011839_CC07
line 180 - INFO: distance 149.7 is not within range (55.0,85.0), continue
line 136 - INFO: Start processing 201904022135_CC07
line 136 - INFO: Start processing 201904051614_CC07
line 180 - INFO: distance 93.4 is not within range (55.0,85.0), continue
line 136 - INFO: Start processing 201904091753_CC07
line 180 - INFO: distance 93.9 is not within range (55.0,85.0), continue
line 136 - INFO: Start processing 201904110818_CC07
line 180 - INFO: distance 89.1 is not within range (55.0,85.0), continue
line 136 - INFO: Start processing 201904121140_CC07
line 180 - INFO: distance 104.1 is not within range (55.0,85.0), continue
line 136 - INFO: Start processing 201904121223_CC07
line 180 - INFO: distance 40.1 is not within range (55.0,85.0), continue
line 136 - INFO: Start processing 201904121451_CC07
line 136 - INFO: Start processing 201904180501_CC07
line 180 - INFO: distance 106.4 is not within range (55.0,85.0), continue
line 136 - INFO: Start processing 201904181446_CC07
line 136 - INFO: Start processing 201904220911_CC07
line 180 - INFO: distance 107.4 is not within range (55.0,85.0), continue
line 136 - INFO: Start processing 201904221449_CC07
line 180 - INFO: distance 93.5 is not within range (55.0,85.0), continue
line 136 - INFO: Start processing 201904230537_CC07
line 180 - INFO: distance 102.7 is not within range (55.0,85.0), continue
line 136 - INFO: Start processing 201904231420_CC07
line 180 - INFO: distance 47.5 is not within range (55.0,85.0), continue
line 136 - INFO: Start processing 201904291419_CC07
line 180 - INFO: distance 168.8 is not within range (55.0,85.0), continue
line 136 - INFO: Start processing 201905030725_CC07
line 136 - INFO: Start processing 201905062119_CC07
line 136 - INFO: Start processing 201905141258_CC07
line 136 - INFO: Start processing 201905190123_CC07
line 136 - INFO: Start processing 201905191427_CC07
line 136 - INFO: Start processing 201905191456_CC07
Traceback (most recent call last):
  File "RFcal.py", line 58, in <module>
    event_path = config.get('path','event_path')
  File "/home/lun/Desktop/software/anaconda2/lib/python2.7/site-packages/backports/configparser/__init__.py", line 858, in get
    d = self._unify_values(section, vars)
  File "/home/lun/Desktop/software/anaconda2/lib/python2.7/site-packages/backports/configparser/__init__.py", line 1228, in _unify_values
    raise NoSectionError(section)
backports.configparser.NoSectionError: No section: 'path'
Traceback (most recent call last):
  File "RFcal.py", line 58, in <module>
    event_path = config.get('path','event_path')
  File "/home/lun/Desktop/software/anaconda2/lib/python2.7/site-packages/backports/configparser/__init__.py", line 858, in get
    d = self._unify_values(section, vars)
  File "/home/lun/Desktop/software/anaconda2/lib/python2.7/site-packages/backports/configparser/__init__.py", line 1228, in _unify_values
    raise NoSectionError(section)
backports.configparser.NoSectionError: No section: 'path'
Traceback (most recent call last):
  File "RFcal.py", line 58, in <module>
    event_path = config.get('path','event_path')
  File "/home/lun/Desktop/software/anaconda2/lib/python2.7/site-packages/backports/configparser/__init__.py", line 858, in get
    d = self._unify_values(section, vars)
  File "/home/lun/Desktop/software/anaconda2/lib/python2.7/site-packages/backports/configparser/__init__.py", line 1228, in _unify_values
    raise NoSectionError(section)
backports.configparser.NoSectionError: No section: 'path'
line 136 - INFO: Start processing 201805020632_CC07
line 180 - INFO: distance 27.3 is not within range (55.0,85.0), continue
line 136 - INFO: Start processing 201805042232_CC07
line 180 - INFO: distance 33.3 is not within range (55.0,85.0), continue
line 136 - INFO: Start processing 201805050619_CC07
line 180 - INFO: distance 104.1 is not within range (55.0,85.0), continue
line 136 - INFO: Start processing 201805090757_CC07
/home/lun/Desktop/software/anaconda2/lib/python2.7/site-packages/obspy/taup/tau_branch.py:496: UserWarning: Resizing a TauP array inplace failed due to the existence of other references to the array, creating a new array. See Obspy #2280.
  warnings.warn(msg)
line 243 - INFO: snr not high enough, continue
line 136 - INFO: Start processing 201805091041_CC07
line 180 - INFO: distance 142.1 is not within range (55.0,85.0), continue
line 136 - INFO: Start processing 201805180145_CC07
line 180 - INFO: distance 50.5 is not within range (55.0,85.0), continue
line 136 - INFO: Start processing 201806212113_CC07
line 243 - INFO: snr not high enough, continue
line 136 - INFO: Start processing 201807060140_CC07
line 243 - INFO: snr not high enough, continue
line 136 - INFO: Start processing 201807072133_CC07
line 180 - INFO: distance 48.7 is not within range (55.0,85.0), continue
line 136 - INFO: Start processing 201807130946_CC07
line 243 - INFO: snr not high enough, continue
line 136 - INFO: Start processing 201807151309_CC07
line 180 - INFO: distance 171.0 is not within range (55.0,85.0), continue
line 136 - INFO: Start processing 201807170702_CC07
line 243 - INFO: snr not high enough, continue
line 136 - INFO: Start processing 201807191830_CC07
line 243 - INFO: snr not high enough, continue
line 136 - INFO: Start processing 201807231035_CC07
line 180 - INFO: distance 113.6 is not within range (55.0,85.0), continue
line 136 - INFO: Start processing 201807281707_CC07
line 180 - INFO: distance 103.3 is not within range (55.0,85.0), continue
line 136 - INFO: Start processing 201807282247_CC07
line 180 - INFO: distance 109.2 is not within range (55.0,85.0), continue
line 136 - INFO: Start processing 201808051146_CC07
line 180 - INFO: distance 109.3 is not within range (55.0,85.0), continue
line 136 - INFO: Start processing 201808101812_CC07
line 136 - INFO: Start processing 201808121458_CC07
line 243 - INFO: snr not high enough, continue
line 136 - INFO: Start processing 201808122115_CC07
line 243 - INFO: snr not high enough, continue
line 136 - INFO: Start processing 201808140329_CC07
line 180 - INFO: distance 94.1 is not within range (55.0,85.0), continue
line 136 - INFO: Start processing 201808152156_CC07
line 136 - INFO: Start processing 201808161822_CC07
line 180 - INFO: distance 86.6 is not within range (55.0,85.0), continue
line 136 - INFO: Start processing 201808171535_CC07
line 180 - INFO: distance 106.1 is not within range (55.0,85.0), continue
line 136 - INFO: Start processing 201808190410_CC07
line 180 - INFO: distance 109.1 is not within range (55.0,85.0), continue
line 136 - INFO: Start processing 201808190428_CC07
line 180 - INFO: distance 45.3 is not within range (55.0,85.0), continue
line 136 - INFO: Start processing 201807150157_CC07
line 180 - INFO: distance 170.8 is not within range (55.0,85.0), continue
line 136 - INFO: Start processing 201808191456_CC07
line 180 - INFO: distance 109.1 is not within range (55.0,85.0), continue
line 136 - INFO: Start processing 201809162111_CC07
line 180 - INFO: distance 50.3 is not within range (55.0,85.0), continue
line 136 - INFO: Start processing 201810290654_CC07
line 243 - INFO: snr not high enough, continue
line 136 - INFO: Start processing 201812241241_CC07
line 243 - INFO: snr not high enough, continue
line 136 - INFO: Start processing 201902141957_CC07
line 180 - INFO: distance 99.2 is not within range (55.0,85.0), continue
line 136 - INFO: Start processing 201904062155_CC07
line 180 - INFO: distance 101.0 is not within range (55.0,85.0), continue
line 136 - INFO: Start processing 201808212131_CC07
line 136 - INFO: Start processing 201808212232_CC07
line 136 - INFO: Start processing 201808220931_CC07
line 180 - INFO: distance 49.7 is not within range (55.0,85.0), continue
line 136 - INFO: Start processing 201808230335_CC07
line 243 - INFO: snr not high enough, continue
line 136 - INFO: Start processing 201808240904_CC07
line 136 - INFO: Start processing 201808251650_CC07
line 243 - INFO: snr not high enough, continue
line 136 - INFO: Start processing 201808252213_CC07
line 180 - INFO: distance 151.7 is not within range (55.0,85.0), continue
line 136 - INFO: Start processing 201808280708_CC07
line 180 - INFO: distance 101.3 is not within range (55.0,85.0), continue
line 136 - INFO: Start processing 201808282235_CC07
line 136 - INFO: Start processing 201808290351_CC07
line 243 - INFO: snr not high enough, continue
line 136 - INFO: Start processing 201809051807_CC07
line 180 - INFO: distance 90.5 is not within range (55.0,85.0), continue
line 136 - INFO: Start processing 201809061549_CC07
line 180 - INFO: distance 47.9 is not within range (55.0,85.0), continue
line 136 - INFO: Start processing 201809070212_CC07
line 180 - INFO: distance 54.2 is not within range (55.0,85.0), continue
line 136 - INFO: Start processing 201809080716_CC07
line 180 - INFO: distance 101.1 is not within range (55.0,85.0), continue
line 136 - INFO: Start processing 201809091931_CC07
line 243 - INFO: snr not high enough, continue
line 136 - INFO: Start processing 201809101931_CC07
line 243 - INFO: snr not high enough, continue
line 136 - INFO: Start processing 201809180727_CC07
line 180 - INFO: distance 136.2 is not within range (55.0,85.0), continue
line 136 - INFO: Start processing 201809280659_CC07
line 180 - INFO: distance 107.0 is not within range (55.0,85.0), continue
line 136 - INFO: Start processing 201809281002_CC07
line 180 - INFO: distance 107.0 is not within range (55.0,85.0), continue
line 136 - INFO: Start processing 201809301052_CC07
line 180 - INFO: distance 45.5 is not within range (55.0,85.0), continue
line 136 - INFO: Start processing 201810090745_CC07
line 243 - INFO: snr not high enough, continue
line 136 - INFO: Start processing 201810101844_CC07
line 180 - INFO: distance 111.3 is not within range (55.0,85.0), continue
line 136 - INFO: Start processing 201810102045_CC07
line 243 - INFO: snr not high enough, continue
line 136 - INFO: Start processing 201810102048_CC07
line 136 - INFO: Start processing 201810102200_CC07
line 243 - INFO: snr not high enough, continue
line 136 - INFO: Start processing 201810131110_CC07
line 180 - INFO: distance 85.2 is not within range (55.0,85.0), continue
line 136 - INFO: Start processing 201810160103_CC07
line 136 - INFO: Start processing 201810220539_CC07
line 243 - INFO: snr not high enough, continue
line 136 - INFO: Start processing 201810220616_CC07
line 243 - INFO: snr not high enough, continue
line 136 - INFO: Start processing 201810220622_CC07
line 136 - INFO: Start processing 201810252254_CC07
line 180 - INFO: distance 140.6 is not within range (55.0,85.0), continue
line 136 - INFO: Start processing 201810282223_CC07
line 180 - INFO: distance 46.5 is not within range (55.0,85.0), continue
line 136 - INFO: Start processing 201810300213_CC07
line 243 - INFO: snr not high enough, continue
line 136 - INFO: Start processing 201811012219_CC07
line 243 - INFO: snr not high enough, continue
line 136 - INFO: Start processing 201811021101_CC07
line 180 - INFO: distance 88.0 is not within range (55.0,85.0), continue
line 136 - INFO: Start processing 201811250340_CC07
line 243 - INFO: snr not high enough, continue
line 136 - INFO: Start processing 201811251637_CC07
line 180 - INFO: distance 151.9 is not within range (55.0,85.0), continue
line 136 - INFO: Start processing 201811301729_CC07
line 136 - INFO: Start processing 201812011327_CC07
line 180 - INFO: distance 97.3 is not within range (55.0,85.0), continue
line 136 - INFO: Start processing 201812050414_CC07
line 136 - INFO: Start processing 201812050418_CC07
line 136 - INFO: Start processing 201812050643_CC07
line 136 - INFO: Start processing 201812110226_CC07
line 180 - INFO: distance 93.4 is not within range (55.0,85.0), continue
line 136 - INFO: Start processing 201812121313_CC07
line 180 - INFO: distance 49.5 is not within range (55.0,85.0), continue
line 136 - INFO: Start processing 201812160942_CC07
line 180 - INFO: distance 86.3 is not within range (55.0,85.0), continue
line 136 - INFO: Start processing 201812190137_CC07
line 180 - INFO: distance 41.8 is not within range (55.0,85.0), continue
line 136 - INFO: Start processing 201812201701_CC07
line 136 - INFO: Start processing 201812221425_CC07
line 243 - INFO: snr not high enough, continue
line 136 - INFO: Start processing 201812290339_CC07
line 180 - INFO: distance 100.6 is not within range (55.0,85.0), continue
line 136 - INFO: Start processing 201812310235_CC07
line 136 - INFO: Start processing 201901051925_CC07
line 136 - INFO: Start processing 201901061727_CC07
line 180 - INFO: distance 100.4 is not within range (55.0,85.0), continue
line 136 - INFO: Start processing 201901081239_CC07
line 180 - INFO: distance 98.2 is not within range (55.0,85.0), continue
line 136 - INFO: Start processing 201901151806_CC07
line 243 - INFO: snr not high enough, continue
line 136 - INFO: Start processing 201901171506_CC07
line 243 - INFO: snr not high enough, continue
line 136 - INFO: Start processing 201901181318_CC07
line 243 - INFO: snr not high enough, continue
line 136 - INFO: Start processing 201901200132_CC07
line 243 - INFO: snr not high enough, continue
line 136 - INFO: Start processing 201901220510_CC07
line 180 - INFO: distance 106.4 is not within range (55.0,85.0), continue
line 136 - INFO: Start processing 201901221901_CC07
line 180 - INFO: distance 130.8 is not within range (55.0,85.0), continue
line 136 - INFO: Start processing 201901260351_CC07
line 243 - INFO: snr not high enough, continue
line 136 - INFO: Start processing 201901261956_CC07
line 180 - INFO: distance 46.8 is not within range (55.0,85.0), continue
line 136 - INFO: Start processing 201902011614_CC07
line 180 - INFO: distance 45.3 is not within range (55.0,85.0), continue
line 136 - INFO: Start processing 201902020927_CC07
line 180 - INFO: distance 126.2 is not within range (55.0,85.0), continue
line 136 - INFO: Start processing 201902121234_CC07
line 243 - INFO: snr not high enough, continue
line 136 - INFO: Start processing 201902171435_CC07
line 243 - INFO: snr not high enough, continue
line 136 - INFO: Start processing 201902221017_CC07
line 136 - INFO: Start processing 201903010850_CC07
line 243 - INFO: snr not high enough, continue
line 136 - INFO: Start processing 201903061546_CC07
line 180 - INFO: distance 49.1 is not within range (55.0,85.0), continue
line 136 - INFO: Start processing 201903081506_CC07
line 180 - INFO: distance 101.8 is not within range (55.0,85.0), continue
line 136 - INFO: Start processing 201903100812_CC07
line 180 - INFO: distance 45.9 is not within range (55.0,85.0), continue
line 136 - INFO: Start processing 201903101248_CC07
line 243 - INFO: snr not high enough, continue
line 136 - INFO: Start processing 201903150503_CC07
line 243 - INFO: snr not high enough, continue
line 136 - INFO: Start processing 201903201523_CC07
line 243 - INFO: snr not high enough, continue
line 136 - INFO: Start processing 201903231921_CC07
line 243 - INFO: snr not high enough, continue
line 136 - INFO: Start processing 201903240437_CC07
line 180 - INFO: distance 100.7 is not within range (55.0,85.0), continue
line 136 - INFO: Start processing 201903282206_CC07
line 243 - INFO: snr not high enough, continue
line 136 - INFO: Start processing 201903301120_CC07
line 243 - INFO: snr not high enough, continue
line 136 - INFO: Start processing 201904011839_CC07
line 180 - INFO: distance 149.7 is not within range (55.0,85.0), continue
line 136 - INFO: Start processing 201904022135_CC07
line 243 - INFO: snr not high enough, continue
line 136 - INFO: Start processing 201904051614_CC07
line 180 - INFO: distance 93.4 is not within range (55.0,85.0), continue
line 136 - INFO: Start processing 201904091753_CC07
line 180 - INFO: distance 93.9 is not within range (55.0,85.0), continue
line 136 - INFO: Start processing 201904110818_CC07
line 180 - INFO: distance 89.1 is not within range (55.0,85.0), continue
line 136 - INFO: Start processing 201904121140_CC07
line 180 - INFO: distance 104.1 is not within range (55.0,85.0), continue
line 136 - INFO: Start processing 201904121223_CC07
line 180 - INFO: distance 40.1 is not within range (55.0,85.0), continue
line 136 - INFO: Start processing 201904121451_CC07
line 243 - INFO: snr not high enough, continue
line 136 - INFO: Start processing 201904180501_CC07
line 180 - INFO: distance 106.4 is not within range (55.0,85.0), continue
line 136 - INFO: Start processing 201904181446_CC07
line 243 - INFO: snr not high enough, continue
line 136 - INFO: Start processing 201904220911_CC07
line 180 - INFO: distance 107.4 is not within range (55.0,85.0), continue
line 136 - INFO: Start processing 201904221449_CC07
line 180 - INFO: distance 93.5 is not within range (55.0,85.0), continue
line 136 - INFO: Start processing 201904230537_CC07
line 180 - INFO: distance 102.7 is not within range (55.0,85.0), continue
line 136 - INFO: Start processing 201904231420_CC07
line 180 - INFO: distance 47.5 is not within range (55.0,85.0), continue
line 136 - INFO: Start processing 201904291419_CC07
line 180 - INFO: distance 168.8 is not within range (55.0,85.0), continue
line 136 - INFO: Start processing 201905030725_CC07
line 136 - INFO: Start processing 201905062119_CC07
line 243 - INFO: snr not high enough, continue
line 136 - INFO: Start processing 201905141258_CC07
line 243 - INFO: snr not high enough, continue
line 136 - INFO: Start processing 201905190123_CC07
line 136 - INFO: Start processing 201905191427_CC07
line 243 - INFO: snr not high enough, continue
line 136 - INFO: Start processing 201905191456_CC07
line 243 - INFO: snr not high enough, continue
