line 136 - INFO: Start processing 201805020632_EC01
line 180 - INFO: distance 27.3 is not within range (55.0,85.0), continue
line 136 - INFO: Start processing 201805042232_EC01
line 180 - INFO: distance 33.3 is not within range (55.0,85.0), continue
line 136 - INFO: Start processing 201805050619_EC01
line 180 - INFO: distance 105.3 is not within range (55.0,85.0), continue
line 136 - INFO: Start processing 201805090757_EC01
/home/lun/Desktop/software/anaconda2/lib/python2.7/site-packages/obspy/taup/tau_branch.py:496: UserWarning: Resizing a TauP array inplace failed due to the existence of other references to the array, creating a new array. See Obspy #2280.
  warnings.warn(msg)
line 136 - INFO: Start processing 201805091041_EC01
line 180 - INFO: distance 141.7 is not within range (55.0,85.0), continue
line 136 - INFO: Start processing 201805180145_EC01
line 180 - INFO: distance 52.6 is not within range (55.0,85.0), continue
line 136 - INFO: Start processing 201806212113_EC01
line 136 - INFO: Start processing 201807072133_EC01
line 180 - INFO: distance 50.8 is not within range (55.0,85.0), continue
line 136 - INFO: Start processing 201807150157_EC01
line 180 - INFO: distance 170.2 is not within range (55.0,85.0), continue
line 136 - INFO: Start processing 201807151309_EC01
line 180 - INFO: distance 170.4 is not within range (55.0,85.0), continue
line 136 - INFO: Start processing 201807231035_EC01
line 180 - INFO: distance 112.1 is not within range (55.0,85.0), continue
line 136 - INFO: Start processing 201807281707_EC01
line 180 - INFO: distance 105.0 is not within range (55.0,85.0), continue
line 136 - INFO: Start processing 201807282247_EC01
line 180 - INFO: distance 111.0 is not within range (55.0,85.0), continue
line 136 - INFO: Start processing 201808051146_EC01
line 180 - INFO: distance 111.0 is not within range (55.0,85.0), continue
line 136 - INFO: Start processing 201808121458_EC01
line 136 - INFO: Start processing 201808122115_EC01
line 136 - INFO: Start processing 201808190019_EC01
line 180 - INFO: distance 47.5 is not within range (55.0,85.0), continue
line 136 - INFO: Start processing 201808190023_EC01
line 180 - INFO: distance 47.1 is not within range (55.0,85.0), continue
line 136 - INFO: Start processing 201808190410_EC01
line 180 - INFO: distance 110.9 is not within range (55.0,85.0), continue
line 136 - INFO: Start processing 201808190428_EC01
line 180 - INFO: distance 47.2 is not within range (55.0,85.0), continue
line 136 - INFO: Start processing 201808191456_EC01
line 180 - INFO: distance 110.8 is not within range (55.0,85.0), continue
line 136 - INFO: Start processing 201808140329_EC01
line 180 - INFO: distance 94.5 is not within range (55.0,85.0), continue
line 136 - INFO: Start processing 201810160028_EC01
line 136 - INFO: Start processing 201808212131_EC01
line 136 - INFO: Start processing 201808212232_EC01
line 136 - INFO: Start processing 201808220931_EC01
line 180 - INFO: distance 48.2 is not within range (55.0,85.0), continue
line 136 - INFO: Start processing 201809051807_EC01
line 180 - INFO: distance 90.7 is not within range (55.0,85.0), continue
line 136 - INFO: Start processing 201809091931_EC01
line 136 - INFO: Start processing 201809100419_EC01
line 180 - INFO: distance 52.2 is not within range (55.0,85.0), continue
line 136 - INFO: Start processing 201809101931_EC01
line 136 - INFO: Start processing 201809162111_EC01
line 180 - INFO: distance 52.4 is not within range (55.0,85.0), continue
line 136 - INFO: Start processing 201809180727_EC01
line 180 - INFO: distance 137.7 is not within range (55.0,85.0), continue
line 136 - INFO: Start processing 201809301052_EC01
line 180 - INFO: distance 47.4 is not within range (55.0,85.0), continue
line 136 - INFO: Start processing 201810090745_EC01
line 136 - INFO: Start processing 201810160103_EC01
line 136 - INFO: Start processing 201810282223_EC01
line 180 - INFO: distance 44.5 is not within range (55.0,85.0), continue
line 136 - INFO: Start processing 201811040755_EC01
line 180 - INFO: distance 105.1 is not within range (55.0,85.0), continue
line 136 - INFO: Start processing 201812160942_EC01
line 180 - INFO: distance 88.0 is not within range (55.0,85.0), continue
line 136 - INFO: Start processing 201901221901_EC01
line 180 - INFO: distance 132.0 is not within range (55.0,85.0), continue
line 136 - INFO: Start processing 201902121234_EC01
line 136 - INFO: Start processing 201902141957_EC01
line 180 - INFO: distance 97.2 is not within range (55.0,85.0), continue
line 136 - INFO: Start processing 201902171435_EC01
line 136 - INFO: Start processing 201902221017_EC01
line 180 - INFO: distance 54.4 is not within range (55.0,85.0), continue
line 136 - INFO: Start processing 201903010850_EC01
line 136 - INFO: Start processing 201903061546_EC01
line 180 - INFO: distance 51.2 is not within range (55.0,85.0), continue
line 136 - INFO: Start processing 201903081506_EC01
line 180 - INFO: distance 103.1 is not within range (55.0,85.0), continue
line 136 - INFO: Start processing 201805020632_EC01
line 180 - INFO: distance 27.3 is not within range (55.0,85.0), continue
line 136 - INFO: Start processing 201805042232_EC01
line 180 - INFO: distance 33.3 is not within range (55.0,85.0), continue
line 136 - INFO: Start processing 201805050619_EC01
line 180 - INFO: distance 105.3 is not within range (55.0,85.0), continue
line 136 - INFO: Start processing 201805090757_EC01
/home/lun/Desktop/software/anaconda2/lib/python2.7/site-packages/obspy/taup/tau_branch.py:496: UserWarning: Resizing a TauP array inplace failed due to the existence of other references to the array, creating a new array. See Obspy #2280.
  warnings.warn(msg)
line 136 - INFO: Start processing 201805091041_EC01
line 180 - INFO: distance 141.7 is not within range (55.0,85.0), continue
line 136 - INFO: Start processing 201805180145_EC01
line 180 - INFO: distance 52.6 is not within range (55.0,85.0), continue
line 136 - INFO: Start processing 201806212113_EC01
line 136 - INFO: Start processing 201807072133_EC01
line 180 - INFO: distance 50.8 is not within range (55.0,85.0), continue
line 136 - INFO: Start processing 201807150157_EC01
line 180 - INFO: distance 170.2 is not within range (55.0,85.0), continue
line 136 - INFO: Start processing 201807151309_EC01
line 180 - INFO: distance 170.4 is not within range (55.0,85.0), continue
line 136 - INFO: Start processing 201807231035_EC01
line 180 - INFO: distance 112.1 is not within range (55.0,85.0), continue
line 136 - INFO: Start processing 201807281707_EC01
line 180 - INFO: distance 105.0 is not within range (55.0,85.0), continue
line 136 - INFO: Start processing 201807282247_EC01
line 180 - INFO: distance 111.0 is not within range (55.0,85.0), continue
line 136 - INFO: Start processing 201808051146_EC01
line 180 - INFO: distance 111.0 is not within range (55.0,85.0), continue
line 136 - INFO: Start processing 201808121458_EC01
line 136 - INFO: Start processing 201808122115_EC01
line 136 - INFO: Start processing 201808190019_EC01
line 180 - INFO: distance 47.5 is not within range (55.0,85.0), continue
line 136 - INFO: Start processing 201808190023_EC01
line 180 - INFO: distance 47.1 is not within range (55.0,85.0), continue
line 136 - INFO: Start processing 201808190410_EC01
line 180 - INFO: distance 110.9 is not within range (55.0,85.0), continue
line 136 - INFO: Start processing 201808190428_EC01
line 180 - INFO: distance 47.2 is not within range (55.0,85.0), continue
line 136 - INFO: Start processing 201808191456_EC01
line 180 - INFO: distance 110.8 is not within range (55.0,85.0), continue
line 136 - INFO: Start processing 201808140329_EC01
line 180 - INFO: distance 94.5 is not within range (55.0,85.0), continue
line 136 - INFO: Start processing 201810160028_EC01
line 136 - INFO: Start processing 201808212131_EC01
line 136 - INFO: Start processing 201808212232_EC01
line 136 - INFO: Start processing 201808220931_EC01
line 180 - INFO: distance 48.2 is not within range (55.0,85.0), continue
line 136 - INFO: Start processing 201809051807_EC01
line 180 - INFO: distance 90.7 is not within range (55.0,85.0), continue
line 136 - INFO: Start processing 201809091931_EC01
line 136 - INFO: Start processing 201809100419_EC01
line 180 - INFO: distance 52.2 is not within range (55.0,85.0), continue
line 136 - INFO: Start processing 201809101931_EC01
line 136 - INFO: Start processing 201809162111_EC01
line 180 - INFO: distance 52.4 is not within range (55.0,85.0), continue
line 136 - INFO: Start processing 201809180727_EC01
line 180 - INFO: distance 137.7 is not within range (55.0,85.0), continue
line 136 - INFO: Start processing 201809301052_EC01
line 180 - INFO: distance 47.4 is not within range (55.0,85.0), continue
line 136 - INFO: Start processing 201810090745_EC01
line 136 - INFO: Start processing 201810160103_EC01
line 136 - INFO: Start processing 201810282223_EC01
line 180 - INFO: distance 44.5 is not within range (55.0,85.0), continue
line 136 - INFO: Start processing 201811040755_EC01
line 180 - INFO: distance 105.1 is not within range (55.0,85.0), continue
line 136 - INFO: Start processing 201812160942_EC01
line 180 - INFO: distance 88.0 is not within range (55.0,85.0), continue
line 136 - INFO: Start processing 201901221901_EC01
line 180 - INFO: distance 132.0 is not within range (55.0,85.0), continue
line 136 - INFO: Start processing 201902121234_EC01
line 136 - INFO: Start processing 201902141957_EC01
line 180 - INFO: distance 97.2 is not within range (55.0,85.0), continue
line 136 - INFO: Start processing 201902171435_EC01
line 136 - INFO: Start processing 201902221017_EC01
line 180 - INFO: distance 54.4 is not within range (55.0,85.0), continue
line 136 - INFO: Start processing 201903010850_EC01
line 136 - INFO: Start processing 201903061546_EC01
line 180 - INFO: distance 51.2 is not within range (55.0,85.0), continue
line 136 - INFO: Start processing 201903081506_EC01
line 180 - INFO: distance 103.1 is not within range (55.0,85.0), continue
line 136 - INFO: Start processing 201805020632_EC01
line 180 - INFO: distance 27.3 is not within range (55.0,85.0), continue
line 136 - INFO: Start processing 201805042232_EC01
line 180 - INFO: distance 33.3 is not within range (55.0,85.0), continue
line 136 - INFO: Start processing 201805050619_EC01
line 180 - INFO: distance 105.3 is not within range (55.0,85.0), continue
line 136 - INFO: Start processing 201805090757_EC01
/home/lun/Desktop/software/anaconda2/lib/python2.7/site-packages/obspy/taup/tau_branch.py:496: UserWarning: Resizing a TauP array inplace failed due to the existence of other references to the array, creating a new array. See Obspy #2280.
  warnings.warn(msg)
line 136 - INFO: Start processing 201805091041_EC01
line 180 - INFO: distance 141.7 is not within range (55.0,85.0), continue
line 136 - INFO: Start processing 201805180145_EC01
line 180 - INFO: distance 52.6 is not within range (55.0,85.0), continue
line 136 - INFO: Start processing 201806212113_EC01
line 136 - INFO: Start processing 201807072133_EC01
line 180 - INFO: distance 50.8 is not within range (55.0,85.0), continue
line 136 - INFO: Start processing 201807150157_EC01
line 180 - INFO: distance 170.2 is not within range (55.0,85.0), continue
line 136 - INFO: Start processing 201807151309_EC01
line 180 - INFO: distance 170.4 is not within range (55.0,85.0), continue
line 136 - INFO: Start processing 201807231035_EC01
line 180 - INFO: distance 112.1 is not within range (55.0,85.0), continue
line 136 - INFO: Start processing 201807281707_EC01
line 180 - INFO: distance 105.0 is not within range (55.0,85.0), continue
line 136 - INFO: Start processing 201807282247_EC01
line 180 - INFO: distance 111.0 is not within range (55.0,85.0), continue
line 136 - INFO: Start processing 201808051146_EC01
line 180 - INFO: distance 111.0 is not within range (55.0,85.0), continue
line 136 - INFO: Start processing 201808121458_EC01
line 136 - INFO: Start processing 201808122115_EC01
line 136 - INFO: Start processing 201808190019_EC01
line 180 - INFO: distance 47.5 is not within range (55.0,85.0), continue
line 136 - INFO: Start processing 201808190023_EC01
line 180 - INFO: distance 47.1 is not within range (55.0,85.0), continue
line 136 - INFO: Start processing 201808190410_EC01
line 180 - INFO: distance 110.9 is not within range (55.0,85.0), continue
line 136 - INFO: Start processing 201808190428_EC01
line 180 - INFO: distance 47.2 is not within range (55.0,85.0), continue
line 136 - INFO: Start processing 201808191456_EC01
line 180 - INFO: distance 110.8 is not within range (55.0,85.0), continue
line 136 - INFO: Start processing 201808140329_EC01
line 180 - INFO: distance 94.5 is not within range (55.0,85.0), continue
line 136 - INFO: Start processing 201810160028_EC01
line 136 - INFO: Start processing 201808212131_EC01
line 136 - INFO: Start processing 201808212232_EC01
line 136 - INFO: Start processing 201808220931_EC01
line 180 - INFO: distance 48.2 is not within range (55.0,85.0), continue
line 136 - INFO: Start processing 201809051807_EC01
line 180 - INFO: distance 90.7 is not within range (55.0,85.0), continue
line 136 - INFO: Start processing 201809091931_EC01
line 136 - INFO: Start processing 201809100419_EC01
line 180 - INFO: distance 52.2 is not within range (55.0,85.0), continue
line 136 - INFO: Start processing 201809101931_EC01
line 136 - INFO: Start processing 201809162111_EC01
line 180 - INFO: distance 52.4 is not within range (55.0,85.0), continue
line 136 - INFO: Start processing 201809180727_EC01
line 180 - INFO: distance 137.7 is not within range (55.0,85.0), continue
line 136 - INFO: Start processing 201809301052_EC01
line 180 - INFO: distance 47.4 is not within range (55.0,85.0), continue
line 136 - INFO: Start processing 201810090745_EC01
line 136 - INFO: Start processing 201810160103_EC01
line 136 - INFO: Start processing 201810282223_EC01
line 180 - INFO: distance 44.5 is not within range (55.0,85.0), continue
line 136 - INFO: Start processing 201811040755_EC01
line 180 - INFO: distance 105.1 is not within range (55.0,85.0), continue
line 136 - INFO: Start processing 201812160942_EC01
line 180 - INFO: distance 88.0 is not within range (55.0,85.0), continue
line 136 - INFO: Start processing 201901221901_EC01
line 180 - INFO: distance 132.0 is not within range (55.0,85.0), continue
line 136 - INFO: Start processing 201902121234_EC01
line 136 - INFO: Start processing 201902141957_EC01
line 180 - INFO: distance 97.2 is not within range (55.0,85.0), continue
line 136 - INFO: Start processing 201902171435_EC01
line 136 - INFO: Start processing 201902221017_EC01
line 180 - INFO: distance 54.4 is not within range (55.0,85.0), continue
line 136 - INFO: Start processing 201903010850_EC01
line 136 - INFO: Start processing 201903061546_EC01
line 180 - INFO: distance 51.2 is not within range (55.0,85.0), continue
line 136 - INFO: Start processing 201903081506_EC01
line 180 - INFO: distance 103.1 is not within range (55.0,85.0), continue
Traceback (most recent call last):
  File "RFcal.py", line 58, in <module>
    event_path = config.get('path','event_path')
  File "/home/lun/Desktop/software/anaconda2/lib/python2.7/site-packages/backports/configparser/__init__.py", line 858, in get
    d = self._unify_values(section, vars)
  File "/home/lun/Desktop/software/anaconda2/lib/python2.7/site-packages/backports/configparser/__init__.py", line 1228, in _unify_values
    raise NoSectionError(section)
backports.configparser.NoSectionError: No section: 'path'
Traceback (most recent call last):
  File "RFcal.py", line 58, in <module>
    event_path = config.get('path','event_path')
  File "/home/lun/Desktop/software/anaconda2/lib/python2.7/site-packages/backports/configparser/__init__.py", line 858, in get
    d = self._unify_values(section, vars)
  File "/home/lun/Desktop/software/anaconda2/lib/python2.7/site-packages/backports/configparser/__init__.py", line 1228, in _unify_values
    raise NoSectionError(section)
backports.configparser.NoSectionError: No section: 'path'
Traceback (most recent call last):
  File "RFcal.py", line 58, in <module>
    event_path = config.get('path','event_path')
  File "/home/lun/Desktop/software/anaconda2/lib/python2.7/site-packages/backports/configparser/__init__.py", line 858, in get
    d = self._unify_values(section, vars)
  File "/home/lun/Desktop/software/anaconda2/lib/python2.7/site-packages/backports/configparser/__init__.py", line 1228, in _unify_values
    raise NoSectionError(section)
backports.configparser.NoSectionError: No section: 'path'
line 136 - INFO: Start processing 201805020632_EC01
line 180 - INFO: distance 27.3 is not within range (55.0,85.0), continue
line 136 - INFO: Start processing 201805042232_EC01
line 180 - INFO: distance 33.3 is not within range (55.0,85.0), continue
line 136 - INFO: Start processing 201805050619_EC01
line 180 - INFO: distance 105.3 is not within range (55.0,85.0), continue
line 136 - INFO: Start processing 201805090757_EC01
/home/lun/Desktop/software/anaconda2/lib/python2.7/site-packages/obspy/taup/tau_branch.py:496: UserWarning: Resizing a TauP array inplace failed due to the existence of other references to the array, creating a new array. See Obspy #2280.
  warnings.warn(msg)
line 243 - INFO: snr not high enough, continue
line 136 - INFO: Start processing 201805091041_EC01
line 180 - INFO: distance 141.7 is not within range (55.0,85.0), continue
line 136 - INFO: Start processing 201805180145_EC01
line 180 - INFO: distance 52.6 is not within range (55.0,85.0), continue
line 136 - INFO: Start processing 201806212113_EC01
line 243 - INFO: snr not high enough, continue
line 136 - INFO: Start processing 201807072133_EC01
line 180 - INFO: distance 50.8 is not within range (55.0,85.0), continue
line 136 - INFO: Start processing 201807150157_EC01
line 180 - INFO: distance 170.2 is not within range (55.0,85.0), continue
line 136 - INFO: Start processing 201807151309_EC01
line 180 - INFO: distance 170.4 is not within range (55.0,85.0), continue
line 136 - INFO: Start processing 201807231035_EC01
line 180 - INFO: distance 112.1 is not within range (55.0,85.0), continue
line 136 - INFO: Start processing 201807281707_EC01
line 180 - INFO: distance 105.0 is not within range (55.0,85.0), continue
line 136 - INFO: Start processing 201807282247_EC01
line 180 - INFO: distance 111.0 is not within range (55.0,85.0), continue
line 136 - INFO: Start processing 201808051146_EC01
line 180 - INFO: distance 111.0 is not within range (55.0,85.0), continue
line 136 - INFO: Start processing 201808121458_EC01
line 136 - INFO: Start processing 201808122115_EC01
line 243 - INFO: snr not high enough, continue
line 136 - INFO: Start processing 201808190019_EC01
line 180 - INFO: distance 47.5 is not within range (55.0,85.0), continue
line 136 - INFO: Start processing 201808190023_EC01
line 180 - INFO: distance 47.1 is not within range (55.0,85.0), continue
line 136 - INFO: Start processing 201808190410_EC01
line 180 - INFO: distance 110.9 is not within range (55.0,85.0), continue
line 136 - INFO: Start processing 201808190428_EC01
line 180 - INFO: distance 47.2 is not within range (55.0,85.0), continue
line 136 - INFO: Start processing 201808191456_EC01
line 180 - INFO: distance 110.8 is not within range (55.0,85.0), continue
line 136 - INFO: Start processing 201808140329_EC01
line 180 - INFO: distance 94.5 is not within range (55.0,85.0), continue
line 136 - INFO: Start processing 201810160028_EC01
line 136 - INFO: Start processing 201808212131_EC01
line 136 - INFO: Start processing 201808212232_EC01
line 243 - INFO: snr not high enough, continue
line 136 - INFO: Start processing 201808220931_EC01
line 180 - INFO: distance 48.2 is not within range (55.0,85.0), continue
line 136 - INFO: Start processing 201809051807_EC01
line 180 - INFO: distance 90.7 is not within range (55.0,85.0), continue
line 136 - INFO: Start processing 201809091931_EC01
line 243 - INFO: snr not high enough, continue
line 136 - INFO: Start processing 201809100419_EC01
line 180 - INFO: distance 52.2 is not within range (55.0,85.0), continue
line 136 - INFO: Start processing 201809101931_EC01
line 136 - INFO: Start processing 201809162111_EC01
line 180 - INFO: distance 52.4 is not within range (55.0,85.0), continue
line 136 - INFO: Start processing 201809180727_EC01
line 180 - INFO: distance 137.7 is not within range (55.0,85.0), continue
line 136 - INFO: Start processing 201809301052_EC01
line 180 - INFO: distance 47.4 is not within range (55.0,85.0), continue
line 136 - INFO: Start processing 201810090745_EC01
line 243 - INFO: snr not high enough, continue
line 136 - INFO: Start processing 201810160103_EC01
line 243 - INFO: snr not high enough, continue
line 136 - INFO: Start processing 201810282223_EC01
line 180 - INFO: distance 44.5 is not within range (55.0,85.0), continue
line 136 - INFO: Start processing 201811040755_EC01
line 180 - INFO: distance 105.1 is not within range (55.0,85.0), continue
line 136 - INFO: Start processing 201812160942_EC01
line 180 - INFO: distance 88.0 is not within range (55.0,85.0), continue
line 136 - INFO: Start processing 201901221901_EC01
line 180 - INFO: distance 132.0 is not within range (55.0,85.0), continue
line 136 - INFO: Start processing 201902121234_EC01
line 243 - INFO: snr not high enough, continue
line 136 - INFO: Start processing 201902141957_EC01
line 180 - INFO: distance 97.2 is not within range (55.0,85.0), continue
line 136 - INFO: Start processing 201902171435_EC01
line 243 - INFO: snr not high enough, continue
line 136 - INFO: Start processing 201902221017_EC01
line 180 - INFO: distance 54.4 is not within range (55.0,85.0), continue
line 136 - INFO: Start processing 201903010850_EC01
line 136 - INFO: Start processing 201903061546_EC01
line 180 - INFO: distance 51.2 is not within range (55.0,85.0), continue
line 136 - INFO: Start processing 201903081506_EC01
line 180 - INFO: distance 103.1 is not within range (55.0,85.0), continue
