line 136 - INFO: Start processing 201805042232_CC03
line 180 - INFO: distance 32.6 is not within range (55.0,85.0), continue
line 136 - INFO: Start processing 201805050619_CC03
line 180 - INFO: distance 104.2 is not within range (55.0,85.0), continue
line 136 - INFO: Start processing 201805090757_CC03
/home/lun/Desktop/software/anaconda2/lib/python2.7/site-packages/obspy/taup/tau_branch.py:496: UserWarning: Resizing a TauP array inplace failed due to the existence of other references to the array, creating a new array. See Obspy #2280.
  warnings.warn(msg)
line 136 - INFO: Start processing 201805091041_CC03
line 180 - INFO: distance 141.2 is not within range (55.0,85.0), continue
line 136 - INFO: Start processing 201808051146_CC03
line 180 - INFO: distance 109.8 is not within range (55.0,85.0), continue
line 136 - INFO: Start processing 201808121458_CC03
line 136 - INFO: Start processing 201808122115_CC03
line 136 - INFO: Start processing 201808190410_CC03
line 180 - INFO: distance 109.7 is not within range (55.0,85.0), continue
line 136 - INFO: Start processing 201808190428_CC03
line 180 - INFO: distance 46.0 is not within range (55.0,85.0), continue
line 136 - INFO: Start processing 201808191456_CC03
line 180 - INFO: distance 109.6 is not within range (55.0,85.0), continue
line 136 - INFO: Start processing 201809091931_CC03
line 136 - INFO: Start processing 201809100419_CC03
line 180 - INFO: distance 51.2 is not within range (55.0,85.0), continue
line 136 - INFO: Start processing 201809101931_CC03
line 136 - INFO: Start processing 201809162111_CC03
line 180 - INFO: distance 51.2 is not within range (55.0,85.0), continue
line 136 - INFO: Start processing 201809280659_CC03
line 180 - INFO: distance 107.4 is not within range (55.0,85.0), continue
line 136 - INFO: Start processing 201809281002_CC03
line 180 - INFO: distance 107.4 is not within range (55.0,85.0), continue
line 136 - INFO: Start processing 201810090745_CC03
line 136 - INFO: Start processing 201810101844_CC03
line 180 - INFO: distance 111.9 is not within range (55.0,85.0), continue
line 136 - INFO: Start processing 201810102045_CC03
line 136 - INFO: Start processing 201810102048_CC03
line 136 - INFO: Start processing 201810102200_CC03
line 136 - INFO: Start processing 201809301052_CC03
line 180 - INFO: distance 46.3 is not within range (55.0,85.0), continue
line 136 - INFO: Start processing 201811021101_CC03
line 180 - INFO: distance 87.3 is not within range (55.0,85.0), continue
line 136 - INFO: Start processing 201810131110_CC03
line 136 - INFO: Start processing 201810160028_CC03
line 136 - INFO: Start processing 201810160103_CC03
line 136 - INFO: Start processing 201810220539_CC03
line 180 - INFO: distance 54.0 is not within range (55.0,85.0), continue
line 136 - INFO: Start processing 201810220616_CC03
line 180 - INFO: distance 54.1 is not within range (55.0,85.0), continue
line 136 - INFO: Start processing 201810220622_CC03
line 180 - INFO: distance 54.0 is not within range (55.0,85.0), continue
line 136 - INFO: Start processing 201810252254_CC03
line 180 - INFO: distance 139.4 is not within range (55.0,85.0), continue
line 136 - INFO: Start processing 201810282223_CC03
line 180 - INFO: distance 45.6 is not within range (55.0,85.0), continue
line 136 - INFO: Start processing 201810290654_CC03
line 136 - INFO: Start processing 201810300213_CC03
line 136 - INFO: Start processing 201811012219_CC03
line 136 - INFO: Start processing 201811040755_CC03
line 180 - INFO: distance 103.9 is not within range (55.0,85.0), continue
line 136 - INFO: Start processing 201811090149_CC03
line 180 - INFO: distance 104.2 is not within range (55.0,85.0), continue
line 136 - INFO: Start processing 201811100833_CC03
line 180 - INFO: distance 43.0 is not within range (55.0,85.0), continue
line 136 - INFO: Start processing 201811111403_CC03
line 136 - INFO: Start processing 201811142121_CC03
line 136 - INFO: Start processing 201811152002_CC03
line 180 - INFO: distance 95.2 is not within range (55.0,85.0), continue
line 136 - INFO: Start processing 201811160326_CC03
line 136 - INFO: Start processing 201811182025_CC03
line 180 - INFO: distance 47.0 is not within range (55.0,85.0), continue
line 136 - INFO: Start processing 201811250340_CC03
line 180 - INFO: distance 54.3 is not within range (55.0,85.0), continue
line 136 - INFO: Start processing 201811251637_CC03
line 180 - INFO: distance 150.6 is not within range (55.0,85.0), continue
line 136 - INFO: Start processing 201811301729_CC03
line 136 - INFO: Start processing 201812011327_CC03
line 180 - INFO: distance 97.9 is not within range (55.0,85.0), continue
line 136 - INFO: Start processing 201901151806_CC03
line 136 - INFO: Start processing 201901171506_CC03
line 136 - INFO: Start processing 201901261956_CC03
line 180 - INFO: distance 47.7 is not within range (55.0,85.0), continue
line 136 - INFO: Start processing 201805042232_CC03
line 180 - INFO: distance 32.6 is not within range (55.0,85.0), continue
line 136 - INFO: Start processing 201805050619_CC03
line 180 - INFO: distance 104.2 is not within range (55.0,85.0), continue
line 136 - INFO: Start processing 201805090757_CC03
/home/lun/Desktop/software/anaconda2/lib/python2.7/site-packages/obspy/taup/tau_branch.py:496: UserWarning: Resizing a TauP array inplace failed due to the existence of other references to the array, creating a new array. See Obspy #2280.
  warnings.warn(msg)
line 136 - INFO: Start processing 201805091041_CC03
line 180 - INFO: distance 141.2 is not within range (55.0,85.0), continue
line 136 - INFO: Start processing 201808051146_CC03
line 180 - INFO: distance 109.8 is not within range (55.0,85.0), continue
line 136 - INFO: Start processing 201808121458_CC03
line 136 - INFO: Start processing 201808122115_CC03
line 136 - INFO: Start processing 201808190410_CC03
line 180 - INFO: distance 109.7 is not within range (55.0,85.0), continue
line 136 - INFO: Start processing 201808190428_CC03
line 180 - INFO: distance 46.0 is not within range (55.0,85.0), continue
line 136 - INFO: Start processing 201808191456_CC03
line 180 - INFO: distance 109.6 is not within range (55.0,85.0), continue
line 136 - INFO: Start processing 201809091931_CC03
line 136 - INFO: Start processing 201809100419_CC03
line 180 - INFO: distance 51.2 is not within range (55.0,85.0), continue
line 136 - INFO: Start processing 201809101931_CC03
line 136 - INFO: Start processing 201809162111_CC03
line 180 - INFO: distance 51.2 is not within range (55.0,85.0), continue
line 136 - INFO: Start processing 201809280659_CC03
line 180 - INFO: distance 107.4 is not within range (55.0,85.0), continue
line 136 - INFO: Start processing 201809281002_CC03
line 180 - INFO: distance 107.4 is not within range (55.0,85.0), continue
line 136 - INFO: Start processing 201810090745_CC03
line 136 - INFO: Start processing 201810101844_CC03
line 180 - INFO: distance 111.9 is not within range (55.0,85.0), continue
line 136 - INFO: Start processing 201810102045_CC03
line 136 - INFO: Start processing 201810102048_CC03
line 136 - INFO: Start processing 201810102200_CC03
line 136 - INFO: Start processing 201809301052_CC03
line 180 - INFO: distance 46.3 is not within range (55.0,85.0), continue
line 136 - INFO: Start processing 201811021101_CC03
line 180 - INFO: distance 87.3 is not within range (55.0,85.0), continue
line 136 - INFO: Start processing 201810131110_CC03
line 136 - INFO: Start processing 201810160028_CC03
line 136 - INFO: Start processing 201810160103_CC03
line 136 - INFO: Start processing 201810220539_CC03
line 180 - INFO: distance 54.0 is not within range (55.0,85.0), continue
line 136 - INFO: Start processing 201810220616_CC03
line 180 - INFO: distance 54.1 is not within range (55.0,85.0), continue
line 136 - INFO: Start processing 201810220622_CC03
line 180 - INFO: distance 54.0 is not within range (55.0,85.0), continue
line 136 - INFO: Start processing 201810252254_CC03
line 180 - INFO: distance 139.4 is not within range (55.0,85.0), continue
line 136 - INFO: Start processing 201810282223_CC03
line 180 - INFO: distance 45.6 is not within range (55.0,85.0), continue
line 136 - INFO: Start processing 201810290654_CC03
line 136 - INFO: Start processing 201810300213_CC03
line 136 - INFO: Start processing 201811012219_CC03
line 136 - INFO: Start processing 201811040755_CC03
line 180 - INFO: distance 103.9 is not within range (55.0,85.0), continue
line 136 - INFO: Start processing 201811090149_CC03
line 180 - INFO: distance 104.2 is not within range (55.0,85.0), continue
line 136 - INFO: Start processing 201811100833_CC03
line 180 - INFO: distance 43.0 is not within range (55.0,85.0), continue
line 136 - INFO: Start processing 201811111403_CC03
line 136 - INFO: Start processing 201811142121_CC03
line 136 - INFO: Start processing 201811152002_CC03
line 180 - INFO: distance 95.2 is not within range (55.0,85.0), continue
line 136 - INFO: Start processing 201811160326_CC03
line 136 - INFO: Start processing 201811182025_CC03
line 180 - INFO: distance 47.0 is not within range (55.0,85.0), continue
line 136 - INFO: Start processing 201811250340_CC03
line 180 - INFO: distance 54.3 is not within range (55.0,85.0), continue
line 136 - INFO: Start processing 201811251637_CC03
line 180 - INFO: distance 150.6 is not within range (55.0,85.0), continue
line 136 - INFO: Start processing 201811301729_CC03
line 136 - INFO: Start processing 201812011327_CC03
line 180 - INFO: distance 97.9 is not within range (55.0,85.0), continue
line 136 - INFO: Start processing 201901151806_CC03
line 136 - INFO: Start processing 201901171506_CC03
line 136 - INFO: Start processing 201901261956_CC03
line 180 - INFO: distance 47.7 is not within range (55.0,85.0), continue
line 136 - INFO: Start processing 201805042232_CC03
line 180 - INFO: distance 32.6 is not within range (55.0,85.0), continue
line 136 - INFO: Start processing 201805050619_CC03
line 180 - INFO: distance 104.2 is not within range (55.0,85.0), continue
line 136 - INFO: Start processing 201805090757_CC03
/home/lun/Desktop/software/anaconda2/lib/python2.7/site-packages/obspy/taup/tau_branch.py:496: UserWarning: Resizing a TauP array inplace failed due to the existence of other references to the array, creating a new array. See Obspy #2280.
  warnings.warn(msg)
line 136 - INFO: Start processing 201805091041_CC03
line 180 - INFO: distance 141.2 is not within range (55.0,85.0), continue
line 136 - INFO: Start processing 201808051146_CC03
line 180 - INFO: distance 109.8 is not within range (55.0,85.0), continue
line 136 - INFO: Start processing 201808121458_CC03
line 136 - INFO: Start processing 201808122115_CC03
line 136 - INFO: Start processing 201808190410_CC03
line 180 - INFO: distance 109.7 is not within range (55.0,85.0), continue
line 136 - INFO: Start processing 201808190428_CC03
line 180 - INFO: distance 46.0 is not within range (55.0,85.0), continue
line 136 - INFO: Start processing 201808191456_CC03
line 180 - INFO: distance 109.6 is not within range (55.0,85.0), continue
line 136 - INFO: Start processing 201809091931_CC03
line 136 - INFO: Start processing 201809100419_CC03
line 180 - INFO: distance 51.2 is not within range (55.0,85.0), continue
line 136 - INFO: Start processing 201809101931_CC03
line 136 - INFO: Start processing 201809162111_CC03
line 180 - INFO: distance 51.2 is not within range (55.0,85.0), continue
line 136 - INFO: Start processing 201809280659_CC03
line 180 - INFO: distance 107.4 is not within range (55.0,85.0), continue
line 136 - INFO: Start processing 201809281002_CC03
line 180 - INFO: distance 107.4 is not within range (55.0,85.0), continue
line 136 - INFO: Start processing 201810090745_CC03
line 136 - INFO: Start processing 201810101844_CC03
line 180 - INFO: distance 111.9 is not within range (55.0,85.0), continue
line 136 - INFO: Start processing 201810102045_CC03
line 136 - INFO: Start processing 201810102048_CC03
line 136 - INFO: Start processing 201810102200_CC03
line 136 - INFO: Start processing 201809301052_CC03
line 180 - INFO: distance 46.3 is not within range (55.0,85.0), continue
line 136 - INFO: Start processing 201811021101_CC03
line 180 - INFO: distance 87.3 is not within range (55.0,85.0), continue
line 136 - INFO: Start processing 201810131110_CC03
line 136 - INFO: Start processing 201810160028_CC03
line 136 - INFO: Start processing 201810160103_CC03
line 136 - INFO: Start processing 201810220539_CC03
line 180 - INFO: distance 54.0 is not within range (55.0,85.0), continue
line 136 - INFO: Start processing 201810220616_CC03
line 180 - INFO: distance 54.1 is not within range (55.0,85.0), continue
line 136 - INFO: Start processing 201810220622_CC03
line 180 - INFO: distance 54.0 is not within range (55.0,85.0), continue
line 136 - INFO: Start processing 201810252254_CC03
line 180 - INFO: distance 139.4 is not within range (55.0,85.0), continue
line 136 - INFO: Start processing 201810282223_CC03
line 180 - INFO: distance 45.6 is not within range (55.0,85.0), continue
line 136 - INFO: Start processing 201810290654_CC03
line 136 - INFO: Start processing 201810300213_CC03
line 136 - INFO: Start processing 201811012219_CC03
line 136 - INFO: Start processing 201811040755_CC03
line 180 - INFO: distance 103.9 is not within range (55.0,85.0), continue
line 136 - INFO: Start processing 201811090149_CC03
line 180 - INFO: distance 104.2 is not within range (55.0,85.0), continue
line 136 - INFO: Start processing 201811100833_CC03
line 180 - INFO: distance 43.0 is not within range (55.0,85.0), continue
line 136 - INFO: Start processing 201811111403_CC03
line 136 - INFO: Start processing 201811142121_CC03
line 136 - INFO: Start processing 201811152002_CC03
line 180 - INFO: distance 95.2 is not within range (55.0,85.0), continue
line 136 - INFO: Start processing 201811160326_CC03
line 136 - INFO: Start processing 201811182025_CC03
line 180 - INFO: distance 47.0 is not within range (55.0,85.0), continue
line 136 - INFO: Start processing 201811250340_CC03
line 180 - INFO: distance 54.3 is not within range (55.0,85.0), continue
line 136 - INFO: Start processing 201811251637_CC03
line 180 - INFO: distance 150.6 is not within range (55.0,85.0), continue
line 136 - INFO: Start processing 201811301729_CC03
line 136 - INFO: Start processing 201812011327_CC03
line 180 - INFO: distance 97.9 is not within range (55.0,85.0), continue
line 136 - INFO: Start processing 201901151806_CC03
line 136 - INFO: Start processing 201901171506_CC03
line 136 - INFO: Start processing 201901261956_CC03
line 180 - INFO: distance 47.7 is not within range (55.0,85.0), continue
Traceback (most recent call last):
  File "RFcal.py", line 58, in <module>
    event_path = config.get('path','event_path')
  File "/home/lun/Desktop/software/anaconda2/lib/python2.7/site-packages/backports/configparser/__init__.py", line 858, in get
    d = self._unify_values(section, vars)
  File "/home/lun/Desktop/software/anaconda2/lib/python2.7/site-packages/backports/configparser/__init__.py", line 1228, in _unify_values
    raise NoSectionError(section)
backports.configparser.NoSectionError: No section: 'path'
Traceback (most recent call last):
  File "RFcal.py", line 58, in <module>
    event_path = config.get('path','event_path')
  File "/home/lun/Desktop/software/anaconda2/lib/python2.7/site-packages/backports/configparser/__init__.py", line 858, in get
    d = self._unify_values(section, vars)
  File "/home/lun/Desktop/software/anaconda2/lib/python2.7/site-packages/backports/configparser/__init__.py", line 1228, in _unify_values
    raise NoSectionError(section)
backports.configparser.NoSectionError: No section: 'path'
Traceback (most recent call last):
  File "RFcal.py", line 58, in <module>
    event_path = config.get('path','event_path')
  File "/home/lun/Desktop/software/anaconda2/lib/python2.7/site-packages/backports/configparser/__init__.py", line 858, in get
    d = self._unify_values(section, vars)
  File "/home/lun/Desktop/software/anaconda2/lib/python2.7/site-packages/backports/configparser/__init__.py", line 1228, in _unify_values
    raise NoSectionError(section)
backports.configparser.NoSectionError: No section: 'path'
line 136 - INFO: Start processing 201805042232_CC03
line 180 - INFO: distance 32.6 is not within range (55.0,85.0), continue
line 136 - INFO: Start processing 201805050619_CC03
line 180 - INFO: distance 104.2 is not within range (55.0,85.0), continue
line 136 - INFO: Start processing 201805090757_CC03
/home/lun/Desktop/software/anaconda2/lib/python2.7/site-packages/obspy/taup/tau_branch.py:496: UserWarning: Resizing a TauP array inplace failed due to the existence of other references to the array, creating a new array. See Obspy #2280.
  warnings.warn(msg)
line 243 - INFO: snr not high enough, continue
line 136 - INFO: Start processing 201805091041_CC03
line 180 - INFO: distance 141.2 is not within range (55.0,85.0), continue
line 136 - INFO: Start processing 201808051146_CC03
line 180 - INFO: distance 109.8 is not within range (55.0,85.0), continue
line 136 - INFO: Start processing 201808121458_CC03
line 243 - INFO: snr not high enough, continue
line 136 - INFO: Start processing 201808122115_CC03
line 243 - INFO: snr not high enough, continue
line 136 - INFO: Start processing 201808190410_CC03
line 180 - INFO: distance 109.7 is not within range (55.0,85.0), continue
line 136 - INFO: Start processing 201808190428_CC03
line 180 - INFO: distance 46.0 is not within range (55.0,85.0), continue
line 136 - INFO: Start processing 201808191456_CC03
line 180 - INFO: distance 109.6 is not within range (55.0,85.0), continue
line 136 - INFO: Start processing 201809091931_CC03
line 243 - INFO: snr not high enough, continue
line 136 - INFO: Start processing 201809100419_CC03
line 180 - INFO: distance 51.2 is not within range (55.0,85.0), continue
line 136 - INFO: Start processing 201809101931_CC03
line 243 - INFO: snr not high enough, continue
line 136 - INFO: Start processing 201809162111_CC03
line 180 - INFO: distance 51.2 is not within range (55.0,85.0), continue
line 136 - INFO: Start processing 201809280659_CC03
line 180 - INFO: distance 107.4 is not within range (55.0,85.0), continue
line 136 - INFO: Start processing 201809281002_CC03
line 180 - INFO: distance 107.4 is not within range (55.0,85.0), continue
line 136 - INFO: Start processing 201810090745_CC03
line 243 - INFO: snr not high enough, continue
line 136 - INFO: Start processing 201810101844_CC03
line 180 - INFO: distance 111.9 is not within range (55.0,85.0), continue
line 136 - INFO: Start processing 201810102045_CC03
line 136 - INFO: Start processing 201810102048_CC03
line 243 - INFO: snr not high enough, continue
line 136 - INFO: Start processing 201810102200_CC03
line 243 - INFO: snr not high enough, continue
line 136 - INFO: Start processing 201809301052_CC03
line 180 - INFO: distance 46.3 is not within range (55.0,85.0), continue
line 136 - INFO: Start processing 201811021101_CC03
line 180 - INFO: distance 87.3 is not within range (55.0,85.0), continue
line 136 - INFO: Start processing 201810131110_CC03
line 243 - INFO: snr not high enough, continue
line 136 - INFO: Start processing 201810160028_CC03
line 243 - INFO: snr not high enough, continue
line 136 - INFO: Start processing 201810160103_CC03
line 243 - INFO: snr not high enough, continue
line 136 - INFO: Start processing 201810220539_CC03
line 180 - INFO: distance 54.0 is not within range (55.0,85.0), continue
line 136 - INFO: Start processing 201810220616_CC03
line 180 - INFO: distance 54.1 is not within range (55.0,85.0), continue
line 136 - INFO: Start processing 201810220622_CC03
line 180 - INFO: distance 54.0 is not within range (55.0,85.0), continue
line 136 - INFO: Start processing 201810252254_CC03
line 180 - INFO: distance 139.4 is not within range (55.0,85.0), continue
line 136 - INFO: Start processing 201810282223_CC03
line 180 - INFO: distance 45.6 is not within range (55.0,85.0), continue
line 136 - INFO: Start processing 201810290654_CC03
line 243 - INFO: snr not high enough, continue
line 136 - INFO: Start processing 201810300213_CC03
line 136 - INFO: Start processing 201811012219_CC03
line 243 - INFO: snr not high enough, continue
line 136 - INFO: Start processing 201811040755_CC03
line 180 - INFO: distance 103.9 is not within range (55.0,85.0), continue
line 136 - INFO: Start processing 201811090149_CC03
line 180 - INFO: distance 104.2 is not within range (55.0,85.0), continue
line 136 - INFO: Start processing 201811100833_CC03
line 180 - INFO: distance 43.0 is not within range (55.0,85.0), continue
line 136 - INFO: Start processing 201811111403_CC03
line 243 - INFO: snr not high enough, continue
line 136 - INFO: Start processing 201811142121_CC03
line 136 - INFO: Start processing 201811152002_CC03
line 180 - INFO: distance 95.2 is not within range (55.0,85.0), continue
line 136 - INFO: Start processing 201811160326_CC03
line 243 - INFO: snr not high enough, continue
line 136 - INFO: Start processing 201811182025_CC03
line 180 - INFO: distance 47.0 is not within range (55.0,85.0), continue
line 136 - INFO: Start processing 201811250340_CC03
line 180 - INFO: distance 54.3 is not within range (55.0,85.0), continue
line 136 - INFO: Start processing 201811251637_CC03
line 180 - INFO: distance 150.6 is not within range (55.0,85.0), continue
line 136 - INFO: Start processing 201811301729_CC03
line 243 - INFO: snr not high enough, continue
line 136 - INFO: Start processing 201812011327_CC03
line 180 - INFO: distance 97.9 is not within range (55.0,85.0), continue
line 136 - INFO: Start processing 201901151806_CC03
line 243 - INFO: snr not high enough, continue
line 136 - INFO: Start processing 201901171506_CC03
line 243 - INFO: snr not high enough, continue
line 136 - INFO: Start processing 201901261956_CC03
line 180 - INFO: distance 47.7 is not within range (55.0,85.0), continue
