line 94 - WARNING: Specified orientation info of newsta.zip not found, original orientation used
line 94 - WARNING: Specified orientation info of newsta.zip not found, original orientation used
Traceback (most recent call last):
  File "RFcal.py", line 58, in <module>
    event_path = config.get('path','event_path')
  File "/home/lun/Desktop/software/anaconda2/lib/python2.7/site-packages/backports/configparser/__init__.py", line 858, in get
    d = self._unify_values(section, vars)
  File "/home/lun/Desktop/software/anaconda2/lib/python2.7/site-packages/backports/configparser/__init__.py", line 1228, in _unify_values
    raise NoSectionError(section)
backports.configparser.NoSectionError: No section: 'path'
Traceback (most recent call last):
  File "RFcal.py", line 58, in <module>
    event_path = config.get('path','event_path')
  File "/home/lun/Desktop/software/anaconda2/lib/python2.7/site-packages/backports/configparser/__init__.py", line 858, in get
    d = self._unify_values(section, vars)
  File "/home/lun/Desktop/software/anaconda2/lib/python2.7/site-packages/backports/configparser/__init__.py", line 1228, in _unify_values
    raise NoSectionError(section)
backports.configparser.NoSectionError: No section: 'path'
Traceback (most recent call last):
  File "RFcal.py", line 58, in <module>
    event_path = config.get('path','event_path')
  File "/home/lun/Desktop/software/anaconda2/lib/python2.7/site-packages/backports/configparser/__init__.py", line 858, in get
    d = self._unify_values(section, vars)
  File "/home/lun/Desktop/software/anaconda2/lib/python2.7/site-packages/backports/configparser/__init__.py", line 1228, in _unify_values
    raise NoSectionError(section)
backports.configparser.NoSectionError: No section: 'path'
line 94 - WARNING: Specified orientation info of newsta.zip not found, original orientation used
