Matrix dimensions must agree.

Error in propmat_syn (line 68)
ttP = ttP - t_arP;

Matrix dimensions must agree.

Error in propmat_syn (line 68)
ttP = ttP - t_arP;

Matrix dimensions must agree.

Error in propmat_syn (line 68)
ttP = ttP - t_arP;

Matrix dimensions must agree.

Error in propmat_syn (line 68)
ttP = ttP - t_arP;

Matrix dimensions must agree.

Error in propmat_syn (line 68)
ttP = ttP - t_arP;

Matrix dimensions must agree.

Error in propmat_syn (line 68)
ttP = ttP - t_arP;

Matrix dimensions must agree.

Error in propmat_syn (line 68)
ttP = ttP - t_arP;

Matrix dimensions must agree.

Error in propmat_syn (line 68)
ttP = ttP - t_arP;

Matrix dimensions must agree.

Error in propmat_syn (line 68)
ttP = ttP - t_arP;

Matrix dimensions must agree.

Error in propmat_syn (line 68)
ttP = ttP - t_arP;

Matrix dimensions must agree.

Error in propmat_syn (line 68)
ttP = ttP - t_arP;

Matrix dimensions must agree.

Error in propmat_syn (line 68)
ttP = ttP - t_arP;

Matrix dimensions must agree.

Error in propmat_syn (line 68)
ttP = ttP - t_arP;

Matrix dimensions must agree.

Error in propmat_syn (line 68)
ttP = ttP - t_arP;

Matrix dimensions must agree.

Error in propmat_syn (line 68)
ttP = ttP - t_arP;

Matrix dimensions must agree.

Error in propmat_syn (line 68)
ttP = ttP - t_arP;

Matrix dimensions must agree.

Error in propmat_syn (line 68)
ttP = ttP - t_arP;

Matrix dimensions must agree.

Error in propmat_syn (line 68)
ttP = ttP - t_arP;

Matrix dimensions must agree.

Error in propmat_syn (line 68)
ttP = ttP - t_arP;

Matrix dimensions must agree.

Error in propmat_syn (line 68)
ttP = ttP - t_arP;

Matrix dimensions must agree.

Error in propmat_syn (line 68)
ttP = ttP - t_arP;

Matrix dimensions must agree.

Error in propmat_syn (line 68)
ttP = ttP - t_arP;

Matrix dimensions must agree.

Error in propmat_syn (line 68)
ttP = ttP - t_arP;

Matrix dimensions must agree.

Error in propmat_syn (line 68)
ttP = ttP - t_arP;

Matrix dimensions must agree.

Error in propmat_syn (line 68)
ttP = ttP - t_arP;

Matrix dimensions must agree.

Error in propmat_syn (line 68)
ttP = ttP - t_arP;

Matrix dimensions must agree.

Error in propmat_syn (line 68)
ttP = ttP - t_arP;

Matrix dimensions must agree.

Error in propmat_syn (line 68)
ttP = ttP - t_arP;

Matrix dimensions must agree.

Error in propmat_syn (line 68)
ttP = ttP - t_arP;

Matrix dimensions must agree.

Error in propmat_syn (line 68)
ttP = ttP - t_arP;

Matrix dimensions must agree.

Error in propmat_syn (line 68)
ttP = ttP - t_arP;

Matrix dimensions must agree.

Error in propmat_syn (line 68)
ttP = ttP - t_arP;

Matrix dimensions must agree.

Error in propmat_syn (line 68)
ttP = ttP - t_arP;

Matrix dimensions must agree.

Error in propmat_syn (line 68)
ttP = ttP - t_arP;

Matrix dimensions must agree.

Error in propmat_syn (line 68)
ttP = ttP - t_arP;

Matrix dimensions must agree.

Error in propmat_syn (line 68)
ttP = ttP - t_arP;

Matrix dimensions must agree.

Error in propmat_syn (line 68)
ttP = ttP - t_arP;

Matrix dimensions must agree.

Error in propmat_syn (line 68)
ttP = ttP - t_arP;

Matrix dimensions must agree.

Error in propmat_syn (line 68)
ttP = ttP - t_arP;

Matrix dimensions must agree.

Error in propmat_syn (line 68)
ttP = ttP - t_arP;

Matrix dimensions must agree.

Error in propmat_syn (line 68)
ttP = ttP - t_arP;

Matrix dimensions must agree.

Error in propmat_syn (line 68)
ttP = ttP - t_arP;

Matrix dimensions must agree.

Error in propmat_syn (line 68)
ttP = ttP - t_arP;

Matrix dimensions must agree.

Error in propmat_syn (line 68)
ttP = ttP - t_arP;

Matrix dimensions must agree.

Error in propmat_syn (line 68)
ttP = ttP - t_arP;

Matrix dimensions must agree.

Error in propmat_syn (line 68)
ttP = ttP - t_arP;

Matrix dimensions must agree.

Error in propmat_syn (line 68)
ttP = ttP - t_arP;

Matrix dimensions must agree.

Error in propmat_syn (line 68)
ttP = ttP - t_arP;

Matrix dimensions must agree.

Error in propmat_syn (line 68)
ttP = ttP - t_arP;

Matrix dimensions must agree.

Error in propmat_syn (line 68)
ttP = ttP - t_arP;

Matrix dimensions must agree.

Error in propmat_syn (line 68)
ttP = ttP - t_arP;

Matrix dimensions must agree.

Error in propmat_syn (line 68)
ttP = ttP - t_arP;

Matrix dimensions must agree.

Error in propmat_syn (line 68)
ttP = ttP - t_arP;

Matrix dimensions must agree.

Error in propmat_syn (line 68)
ttP = ttP - t_arP;

Matrix dimensions must agree.

Error in propmat_syn (line 68)
ttP = ttP - t_arP;

Matrix dimensions must agree.

Error in propmat_syn (line 68)
ttP = ttP - t_arP;

Matrix dimensions must agree.

Error in propmat_syn (line 68)
ttP = ttP - t_arP;

Matrix dimensions must agree.

Error in propmat_syn (line 68)
ttP = ttP - t_arP;

Matrix dimensions must agree.

Error in propmat_syn (line 68)
ttP = ttP - t_arP;

Matrix dimensions must agree.

Error in propmat_syn (line 68)
ttP = ttP - t_arP;

Matrix dimensions must agree.

Error in propmat_syn (line 68)
ttP = ttP - t_arP;

Matrix dimensions must agree.

Error in propmat_syn (line 68)
ttP = ttP - t_arP;

Matrix dimensions must agree.

Error in propmat_syn (line 68)
ttP = ttP - t_arP;

Matrix dimensions must agree.

Error in propmat_syn (line 68)
ttP = ttP - t_arP;

Matrix dimensions must agree.

Error in propmat_syn (line 68)
ttP = ttP - t_arP;

Matrix dimensions must agree.

Error in propmat_syn (line 68)
ttP = ttP - t_arP;

Matrix dimensions must agree.

Error in propmat_syn (line 68)
ttP = ttP - t_arP;

Matrix dimensions must agree.

Error in propmat_syn (line 68)
ttP = ttP - t_arP;

Matrix dimensions must agree.

Error in propmat_syn (line 68)
ttP = ttP - t_arP;

Matrix dimensions must agree.

Error in propmat_syn (line 68)
ttP = ttP - t_arP;

Matrix dimensions must agree.

Error in propmat_syn (line 68)
ttP = ttP - t_arP;

Matrix dimensions must agree.

Error in propmat_syn (line 68)
ttP = ttP - t_arP;

Matrix dimensions must agree.

Error in propmat_syn (line 68)
ttP = ttP - t_arP;

Matrix dimensions must agree.

Error in propmat_syn (line 68)
ttP = ttP - t_arP;

Matrix dimensions must agree.

Error in propmat_syn (line 68)
ttP = ttP - t_arP;

Matrix dimensions must agree.

Error in propmat_syn (line 68)
ttP = ttP - t_arP;

Matrix dimensions must agree.

Error in propmat_syn (line 68)
ttP = ttP - t_arP;

Matrix dimensions must agree.

Error in propmat_syn (line 68)
ttP = ttP - t_arP;

Traceback (most recent call last):
  File "propmat.py", line 540, in <module>
    gs_station(sta,ID=sta)
  File "propmat.py", line 458, in gs_station
    RF_moho = rf_moho(Hfinal,Vsfinal,rayp,others={'ID':ID})
  File "propmat.py", line 140, in rf_moho
    _,_,RF_moho,_,_ = propmatsyn(**kwargs_moho)
  File "propmat.py", line 41, in propmatsyn
    R,Z,RF = eng.propmat_syn(*args,nargout=3)
  File "/usr/lib/python2.7/site-packages/matlab/engine/matlabengine.py", line 71, in __call__
    _stderr, feval=True).result()
  File "/usr/lib/python2.7/site-packages/matlab/engine/futureresult.py", line 67, in result
    return self.__future.result(timeout)
  File "/usr/lib/python2.7/site-packages/matlab/engine/fevalfuture.py", line 82, in result
    self._result = pythonengine.getFEvalResult(self._future,self._nargout, None, out=self._out, err=self._err)
matlab.engine.EngineError: MATLAB function cannot be evaluated
Error in atexit._run_exitfuncs:
Traceback (most recent call last):
  File "/home/lun/software/anacondaII/lib/python2.7/atexit.py", line 24, in _run_exitfuncs
    func(*targs, **kargs)
  File "/usr/lib/python2.7/site-packages/matlab/engine/__init__.py", line 193, in __exit_engines
    eng().exit()
  File "/usr/lib/python2.7/site-packages/matlab/engine/matlabengine.py", line 232, in exit
    pythonengine.closeMATLAB(self.__dict__["_matlab"])
SystemError: MATLAB process cannot be terminated.
Error in sys.exitfunc:
Traceback (most recent call last):
  File "/home/lun/software/anacondaII/lib/python2.7/atexit.py", line 24, in _run_exitfuncs
    func(*targs, **kargs)
  File "/usr/lib/python2.7/site-packages/matlab/engine/__init__.py", line 193, in __exit_engines
    eng().exit()
  File "/usr/lib/python2.7/site-packages/matlab/engine/matlabengine.py", line 232, in exit
    pythonengine.closeMATLAB(self.__dict__["_matlab"])
SystemError: MATLAB process cannot be terminated.
