201902011614
201811250340
201811111403
201905121924
201903231921
201902221017
201808240904
201903010850
201811012219
201901200132
201812190137
201810290654
201812110226
201810300213
201805180145
201903061546
201809100419
201807072133
201904231420
201809162111
201811100833
201808290351
201809101931
201812050418
201810160028
201810160103
201905190123
201809301052
201808190019
201811182025
201808190428
201806212113
201903201523
201901151806
201905062119
201805090757
201905141258
201902171435
201808282235
201809051807
201805042232
201808101812
201903282206
201810131110
201812201701
201811301729
